
I 20171101 171906427 KLineÊý¾Ý´æ´¢ started.
I 20171101 171906856 MarketDataStore.USeManager Create MarketDataStore.TradeRangeManager OK.
I 20171101 171906881 MarketDataStore.USeManager Create USe.Common.Manager.USeProductManager OK.
I 20171101 171906882 MarketDataStore.USeManager Create USe.Common.Manager.AlphaDBVistor OK.
I 20171101 171906976 MarketDataStore.USeManager Create USe.Common.Manager.USeTradingInstrumentManager OK.
I 20171101 171907052 MarketDataStore.USeManager Create MarketDataStore.MainContractManager OK.
I 20171101 171907055 MarketDataStore.USeManager Create DataStoreCommon.FileMarketDataStorage OK.
I 20171101 171907059 MarketDataStore.USeManager Create DataStoreCommon.MQTTMarketDataStoreage OK.
I 20171101 171907059 MarketDataStore.USeManager Create DataStoreCommon.MQTTMarketDataStoreage OK.
I 20171101 171907060 MarketDataStore.USeManager Create DataStoreCommon.MQTTMarketDataStoreage OK.
I 20171101 171907070 MarketDataStore.USeManager Create File OK.
I 20171101 171908112 MarketDataStore.USeManager Create MySQL_43 OK.
I 20171101 171908116 MarketDataStore.USeManager Create RabbitMQ_140 OK.
I 20171101 171908117 MarketDataStore.USeManager Create RabbitMQ_163 OK.
I 20171101 171908118 MarketDataStore.USeManager Create RabbitMQ_204 OK.
I 20171101 171908120 MarketDataStore.USeManager Create MarketDataProcessor OK.
I 20171101 171908127 MarketDataStore.USeManager Create CTPMarketDataReceiver OK.
I 20171101 171908438 Æô¶¯KÏß´æ´¢Æ÷File³É¹¦
I 20171101 171908439 Æô¶¯KÏß´æ´¢Æ÷MySQL_43³É¹¦
I 20171101 171908549 Æô¶¯KÏß´æ´¢Æ÷RabbitMQ_140³É¹¦
I 20171101 171908576 Æô¶¯KÏß´æ´¢Æ÷RabbitMQ_163³É¹¦
I 20171101 171908621 Æô¶¯KÏß´æ´¢Æ÷RabbitMQ_204³É¹¦
I 20171101 171933193 KLineÊý¾Ý´æ´¢ shutdown.

I 20171101 172425832 KLineÊý¾Ý´æ´¢ started.
I 20171101 172427427 MarketDataStore.USeManager Create MarketDataStore.TradeRangeManager OK.
I 20171101 172427455 MarketDataStore.USeManager Create USe.Common.Manager.USeProductManager OK.
I 20171101 172427457 MarketDataStore.USeManager Create USe.Common.Manager.AlphaDBVistor OK.
I 20171101 172427531 MarketDataStore.USeManager Create USe.Common.Manager.USeTradingInstrumentManager OK.
I 20171101 172427597 MarketDataStore.USeManager Create MarketDataStore.MainContractManager OK.
I 20171101 172427602 MarketDataStore.USeManager Create DataStoreCommon.FileMarketDataStorage OK.
I 20171101 172427702 MarketDataStore.USeManager Create DataStoreCommon.MQTTMarketDataStoreage OK.
I 20171101 172427703 MarketDataStore.USeManager Create DataStoreCommon.MQTTMarketDataStoreage OK.
I 20171101 172427704 MarketDataStore.USeManager Create DataStoreCommon.MQTTMarketDataStoreage OK.
I 20171101 172427762 MarketDataStore.USeManager Create File OK.
I 20171101 172428457 MarketDataStore.USeManager Create MySQL_43 OK.
I 20171101 172428479 MarketDataStore.USeManager Create RabbitMQ_140 OK.
I 20171101 172428481 MarketDataStore.USeManager Create RabbitMQ_163 OK.
I 20171101 172428482 MarketDataStore.USeManager Create RabbitMQ_204 OK.
I 20171101 172428485 MarketDataStore.USeManager Create MarketDataProcessor OK.
I 20171101 172428543 MarketDataStore.USeManager Create CTPMarketDataReceiver OK.
I 20171101 172429081 Æô¶¯KÏß´æ´¢Æ÷File³É¹¦
I 20171101 172429094 Æô¶¯KÏß´æ´¢Æ÷MySQL_43³É¹¦
I 20171101 172429342 Æô¶¯KÏß´æ´¢Æ÷RabbitMQ_140³É¹¦
I 20171101 172429364 Æô¶¯KÏß´æ´¢Æ÷RabbitMQ_163³É¹¦
I 20171101 172429406 Æô¶¯KÏß´æ´¢Æ÷RabbitMQ_204³É¹¦

I 20171101 172546910 KLineÊý¾Ý´æ´¢ started.
I 20171101 172547668 MarketDataStore.USeManager Create MarketDataStore.TradeRangeManager OK.
I 20171101 172547689 MarketDataStore.USeManager Create USe.Common.Manager.USeProductManager OK.
I 20171101 172547691 MarketDataStore.USeManager Create USe.Common.Manager.AlphaDBVistor OK.
I 20171101 172547779 MarketDataStore.USeManager Create USe.Common.Manager.USeTradingInstrumentManager OK.
I 20171101 172547872 MarketDataStore.USeManager Create MarketDataStore.MainContractManager OK.
I 20171101 172547877 MarketDataStore.USeManager Create DataStoreCommon.FileMarketDataStorage OK.
I 20171101 172547999 MarketDataStore.USeManager Create DataStoreCommon.MQTTMarketDataStoreage OK.
I 20171101 172548000 MarketDataStore.USeManager Create DataStoreCommon.MQTTMarketDataStoreage OK.
I 20171101 172548001 MarketDataStore.USeManager Create DataStoreCommon.MQTTMarketDataStoreage OK.
I 20171101 172548028 MarketDataStore.USeManager Create File OK.
I 20171101 172548667 MarketDataStore.USeManager Create MySQL_43 OK.
I 20171101 172548700 MarketDataStore.USeManager Create RabbitMQ_140 OK.
I 20171101 172548701 MarketDataStore.USeManager Create RabbitMQ_163 OK.
I 20171101 172548703 MarketDataStore.USeManager Create RabbitMQ_204 OK.
I 20171101 172548706 MarketDataStore.USeManager Create MarketDataProcessor OK.
I 20171101 172548923 MarketDataStore.USeManager Create CTPMarketDataReceiver OK.
I 20171101 172549632 Æô¶¯KÏß´æ´¢Æ÷File³É¹¦
I 20171101 172549666 Æô¶¯KÏß´æ´¢Æ÷MySQL_43³É¹¦
I 20171101 172549818 Æô¶¯KÏß´æ´¢Æ÷RabbitMQ_140³É¹¦
I 20171101 172549942 Æô¶¯KÏß´æ´¢Æ÷RabbitMQ_163³É¹¦
I 20171101 172550045 Æô¶¯KÏß´æ´¢Æ÷RabbitMQ_204³É¹¦

I 20171101 173059906 KLineÊý¾Ý´æ´¢ started.
I 20171101 173101086 MarketDataStore.USeManager Create MarketDataStore.TradeRangeManager OK.
I 20171101 173101118 MarketDataStore.USeManager Create USe.Common.Manager.USeProductManager OK.
I 20171101 173101120 MarketDataStore.USeManager Create USe.Common.Manager.AlphaDBVistor OK.
I 20171101 173101217 MarketDataStore.USeManager Create USe.Common.Manager.USeTradingInstrumentManager OK.
I 20171101 173101291 MarketDataStore.USeManager Create MarketDataStore.MainContractManager OK.
I 20171101 173101296 MarketDataStore.USeManager Create DataStoreCommon.FileMarketDataStorage OK.
I 20171101 173101441 MarketDataStore.USeManager Create DataStoreCommon.MQTTMarketDataStoreage OK.
I 20171101 173101442 MarketDataStore.USeManager Create DataStoreCommon.MQTTMarketDataStoreage OK.
I 20171101 173101443 MarketDataStore.USeManager Create DataStoreCommon.MQTTMarketDataStoreage OK.
I 20171101 173101463 MarketDataStore.USeManager Create File OK.
I 20171101 173102156 MarketDataStore.USeManager Create MySQL_43 OK.
I 20171101 173102314 MarketDataStore.USeManager Create RabbitMQ_140 OK.
I 20171101 173102319 MarketDataStore.USeManager Create RabbitMQ_163 OK.
I 20171101 173102320 MarketDataStore.USeManager Create RabbitMQ_204 OK.
I 20171101 173102325 MarketDataStore.USeManager Create MarketDataProcessor OK.
I 20171101 173102552 MarketDataStore.USeManager Create CTPMarketDataReceiver OK.
I 20171101 173103628 Æô¶¯KÏß´æ´¢Æ÷File³É¹¦
I 20171101 173103640 Æô¶¯KÏß´æ´¢Æ÷MySQL_43³É¹¦
I 20171101 173103816 Æô¶¯KÏß´æ´¢Æ÷RabbitMQ_140³É¹¦
I 20171101 173103840 Æô¶¯KÏß´æ´¢Æ÷RabbitMQ_163³É¹¦
I 20171101 173103888 Æô¶¯KÏß´æ´¢Æ÷RabbitMQ_204³É¹¦
E 20171101 173109072 ÐÐÇéÊý¾Ý½ÓÊÕÆ÷Æô¶¯Ê§°Ü,¶©ÔÄÐÐÇéÊ§°Ü,connect time out.

I 20171102 173421290 KLineÊý¾Ý´æ´¢ started.
I 20171102 173423491 MarketDataStore.USeManager Create MarketDataStore.TradeRangeManager OK.
I 20171102 173423539 MarketDataStore.USeManager Create USe.Common.Manager.USeProductManager OK.
I 20171102 173423540 MarketDataStore.USeManager Create USe.Common.Manager.AlphaDBVistor OK.
I 20171102 173423629 MarketDataStore.USeManager Create USe.Common.Manager.USeTradingInstrumentManager OK.
I 20171102 173423791 MarketDataStore.USeManager Create MarketDataStore.MainContractManager OK.
I 20171102 173423798 MarketDataStore.USeManager Create DataStoreCommon.FileMarketDataStorage OK.
I 20171102 173424005 MarketDataStore.USeManager Create DataStoreCommon.MQTTMarketDataStoreage OK.
I 20171102 173424006 MarketDataStore.USeManager Create DataStoreCommon.MQTTMarketDataStoreage OK.
I 20171102 173424008 MarketDataStore.USeManager Create DataStoreCommon.MQTTMarketDataStoreage OK.
I 20171102 173424030 MarketDataStore.USeManager Create File OK.
I 20171102 173424967 MarketDataStore.USeManager Create MySQL_43 OK.
I 20171102 173425020 MarketDataStore.USeManager Create RabbitMQ_140 OK.
I 20171102 173425022 MarketDataStore.USeManager Create RabbitMQ_163 OK.
I 20171102 173425023 MarketDataStore.USeManager Create RabbitMQ_204 OK.
I 20171102 173425034 MarketDataStore.USeManager Create MarketDataProcessor OK.
I 20171102 173425133 MarketDataStore.USeManager Create CTPMarketDataReceiver OK.
I 20171102 173426829 Æô¶¯KÏß´æ´¢Æ÷File³É¹¦
I 20171102 173426830 Æô¶¯KÏß´æ´¢Æ÷MySQL_43³É¹¦
I 20171102 173427129 Æô¶¯KÏß´æ´¢Æ÷RabbitMQ_140³É¹¦
I 20171102 173427175 Æô¶¯KÏß´æ´¢Æ÷RabbitMQ_163³É¹¦
I 20171102 173427326 Æô¶¯KÏß´æ´¢Æ÷RabbitMQ_204³É¹¦
E 20171102 173432647 ÐÐÇéÊý¾Ý½ÓÊÕÆ÷Æô¶¯Ê§°Ü,¶©ÔÄÐÐÇéÊ§°Ü,connect time out.

I 20171103 092944640 KLineÊý¾Ý´æ´¢ started.
I 20171103 092947046 MarketDataStore.USeManager Create MarketDataStore.TradeRangeManager OK.
I 20171103 092947059 MarketDataStore.USeManager Create USe.Common.Manager.USeProductManager OK.
I 20171103 092947061 MarketDataStore.USeManager Create USe.Common.Manager.AlphaDBVistor OK.
I 20171103 092947110 MarketDataStore.USeManager Create USe.Common.Manager.USeTradingInstrumentManager OK.
I 20171103 092947236 MarketDataStore.USeManager Create MarketDataStore.MainContractManager OK.
I 20171103 092947238 a--a1801
I 20171103 092947239 ag--ag1712
I 20171103 092947240 al--al1801
I 20171103 092947241 au--au1712
I 20171103 092947242 b--b1805
I 20171103 092947243 bb--bb1804
I 20171103 092947244 bu--bu1712
I 20171103 092947245 c--c1801
I 20171103 092947246 CF--CF801
I 20171103 092947247 cs--cs1801
I 20171103 092947248 cu--cu1712
I 20171103 092947249 CY--CY801
I 20171103 092947250 FG--FG801
I 20171103 092947250 hc--hc1801
I 20171103 092947251 i--i1801
I 20171103 092947252 IC--IC1711
I 20171103 092947253 IF--IF1711
I 20171103 092947254 IH--IH1711
I 20171103 092947255 j--j1801
I 20171103 092947256 jd--jd1801
I 20171103 092947257 jm--jm1801
I 20171103 092947258 l--l1801
I 20171103 092947259 m--m1801
I 20171103 092947259 MA--MA801
I 20171103 092947260 ni--ni1801
I 20171103 092947261 OI--OI801
I 20171103 092947262 p--p1801
I 20171103 092947263 pb--pb1712
I 20171103 092947264 pp--pp1801
I 20171103 092947265 rb--rb1805
I 20171103 092947265 RI--RI807
I 20171103 092947267 RM--RM801
I 20171103 092947269 ru--ru1801
I 20171103 092947270 SF--SF801
I 20171103 092947271 SM--SM801
I 20171103 092947272 sn--sn1801
I 20171103 092947273 SR--SR801
I 20171103 092947273 T--T1712
I 20171103 092947274 TA--TA801
I 20171103 092947275 TF--TF1712
I 20171103 092947277 v--v1801
I 20171103 092947277 WH--WH801
I 20171103 092947278 y--y1801
I 20171103 092947279 ZC--ZC801
I 20171103 092947280 zn--zn1801
I 20171103 092947285 MarketDataStore.USeManager Create DataStoreCommon.FileMarketDataStorage OK.
I 20171103 092947474 MarketDataStore.USeManager Create DataStoreCommon.MQTTMarketDataStoreage OK.
I 20171103 092947475 MarketDataStore.USeManager Create DataStoreCommon.MQTTMarketDataStoreage OK.
I 20171103 092947475 MarketDataStore.USeManager Create DataStoreCommon.MQTTMarketDataStoreage OK.
I 20171103 092947501 MarketDataStore.USeManager Create File OK.
I 20171103 093001449 MarketDataStore.USeManager Create MySQL_43 OK.
I 20171103 093008193 MarketDataStore.USeManager Create RabbitMQ_140 OK.
I 20171103 093008195 MarketDataStore.USeManager Create RabbitMQ_163 OK.
I 20171103 093008197 MarketDataStore.USeManager Create RabbitMQ_204 OK.
I 20171103 093008212 MarketDataStore.USeManager Create MarketDataProcessor OK.
I 20171103 093008321 MarketDataStore.USeManager Create CTPMarketDataReceiver OK.
I 20171103 093009572 Æô¶¯KÏß´æ´¢Æ÷File³É¹¦
I 20171103 093009585 Æô¶¯KÏß´æ´¢Æ÷MySQL_43³É¹¦
I 20171103 093010580 Æô¶¯KÏß´æ´¢Æ÷RabbitMQ_140³É¹¦
I 20171103 093010614 Æô¶¯KÏß´æ´¢Æ÷RabbitMQ_163³É¹¦
I 20171103 093010691 Æô¶¯KÏß´æ´¢Æ÷RabbitMQ_204³É¹¦

I 20171103 093044495 KLineÊý¾Ý´æ´¢ started.
I 20171103 093048129 MarketDataStore.USeManager Create MarketDataStore.TradeRangeManager OK.
I 20171103 093048182 MarketDataStore.USeManager Create USe.Common.Manager.USeProductManager OK.
I 20171103 093048184 MarketDataStore.USeManager Create USe.Common.Manager.AlphaDBVistor OK.
I 20171103 093048354 MarketDataStore.USeManager Create USe.Common.Manager.USeTradingInstrumentManager OK.
I 20171103 093048461 MarketDataStore.USeManager Create MarketDataStore.MainContractManager OK.
I 20171103 093048463 a--a1801
I 20171103 093048463 ag--ag1712
I 20171103 093048464 al--al1801
I 20171103 093048465 au--au1712
I 20171103 093048466 b--b1805
I 20171103 093048467 bb--bb1804
I 20171103 093048468 bu--bu1712
I 20171103 093048469 c--c1801
I 20171103 093048469 CF--CF801
I 20171103 093048470 cs--cs1801
I 20171103 093048471 cu--cu1712
I 20171103 093048472 CY--CY801
I 20171103 093048473 FG--FG801
I 20171103 093048474 hc--hc1801
I 20171103 093048475 i--i1801
I 20171103 093048475 IC--IC1711
I 20171103 093048476 IF--IF1711
I 20171103 093048477 IH--IH1711
I 20171103 093048478 j--j1801
I 20171103 093048480 jd--jd1801
I 20171103 093048481 jm--jm1801
I 20171103 093048482 l--l1801
I 20171103 093048484 m--m1801
I 20171103 093048485 MA--MA801
I 20171103 093048486 ni--ni1801
I 20171103 093048487 OI--OI801
I 20171103 093048489 p--p1801
I 20171103 093048493 pb--pb1712
I 20171103 093048495 pp--pp1801
I 20171103 093048499 rb--rb1805
I 20171103 093048503 RI--RI807
I 20171103 093048504 RM--RM801
I 20171103 093048508 ru--ru1801
I 20171103 093048509 SF--SF801
I 20171103 093048511 SM--SM801
I 20171103 093048512 sn--sn1801
I 20171103 093048514 SR--SR801
I 20171103 093048515 T--T1712
I 20171103 093048516 TA--TA801
I 20171103 093048517 TF--TF1712
I 20171103 093048519 v--v1801
I 20171103 093048520 WH--WH801
I 20171103 093048529 y--y1801
I 20171103 093048533 ZC--ZC801
I 20171103 093048534 zn--zn1801
I 20171103 093048540 MarketDataStore.USeManager Create DataStoreCommon.FileMarketDataStorage OK.
I 20171103 093048554 MarketDataStore.USeManager Create DataStoreCommon.MQTTMarketDataStoreage OK.
I 20171103 093048555 MarketDataStore.USeManager Create DataStoreCommon.MQTTMarketDataStoreage OK.
I 20171103 093048556 MarketDataStore.USeManager Create DataStoreCommon.MQTTMarketDataStoreage OK.
I 20171103 093048580 MarketDataStore.USeManager Create File OK.

I 20171103 093829258 KLineÊý¾Ý´æ´¢ started.
I 20171103 093830941 MarketDataStore.USeManager Create MarketDataStore.TradeRangeManager OK.
I 20171103 093830955 MarketDataStore.USeManager Create USe.Common.Manager.USeProductManager OK.
I 20171103 093830956 MarketDataStore.USeManager Create USe.Common.Manager.AlphaDBVistor OK.
I 20171103 093831010 MarketDataStore.USeManager Create USe.Common.Manager.USeTradingInstrumentManager OK.
I 20171103 093831097 MarketDataStore.USeManager Create MarketDataStore.MainContractManager OK.
I 20171103 093831099 a--a1801
I 20171103 093831100 ag--ag1712
I 20171103 093831101 al--al1801
I 20171103 093831102 au--au1712
I 20171103 093831103 b--b1805
I 20171103 093831104 bb--bb1804
I 20171103 093831105 bu--bu1712
I 20171103 093831106 c--c1801
I 20171103 093831107 CF--CF801
I 20171103 093831108 cs--cs1801
I 20171103 093831109 cu--cu1712
I 20171103 093831110 CY--CY801
I 20171103 093831111 FG--FG801
I 20171103 093831112 hc--hc1801
I 20171103 093831112 i--i1801
I 20171103 093831113 IC--IC1711
I 20171103 093831114 IF--IF1711
I 20171103 093831115 IH--IH1711
I 20171103 093831116 j--j1801
I 20171103 093831117 jd--jd1801
I 20171103 093831118 jm--jm1801
I 20171103 093831119 l--l1801
I 20171103 093831119 m--m1801
I 20171103 093831120 MA--MA801
I 20171103 093831121 ni--ni1801
I 20171103 093831122 OI--OI801
I 20171103 093831123 p--p1801
I 20171103 093831124 pb--pb1712
I 20171103 093831125 pp--pp1801
I 20171103 093831126 rb--rb1805
I 20171103 093831127 RI--RI807
I 20171103 093831128 RM--RM801
I 20171103 093831129 ru--ru1801
I 20171103 093831130 SF--SF801
I 20171103 093831131 SM--SM801
I 20171103 093831132 sn--sn1801
I 20171103 093831133 SR--SR801
I 20171103 093831133 T--T1712
I 20171103 093831134 TA--TA801
I 20171103 093831135 TF--TF1712
I 20171103 093831136 v--v1801
I 20171103 093831137 WH--WH801
I 20171103 093831137 y--y1801
I 20171103 093831138 ZC--ZC801
I 20171103 093831139 zn--zn1801
I 20171103 093831143 MarketDataStore.USeManager Create DataStoreCommon.FileMarketDataStorage OK.
I 20171103 093831347 MarketDataStore.USeManager Create DataStoreCommon.MQTTMarketDataStoreage OK.
I 20171103 093831396 MarketDataStore.USeManager Create DataStoreCommon.MQTTMarketDataStoreage OK.
I 20171103 093831420 MarketDataStore.USeManager Create DataStoreCommon.MQTTMarketDataStoreage OK.
I 20171103 093831484 MarketDataStore.USeManager Create File OK.
I 20171103 094058065 KLineÊý¾Ý´æ´¢ shutdown.

I 20171103 094130426 KLineÊý¾Ý´æ´¢ started.
I 20171103 094133754 MarketDataStore.USeManager Create MarketDataStore.TradeRangeManager OK.
I 20171103 094133782 MarketDataStore.USeManager Create USe.Common.Manager.USeProductManager OK.
I 20171103 094133784 MarketDataStore.USeManager Create USe.Common.Manager.AlphaDBVistor OK.
I 20171103 094133877 MarketDataStore.USeManager Create USe.Common.Manager.USeTradingInstrumentManager OK.
I 20171103 094134043 MarketDataStore.USeManager Create MarketDataStore.MainContractManager OK.
I 20171103 094134045 a--a1801
I 20171103 094134046 ag--ag1712
I 20171103 094134047 al--al1801
I 20171103 094134047 au--au1712
I 20171103 094134048 b--b1805
I 20171103 094134049 bb--bb1804
I 20171103 094134050 bu--bu1712
I 20171103 094134051 c--c1801
I 20171103 094134052 CF--CF801
I 20171103 094134053 cs--cs1801
I 20171103 094134054 cu--cu1712
I 20171103 094134055 CY--CY801
I 20171103 094134056 FG--FG801
I 20171103 094134057 hc--hc1801
I 20171103 094134058 i--i1801
I 20171103 094134059 IC--IC1711
I 20171103 094134059 IF--IF1711
I 20171103 094134060 IH--IH1711
I 20171103 094134061 j--j1801
I 20171103 094134062 jd--jd1801
I 20171103 094134063 jm--jm1801
I 20171103 094134064 l--l1801
I 20171103 094134065 m--m1801
I 20171103 094134065 MA--MA801
I 20171103 094134066 ni--ni1801
I 20171103 094134067 OI--OI801
I 20171103 094134069 p--p1801
I 20171103 094134070 pb--pb1712
I 20171103 094134071 pp--pp1801
I 20171103 094134072 rb--rb1805
I 20171103 094134073 RI--RI807
I 20171103 094134074 RM--RM801
I 20171103 094134075 ru--ru1801
I 20171103 094134077 SF--SF801
I 20171103 094134078 SM--SM801
I 20171103 094134079 sn--sn1801
I 20171103 094134080 SR--SR801
I 20171103 094134081 T--T1712
I 20171103 094134082 TA--TA801
I 20171103 094134083 TF--TF1712
I 20171103 094134084 v--v1801
I 20171103 094134085 WH--WH801
I 20171103 094134086 y--y1801
I 20171103 094134087 ZC--ZC801
I 20171103 094134088 zn--zn1801
I 20171103 094134093 MarketDataStore.USeManager Create DataStoreCommon.FileMarketDataStorage OK.
I 20171103 094134113 MarketDataStore.USeManager Create DataStoreCommon.MQTTMarketDataStoreage OK.
I 20171103 094134115 MarketDataStore.USeManager Create DataStoreCommon.MQTTMarketDataStoreage OK.
I 20171103 094134118 MarketDataStore.USeManager Create DataStoreCommon.MQTTMarketDataStoreage OK.
I 20171103 094134152 MarketDataStore.USeManager Create File OK.
I 20171103 094138622 KLineÊý¾Ý´æ´¢ shutdown.

I 20171103 094634803 KLineÊý¾Ý´æ´¢ started.
I 20171103 094636008 MarketDataStore.USeManager Create MarketDataStore.TradeRangeManager OK.
I 20171103 094636036 MarketDataStore.USeManager Create USe.Common.Manager.USeProductManager OK.
I 20171103 094636038 MarketDataStore.USeManager Create USe.Common.Manager.AlphaDBVistor OK.
I 20171103 094636145 MarketDataStore.USeManager Create USe.Common.Manager.USeTradingInstrumentManager OK.
I 20171103 094636224 MarketDataStore.USeManager Create MarketDataStore.MainContractManager OK.
I 20171103 094636226 a--a1801
I 20171103 094636227 ag--ag1712
I 20171103 094636228 al--al1801
I 20171103 094636229 au--au1712
I 20171103 094636230 b--b1805
I 20171103 094636231 bb--bb1804
I 20171103 094636231 bu--bu1712
I 20171103 094636232 c--c1801
I 20171103 094636233 CF--CF801
I 20171103 094636234 cs--cs1801
I 20171103 094636235 cu--cu1712
I 20171103 094636236 CY--CY801
I 20171103 094636236 FG--FG801
I 20171103 094636237 hc--hc1801
I 20171103 094636238 i--i1801
I 20171103 094636239 IC--IC1711
I 20171103 094636240 IF--IF1711
I 20171103 094636241 IH--IH1711
I 20171103 094636242 j--j1801
I 20171103 094636243 jd--jd1801
I 20171103 094636244 jm--jm1801
I 20171103 094636244 l--l1801
I 20171103 094636245 m--m1801
I 20171103 094636246 MA--MA801
I 20171103 094636247 ni--ni1801
I 20171103 094636248 OI--OI801
I 20171103 094636249 p--p1801
I 20171103 094636250 pb--pb1712
I 20171103 094636251 pp--pp1801
I 20171103 094636251 rb--rb1805
I 20171103 094636252 RI--RI807
I 20171103 094636253 RM--RM801
I 20171103 094636254 ru--ru1801
I 20171103 094636255 SF--SF801
I 20171103 094636256 SM--SM801
I 20171103 094636257 sn--sn1801
I 20171103 094636258 SR--SR801
I 20171103 094636258 T--T1712
I 20171103 094636259 TA--TA801
I 20171103 094636260 TF--TF1712
I 20171103 094636261 v--v1801
I 20171103 094636262 WH--WH801
I 20171103 094636263 y--y1801
I 20171103 094636264 ZC--ZC801
I 20171103 094636295 zn--zn1801
I 20171103 094636299 MarketDataStore.USeManager Create DataStoreCommon.FileMarketDataStorage OK.
I 20171103 094636419 MarketDataStore.USeManager Create DataStoreCommon.MQTTMarketDataStoreage OK.
I 20171103 094636422 MarketDataStore.USeManager Create DataStoreCommon.MQTTMarketDataStoreage OK.
I 20171103 094636428 MarketDataStore.USeManager Create DataStoreCommon.MQTTMarketDataStoreage OK.
I 20171103 094642006 KLineÊý¾Ý´æ´¢ shutdown.

I 20171103 094848048 KLineÊý¾Ý´æ´¢ started.
I 20171103 094849590 MarketDataStore.USeManager Create MarketDataStore.TradeRangeManager OK.
I 20171103 094849819 MarketDataStore.USeManager Create USe.Common.Manager.USeProductManager OK.
I 20171103 094849821 MarketDataStore.USeManager Create USe.Common.Manager.AlphaDBVistor OK.
I 20171103 094850348 MarketDataStore.USeManager Create USe.Common.Manager.USeTradingInstrumentManager OK.
I 20171103 094850490 MarketDataStore.USeManager Create MarketDataStore.MainContractManager OK.
I 20171103 094850492 a--a1801
I 20171103 094850493 ag--ag1712
I 20171103 094850494 al--al1801
I 20171103 094850494 au--au1712
I 20171103 094850495 b--b1805
I 20171103 094850496 bb--bb1804
I 20171103 094850497 bu--bu1712
I 20171103 094850498 c--c1801
I 20171103 094850499 CF--CF801
I 20171103 094850500 cs--cs1801
I 20171103 094850501 cu--cu1712
I 20171103 094850502 CY--CY801
I 20171103 094850502 FG--FG801
I 20171103 094850503 hc--hc1801
I 20171103 094850504 i--i1801
I 20171103 094850505 IC--IC1711
I 20171103 094850506 IF--IF1711
I 20171103 094850507 IH--IH1711
I 20171103 094850508 j--j1801
I 20171103 094850508 jd--jd1801
I 20171103 094850509 jm--jm1801
I 20171103 094850510 l--l1801
I 20171103 094850511 m--m1801
I 20171103 094850512 MA--MA801
I 20171103 094850513 ni--ni1801
I 20171103 094850513 OI--OI801
I 20171103 094850514 p--p1801
I 20171103 094850515 pb--pb1712
I 20171103 094850516 pp--pp1801
I 20171103 094850517 rb--rb1805
I 20171103 094850518 RI--RI807
I 20171103 094850519 RM--RM801
I 20171103 094850520 ru--ru1801
I 20171103 094850520 SF--SF801
I 20171103 094850521 SM--SM801
I 20171103 094850523 sn--sn1801
I 20171103 094850524 SR--SR801
I 20171103 094850525 T--T1712
I 20171103 094850526 TA--TA801
I 20171103 094850527 TF--TF1712
I 20171103 094850528 v--v1801
I 20171103 094850529 WH--WH801
I 20171103 094850529 y--y1801
I 20171103 094850530 ZC--ZC801
I 20171103 094850532 zn--zn1801
I 20171103 094850539 MarketDataStore.USeManager Create DataStoreCommon.FileMarketDataStorage OK.
I 20171103 094850611 MarketDataStore.USeManager Create DataStoreCommon.MQTTMarketDataStoreage OK.
I 20171103 094850636 MarketDataStore.USeManager Create DataStoreCommon.MQTTMarketDataStoreage OK.
I 20171103 094850641 MarketDataStore.USeManager Create DataStoreCommon.MQTTMarketDataStoreage OK.
I 20171103 094854515 KLineÊý¾Ý´æ´¢ shutdown.

I 20171103 095059607 KLineÊý¾Ý´æ´¢ started.
I 20171103 095101948 MarketDataStore.USeManager Create MarketDataStore.TradeRangeManager OK.
I 20171103 095102121 MarketDataStore.USeManager Create USe.Common.Manager.USeProductManager OK.
I 20171103 095102123 MarketDataStore.USeManager Create USe.Common.Manager.AlphaDBVistor OK.
I 20171103 095102468 MarketDataStore.USeManager Create USe.Common.Manager.USeTradingInstrumentManager OK.
I 20171103 095102698 MarketDataStore.USeManager Create MarketDataStore.MainContractManager OK.
I 20171103 095102700 a--a1801
I 20171103 095102701 ag--ag1712
I 20171103 095102702 al--al1801
I 20171103 095102703 au--au1712
I 20171103 095102704 b--b1805
I 20171103 095102705 bb--bb1804
I 20171103 095102706 bu--bu1712
I 20171103 095102707 c--c1801
I 20171103 095102708 CF--CF801
I 20171103 095102708 cs--cs1801
I 20171103 095102709 cu--cu1712
I 20171103 095102710 CY--CY801
I 20171103 095102711 FG--FG801
I 20171103 095102712 hc--hc1801
I 20171103 095102713 i--i1801
I 20171103 095102713 IC--IC1711
I 20171103 095102714 IF--IF1711
I 20171103 095102715 IH--IH1711
I 20171103 095102716 j--j1801
I 20171103 095102717 jd--jd1801
I 20171103 095102718 jm--jm1801
I 20171103 095102719 l--l1801
I 20171103 095102720 m--m1801
I 20171103 095102721 MA--MA801
I 20171103 095102722 ni--ni1801
I 20171103 095102723 OI--OI801
I 20171103 095102723 p--p1801
I 20171103 095102725 pb--pb1712
I 20171103 095102726 pp--pp1801
I 20171103 095102727 rb--rb1805
I 20171103 095102728 RI--RI807
I 20171103 095102729 RM--RM801
I 20171103 095102730 ru--ru1801
I 20171103 095102731 SF--SF801
I 20171103 095102732 SM--SM801
I 20171103 095102733 sn--sn1801
I 20171103 095102733 SR--SR801
I 20171103 095102734 T--T1712
I 20171103 095102735 TA--TA801
I 20171103 095102736 TF--TF1712
I 20171103 095102737 v--v1801
I 20171103 095102738 WH--WH801
I 20171103 095102738 y--y1801
I 20171103 095102739 ZC--ZC801
I 20171103 095102740 zn--zn1801
I 20171103 095102744 MarketDataStore.USeManager Create DataStoreCommon.FileMarketDataStorage OK.
I 20171103 095102789 MarketDataStore.USeManager Create DataStoreCommon.MQTTMarketDataStoreage OK.
I 20171103 095102791 MarketDataStore.USeManager Create DataStoreCommon.MQTTMarketDataStoreage OK.
I 20171103 095102793 MarketDataStore.USeManager Create DataStoreCommon.MQTTMarketDataStoreage OK.
I 20171103 095107586 KLineÊý¾Ý´æ´¢ shutdown.

I 20171103 095555216 KLineÊý¾Ý´æ´¢ started.
I 20171103 095556345 MarketDataStore.USeManager Create MarketDataStore.TradeRangeManager OK.
I 20171103 095556363 MarketDataStore.USeManager Create USe.Common.Manager.USeProductManager OK.
I 20171103 095556365 MarketDataStore.USeManager Create USe.Common.Manager.AlphaDBVistor OK.
I 20171103 095556416 MarketDataStore.USeManager Create USe.Common.Manager.USeTradingInstrumentManager OK.
I 20171103 095556504 MarketDataStore.USeManager Create MarketDataStore.MainContractManager OK.
I 20171103 095556505 a--a1801
I 20171103 095556506 ag--ag1712
I 20171103 095556507 al--al1801
I 20171103 095556508 au--au1712
I 20171103 095556509 b--b1805
I 20171103 095556510 bb--bb1804
I 20171103 095556510 bu--bu1712
I 20171103 095556511 c--c1801
I 20171103 095556512 CF--CF801
I 20171103 095556513 cs--cs1801
I 20171103 095556514 cu--cu1712
I 20171103 095556514 CY--CY801
I 20171103 095556515 FG--FG801
I 20171103 095556516 hc--hc1801
I 20171103 095556517 i--i1801
I 20171103 095556517 IC--IC1711
I 20171103 095556518 IF--IF1711
I 20171103 095556519 IH--IH1711
I 20171103 095556520 j--j1801
I 20171103 095556521 jd--jd1801
I 20171103 095556522 jm--jm1801
I 20171103 095556523 l--l1801
I 20171103 095556524 m--m1801
I 20171103 095556524 MA--MA801
I 20171103 095556525 ni--ni1801
I 20171103 095556526 OI--OI801
I 20171103 095556527 p--p1801
I 20171103 095556528 pb--pb1712
I 20171103 095556529 pp--pp1801
I 20171103 095556529 rb--rb1805
I 20171103 095556530 RI--RI807
I 20171103 095556531 RM--RM801
I 20171103 095556532 ru--ru1801
I 20171103 095556533 SF--SF801
I 20171103 095556533 SM--SM801
I 20171103 095556534 sn--sn1801
I 20171103 095556535 SR--SR801
I 20171103 095556536 T--T1712
I 20171103 095556537 TA--TA801
I 20171103 095556538 TF--TF1712
I 20171103 095556538 v--v1801
I 20171103 095556539 WH--WH801
I 20171103 095556540 y--y1801
I 20171103 095556541 ZC--ZC801
I 20171103 095556542 zn--zn1801
I 20171103 095556569 MarketDataStore.USeManager Create DataStoreCommon.FileMarketDataStorage OK.
I 20171103 095556814 MarketDataStore.USeManager Create DataStoreCommon.MQTTMarketDataStoreage OK.
I 20171103 095556821 MarketDataStore.USeManager Create DataStoreCommon.MQTTMarketDataStoreage OK.
I 20171103 095556825 MarketDataStore.USeManager Create DataStoreCommon.MQTTMarketDataStoreage OK.
I 20171103 095606551 KLineÊý¾Ý´æ´¢ shutdown.

I 20171103 095805813 KLineÊý¾Ý´æ´¢ started.
I 20171103 095807361 MarketDataStore.USeManager Create MarketDataStore.TradeRangeManager OK.
I 20171103 095807381 MarketDataStore.USeManager Create USe.Common.Manager.USeProductManager OK.
I 20171103 095807383 MarketDataStore.USeManager Create USe.Common.Manager.AlphaDBVistor OK.
I 20171103 095807502 MarketDataStore.USeManager Create USe.Common.Manager.USeTradingInstrumentManager OK.
I 20171103 095807598 MarketDataStore.USeManager Create MarketDataStore.MainContractManager OK.
I 20171103 095807599 a--a1801
I 20171103 095807600 ag--ag1712
I 20171103 095807601 al--al1801
I 20171103 095807602 au--au1712
I 20171103 095807603 b--b1805
I 20171103 095807604 bb--bb1804
I 20171103 095807605 bu--bu1712
I 20171103 095807605 c--c1801
I 20171103 095807606 CF--CF801
I 20171103 095807607 cs--cs1801
I 20171103 095807608 cu--cu1712
I 20171103 095807609 CY--CY801
I 20171103 095807610 FG--FG801
I 20171103 095807611 hc--hc1801
I 20171103 095807611 i--i1801
I 20171103 095807612 IC--IC1711
I 20171103 095807613 IF--IF1711
I 20171103 095807614 IH--IH1711
I 20171103 095807615 j--j1801
I 20171103 095807616 jd--jd1801
I 20171103 095807617 jm--jm1801
I 20171103 095807618 l--l1801
I 20171103 095807619 m--m1801
I 20171103 095807620 MA--MA801
I 20171103 095807633 ni--ni1801
I 20171103 095807655 OI--OI801
I 20171103 095807679 p--p1801
I 20171103 095807682 pb--pb1712
I 20171103 095807713 pp--pp1801
I 20171103 095807762 rb--rb1805
I 20171103 095807763 RI--RI807
I 20171103 095807764 RM--RM801
I 20171103 095807765 ru--ru1801
I 20171103 095807766 SF--SF801
I 20171103 095807767 SM--SM801
I 20171103 095807768 sn--sn1801
I 20171103 095807769 SR--SR801
I 20171103 095807770 T--T1712
I 20171103 095807772 TA--TA801
I 20171103 095807775 TF--TF1712
I 20171103 095807779 v--v1801
I 20171103 095807780 WH--WH801
I 20171103 095807782 y--y1801
I 20171103 095807783 ZC--ZC801
I 20171103 095807784 zn--zn1801
I 20171103 095807789 MarketDataStore.USeManager Create DataStoreCommon.FileMarketDataStorage OK.
I 20171103 095807983 MarketDataStore.USeManager Create DataStoreCommon.MQTTMarketDataStoreage OK.
I 20171103 095807989 MarketDataStore.USeManager Create DataStoreCommon.MQTTMarketDataStoreage OK.
I 20171103 095807990 MarketDataStore.USeManager Create DataStoreCommon.MQTTMarketDataStoreage OK.
I 20171103 095810724 KLineÊý¾Ý´æ´¢ shutdown.

I 20171103 100211711 KLineÊý¾Ý´æ´¢ started.
I 20171103 100213596 MarketDataStore.USeManager Create MarketDataStore.TradeRangeManager OK.
I 20171103 100213639 MarketDataStore.USeManager Create USe.Common.Manager.USeProductManager OK.
I 20171103 100213641 MarketDataStore.USeManager Create USe.Common.Manager.AlphaDBVistor OK.
I 20171103 100213743 MarketDataStore.USeManager Create USe.Common.Manager.USeTradingInstrumentManager OK.
I 20171103 100213951 MarketDataStore.USeManager Create MarketDataStore.MainContractManager OK.
I 20171103 100213953 a--a1801
I 20171103 100213954 ag--ag1712
I 20171103 100213955 al--al1801
I 20171103 100213956 au--au1712
I 20171103 100213957 b--b1805
I 20171103 100213958 bb--bb1804
I 20171103 100213959 bu--bu1712
I 20171103 100213959 c--c1801
I 20171103 100213960 CF--CF801
I 20171103 100213961 cs--cs1801
I 20171103 100213962 cu--cu1712
I 20171103 100213963 CY--CY801
I 20171103 100213964 FG--FG801
I 20171103 100213965 hc--hc1801
I 20171103 100213965 i--i1801
I 20171103 100213966 IC--IC1711
I 20171103 100213967 IF--IF1711
I 20171103 100213968 IH--IH1711
I 20171103 100213969 j--j1801
I 20171103 100213970 jd--jd1801
I 20171103 100213971 jm--jm1801
I 20171103 100213971 l--l1801
I 20171103 100213972 m--m1801
I 20171103 100213973 MA--MA801
I 20171103 100213974 ni--ni1801
I 20171103 100213975 OI--OI801
I 20171103 100213976 p--p1801
I 20171103 100213977 pb--pb1712
I 20171103 100213978 pp--pp1801
I 20171103 100213979 rb--rb1805
I 20171103 100213980 RI--RI807
I 20171103 100213981 RM--RM801
I 20171103 100213981 ru--ru1801
I 20171103 100213982 SF--SF801
I 20171103 100213983 SM--SM801
I 20171103 100213984 sn--sn1801
I 20171103 100213985 SR--SR801
I 20171103 100213986 T--T1712
I 20171103 100213987 TA--TA801
I 20171103 100213988 TF--TF1712
I 20171103 100213989 v--v1801
I 20171103 100213990 WH--WH801
I 20171103 100213990 y--y1801
I 20171103 100213991 ZC--ZC801
I 20171103 100213992 zn--zn1801
I 20171103 100213997 MarketDataStore.USeManager Create DataStoreCommon.FileMarketDataStorage OK.
I 20171103 100214037 MarketDataStore.USeManager Create DataStoreCommon.MQTTMarketDataStoreage OK.
I 20171103 100214038 MarketDataStore.USeManager Create DataStoreCommon.MQTTMarketDataStoreage OK.
I 20171103 100214039 MarketDataStore.USeManager Create DataStoreCommon.MQTTMarketDataStoreage OK.
I 20171103 100214058 MarketDataStore.USeManager Create File OK.
I 20171103 100225529 KLineÊý¾Ý´æ´¢ shutdown.

I 20171103 100648469 KLineÊý¾Ý´æ´¢ started.
I 20171103 100650386 MarketDataStore.USeManager Create MarketDataStore.TradeRangeManager OK.
I 20171103 100650399 MarketDataStore.USeManager Create USe.Common.Manager.USeProductManager OK.
I 20171103 100650401 MarketDataStore.USeManager Create USe.Common.Manager.AlphaDBVistor OK.
I 20171103 100650500 MarketDataStore.USeManager Create USe.Common.Manager.USeTradingInstrumentManager OK.
I 20171103 100650585 MarketDataStore.USeManager Create MarketDataStore.MainContractManager OK.
I 20171103 100650586 a--a1801
I 20171103 100650587 ag--ag1712
I 20171103 100650588 al--al1801
I 20171103 100650589 au--au1712
I 20171103 100650590 b--b1805
I 20171103 100650591 bb--bb1804
I 20171103 100650592 bu--bu1712
I 20171103 100650592 c--c1801
I 20171103 100650593 CF--CF801
I 20171103 100650594 cs--cs1801
I 20171103 100650595 cu--cu1712
I 20171103 100650596 CY--CY801
I 20171103 100650597 FG--FG801
I 20171103 100650598 hc--hc1801
I 20171103 100650598 i--i1801
I 20171103 100650599 IC--IC1711
I 20171103 100650600 IF--IF1711
I 20171103 100650601 IH--IH1711
I 20171103 100650602 j--j1801
I 20171103 100650603 jd--jd1801
I 20171103 100650604 jm--jm1801
I 20171103 100650605 l--l1801
I 20171103 100650605 m--m1801
I 20171103 100650606 MA--MA801
I 20171103 100650607 ni--ni1801
I 20171103 100650608 OI--OI801
I 20171103 100650610 p--p1801
I 20171103 100650611 pb--pb1712
I 20171103 100650612 pp--pp1801
I 20171103 100650613 rb--rb1805
I 20171103 100650614 RI--RI807
I 20171103 100650632 RM--RM801
I 20171103 100650634 ru--ru1801
I 20171103 100650635 SF--SF801
I 20171103 100650636 SM--SM801
I 20171103 100650637 sn--sn1801
I 20171103 100650638 SR--SR801
I 20171103 100650639 T--T1712
I 20171103 100650640 TA--TA801
I 20171103 100650641 TF--TF1712
I 20171103 100650641 v--v1801
I 20171103 100650642 WH--WH801
I 20171103 100650643 y--y1801
I 20171103 100650644 ZC--ZC801
I 20171103 100650645 zn--zn1801
I 20171103 100650650 MarketDataStore.USeManager Create DataStoreCommon.FileMarketDataStorage OK.
I 20171103 100650744 MarketDataStore.USeManager Create DataStoreCommon.MQTTMarketDataStoreage OK.
I 20171103 100650746 MarketDataStore.USeManager Create DataStoreCommon.MQTTMarketDataStoreage OK.
I 20171103 100650747 MarketDataStore.USeManager Create DataStoreCommon.MQTTMarketDataStoreage OK.
I 20171103 100650788 MarketDataStore.USeManager Create File OK.
I 20171103 100656745 KLineÊý¾Ý´æ´¢ shutdown.

I 20171103 100716152 KLineÊý¾Ý´æ´¢ started.
I 20171103 100717128 MarketDataStore.USeManager Create MarketDataStore.TradeRangeManager OK.
I 20171103 100717160 MarketDataStore.USeManager Create USe.Common.Manager.USeProductManager OK.
I 20171103 100717162 MarketDataStore.USeManager Create USe.Common.Manager.AlphaDBVistor OK.
I 20171103 100717204 MarketDataStore.USeManager Create USe.Common.Manager.USeTradingInstrumentManager OK.
I 20171103 100717289 MarketDataStore.USeManager Create MarketDataStore.MainContractManager OK.
I 20171103 100717291 a--a1801
I 20171103 100717292 ag--ag1712
I 20171103 100717292 al--al1801
I 20171103 100717293 au--au1712
I 20171103 100717294 b--b1805
I 20171103 100717295 bb--bb1804
I 20171103 100717296 bu--bu1712
I 20171103 100717297 c--c1801
I 20171103 100717297 CF--CF801
I 20171103 100717298 cs--cs1801
I 20171103 100717299 cu--cu1712
I 20171103 100717300 CY--CY801
I 20171103 100717301 FG--FG801
I 20171103 100717302 hc--hc1801
I 20171103 100717302 i--i1801
I 20171103 100717303 IC--IC1711
I 20171103 100717304 IF--IF1711
I 20171103 100717305 IH--IH1711
I 20171103 100717306 j--j1801
I 20171103 100717306 jd--jd1801
I 20171103 100717307 jm--jm1801
I 20171103 100717308 l--l1801
I 20171103 100717309 m--m1801
I 20171103 100717310 MA--MA801
I 20171103 100717311 ni--ni1801
I 20171103 100717312 OI--OI801
I 20171103 100717312 p--p1801
I 20171103 100717313 pb--pb1712
I 20171103 100717314 pp--pp1801
I 20171103 100717315 rb--rb1805
I 20171103 100717316 RI--RI807
I 20171103 100717317 RM--RM801
I 20171103 100717318 ru--ru1801
I 20171103 100717319 SF--SF801
I 20171103 100717321 SM--SM801
I 20171103 100717322 sn--sn1801
I 20171103 100717324 SR--SR801
I 20171103 100717342 T--T1712
I 20171103 100717343 TA--TA801
I 20171103 100717344 TF--TF1712
I 20171103 100717344 v--v1801
I 20171103 100717345 WH--WH801
I 20171103 100717346 y--y1801
I 20171103 100717347 ZC--ZC801
I 20171103 100717348 zn--zn1801
I 20171103 100717352 MarketDataStore.USeManager Create DataStoreCommon.FileMarketDataStorage OK.
I 20171103 100717413 MarketDataStore.USeManager Create DataStoreCommon.MQTTMarketDataStoreage OK.
I 20171103 100717414 MarketDataStore.USeManager Create DataStoreCommon.MQTTMarketDataStoreage OK.
I 20171103 100717416 MarketDataStore.USeManager Create DataStoreCommon.MQTTMarketDataStoreage OK.
I 20171103 100717434 MarketDataStore.USeManager Create File OK.
I 20171103 100721988 KLineÊý¾Ý´æ´¢ shutdown.

I 20171103 100928354 KLineÊý¾Ý´æ´¢ started.
I 20171103 100929383 MarketDataStore.USeManager Create MarketDataStore.TradeRangeManager OK.
I 20171103 100929395 MarketDataStore.USeManager Create USe.Common.Manager.USeProductManager OK.
I 20171103 100929397 MarketDataStore.USeManager Create USe.Common.Manager.AlphaDBVistor OK.
I 20171103 100929450 MarketDataStore.USeManager Create USe.Common.Manager.USeTradingInstrumentManager OK.
I 20171103 100929532 MarketDataStore.USeManager Create MarketDataStore.MainContractManager OK.
I 20171103 100929534 a--a1801
I 20171103 100929535 ag--ag1712
I 20171103 100929536 al--al1801
I 20171103 100929537 au--au1712
I 20171103 100929538 b--b1805
I 20171103 100929538 bb--bb1804
I 20171103 100929539 bu--bu1712
I 20171103 100929540 c--c1801
I 20171103 100929541 CF--CF801
I 20171103 100929542 cs--cs1801
I 20171103 100929543 cu--cu1712
I 20171103 100929544 CY--CY801
I 20171103 100929544 FG--FG801
I 20171103 100929545 hc--hc1801
I 20171103 100929546 i--i1801
I 20171103 100929547 IC--IC1711
I 20171103 100929547 IF--IF1711
I 20171103 100929548 IH--IH1711
I 20171103 100929549 j--j1801
I 20171103 100929550 jd--jd1801
I 20171103 100929550 jm--jm1801
I 20171103 100929551 l--l1801
I 20171103 100929552 m--m1801
I 20171103 100929552 MA--MA801
I 20171103 100929553 ni--ni1801
I 20171103 100929554 OI--OI801
I 20171103 100929555 p--p1801
I 20171103 100929556 pb--pb1712
I 20171103 100929557 pp--pp1801
I 20171103 100929558 rb--rb1805
I 20171103 100929559 RI--RI807
I 20171103 100929559 RM--RM801
I 20171103 100929560 ru--ru1801
I 20171103 100929561 SF--SF801
I 20171103 100929562 SM--SM801
I 20171103 100929563 sn--sn1801
I 20171103 100929564 SR--SR801
I 20171103 100929564 T--T1712
I 20171103 100929565 TA--TA801
I 20171103 100929566 TF--TF1712
I 20171103 100929567 v--v1801
I 20171103 100929568 WH--WH801
I 20171103 100929569 y--y1801
I 20171103 100929569 ZC--ZC801
I 20171103 100929570 zn--zn1801
I 20171103 100929575 MarketDataStore.USeManager Create DataStoreCommon.FileMarketDataStorage OK.
I 20171103 100929644 MarketDataStore.USeManager Create DataStoreCommon.MQTTMarketDataStoreage OK.
I 20171103 100929645 MarketDataStore.USeManager Create DataStoreCommon.MQTTMarketDataStoreage OK.
I 20171103 100929647 MarketDataStore.USeManager Create DataStoreCommon.MQTTMarketDataStoreage OK.
I 20171103 100929667 MarketDataStore.USeManager Create File OK.
I 20171103 100933727 KLineÊý¾Ý´æ´¢ shutdown.

I 20171103 100958420 KLineÊý¾Ý´æ´¢ started.
I 20171103 100959463 MarketDataStore.USeManager Create MarketDataStore.TradeRangeManager OK.
I 20171103 100959476 MarketDataStore.USeManager Create USe.Common.Manager.USeProductManager OK.
I 20171103 100959478 MarketDataStore.USeManager Create USe.Common.Manager.AlphaDBVistor OK.
I 20171103 100959527 MarketDataStore.USeManager Create USe.Common.Manager.USeTradingInstrumentManager OK.
I 20171103 100959604 MarketDataStore.USeManager Create MarketDataStore.MainContractManager OK.
I 20171103 100959606 a--a1801
I 20171103 100959607 ag--ag1712
I 20171103 100959608 al--al1801
I 20171103 100959609 au--au1712
I 20171103 100959610 b--b1805
I 20171103 100959610 bb--bb1804
I 20171103 100959611 bu--bu1712
I 20171103 100959612 c--c1801
I 20171103 100959613 CF--CF801
I 20171103 100959614 cs--cs1801
I 20171103 100959615 cu--cu1712
I 20171103 100959615 CY--CY801
I 20171103 100959616 FG--FG801
I 20171103 100959617 hc--hc1801
I 20171103 100959618 i--i1801
I 20171103 100959619 IC--IC1711
I 20171103 100959620 IF--IF1711
I 20171103 100959621 IH--IH1711
I 20171103 100959621 j--j1801
I 20171103 100959622 jd--jd1801
I 20171103 100959623 jm--jm1801
I 20171103 100959624 l--l1801
I 20171103 100959625 m--m1801
I 20171103 100959626 MA--MA801
I 20171103 100959626 ni--ni1801
I 20171103 100959627 OI--OI801
I 20171103 100959628 p--p1801
I 20171103 100959628 pb--pb1712
I 20171103 100959629 pp--pp1801
I 20171103 100959630 rb--rb1805
I 20171103 100959631 RI--RI807
I 20171103 100959632 RM--RM801
I 20171103 100959633 ru--ru1801
I 20171103 100959633 SF--SF801
I 20171103 100959634 SM--SM801
I 20171103 100959635 sn--sn1801
I 20171103 100959636 SR--SR801
I 20171103 100959637 T--T1712
I 20171103 100959638 TA--TA801
I 20171103 100959638 TF--TF1712
I 20171103 100959639 v--v1801
I 20171103 100959640 WH--WH801
I 20171103 100959641 y--y1801
I 20171103 100959642 ZC--ZC801
I 20171103 100959643 zn--zn1801
I 20171103 100959647 MarketDataStore.USeManager Create DataStoreCommon.FileMarketDataStorage OK.
I 20171103 100959684 MarketDataStore.USeManager Create DataStoreCommon.MQTTMarketDataStoreage OK.
I 20171103 100959687 MarketDataStore.USeManager Create DataStoreCommon.MQTTMarketDataStoreage OK.
I 20171103 100959689 MarketDataStore.USeManager Create DataStoreCommon.MQTTMarketDataStoreage OK.
I 20171103 100959710 MarketDataStore.USeManager Create File OK.
I 20171103 101012052 KLineÊý¾Ý´æ´¢ shutdown.

I 20171103 101024301 KLineÊý¾Ý´æ´¢ started.
I 20171103 101026111 MarketDataStore.USeManager Create MarketDataStore.TradeRangeManager OK.
I 20171103 101026129 MarketDataStore.USeManager Create USe.Common.Manager.USeProductManager OK.
I 20171103 101026130 MarketDataStore.USeManager Create USe.Common.Manager.AlphaDBVistor OK.
I 20171103 101026172 MarketDataStore.USeManager Create USe.Common.Manager.USeTradingInstrumentManager OK.
I 20171103 101026252 MarketDataStore.USeManager Create MarketDataStore.MainContractManager OK.
I 20171103 101026254 a--a1801
I 20171103 101026255 ag--ag1712
I 20171103 101026256 al--al1801
I 20171103 101026256 au--au1712
I 20171103 101026257 b--b1805
I 20171103 101026258 bb--bb1804
I 20171103 101026259 bu--bu1712
I 20171103 101026260 c--c1801
I 20171103 101026260 CF--CF801
I 20171103 101026261 cs--cs1801
I 20171103 101026262 cu--cu1712
I 20171103 101026263 CY--CY801
I 20171103 101026264 FG--FG801
I 20171103 101026265 hc--hc1801
I 20171103 101026265 i--i1801
I 20171103 101026266 IC--IC1711
I 20171103 101026267 IF--IF1711
I 20171103 101026268 IH--IH1711
I 20171103 101026269 j--j1801
I 20171103 101026269 jd--jd1801
I 20171103 101026270 jm--jm1801
I 20171103 101026271 l--l1801
I 20171103 101026272 m--m1801
I 20171103 101026273 MA--MA801
I 20171103 101026274 ni--ni1801
I 20171103 101026274 OI--OI801
I 20171103 101026275 p--p1801
I 20171103 101026276 pb--pb1712
I 20171103 101026277 pp--pp1801
I 20171103 101026278 rb--rb1805
I 20171103 101026279 RI--RI807
I 20171103 101026280 RM--RM801
I 20171103 101026281 ru--ru1801
I 20171103 101026281 SF--SF801
I 20171103 101026282 SM--SM801
I 20171103 101026283 sn--sn1801
I 20171103 101026284 SR--SR801
I 20171103 101026285 T--T1712
I 20171103 101026286 TA--TA801
I 20171103 101026287 TF--TF1712
I 20171103 101026287 v--v1801
I 20171103 101026288 WH--WH801
I 20171103 101026289 y--y1801
I 20171103 101026290 ZC--ZC801
I 20171103 101026291 zn--zn1801
I 20171103 101026296 MarketDataStore.USeManager Create DataStoreCommon.FileMarketDataStorage OK.
I 20171103 101026374 MarketDataStore.USeManager Create DataStoreCommon.MQTTMarketDataStoreage OK.
I 20171103 101026383 MarketDataStore.USeManager Create DataStoreCommon.MQTTMarketDataStoreage OK.
I 20171103 101026391 MarketDataStore.USeManager Create DataStoreCommon.MQTTMarketDataStoreage OK.
I 20171103 101026441 MarketDataStore.USeManager Create File OK.
I 20171103 101129602 KLineÊý¾Ý´æ´¢ shutdown.

I 20171103 101139643 KLineÊý¾Ý´æ´¢ started.
I 20171103 101141144 MarketDataStore.USeManager Create MarketDataStore.TradeRangeManager OK.
I 20171103 101141156 MarketDataStore.USeManager Create USe.Common.Manager.USeProductManager OK.
I 20171103 101141158 MarketDataStore.USeManager Create USe.Common.Manager.AlphaDBVistor OK.
I 20171103 101141211 MarketDataStore.USeManager Create USe.Common.Manager.USeTradingInstrumentManager OK.
I 20171103 101141297 MarketDataStore.USeManager Create MarketDataStore.MainContractManager OK.
I 20171103 101141299 a--a1801
I 20171103 101141300 ag--ag1712
I 20171103 101141300 al--al1801
I 20171103 101141301 au--au1712
I 20171103 101141302 b--b1805
I 20171103 101141303 bb--bb1804
I 20171103 101141304 bu--bu1712
I 20171103 101141304 c--c1801
I 20171103 101141305 CF--CF801
I 20171103 101141306 cs--cs1801
I 20171103 101141307 cu--cu1712
I 20171103 101141308 CY--CY801
I 20171103 101141309 FG--FG801
I 20171103 101141309 hc--hc1801
I 20171103 101141310 i--i1801
I 20171103 101141311 IC--IC1711
I 20171103 101141312 IF--IF1711
I 20171103 101141313 IH--IH1711
I 20171103 101141314 j--j1801
I 20171103 101141314 jd--jd1801
I 20171103 101141315 jm--jm1801
I 20171103 101141316 l--l1801
I 20171103 101141317 m--m1801
I 20171103 101141318 MA--MA801
I 20171103 101141319 ni--ni1801
I 20171103 101141319 OI--OI801
I 20171103 101141320 p--p1801
I 20171103 101141321 pb--pb1712
I 20171103 101141322 pp--pp1801
I 20171103 101141323 rb--rb1805
I 20171103 101141324 RI--RI807
I 20171103 101141325 RM--RM801
I 20171103 101141326 ru--ru1801
I 20171103 101141327 SF--SF801
I 20171103 101141328 SM--SM801
I 20171103 101141329 sn--sn1801
I 20171103 101141330 SR--SR801
I 20171103 101141331 T--T1712
I 20171103 101141332 TA--TA801
I 20171103 101141333 TF--TF1712
I 20171103 101141334 v--v1801
I 20171103 101141335 WH--WH801
I 20171103 101141336 y--y1801
I 20171103 101141337 ZC--ZC801
I 20171103 101141338 zn--zn1801
I 20171103 101141343 MarketDataStore.USeManager Create DataStoreCommon.FileMarketDataStorage OK.
I 20171103 101141505 MarketDataStore.USeManager Create DataStoreCommon.MQTTMarketDataStoreage OK.
I 20171103 101141506 MarketDataStore.USeManager Create DataStoreCommon.MQTTMarketDataStoreage OK.
I 20171103 101141506 MarketDataStore.USeManager Create DataStoreCommon.MQTTMarketDataStoreage OK.
I 20171103 101141532 MarketDataStore.USeManager Create File OK.
I 20171103 101329481 KLineÊý¾Ý´æ´¢ shutdown.

I 20171103 101505000 KLineÊý¾Ý´æ´¢ started.
I 20171103 101506877 MarketDataStore.USeManager Create MarketDataStore.TradeRangeManager OK.
I 20171103 101506891 MarketDataStore.USeManager Create USe.Common.Manager.USeProductManager OK.
I 20171103 101506892 MarketDataStore.USeManager Create USe.Common.Manager.AlphaDBVistor OK.
I 20171103 101506960 MarketDataStore.USeManager Create USe.Common.Manager.USeTradingInstrumentManager OK.
I 20171103 101507037 MarketDataStore.USeManager Create MarketDataStore.MainContractManager OK.
I 20171103 101507039 a--a1801
I 20171103 101507040 ag--ag1712
I 20171103 101507041 al--al1801
I 20171103 101507042 au--au1712
I 20171103 101507043 b--b1805
I 20171103 101507044 bb--bb1804
I 20171103 101507045 bu--bu1712
I 20171103 101507046 c--c1801
I 20171103 101507046 CF--CF801
I 20171103 101507047 cs--cs1801
I 20171103 101507048 cu--cu1712
I 20171103 101507049 CY--CY801
I 20171103 101507050 FG--FG801
I 20171103 101507051 hc--hc1801
I 20171103 101507051 i--i1801
I 20171103 101507052 IC--IC1711
I 20171103 101507053 IF--IF1711
I 20171103 101507054 IH--IH1711
I 20171103 101507055 j--j1801
I 20171103 101507055 jd--jd1801
I 20171103 101507056 jm--jm1801
I 20171103 101507057 l--l1801
I 20171103 101507058 m--m1801
I 20171103 101507059 MA--MA801
I 20171103 101507060 ni--ni1801
I 20171103 101507060 OI--OI801
I 20171103 101507061 p--p1801
I 20171103 101507062 pb--pb1712
I 20171103 101507063 pp--pp1801
I 20171103 101507064 rb--rb1805
I 20171103 101507065 RI--RI807
I 20171103 101507066 RM--RM801
I 20171103 101507066 ru--ru1801
I 20171103 101507067 SF--SF801
I 20171103 101507069 SM--SM801
I 20171103 101507070 sn--sn1801
I 20171103 101507071 SR--SR801
I 20171103 101507078 T--T1712
I 20171103 101507086 TA--TA801
I 20171103 101507087 TF--TF1712
I 20171103 101507088 v--v1801
I 20171103 101507089 WH--WH801
I 20171103 101507090 y--y1801
I 20171103 101507091 ZC--ZC801
I 20171103 101507091 zn--zn1801
I 20171103 101507097 MarketDataStore.USeManager Create DataStoreCommon.FileMarketDataStorage OK.
I 20171103 101507147 MarketDataStore.USeManager Create DataStoreCommon.MQTTMarketDataStoreage OK.
I 20171103 101507148 MarketDataStore.USeManager Create DataStoreCommon.MQTTMarketDataStoreage OK.
I 20171103 101507149 MarketDataStore.USeManager Create DataStoreCommon.MQTTMarketDataStoreage OK.
I 20171103 101507211 MarketDataStore.USeManager Create File OK.
I 20171103 101518279 KLineÊý¾Ý´æ´¢ shutdown.

I 20171103 101530941 KLineÊý¾Ý´æ´¢ started.
I 20171103 101532582 MarketDataStore.USeManager Create MarketDataStore.TradeRangeManager OK.
I 20171103 101532618 MarketDataStore.USeManager Create USe.Common.Manager.USeProductManager OK.
I 20171103 101532619 MarketDataStore.USeManager Create USe.Common.Manager.AlphaDBVistor OK.
I 20171103 101532671 MarketDataStore.USeManager Create USe.Common.Manager.USeTradingInstrumentManager OK.
I 20171103 101532767 MarketDataStore.USeManager Create MarketDataStore.MainContractManager OK.
I 20171103 101532769 a--a1801
I 20171103 101532770 ag--ag1712
I 20171103 101532771 al--al1801
I 20171103 101532771 au--au1712
I 20171103 101532772 b--b1805
I 20171103 101532773 bb--bb1804
I 20171103 101532774 bu--bu1712
I 20171103 101532775 c--c1801
I 20171103 101532776 CF--CF801
I 20171103 101532776 cs--cs1801
I 20171103 101532777 cu--cu1712
I 20171103 101532779 CY--CY801
I 20171103 101532780 FG--FG801
I 20171103 101532781 hc--hc1801
I 20171103 101532782 i--i1801
I 20171103 101532783 IC--IC1711
I 20171103 101532784 IF--IF1711
I 20171103 101532784 IH--IH1711
I 20171103 101532785 j--j1801
I 20171103 101532786 jd--jd1801
I 20171103 101532787 jm--jm1801
I 20171103 101532788 l--l1801
I 20171103 101532789 m--m1801
I 20171103 101532789 MA--MA801
I 20171103 101532790 ni--ni1801
I 20171103 101532791 OI--OI801
I 20171103 101532792 p--p1801
I 20171103 101532792 pb--pb1712
I 20171103 101532793 pp--pp1801
I 20171103 101532794 rb--rb1805
I 20171103 101532795 RI--RI807
I 20171103 101532796 RM--RM801
I 20171103 101532797 ru--ru1801
I 20171103 101532798 SF--SF801
I 20171103 101532800 SM--SM801
I 20171103 101532800 sn--sn1801
I 20171103 101532801 SR--SR801
I 20171103 101532802 T--T1712
I 20171103 101532803 TA--TA801
I 20171103 101532804 TF--TF1712
I 20171103 101532805 v--v1801
I 20171103 101532806 WH--WH801
I 20171103 101532806 y--y1801
I 20171103 101532807 ZC--ZC801
I 20171103 101532808 zn--zn1801
I 20171103 101532812 MarketDataStore.USeManager Create DataStoreCommon.FileMarketDataStorage OK.
I 20171103 101532946 MarketDataStore.USeManager Create DataStoreCommon.MQTTMarketDataStoreage OK.
I 20171103 101532965 MarketDataStore.USeManager Create DataStoreCommon.MQTTMarketDataStoreage OK.
I 20171103 101532966 MarketDataStore.USeManager Create DataStoreCommon.MQTTMarketDataStoreage OK.
I 20171103 101532986 MarketDataStore.USeManager Create File OK.
I 20171103 101548946 KLineÊý¾Ý´æ´¢ shutdown.

I 20171103 101615281 KLineÊý¾Ý´æ´¢ started.
I 20171103 101616532 MarketDataStore.USeManager Create MarketDataStore.TradeRangeManager OK.
I 20171103 101616545 MarketDataStore.USeManager Create USe.Common.Manager.USeProductManager OK.
I 20171103 101616547 MarketDataStore.USeManager Create USe.Common.Manager.AlphaDBVistor OK.
I 20171103 101616634 MarketDataStore.USeManager Create USe.Common.Manager.USeTradingInstrumentManager OK.
I 20171103 101616713 MarketDataStore.USeManager Create MarketDataStore.MainContractManager OK.
I 20171103 101616715 a--a1801
I 20171103 101616716 ag--ag1712
I 20171103 101616717 al--al1801
I 20171103 101616718 au--au1712
I 20171103 101616719 b--b1805
I 20171103 101616720 bb--bb1804
I 20171103 101616721 bu--bu1712
I 20171103 101616721 c--c1801
I 20171103 101616722 CF--CF801
I 20171103 101616723 cs--cs1801
I 20171103 101616724 cu--cu1712
I 20171103 101616725 CY--CY801
I 20171103 101616726 FG--FG801
I 20171103 101616727 hc--hc1801
I 20171103 101616727 i--i1801
I 20171103 101616728 IC--IC1711
I 20171103 101616729 IF--IF1711
I 20171103 101616730 IH--IH1711
I 20171103 101616731 j--j1801
I 20171103 101616732 jd--jd1801
I 20171103 101616733 jm--jm1801
I 20171103 101616734 l--l1801
I 20171103 101616735 m--m1801
I 20171103 101616735 MA--MA801
I 20171103 101616736 ni--ni1801
I 20171103 101616737 OI--OI801
I 20171103 101616738 p--p1801
I 20171103 101616739 pb--pb1712
I 20171103 101616740 pp--pp1801
I 20171103 101616740 rb--rb1805
I 20171103 101616741 RI--RI807
I 20171103 101616742 RM--RM801
I 20171103 101616743 ru--ru1801
I 20171103 101616744 SF--SF801
I 20171103 101616744 SM--SM801
I 20171103 101616745 sn--sn1801
I 20171103 101616746 SR--SR801
I 20171103 101616747 T--T1712
I 20171103 101616748 TA--TA801
I 20171103 101616748 TF--TF1712
I 20171103 101616749 v--v1801
I 20171103 101616750 WH--WH801
I 20171103 101616751 y--y1801
I 20171103 101616752 ZC--ZC801
I 20171103 101616753 zn--zn1801
I 20171103 101616759 MarketDataStore.USeManager Create DataStoreCommon.FileMarketDataStorage OK.
I 20171103 101616785 MarketDataStore.USeManager Create DataStoreCommon.MQTTMarketDataStoreage OK.
I 20171103 101616787 MarketDataStore.USeManager Create DataStoreCommon.MQTTMarketDataStoreage OK.
I 20171103 101616791 MarketDataStore.USeManager Create DataStoreCommon.MQTTMarketDataStoreage OK.
I 20171103 101616810 MarketDataStore.USeManager Create File OK.
I 20171103 101621136 KLineÊý¾Ý´æ´¢ shutdown.

I 20171103 101742307 KLineÊý¾Ý´æ´¢ started.
I 20171103 101745441 MarketDataStore.USeManager Create MarketDataStore.TradeRangeManager OK.
I 20171103 101745456 MarketDataStore.USeManager Create USe.Common.Manager.USeProductManager OK.
I 20171103 101745458 MarketDataStore.USeManager Create USe.Common.Manager.AlphaDBVistor OK.
I 20171103 101745500 MarketDataStore.USeManager Create USe.Common.Manager.USeTradingInstrumentManager OK.
I 20171103 101745603 MarketDataStore.USeManager Create MarketDataStore.MainContractManager OK.
I 20171103 101745605 a--a1801
I 20171103 101745606 ag--ag1712
I 20171103 101745606 al--al1801
I 20171103 101745607 au--au1712
I 20171103 101745608 b--b1805
I 20171103 101745609 bb--bb1804
I 20171103 101745610 bu--bu1712
I 20171103 101745611 c--c1801
I 20171103 101745612 CF--CF801
I 20171103 101745612 cs--cs1801
I 20171103 101745613 cu--cu1712
I 20171103 101745614 CY--CY801
I 20171103 101745615 FG--FG801
I 20171103 101745616 hc--hc1801
I 20171103 101745617 i--i1801
I 20171103 101745618 IC--IC1711
I 20171103 101745619 IF--IF1711
I 20171103 101745620 IH--IH1711
I 20171103 101745620 j--j1801
I 20171103 101745621 jd--jd1801
I 20171103 101745622 jm--jm1801
I 20171103 101745623 l--l1801
I 20171103 101745624 m--m1801
I 20171103 101745625 MA--MA801
I 20171103 101745626 ni--ni1801
I 20171103 101745627 OI--OI801
I 20171103 101745628 p--p1801
I 20171103 101745648 pb--pb1712
I 20171103 101745649 pp--pp1801
I 20171103 101745650 rb--rb1805
I 20171103 101745650 RI--RI807
I 20171103 101745651 RM--RM801
I 20171103 101745652 ru--ru1801
I 20171103 101745654 SF--SF801
I 20171103 101745655 SM--SM801
I 20171103 101745656 sn--sn1801
I 20171103 101745657 SR--SR801
I 20171103 101745658 T--T1712
I 20171103 101745659 TA--TA801
I 20171103 101745659 TF--TF1712
I 20171103 101745661 v--v1801
I 20171103 101745662 WH--WH801
I 20171103 101745662 y--y1801
I 20171103 101745663 ZC--ZC801
I 20171103 101745664 zn--zn1801
I 20171103 101745669 MarketDataStore.USeManager Create DataStoreCommon.FileMarketDataStorage OK.
I 20171103 101745713 MarketDataStore.USeManager Create DataStoreCommon.MQTTMarketDataStoreage OK.
I 20171103 101745716 MarketDataStore.USeManager Create DataStoreCommon.MQTTMarketDataStoreage OK.
I 20171103 101745721 MarketDataStore.USeManager Create DataStoreCommon.MQTTMarketDataStoreage OK.
I 20171103 101745749 MarketDataStore.USeManager Create File OK.
I 20171103 101749665 KLineÊý¾Ý´æ´¢ shutdown.

I 20171103 101802654 KLineÊý¾Ý´æ´¢ started.
I 20171103 101804137 MarketDataStore.USeManager Create MarketDataStore.TradeRangeManager OK.
I 20171103 101804150 MarketDataStore.USeManager Create USe.Common.Manager.USeProductManager OK.
I 20171103 101804152 MarketDataStore.USeManager Create USe.Common.Manager.AlphaDBVistor OK.
I 20171103 101804190 MarketDataStore.USeManager Create USe.Common.Manager.USeTradingInstrumentManager OK.
I 20171103 101804308 MarketDataStore.USeManager Create MarketDataStore.MainContractManager OK.
I 20171103 101804310 a--a1801
I 20171103 101804311 ag--ag1712
I 20171103 101804312 al--al1801
I 20171103 101804313 au--au1712
I 20171103 101804313 b--b1805
I 20171103 101804314 bb--bb1804
I 20171103 101804315 bu--bu1712
I 20171103 101804316 c--c1801
I 20171103 101804317 CF--CF801
I 20171103 101804318 cs--cs1801
I 20171103 101804319 cu--cu1712
I 20171103 101804320 CY--CY801
I 20171103 101804321 FG--FG801
I 20171103 101804321 hc--hc1801
I 20171103 101804322 i--i1801
I 20171103 101804323 IC--IC1711
I 20171103 101804324 IF--IF1711
I 20171103 101804325 IH--IH1711
I 20171103 101804326 j--j1801
I 20171103 101804327 jd--jd1801
I 20171103 101804327 jm--jm1801
I 20171103 101804328 l--l1801
I 20171103 101804329 m--m1801
I 20171103 101804330 MA--MA801
I 20171103 101804331 ni--ni1801
I 20171103 101804332 OI--OI801
I 20171103 101804332 p--p1801
I 20171103 101804334 pb--pb1712
I 20171103 101804335 pp--pp1801
I 20171103 101804336 rb--rb1805
I 20171103 101804345 RI--RI807
I 20171103 101804347 RM--RM801
I 20171103 101804349 ru--ru1801
I 20171103 101804351 SF--SF801
I 20171103 101804352 SM--SM801
I 20171103 101804353 sn--sn1801
I 20171103 101804354 SR--SR801
I 20171103 101804355 T--T1712
I 20171103 101804357 TA--TA801
I 20171103 101804358 TF--TF1712
I 20171103 101804360 v--v1801
I 20171103 101804361 WH--WH801
I 20171103 101804362 y--y1801
I 20171103 101804364 ZC--ZC801
I 20171103 101804365 zn--zn1801
I 20171103 101804374 MarketDataStore.USeManager Create DataStoreCommon.FileMarketDataStorage OK.
I 20171103 101804544 MarketDataStore.USeManager Create DataStoreCommon.MQTTMarketDataStoreage OK.
I 20171103 101804583 MarketDataStore.USeManager Create DataStoreCommon.MQTTMarketDataStoreage OK.
I 20171103 101804585 MarketDataStore.USeManager Create DataStoreCommon.MQTTMarketDataStoreage OK.
I 20171103 101804615 MarketDataStore.USeManager Create File OK.

I 20171103 101854581 KLineÊý¾Ý´æ´¢ started.
I 20171103 101856447 MarketDataStore.USeManager Create MarketDataStore.TradeRangeManager OK.
I 20171103 101856481 MarketDataStore.USeManager Create USe.Common.Manager.USeProductManager OK.
I 20171103 101856483 MarketDataStore.USeManager Create USe.Common.Manager.AlphaDBVistor OK.
I 20171103 101856576 MarketDataStore.USeManager Create USe.Common.Manager.USeTradingInstrumentManager OK.
I 20171103 101856684 MarketDataStore.USeManager Create MarketDataStore.MainContractManager OK.
I 20171103 101856685 a--a1801
I 20171103 101856686 ag--ag1712
I 20171103 101856687 al--al1801
I 20171103 101856688 au--au1712
I 20171103 101856688 b--b1805
I 20171103 101856689 bb--bb1804
I 20171103 101856690 bu--bu1712
I 20171103 101856691 c--c1801
I 20171103 101856692 CF--CF801
I 20171103 101856692 cs--cs1801
I 20171103 101856693 cu--cu1712
I 20171103 101856694 CY--CY801
I 20171103 101856695 FG--FG801
I 20171103 101856696 hc--hc1801
I 20171103 101856696 i--i1801
I 20171103 101856697 IC--IC1711
I 20171103 101856698 IF--IF1711
I 20171103 101856699 IH--IH1711
I 20171103 101856700 j--j1801
I 20171103 101856700 jd--jd1801
I 20171103 101856701 jm--jm1801
I 20171103 101856702 l--l1801
I 20171103 101856703 m--m1801
I 20171103 101856704 MA--MA801
I 20171103 101856705 ni--ni1801
I 20171103 101856705 OI--OI801
I 20171103 101856706 p--p1801
I 20171103 101856707 pb--pb1712
I 20171103 101856708 pp--pp1801
I 20171103 101856710 rb--rb1805
I 20171103 101856711 RI--RI807
I 20171103 101856713 RM--RM801
I 20171103 101856714 ru--ru1801
I 20171103 101856716 SF--SF801
I 20171103 101856753 SM--SM801
I 20171103 101856754 sn--sn1801
I 20171103 101856755 SR--SR801
I 20171103 101856755 T--T1712
I 20171103 101856756 TA--TA801
I 20171103 101856757 TF--TF1712
I 20171103 101856758 v--v1801
I 20171103 101856759 WH--WH801
I 20171103 101856760 y--y1801
I 20171103 101856760 ZC--ZC801
I 20171103 101856761 zn--zn1801
I 20171103 101856766 MarketDataStore.USeManager Create DataStoreCommon.FileMarketDataStorage OK.
I 20171103 101856825 MarketDataStore.USeManager Create DataStoreCommon.MQTTMarketDataStoreage OK.
I 20171103 101856829 MarketDataStore.USeManager Create DataStoreCommon.MQTTMarketDataStoreage OK.
I 20171103 101856832 MarketDataStore.USeManager Create DataStoreCommon.MQTTMarketDataStoreage OK.
I 20171103 101856950 MarketDataStore.USeManager Create File OK.
I 20171103 101901366 MarketDataStore.USeManager Create MySQL_140 OK.
I 20171103 101901937 MarketDataStore.USeManager Create MySQL_163 OK.
I 20171103 101902381 MarketDataStore.USeManager Create MySQL_204 OK.
I 20171103 101902413 MarketDataStore.USeManager Create RabbitMQ_140 OK.
I 20171103 101902416 MarketDataStore.USeManager Create RabbitMQ_163 OK.
I 20171103 101902425 MarketDataStore.USeManager Create RabbitMQ_204 OK.
I 20171103 101902431 MarketDataStore.USeManager Create MarketDataProcessor OK.
I 20171103 101902656 MarketDataStore.USeManager Create CTPMarketDataReceiver OK.
I 20171103 101903643 Æô¶¯KÏß´æ´¢Æ÷File³É¹¦
I 20171103 101903656 Æô¶¯KÏß´æ´¢Æ÷MySQL_140³É¹¦
I 20171103 101903672 Æô¶¯KÏß´æ´¢Æ÷MySQL_163³É¹¦
I 20171103 101903673 Æô¶¯KÏß´æ´¢Æ÷MySQL_204³É¹¦
I 20171103 101903872 Æô¶¯KÏß´æ´¢Æ÷RabbitMQ_140³É¹¦
I 20171103 101903910 Æô¶¯KÏß´æ´¢Æ÷RabbitMQ_163³É¹¦
I 20171103 101903971 Æô¶¯KÏß´æ´¢Æ÷RabbitMQ_204³É¹¦

I 20171103 102105762 KLineÊý¾Ý´æ´¢ started.
I 20171103 102108162 MarketDataStore.USeManager Create MarketDataStore.TradeRangeManager OK.
I 20171103 102108176 MarketDataStore.USeManager Create USe.Common.Manager.USeProductManager OK.
I 20171103 102108178 MarketDataStore.USeManager Create USe.Common.Manager.AlphaDBVistor OK.
I 20171103 102108218 MarketDataStore.USeManager Create USe.Common.Manager.USeTradingInstrumentManager OK.
I 20171103 102108297 MarketDataStore.USeManager Create MarketDataStore.MainContractManager OK.
I 20171103 102108299 a--a1801
I 20171103 102108300 ag--ag1712
I 20171103 102108301 al--al1801
I 20171103 102108302 au--au1712
I 20171103 102108303 b--b1805
I 20171103 102108303 bb--bb1804
I 20171103 102108304 bu--bu1712
I 20171103 102108305 c--c1801
I 20171103 102108306 CF--CF801
I 20171103 102108307 cs--cs1801
I 20171103 102108308 cu--cu1712
I 20171103 102108309 CY--CY801
I 20171103 102108310 FG--FG801
I 20171103 102108310 hc--hc1801
I 20171103 102108311 i--i1801
I 20171103 102108312 IC--IC1711
I 20171103 102108313 IF--IF1711
I 20171103 102108314 IH--IH1711
I 20171103 102108315 j--j1801
I 20171103 102108316 jd--jd1801
I 20171103 102108316 jm--jm1801
I 20171103 102108317 l--l1801
I 20171103 102108318 m--m1801
I 20171103 102108319 MA--MA801
I 20171103 102108320 ni--ni1801
I 20171103 102108321 OI--OI801
I 20171103 102108321 p--p1801
I 20171103 102108323 pb--pb1712
I 20171103 102108325 pp--pp1801
I 20171103 102108328 rb--rb1805
I 20171103 102108335 RI--RI807
I 20171103 102108339 RM--RM801
I 20171103 102108348 ru--ru1801
I 20171103 102108350 SF--SF801
I 20171103 102108352 SM--SM801
I 20171103 102108353 sn--sn1801
I 20171103 102108354 SR--SR801
I 20171103 102108354 T--T1712
I 20171103 102108355 TA--TA801
I 20171103 102108356 TF--TF1712
I 20171103 102108357 v--v1801
I 20171103 102108358 WH--WH801
I 20171103 102108359 y--y1801
I 20171103 102108360 ZC--ZC801
I 20171103 102108361 zn--zn1801
I 20171103 102108366 MarketDataStore.USeManager Create DataStoreCommon.FileMarketDataStorage OK.
I 20171103 102108391 MarketDataStore.USeManager Create DataStoreCommon.MQTTMarketDataStoreage OK.
I 20171103 102108439 MarketDataStore.USeManager Create DataStoreCommon.MQTTMarketDataStoreage OK.
I 20171103 102108440 MarketDataStore.USeManager Create DataStoreCommon.MQTTMarketDataStoreage OK.
I 20171103 102108486 MarketDataStore.USeManager Create File OK.
I 20171103 102109431 MarketDataStore.USeManager Create MySQL_140 OK.
I 20171103 102110484 MarketDataStore.USeManager Create MySQL_163 OK.
I 20171103 102112913 MarketDataStore.USeManager Create MySQL_204 OK.
I 20171103 102113024 MarketDataStore.USeManager Create RabbitMQ_140 OK.
I 20171103 102113028 MarketDataStore.USeManager Create RabbitMQ_163 OK.
I 20171103 102113030 MarketDataStore.USeManager Create RabbitMQ_204 OK.
I 20171103 102113039 MarketDataStore.USeManager Create MarketDataProcessor OK.
I 20171103 102113133 MarketDataStore.USeManager Create CTPMarketDataReceiver OK.
I 20171103 102114136 Æô¶¯KÏß´æ´¢Æ÷File³É¹¦
I 20171103 102114176 Æô¶¯KÏß´æ´¢Æ÷MySQL_140³É¹¦
I 20171103 102114183 Æô¶¯KÏß´æ´¢Æ÷MySQL_163³É¹¦
I 20171103 102114184 Æô¶¯KÏß´æ´¢Æ÷MySQL_204³É¹¦
I 20171103 102114437 Æô¶¯KÏß´æ´¢Æ÷RabbitMQ_140³É¹¦
I 20171103 102114466 Æô¶¯KÏß´æ´¢Æ÷RabbitMQ_163³É¹¦
I 20171103 102114519 Æô¶¯KÏß´æ´¢Æ÷RabbitMQ_204³É¹¦
