[2017-10-10 09:17:40,177]  INFO - 初始化界面开始！
[2017-10-10 09:17:40,187]  INFO - 画板初始化！
[2017-10-10 09:17:40,304]  INFO - 初始化第一行背景！
[2017-10-10 09:17:40,306]  INFO - 初始化第一行行情按钮！
[2017-10-10 09:17:40,307]  INFO - 初始化第一行我的资金按钮！
[2017-10-10 09:17:40,307]  INFO - 初始化第一行基础管理按钮！
[2017-10-10 09:17:40,307]  INFO - 初始化第一行登录按钮！
[2017-10-10 09:17:40,494]  INFO - 初始化第一行注册按钮！
[2017-10-10 09:17:40,495]  INFO - 初始化第一行最小化按钮！
[2017-10-10 09:17:40,496]  INFO - 初始化第一行最大化按钮！
[2017-10-10 09:17:40,497]  INFO - 初始化第一行关闭按钮！
[2017-10-10 09:17:40,501]  INFO - 初始化第一列行情！
[2017-10-10 09:17:40,501]  INFO - 初始化第一列供需发布！
[2017-10-10 09:17:40,501]  INFO - 初始化第一列K线图！
[2017-10-10 09:17:40,501]  INFO - 初始化第一列资讯！
[2017-10-10 09:17:40,501]  INFO - 初始化第二行快捷按钮！
[2017-10-10 09:17:40,502]  INFO - 初始化买入基价！
[2017-10-10 09:17:40,502]  INFO - 初始化买入基价值！
[2017-10-10 09:17:40,502]  INFO - 初始化卖出基价！
[2017-10-10 09:17:40,502]  INFO - 初始化卖出基价值！
[2017-10-10 09:17:40,507]  INFO - 初始化第二行快捷按钮！
[2017-10-10 09:18:20,217]  INFO - 初始化界面开始！
[2017-10-10 09:18:20,227]  INFO - 画板初始化！
[2017-10-10 09:18:20,443]  INFO - 初始化第一行背景！
[2017-10-10 09:18:20,444]  INFO - 初始化第一行行情按钮！
[2017-10-10 09:18:20,445]  INFO - 初始化第一行我的资金按钮！
[2017-10-10 09:18:20,445]  INFO - 初始化第一行基础管理按钮！
[2017-10-10 09:18:20,445]  INFO - 初始化第一行登录按钮！
[2017-10-10 09:18:20,761]  INFO - 初始化第一行注册按钮！
[2017-10-10 09:18:20,763]  INFO - 初始化第一行最小化按钮！
[2017-10-10 09:18:20,764]  INFO - 初始化第一行最大化按钮！
[2017-10-10 09:18:20,766]  INFO - 初始化第一行关闭按钮！
[2017-10-10 09:18:20,767]  INFO - 初始化第一列行情！
[2017-10-10 09:18:20,767]  INFO - 初始化第一列供需发布！
[2017-10-10 09:18:20,767]  INFO - 初始化第一列K线图！
[2017-10-10 09:18:20,767]  INFO - 初始化第一列资讯！
[2017-10-10 09:18:20,767]  INFO - 初始化第二行快捷按钮！
[2017-10-10 09:18:20,768]  INFO - 初始化买入基价！
[2017-10-10 09:18:20,768]  INFO - 初始化买入基价值！
[2017-10-10 09:18:20,768]  INFO - 初始化卖出基价！
[2017-10-10 09:18:20,768]  INFO - 初始化卖出基价值！
[2017-10-10 09:18:20,773]  INFO - 初始化第二行快捷按钮！
[2017-10-10 09:19:00,829]  INFO - 初始化界面开始！
[2017-10-10 09:19:00,840]  INFO - 画板初始化！
[2017-10-10 09:19:01,040]  INFO - 初始化第一行背景！
[2017-10-10 09:19:01,041]  INFO - 初始化第一行行情按钮！
[2017-10-10 09:19:01,042]  INFO - 初始化第一行我的资金按钮！
[2017-10-10 09:19:01,042]  INFO - 初始化第一行基础管理按钮！
[2017-10-10 09:19:01,042]  INFO - 初始化第一行登录按钮！
[2017-10-10 09:19:01,353]  INFO - 初始化第一行注册按钮！
[2017-10-10 09:19:01,354]  INFO - 初始化第一行最小化按钮！
[2017-10-10 09:19:01,356]  INFO - 初始化第一行最大化按钮！
[2017-10-10 09:19:01,358]  INFO - 初始化第一行关闭按钮！
[2017-10-10 09:19:01,359]  INFO - 初始化第一列行情！
[2017-10-10 09:19:01,359]  INFO - 初始化第一列供需发布！
[2017-10-10 09:19:01,359]  INFO - 初始化第一列K线图！
[2017-10-10 09:19:01,359]  INFO - 初始化第一列资讯！
[2017-10-10 09:19:01,360]  INFO - 初始化第二行快捷按钮！
[2017-10-10 09:19:01,360]  INFO - 初始化买入基价！
[2017-10-10 09:19:01,360]  INFO - 初始化买入基价值！
[2017-10-10 09:19:01,360]  INFO - 初始化卖出基价！
[2017-10-10 09:19:01,360]  INFO - 初始化卖出基价值！
[2017-10-10 09:19:01,365]  INFO - 初始化第二行快捷按钮！
[2017-10-10 09:19:35,406]  INFO - 初始化界面开始！
[2017-10-10 09:19:35,416]  INFO - 画板初始化！
[2017-10-10 09:19:35,740]  INFO - 初始化第一行背景！
[2017-10-10 09:19:35,741]  INFO - 初始化第一行行情按钮！
[2017-10-10 09:19:35,742]  INFO - 初始化第一行我的资金按钮！
[2017-10-10 09:19:35,742]  INFO - 初始化第一行基础管理按钮！
[2017-10-10 09:19:35,742]  INFO - 初始化第一行登录按钮！
[2017-10-10 09:19:36,033]  INFO - 初始化第一行注册按钮！
[2017-10-10 09:19:36,035]  INFO - 初始化第一行最小化按钮！
[2017-10-10 09:19:36,037]  INFO - 初始化第一行最大化按钮！
[2017-10-10 09:19:36,038]  INFO - 初始化第一行关闭按钮！
[2017-10-10 09:19:36,040]  INFO - 初始化第一列行情！
[2017-10-10 09:19:36,040]  INFO - 初始化第一列供需发布！
[2017-10-10 09:19:36,040]  INFO - 初始化第一列K线图！
[2017-10-10 09:19:36,040]  INFO - 初始化第一列资讯！
[2017-10-10 09:19:36,040]  INFO - 初始化第二行快捷按钮！
[2017-10-10 09:19:36,041]  INFO - 初始化买入基价！
[2017-10-10 09:19:36,041]  INFO - 初始化买入基价值！
[2017-10-10 09:19:36,041]  INFO - 初始化卖出基价！
[2017-10-10 09:19:36,041]  INFO - 初始化卖出基价值！
[2017-10-10 09:19:36,046]  INFO - 初始化第二行快捷按钮！
[2017-10-10 09:20:09,469]  INFO - 初始化界面开始！
[2017-10-10 09:20:09,479]  INFO - 画板初始化！
[2017-10-10 09:20:09,850]  INFO - 初始化第一行背景！
[2017-10-10 09:20:09,852]  INFO - 初始化第一行行情按钮！
[2017-10-10 09:20:09,853]  INFO - 初始化第一行我的资金按钮！
[2017-10-10 09:20:09,853]  INFO - 初始化第一行基础管理按钮！
[2017-10-10 09:20:09,853]  INFO - 初始化第一行登录按钮！
[2017-10-10 09:20:10,157]  INFO - 初始化第一行注册按钮！
[2017-10-10 09:20:10,159]  INFO - 初始化第一行最小化按钮！
[2017-10-10 09:20:10,161]  INFO - 初始化第一行最大化按钮！
[2017-10-10 09:20:10,162]  INFO - 初始化第一行关闭按钮！
[2017-10-10 09:20:10,164]  INFO - 初始化第一列行情！
[2017-10-10 09:20:10,164]  INFO - 初始化第一列供需发布！
[2017-10-10 09:20:10,164]  INFO - 初始化第一列K线图！
[2017-10-10 09:20:10,164]  INFO - 初始化第一列资讯！
[2017-10-10 09:20:10,164]  INFO - 初始化第二行快捷按钮！
[2017-10-10 09:20:10,165]  INFO - 初始化买入基价！
[2017-10-10 09:20:10,165]  INFO - 初始化买入基价值！
[2017-10-10 09:20:10,165]  INFO - 初始化卖出基价！
[2017-10-10 09:20:10,165]  INFO - 初始化卖出基价值！
[2017-10-10 09:20:10,170]  INFO - 初始化第二行快捷按钮！
[2017-10-10 09:20:57,964]  INFO - 初始化界面开始！
[2017-10-10 09:20:57,973]  INFO - 画板初始化！
[2017-10-10 09:20:58,476]  INFO - 初始化第一行背景！
[2017-10-10 09:20:58,477]  INFO - 初始化第一行行情按钮！
[2017-10-10 09:20:58,478]  INFO - 初始化第一行我的资金按钮！
[2017-10-10 09:20:58,478]  INFO - 初始化第一行基础管理按钮！
[2017-10-10 09:20:58,478]  INFO - 初始化第一行登录按钮！
[2017-10-10 09:20:58,772]  INFO - 初始化第一行注册按钮！
[2017-10-10 09:20:58,774]  INFO - 初始化第一行最小化按钮！
[2017-10-10 09:20:58,775]  INFO - 初始化第一行最大化按钮！
[2017-10-10 09:20:58,777]  INFO - 初始化第一行关闭按钮！
[2017-10-10 09:20:58,779]  INFO - 初始化第一列行情！
[2017-10-10 09:20:58,779]  INFO - 初始化第一列供需发布！
[2017-10-10 09:20:58,779]  INFO - 初始化第一列K线图！
[2017-10-10 09:20:58,779]  INFO - 初始化第一列资讯！
[2017-10-10 09:20:58,779]  INFO - 初始化第二行快捷按钮！
[2017-10-10 09:20:58,780]  INFO - 初始化买入基价！
[2017-10-10 09:20:58,780]  INFO - 初始化买入基价值！
[2017-10-10 09:20:58,780]  INFO - 初始化卖出基价！
[2017-10-10 09:20:58,780]  INFO - 初始化卖出基价值！
[2017-10-10 09:20:58,785]  INFO - 初始化第二行快捷按钮！
[2017-10-10 09:22:22,162]  INFO - 初始化界面开始！
[2017-10-10 09:22:22,172]  INFO - 画板初始化！
[2017-10-10 09:22:22,370]  INFO - 初始化第一行背景！
[2017-10-10 09:22:22,372]  INFO - 初始化第一行行情按钮！
[2017-10-10 09:22:22,373]  INFO - 初始化第一行我的资金按钮！
[2017-10-10 09:22:22,373]  INFO - 初始化第一行基础管理按钮！
[2017-10-10 09:22:22,373]  INFO - 初始化第一行登录按钮！
[2017-10-10 09:22:22,661]  INFO - 初始化第一行注册按钮！
[2017-10-10 09:22:22,665]  INFO - 初始化第一行最小化按钮！
[2017-10-10 09:22:22,667]  INFO - 初始化第一行最大化按钮！
[2017-10-10 09:22:22,669]  INFO - 初始化第一行关闭按钮！
[2017-10-10 09:22:22,670]  INFO - 初始化第一列行情！
[2017-10-10 09:22:22,671]  INFO - 初始化第一列供需发布！
[2017-10-10 09:22:22,671]  INFO - 初始化第一列K线图！
[2017-10-10 09:22:22,671]  INFO - 初始化第一列资讯！
[2017-10-10 09:22:22,671]  INFO - 初始化第二行快捷按钮！
[2017-10-10 09:22:22,672]  INFO - 初始化买入基价！
[2017-10-10 09:22:22,672]  INFO - 初始化买入基价值！
[2017-10-10 09:22:22,672]  INFO - 初始化卖出基价！
[2017-10-10 09:22:22,672]  INFO - 初始化卖出基价值！
[2017-10-10 09:22:22,677]  INFO - 初始化第二行快捷按钮！
[2017-10-10 09:25:55,262]  INFO - 初始化界面开始！
[2017-10-10 09:25:55,272]  INFO - 画板初始化！
[2017-10-10 09:25:55,486]  INFO - 初始化第一行背景！
[2017-10-10 09:25:55,487]  INFO - 初始化第一行行情按钮！
[2017-10-10 09:25:55,489]  INFO - 初始化第一行我的资金按钮！
[2017-10-10 09:25:55,489]  INFO - 初始化第一行基础管理按钮！
[2017-10-10 09:25:55,489]  INFO - 初始化第一行登录按钮！
[2017-10-10 09:25:55,815]  INFO - 初始化第一行注册按钮！
[2017-10-10 09:25:55,817]  INFO - 初始化第一行最小化按钮！
[2017-10-10 09:25:55,818]  INFO - 初始化第一行最大化按钮！
[2017-10-10 09:25:55,819]  INFO - 初始化第一行关闭按钮！
[2017-10-10 09:25:55,821]  INFO - 初始化第一列行情！
[2017-10-10 09:25:55,821]  INFO - 初始化第一列供需发布！
[2017-10-10 09:25:55,821]  INFO - 初始化第一列K线图！
[2017-10-10 09:25:55,821]  INFO - 初始化第一列资讯！
[2017-10-10 09:25:55,821]  INFO - 初始化第二行快捷按钮！
[2017-10-10 09:25:55,822]  INFO - 初始化买入基价！
[2017-10-10 09:25:55,822]  INFO - 初始化买入基价值！
[2017-10-10 09:25:55,822]  INFO - 初始化卖出基价！
[2017-10-10 09:25:55,822]  INFO - 初始化卖出基价值！
[2017-10-10 09:25:55,827]  INFO - 初始化第二行快捷按钮！
[2017-10-10 09:27:03,680]  INFO - 初始化界面开始！
[2017-10-10 09:27:03,699]  INFO - 画板初始化！
[2017-10-10 09:27:04,036]  INFO - 初始化第一行背景！
[2017-10-10 09:27:04,037]  INFO - 初始化第一行行情按钮！
[2017-10-10 09:27:04,039]  INFO - 初始化第一行我的资金按钮！
[2017-10-10 09:27:04,039]  INFO - 初始化第一行基础管理按钮！
[2017-10-10 09:27:04,039]  INFO - 初始化第一行登录按钮！
[2017-10-10 09:27:04,495]  INFO - 初始化第一行注册按钮！
[2017-10-10 09:27:04,499]  INFO - 初始化第一行最小化按钮！
[2017-10-10 09:27:04,502]  INFO - 初始化第一行最大化按钮！
[2017-10-10 09:27:04,506]  INFO - 初始化第一行关闭按钮！
[2017-10-10 09:27:04,511]  INFO - 初始化第一列行情！
[2017-10-10 09:27:04,512]  INFO - 初始化第一列供需发布！
[2017-10-10 09:27:04,512]  INFO - 初始化第一列K线图！
[2017-10-10 09:27:04,512]  INFO - 初始化第一列资讯！
[2017-10-10 09:27:04,512]  INFO - 初始化第二行快捷按钮！
[2017-10-10 09:27:04,513]  INFO - 初始化买入基价！
[2017-10-10 09:27:04,513]  INFO - 初始化买入基价值！
[2017-10-10 09:27:04,513]  INFO - 初始化卖出基价！
[2017-10-10 09:27:04,513]  INFO - 初始化卖出基价值！
[2017-10-10 09:27:04,521]  INFO - 初始化第二行快捷按钮！
[2017-10-10 09:34:36,770]  INFO - 初始化界面开始！
[2017-10-10 09:34:36,778]  INFO - 画板初始化！
[2017-10-10 09:34:36,882]  INFO - 初始化第一行背景！
[2017-10-10 09:34:36,883]  INFO - 初始化第一行行情按钮！
[2017-10-10 09:34:36,884]  INFO - 初始化第一行我的资金按钮！
[2017-10-10 09:34:36,884]  INFO - 初始化第一行基础管理按钮！
[2017-10-10 09:34:36,884]  INFO - 初始化第一行登录按钮！
[2017-10-10 09:34:37,106]  INFO - 初始化第一行注册按钮！
[2017-10-10 09:34:37,107]  INFO - 初始化第一行最小化按钮！
[2017-10-10 09:34:37,108]  INFO - 初始化第一行最大化按钮！
[2017-10-10 09:34:37,108]  INFO - 初始化第一行关闭按钮！
[2017-10-10 09:34:37,109]  INFO - 初始化第一列行情！
[2017-10-10 09:34:37,109]  INFO - 初始化第一列供需发布！
[2017-10-10 09:34:37,109]  INFO - 初始化第一列K线图！
[2017-10-10 09:34:37,109]  INFO - 初始化第一列资讯！
[2017-10-10 09:34:37,109]  INFO - 初始化第二行快捷按钮！
[2017-10-10 09:34:37,110]  INFO - 初始化买入基价！
[2017-10-10 09:34:37,110]  INFO - 初始化买入基价值！
[2017-10-10 09:34:37,110]  INFO - 初始化卖出基价！
[2017-10-10 09:34:37,110]  INFO - 初始化卖出基价值！
[2017-10-10 09:34:37,113]  INFO - 初始化第二行快捷按钮！
[2017-10-10 09:35:57,545]  INFO - 初始化界面开始！
[2017-10-10 09:35:57,557]  INFO - 画板初始化！
[2017-10-10 09:35:57,789]  INFO - 初始化第一行背景！
[2017-10-10 09:35:57,791]  INFO - 初始化第一行行情按钮！
[2017-10-10 09:35:57,792]  INFO - 初始化第一行我的资金按钮！
[2017-10-10 09:35:57,792]  INFO - 初始化第一行基础管理按钮！
[2017-10-10 09:35:57,792]  INFO - 初始化第一行登录按钮！
[2017-10-10 09:35:58,107]  INFO - 初始化第一行注册按钮！
[2017-10-10 09:35:58,114]  INFO - 初始化第一行最小化按钮！
[2017-10-10 09:35:58,116]  INFO - 初始化第一行最大化按钮！
[2017-10-10 09:35:58,117]  INFO - 初始化第一行关闭按钮！
[2017-10-10 09:35:58,119]  INFO - 初始化第一列行情！
[2017-10-10 09:35:58,119]  INFO - 初始化第一列供需发布！
[2017-10-10 09:35:58,119]  INFO - 初始化第一列K线图！
[2017-10-10 09:35:58,119]  INFO - 初始化第一列资讯！
[2017-10-10 09:35:58,119]  INFO - 初始化第二行快捷按钮！
[2017-10-10 09:35:58,120]  INFO - 初始化买入基价！
[2017-10-10 09:35:58,121]  INFO - 初始化买入基价值！
[2017-10-10 09:35:58,121]  INFO - 初始化卖出基价！
[2017-10-10 09:35:58,121]  INFO - 初始化卖出基价值！
[2017-10-10 09:35:58,128]  INFO - 初始化第二行快捷按钮！
[2017-10-10 09:36:32,470]  INFO - 初始化界面开始！
[2017-10-10 09:36:32,479]  INFO - 画板初始化！
[2017-10-10 09:36:32,667]  INFO - 初始化第一行背景！
[2017-10-10 09:36:32,669]  INFO - 初始化第一行行情按钮！
[2017-10-10 09:36:32,670]  INFO - 初始化第一行我的资金按钮！
[2017-10-10 09:36:32,670]  INFO - 初始化第一行基础管理按钮！
[2017-10-10 09:36:32,670]  INFO - 初始化第一行登录按钮！
[2017-10-10 09:36:32,901]  INFO - 初始化第一行注册按钮！
[2017-10-10 09:36:32,903]  INFO - 初始化第一行最小化按钮！
[2017-10-10 09:36:32,903]  INFO - 初始化第一行最大化按钮！
[2017-10-10 09:36:32,904]  INFO - 初始化第一行关闭按钮！
[2017-10-10 09:36:32,905]  INFO - 初始化第一列行情！
[2017-10-10 09:36:32,905]  INFO - 初始化第一列供需发布！
[2017-10-10 09:36:32,905]  INFO - 初始化第一列K线图！
[2017-10-10 09:36:32,906]  INFO - 初始化第一列资讯！
[2017-10-10 09:36:32,906]  INFO - 初始化第二行快捷按钮！
[2017-10-10 09:36:32,906]  INFO - 初始化买入基价！
[2017-10-10 09:36:32,906]  INFO - 初始化买入基价值！
[2017-10-10 09:36:32,906]  INFO - 初始化卖出基价！
[2017-10-10 09:36:32,906]  INFO - 初始化卖出基价值！
[2017-10-10 09:36:32,910]  INFO - 初始化第二行快捷按钮！
[2017-10-10 14:21:09,012]  INFO - 初始化界面开始！
[2017-10-10 14:21:09,022]  INFO - 画板初始化！
[2017-10-10 14:21:09,608]  INFO - 初始化第一行背景！
[2017-10-10 14:21:09,610]  INFO - 初始化第一行行情按钮！
[2017-10-10 14:21:09,611]  INFO - 初始化第一行我的资金按钮！
[2017-10-10 14:21:09,611]  INFO - 初始化第一行基础管理按钮！
[2017-10-10 14:21:09,611]  INFO - 初始化第一行登录按钮！
[2017-10-10 14:21:09,892]  INFO - 初始化第一行注册按钮！
[2017-10-10 14:21:09,894]  INFO - 初始化第一行最小化按钮！
[2017-10-10 14:21:09,895]  INFO - 初始化第一行最大化按钮！
[2017-10-10 14:21:09,896]  INFO - 初始化第一行关闭按钮！
[2017-10-10 14:21:09,898]  INFO - 初始化第一列行情！
[2017-10-10 14:21:09,898]  INFO - 初始化第一列供需发布！
[2017-10-10 14:21:09,898]  INFO - 初始化第一列K线图！
[2017-10-10 14:21:09,898]  INFO - 初始化第一列资讯！
[2017-10-10 14:21:09,898]  INFO - 初始化第二行快捷按钮！
[2017-10-10 14:21:09,899]  INFO - 初始化买入基价！
[2017-10-10 14:21:09,899]  INFO - 初始化买入基价值！
[2017-10-10 14:21:09,899]  INFO - 初始化卖出基价！
[2017-10-10 14:21:09,899]  INFO - 初始化卖出基价值！
[2017-10-10 14:21:09,902]  INFO - 初始化第二行快捷按钮！
[2017-10-10 14:21:10,401]  INFO - 初始化供需发布！
[2017-10-10 14:21:10,733]  INFO - 初始化界面结束！
[2017-10-10 14:21:11,014]  INFO - 创建登录界面！
[2017-10-10 14:21:11,059]  INFO - 初始化内置浏览器！
[2017-10-10 14:21:14,953]  INFO - 收到Cookies消息,值为：SecurityTicket=
[2017-10-10 14:21:17,542]  INFO - 收到Cookies消息,值为：
[2017-10-10 15:43:53,348]  INFO - 初始化界面开始！
[2017-10-10 15:43:53,357]  INFO - 画板初始化！
[2017-10-10 15:43:53,723]  INFO - 初始化第一行背景！
[2017-10-10 15:43:53,725]  INFO - 初始化第一行行情按钮！
[2017-10-10 15:43:53,726]  INFO - 初始化第一行我的资金按钮！
[2017-10-10 15:43:53,726]  INFO - 初始化第一行基础管理按钮！
[2017-10-10 15:43:53,726]  INFO - 初始化第一行登录按钮！
[2017-10-10 15:43:54,043]  INFO - 初始化第一行注册按钮！
[2017-10-10 15:43:54,045]  INFO - 初始化第一行最小化按钮！
[2017-10-10 15:43:54,046]  INFO - 初始化第一行最大化按钮！
[2017-10-10 15:43:54,048]  INFO - 初始化第一行关闭按钮！
[2017-10-10 15:43:54,049]  INFO - 初始化第一列行情！
[2017-10-10 15:43:54,050]  INFO - 初始化第一列供需发布！
[2017-10-10 15:43:54,050]  INFO - 初始化第一列K线图！
[2017-10-10 15:43:54,050]  INFO - 初始化第一列资讯！
[2017-10-10 15:43:54,050]  INFO - 初始化第二行快捷按钮！
[2017-10-10 15:43:54,051]  INFO - 初始化买入基价！
[2017-10-10 15:43:54,051]  INFO - 初始化买入基价值！
[2017-10-10 15:43:54,051]  INFO - 初始化卖出基价！
[2017-10-10 15:43:54,051]  INFO - 初始化卖出基价值！
[2017-10-10 15:43:54,056]  INFO - 初始化第二行快捷按钮！
[2017-10-10 15:43:54,551]  INFO - 初始化供需发布！
[2017-10-10 15:44:10,225]  INFO - 初始化界面开始！
[2017-10-10 15:44:10,234]  INFO - 画板初始化！
[2017-10-10 15:44:10,521]  INFO - 初始化第一行背景！
[2017-10-10 15:44:10,523]  INFO - 初始化第一行行情按钮！
[2017-10-10 15:44:10,524]  INFO - 初始化第一行我的资金按钮！
[2017-10-10 15:44:10,524]  INFO - 初始化第一行基础管理按钮！
[2017-10-10 15:44:10,524]  INFO - 初始化第一行登录按钮！
[2017-10-10 15:44:10,798]  INFO - 初始化第一行注册按钮！
[2017-10-10 15:44:10,800]  INFO - 初始化第一行最小化按钮！
[2017-10-10 15:44:10,801]  INFO - 初始化第一行最大化按钮！
[2017-10-10 15:44:10,802]  INFO - 初始化第一行关闭按钮！
[2017-10-10 15:44:10,803]  INFO - 初始化第一列行情！
[2017-10-10 15:44:10,803]  INFO - 初始化第一列供需发布！
[2017-10-10 15:44:10,803]  INFO - 初始化第一列K线图！
[2017-10-10 15:44:10,803]  INFO - 初始化第一列资讯！
[2017-10-10 15:44:10,803]  INFO - 初始化第二行快捷按钮！
[2017-10-10 15:44:10,804]  INFO - 初始化买入基价！
[2017-10-10 15:44:10,804]  INFO - 初始化买入基价值！
[2017-10-10 15:44:10,804]  INFO - 初始化卖出基价！
[2017-10-10 15:44:10,804]  INFO - 初始化卖出基价值！
[2017-10-10 15:44:10,808]  INFO - 初始化第二行快捷按钮！
[2017-10-10 15:44:11,343]  INFO - 初始化供需发布！
[2017-10-10 15:44:11,635] ERROR - HttpGetUrl Error:Cannot deserialize the current JSON array (e.g. [1,2,3]) into type 'UseOnlineTradingSystem.wareHourseInfos' because the type requires a JSON object (e.g. {"name":"value"}) to deserialize correctly.
To fix this error either change the JSON to a JSON object (e.g. {"name":"value"}) or change the deserialized type to an array or a type that implements a collection interface (e.g. ICollection, IList) like List<T> that can be deserialized from a JSON array. JsonArrayAttribute can also be added to the type to force it to deserialize from a JSON array.
Path 'result', line 1, position 56.
[2017-10-10 15:44:24,884]  INFO - 初始化界面开始！
[2017-10-10 15:44:24,894]  INFO - 画板初始化！
[2017-10-10 15:44:25,482]  INFO - 初始化第一行背景！
[2017-10-10 15:44:25,483]  INFO - 初始化第一行行情按钮！
[2017-10-10 15:44:25,484]  INFO - 初始化第一行我的资金按钮！
[2017-10-10 15:44:25,484]  INFO - 初始化第一行基础管理按钮！
[2017-10-10 15:44:25,484]  INFO - 初始化第一行登录按钮！
[2017-10-10 15:44:25,771]  INFO - 初始化第一行注册按钮！
[2017-10-10 15:44:25,772]  INFO - 初始化第一行最小化按钮！
[2017-10-10 15:44:25,773]  INFO - 初始化第一行最大化按钮！
[2017-10-10 15:44:25,775]  INFO - 初始化第一行关闭按钮！
[2017-10-10 15:44:25,776]  INFO - 初始化第一列行情！
[2017-10-10 15:44:25,776]  INFO - 初始化第一列供需发布！
[2017-10-10 15:44:25,776]  INFO - 初始化第一列K线图！
[2017-10-10 15:44:25,776]  INFO - 初始化第一列资讯！
[2017-10-10 15:44:25,776]  INFO - 初始化第二行快捷按钮！
[2017-10-10 15:44:25,777]  INFO - 初始化买入基价！
[2017-10-10 15:44:25,777]  INFO - 初始化买入基价值！
[2017-10-10 15:44:25,777]  INFO - 初始化卖出基价！
[2017-10-10 15:44:25,777]  INFO - 初始化卖出基价值！
[2017-10-10 15:44:25,780]  INFO - 初始化第二行快捷按钮！
[2017-10-10 15:44:26,149]  INFO - 初始化供需发布！
[2017-10-10 15:46:09,674]  INFO - 初始化界面开始！
[2017-10-10 15:46:09,684]  INFO - 画板初始化！
[2017-10-10 15:46:10,029]  INFO - 初始化第一行背景！
[2017-10-10 15:46:10,030]  INFO - 初始化第一行行情按钮！
[2017-10-10 15:46:10,031]  INFO - 初始化第一行我的资金按钮！
[2017-10-10 15:46:10,031]  INFO - 初始化第一行基础管理按钮！
[2017-10-10 15:46:10,031]  INFO - 初始化第一行登录按钮！
[2017-10-10 15:46:10,274]  INFO - 初始化第一行注册按钮！
[2017-10-10 15:46:10,276]  INFO - 初始化第一行最小化按钮！
[2017-10-10 15:46:10,277]  INFO - 初始化第一行最大化按钮！
[2017-10-10 15:46:10,278]  INFO - 初始化第一行关闭按钮！
[2017-10-10 15:46:10,279]  INFO - 初始化第一列行情！
[2017-10-10 15:46:10,280]  INFO - 初始化第一列供需发布！
[2017-10-10 15:46:10,280]  INFO - 初始化第一列K线图！
[2017-10-10 15:46:10,280]  INFO - 初始化第一列资讯！
[2017-10-10 15:46:10,280]  INFO - 初始化第二行快捷按钮！
[2017-10-10 15:46:10,281]  INFO - 初始化买入基价！
[2017-10-10 15:46:10,281]  INFO - 初始化买入基价值！
[2017-10-10 15:46:10,281]  INFO - 初始化卖出基价！
[2017-10-10 15:46:10,281]  INFO - 初始化卖出基价值！
[2017-10-10 15:46:10,286]  INFO - 初始化第二行快捷按钮！
[2017-10-10 15:46:10,707]  INFO - 初始化供需发布！
[2017-10-10 15:46:14,589] ERROR - HttpGetUrl Error:Cannot deserialize the current JSON array (e.g. [1,2,3]) into type 'UseOnlineTradingSystem.wareHourseInfos' because the type requires a JSON object (e.g. {"name":"value"}) to deserialize correctly.
To fix this error either change the JSON to a JSON object (e.g. {"name":"value"}) or change the deserialized type to an array or a type that implements a collection interface (e.g. ICollection, IList) like List<T> that can be deserialized from a JSON array. JsonArrayAttribute can also be added to the type to force it to deserialize from a JSON array.
Path 'result', line 1, position 56.
[2017-10-10 15:48:17,153]  INFO - 初始化界面开始！
[2017-10-10 15:48:17,162]  INFO - 画板初始化！
[2017-10-10 15:48:17,773]  INFO - 初始化第一行背景！
[2017-10-10 15:48:17,774]  INFO - 初始化第一行行情按钮！
[2017-10-10 15:48:17,775]  INFO - 初始化第一行我的资金按钮！
[2017-10-10 15:48:17,775]  INFO - 初始化第一行基础管理按钮！
[2017-10-10 15:48:17,775]  INFO - 初始化第一行登录按钮！
[2017-10-10 15:48:18,086]  INFO - 初始化第一行注册按钮！
[2017-10-10 15:48:18,087]  INFO - 初始化第一行最小化按钮！
[2017-10-10 15:48:18,089]  INFO - 初始化第一行最大化按钮！
[2017-10-10 15:48:18,090]  INFO - 初始化第一行关闭按钮！
[2017-10-10 15:48:18,094]  INFO - 初始化第一列行情！
[2017-10-10 15:48:18,094]  INFO - 初始化第一列供需发布！
[2017-10-10 15:48:18,094]  INFO - 初始化第一列K线图！
[2017-10-10 15:48:18,094]  INFO - 初始化第一列资讯！
[2017-10-10 15:48:18,094]  INFO - 初始化第二行快捷按钮！
[2017-10-10 15:48:18,095]  INFO - 初始化买入基价！
[2017-10-10 15:48:18,095]  INFO - 初始化买入基价值！
[2017-10-10 15:48:18,095]  INFO - 初始化卖出基价！
[2017-10-10 15:48:18,095]  INFO - 初始化卖出基价值！
[2017-10-10 15:48:18,099]  INFO - 初始化第二行快捷按钮！
[2017-10-10 15:48:18,648]  INFO - 初始化供需发布！
[2017-10-10 15:48:54,471] ERROR - HttpGetUrl Error:Cannot deserialize the current JSON array (e.g. [1,2,3]) into type 'UseOnlineTradingSystem.wareHourseInfos' because the type requires a JSON object (e.g. {"name":"value"}) to deserialize correctly.
To fix this error either change the JSON to a JSON object (e.g. {"name":"value"}) or change the deserialized type to an array or a type that implements a collection interface (e.g. ICollection, IList) like List<T> that can be deserialized from a JSON array. JsonArrayAttribute can also be added to the type to force it to deserialize from a JSON array.
Path 'result', line 1, position 56.
[2017-10-10 15:53:45,092]  INFO - 初始化界面开始！
[2017-10-10 15:53:45,105]  INFO - 画板初始化！
[2017-10-10 15:53:45,360]  INFO - 初始化第一行背景！
[2017-10-10 15:53:45,362]  INFO - 初始化第一行行情按钮！
[2017-10-10 15:53:45,363]  INFO - 初始化第一行我的资金按钮！
[2017-10-10 15:53:45,363]  INFO - 初始化第一行基础管理按钮！
[2017-10-10 15:53:45,363]  INFO - 初始化第一行登录按钮！
[2017-10-10 15:53:45,666]  INFO - 初始化第一行注册按钮！
[2017-10-10 15:53:45,667]  INFO - 初始化第一行最小化按钮！
[2017-10-10 15:53:45,669]  INFO - 初始化第一行最大化按钮！
[2017-10-10 15:53:45,670]  INFO - 初始化第一行关闭按钮！
[2017-10-10 15:53:45,672]  INFO - 初始化第一列行情！
[2017-10-10 15:53:45,672]  INFO - 初始化第一列供需发布！
[2017-10-10 15:53:45,672]  INFO - 初始化第一列K线图！
[2017-10-10 15:53:45,672]  INFO - 初始化第一列资讯！
[2017-10-10 15:53:45,672]  INFO - 初始化第二行快捷按钮！
[2017-10-10 15:53:45,673]  INFO - 初始化买入基价！
[2017-10-10 15:53:45,673]  INFO - 初始化买入基价值！
[2017-10-10 15:53:45,673]  INFO - 初始化卖出基价！
[2017-10-10 15:53:45,673]  INFO - 初始化卖出基价值！
[2017-10-10 15:53:45,678]  INFO - 初始化第二行快捷按钮！
[2017-10-10 15:53:46,397]  INFO - 初始化供需发布！
[2017-10-10 15:53:49,789] ERROR - HttpGetUrl Error:未将对象引用设置到对象的实例。
[2017-10-10 15:57:08,618]  INFO - 初始化界面开始！
[2017-10-10 15:57:08,627]  INFO - 画板初始化！
[2017-10-10 15:57:08,875]  INFO - 初始化第一行背景！
[2017-10-10 15:57:08,876]  INFO - 初始化第一行行情按钮！
[2017-10-10 15:57:08,877]  INFO - 初始化第一行我的资金按钮！
[2017-10-10 15:57:08,877]  INFO - 初始化第一行基础管理按钮！
[2017-10-10 15:57:08,877]  INFO - 初始化第一行登录按钮！
[2017-10-10 15:57:09,155]  INFO - 初始化第一行注册按钮！
[2017-10-10 15:57:09,157]  INFO - 初始化第一行最小化按钮！
[2017-10-10 15:57:09,158]  INFO - 初始化第一行最大化按钮！
[2017-10-10 15:57:09,160]  INFO - 初始化第一行关闭按钮！
[2017-10-10 15:57:09,161]  INFO - 初始化第一列行情！
[2017-10-10 15:57:09,161]  INFO - 初始化第一列供需发布！
[2017-10-10 15:57:09,161]  INFO - 初始化第一列K线图！
[2017-10-10 15:57:09,161]  INFO - 初始化第一列资讯！
[2017-10-10 15:57:09,161]  INFO - 初始化第二行快捷按钮！
[2017-10-10 15:57:09,162]  INFO - 初始化买入基价！
[2017-10-10 15:57:09,162]  INFO - 初始化买入基价值！
[2017-10-10 15:57:09,162]  INFO - 初始化卖出基价！
[2017-10-10 15:57:09,162]  INFO - 初始化卖出基价值！
[2017-10-10 15:57:09,166]  INFO - 初始化第二行快捷按钮！
[2017-10-10 15:57:09,544]  INFO - 初始化供需发布！
[2017-10-10 15:57:13,842] ERROR - HttpGetUrl Error:未将对象引用设置到对象的实例。
[2017-10-10 15:58:22,669]  INFO - 初始化界面开始！
[2017-10-10 15:58:22,679]  INFO - 画板初始化！
[2017-10-10 15:58:23,098]  INFO - 初始化第一行背景！
[2017-10-10 15:58:23,099]  INFO - 初始化第一行行情按钮！
[2017-10-10 15:58:23,100]  INFO - 初始化第一行我的资金按钮！
[2017-10-10 15:58:23,101]  INFO - 初始化第一行基础管理按钮！
[2017-10-10 15:58:23,101]  INFO - 初始化第一行登录按钮！
[2017-10-10 15:58:23,377]  INFO - 初始化第一行注册按钮！
[2017-10-10 15:58:23,379]  INFO - 初始化第一行最小化按钮！
[2017-10-10 15:58:23,380]  INFO - 初始化第一行最大化按钮！
[2017-10-10 15:58:23,382]  INFO - 初始化第一行关闭按钮！
[2017-10-10 15:58:23,383]  INFO - 初始化第一列行情！
[2017-10-10 15:58:23,383]  INFO - 初始化第一列供需发布！
[2017-10-10 15:58:23,383]  INFO - 初始化第一列K线图！
[2017-10-10 15:58:23,383]  INFO - 初始化第一列资讯！
[2017-10-10 15:58:23,383]  INFO - 初始化第二行快捷按钮！
[2017-10-10 15:58:23,384]  INFO - 初始化买入基价！
[2017-10-10 15:58:23,384]  INFO - 初始化买入基价值！
[2017-10-10 15:58:23,384]  INFO - 初始化卖出基价！
[2017-10-10 15:58:23,384]  INFO - 初始化卖出基价值！
[2017-10-10 15:58:23,390]  INFO - 初始化第二行快捷按钮！
[2017-10-10 15:58:23,770]  INFO - 初始化供需发布！
[2017-10-10 16:16:17,900]  INFO - 初始化界面开始！
[2017-10-10 16:16:17,911]  INFO - 画板初始化！
[2017-10-10 16:16:18,343]  INFO - 初始化第一行背景！
[2017-10-10 16:16:18,344]  INFO - 初始化第一行行情按钮！
[2017-10-10 16:16:18,345]  INFO - 初始化第一行我的资金按钮！
[2017-10-10 16:16:18,345]  INFO - 初始化第一行基础管理按钮！
[2017-10-10 16:16:18,345]  INFO - 初始化第一行登录按钮！
[2017-10-10 16:16:18,640]  INFO - 初始化第一行注册按钮！
[2017-10-10 16:16:18,642]  INFO - 初始化第一行最小化按钮！
[2017-10-10 16:16:18,644]  INFO - 初始化第一行最大化按钮！
[2017-10-10 16:16:18,645]  INFO - 初始化第一行关闭按钮！
[2017-10-10 16:16:18,654]  INFO - 初始化第一列行情！
[2017-10-10 16:16:18,656]  INFO - 初始化第一列供需发布！
[2017-10-10 16:16:18,656]  INFO - 初始化第一列K线图！
[2017-10-10 16:16:18,656]  INFO - 初始化第一列资讯！
[2017-10-10 16:16:18,656]  INFO - 初始化第二行快捷按钮！
[2017-10-10 16:16:18,657]  INFO - 初始化买入基价！
[2017-10-10 16:16:18,657]  INFO - 初始化买入基价值！
[2017-10-10 16:16:18,657]  INFO - 初始化卖出基价！
[2017-10-10 16:16:18,657]  INFO - 初始化卖出基价值！
[2017-10-10 16:16:18,663]  INFO - 初始化第二行快捷按钮！
[2017-10-10 16:16:19,064]  INFO - 初始化供需发布！
[2017-10-10 16:16:19,619] ERROR - HttpGetUrl Error:JSON integer 1503590400000 is too large or small for an Int32. Path 'result[0].infoList[0].createdDate', line 1, position 203.
[2017-10-10 16:17:02,188] ERROR - HttpGetUrl Error:JSON integer 1503590400000 is too large or small for an Int32. Path 'result[0].infoList[0].createdDate', line 1, position 203.
[2017-10-10 16:17:45,674]  INFO - 初始化界面开始！
[2017-10-10 16:17:45,684]  INFO - 画板初始化！
[2017-10-10 16:17:46,334]  INFO - 初始化第一行背景！
[2017-10-10 16:17:46,336]  INFO - 初始化第一行行情按钮！
[2017-10-10 16:17:46,337]  INFO - 初始化第一行我的资金按钮！
[2017-10-10 16:17:46,337]  INFO - 初始化第一行基础管理按钮！
[2017-10-10 16:17:46,337]  INFO - 初始化第一行登录按钮！
[2017-10-10 16:17:46,592]  INFO - 初始化第一行注册按钮！
[2017-10-10 16:17:46,593]  INFO - 初始化第一行最小化按钮！
[2017-10-10 16:17:46,595]  INFO - 初始化第一行最大化按钮！
[2017-10-10 16:17:46,596]  INFO - 初始化第一行关闭按钮！
[2017-10-10 16:17:46,597]  INFO - 初始化第一列行情！
[2017-10-10 16:17:46,597]  INFO - 初始化第一列供需发布！
[2017-10-10 16:17:46,597]  INFO - 初始化第一列K线图！
[2017-10-10 16:17:46,597]  INFO - 初始化第一列资讯！
[2017-10-10 16:17:46,597]  INFO - 初始化第二行快捷按钮！
[2017-10-10 16:17:46,597]  INFO - 初始化买入基价！
[2017-10-10 16:17:46,598]  INFO - 初始化买入基价值！
[2017-10-10 16:17:46,598]  INFO - 初始化卖出基价！
[2017-10-10 16:17:46,598]  INFO - 初始化卖出基价值！
[2017-10-10 16:17:46,602]  INFO - 初始化第二行快捷按钮！
[2017-10-10 16:17:46,903]  INFO - 初始化供需发布！
[2017-10-10 16:47:56,786]  INFO - 初始化界面开始！
[2017-10-10 16:47:56,797]  INFO - 画板初始化！
[2017-10-10 16:47:57,307]  INFO - 初始化第一行背景！
[2017-10-10 16:47:57,308]  INFO - 初始化第一行行情按钮！
[2017-10-10 16:47:57,310]  INFO - 初始化第一行我的资金按钮！
[2017-10-10 16:47:57,310]  INFO - 初始化第一行基础管理按钮！
[2017-10-10 16:47:57,310]  INFO - 初始化第一行登录按钮！
[2017-10-10 16:47:57,524]  INFO - 初始化第一行注册按钮！
[2017-10-10 16:47:57,525]  INFO - 初始化第一行最小化按钮！
[2017-10-10 16:47:57,527]  INFO - 初始化第一行最大化按钮！
[2017-10-10 16:47:57,528]  INFO - 初始化第一行关闭按钮！
[2017-10-10 16:47:57,529]  INFO - 初始化第一列行情！
[2017-10-10 16:47:57,529]  INFO - 初始化第一列供需发布！
[2017-10-10 16:47:57,529]  INFO - 初始化第一列K线图！
[2017-10-10 16:47:57,529]  INFO - 初始化第一列资讯！
[2017-10-10 16:47:57,529]  INFO - 初始化第二行快捷按钮！
[2017-10-10 16:47:57,530]  INFO - 初始化买入基价！
[2017-10-10 16:47:57,530]  INFO - 初始化买入基价值！
[2017-10-10 16:47:57,530]  INFO - 初始化卖出基价！
[2017-10-10 16:47:57,530]  INFO - 初始化卖出基价值！
[2017-10-10 16:47:57,534]  INFO - 初始化第二行快捷按钮！
[2017-10-10 16:47:57,872]  INFO - 初始化供需发布！
[2017-10-10 16:47:58,324]  INFO - 初始化界面结束！
[2017-10-10 16:47:58,549]  INFO - 创建登录界面！
[2017-10-10 16:47:58,588]  INFO - 初始化内置浏览器！
[2017-10-10 16:48:01,707]  INFO - 收到Cookies消息,值为：SecurityTicket=
[2017-10-10 16:48:04,073]  INFO - 收到Cookies消息,值为：
[2017-10-10 16:55:02,562]  INFO - 初始化界面开始！
[2017-10-10 16:55:02,571]  INFO - 画板初始化！
[2017-10-10 16:55:03,291]  INFO - 初始化第一行背景！
[2017-10-10 16:55:03,292]  INFO - 初始化第一行行情按钮！
[2017-10-10 16:55:03,294]  INFO - 初始化第一行我的资金按钮！
[2017-10-10 16:55:03,294]  INFO - 初始化第一行基础管理按钮！
[2017-10-10 16:55:03,294]  INFO - 初始化第一行登录按钮！
[2017-10-10 16:55:03,573]  INFO - 初始化第一行注册按钮！
[2017-10-10 16:55:03,575]  INFO - 初始化第一行最小化按钮！
[2017-10-10 16:55:03,576]  INFO - 初始化第一行最大化按钮！
[2017-10-10 16:55:03,579]  INFO - 初始化第一行关闭按钮！
[2017-10-10 16:55:03,581]  INFO - 初始化第一列行情！
[2017-10-10 16:55:03,581]  INFO - 初始化第一列供需发布！
[2017-10-10 16:55:03,581]  INFO - 初始化第一列K线图！
[2017-10-10 16:55:03,581]  INFO - 初始化第一列资讯！
[2017-10-10 16:55:03,581]  INFO - 初始化第二行快捷按钮！
[2017-10-10 16:55:03,582]  INFO - 初始化买入基价！
[2017-10-10 16:55:03,582]  INFO - 初始化买入基价值！
[2017-10-10 16:55:03,582]  INFO - 初始化卖出基价！
[2017-10-10 16:55:03,582]  INFO - 初始化卖出基价值！
[2017-10-10 16:55:03,588]  INFO - 初始化第二行快捷按钮！
[2017-10-10 16:55:03,983]  INFO - 初始化供需发布！
[2017-10-10 16:55:04,819]  INFO - 初始化界面结束！
[2017-10-10 16:55:04,906]  INFO - 创建登录界面！
[2017-10-10 16:55:04,936]  INFO - 初始化内置浏览器！
[2017-10-10 16:55:07,635]  INFO - 收到Cookies消息,值为：SecurityTicket=
[2017-10-10 16:55:10,009]  INFO - 收到Cookies消息,值为：
[2017-10-10 17:01:25,435]  INFO - 初始化界面开始！
[2017-10-10 17:01:25,445]  INFO - 画板初始化！
[2017-10-10 17:01:25,999]  INFO - 初始化第一行背景！
[2017-10-10 17:01:26,000]  INFO - 初始化第一行行情按钮！
[2017-10-10 17:01:26,002]  INFO - 初始化第一行我的资金按钮！
[2017-10-10 17:01:26,002]  INFO - 初始化第一行基础管理按钮！
[2017-10-10 17:01:26,002]  INFO - 初始化第一行登录按钮！
[2017-10-10 17:01:26,294]  INFO - 初始化第一行注册按钮！
[2017-10-10 17:01:26,296]  INFO - 初始化第一行最小化按钮！
[2017-10-10 17:01:26,297]  INFO - 初始化第一行最大化按钮！
[2017-10-10 17:01:26,298]  INFO - 初始化第一行关闭按钮！
[2017-10-10 17:01:26,300]  INFO - 初始化第一列行情！
[2017-10-10 17:01:26,300]  INFO - 初始化第一列供需发布！
[2017-10-10 17:01:26,300]  INFO - 初始化第一列K线图！
[2017-10-10 17:01:26,300]  INFO - 初始化第一列资讯！
[2017-10-10 17:01:26,300]  INFO - 初始化第二行快捷按钮！
[2017-10-10 17:01:26,301]  INFO - 初始化买入基价！
[2017-10-10 17:01:26,301]  INFO - 初始化买入基价值！
[2017-10-10 17:01:26,301]  INFO - 初始化卖出基价！
[2017-10-10 17:01:26,301]  INFO - 初始化卖出基价值！
[2017-10-10 17:01:26,306]  INFO - 初始化第二行快捷按钮！
[2017-10-10 17:01:26,877]  INFO - 初始化供需发布！
[2017-10-10 17:01:27,375]  INFO - 初始化界面结束！
[2017-10-10 17:01:27,637]  INFO - 创建登录界面！
[2017-10-10 17:01:27,682]  INFO - 初始化内置浏览器！
[2017-10-10 17:01:29,934]  INFO - 收到Cookies消息,值为：SecurityTicket=
[2017-10-10 17:01:32,179]  INFO - 收到Cookies消息,值为：
[2017-10-10 17:19:24,351]  INFO - 初始化界面开始！
[2017-10-10 17:19:24,360]  INFO - 画板初始化！
[2017-10-10 17:19:24,696]  INFO - 初始化第一行背景！
[2017-10-10 17:19:24,697]  INFO - 初始化第一行行情按钮！
[2017-10-10 17:19:24,698]  INFO - 初始化第一行我的资金按钮！
[2017-10-10 17:19:24,698]  INFO - 初始化第一行基础管理按钮！
[2017-10-10 17:19:24,698]  INFO - 初始化第一行登录按钮！
[2017-10-10 17:19:24,922]  INFO - 初始化第一行注册按钮！
[2017-10-10 17:19:24,923]  INFO - 初始化第一行最小化按钮！
[2017-10-10 17:19:24,925]  INFO - 初始化第一行最大化按钮！
[2017-10-10 17:19:24,926]  INFO - 初始化第一行关闭按钮！
[2017-10-10 17:19:24,927]  INFO - 初始化第一列行情！
[2017-10-10 17:19:24,928]  INFO - 初始化第一列供需发布！
[2017-10-10 17:19:24,928]  INFO - 初始化第一列K线图！
[2017-10-10 17:19:24,928]  INFO - 初始化第一列资讯！
[2017-10-10 17:19:24,928]  INFO - 初始化第二行快捷按钮！
[2017-10-10 17:19:24,929]  INFO - 初始化买入基价！
[2017-10-10 17:19:24,929]  INFO - 初始化买入基价值！
[2017-10-10 17:19:24,929]  INFO - 初始化卖出基价！
[2017-10-10 17:19:24,929]  INFO - 初始化卖出基价值！
[2017-10-10 17:19:24,934]  INFO - 初始化第二行快捷按钮！
[2017-10-10 17:19:25,394]  INFO - 初始化供需发布！
[2017-10-10 17:19:26,061]  INFO - 初始化界面结束！
[2017-10-10 17:19:26,470]  INFO - 创建登录界面！
[2017-10-10 17:19:26,528]  INFO - 初始化内置浏览器！
