[2017-10-09 09:27:44,637]  INFO - 初始化界面开始！
[2017-10-09 09:27:44,648]  INFO - 画板初始化！
[2017-10-09 09:27:44,910]  INFO - 初始化第一行背景！
[2017-10-09 09:27:44,911]  INFO - 初始化第一行行情按钮！
[2017-10-09 09:27:44,912]  INFO - 初始化第一行我的资金按钮！
[2017-10-09 09:27:44,912]  INFO - 初始化第一行基础管理按钮！
[2017-10-09 09:27:44,912]  INFO - 初始化第一行登录按钮！
[2017-10-09 09:27:45,374]  INFO - 初始化第一行注册按钮！
[2017-10-09 09:27:45,376]  INFO - 初始化第一行最小化按钮！
[2017-10-09 09:27:45,377]  INFO - 初始化第一行最大化按钮！
[2017-10-09 09:27:45,378]  INFO - 初始化第一行关闭按钮！
[2017-10-09 09:27:45,385]  INFO - 初始化第一列行情！
[2017-10-09 09:27:45,385]  INFO - 初始化第一列供需发布！
[2017-10-09 09:27:45,385]  INFO - 初始化第一列K线图！
[2017-10-09 09:27:45,385]  INFO - 初始化第一列资讯！
[2017-10-09 09:27:45,385]  INFO - 初始化第二行快捷按钮！
[2017-10-09 09:27:45,386]  INFO - 初始化买入基价！
[2017-10-09 09:27:45,386]  INFO - 初始化买入基价值！
[2017-10-09 09:27:45,386]  INFO - 初始化卖出基价！
[2017-10-09 09:27:45,386]  INFO - 初始化卖出基价值！
[2017-10-09 09:27:45,391]  INFO - 初始化第二行快捷按钮！
[2017-10-09 09:27:45,395]  INFO - 初始化供需发布！
[2017-10-09 09:27:45,996]  INFO - 初始化界面结束！
[2017-10-09 09:27:46,048]  INFO - 创建登录界面！
[2017-10-09 09:27:46,079]  INFO - 初始化内置浏览器！
[2017-10-09 09:27:50,347]  INFO - 收到Cookies消息,值为：SecurityTicket=
[2017-10-09 09:27:52,950]  INFO - 收到Cookies消息,值为：
[2017-10-09 10:15:40,860]  INFO - 初始化界面开始！
[2017-10-09 10:15:40,878]  INFO - 画板初始化！
[2017-10-09 10:15:40,958]  INFO - 初始化第一行背景！
[2017-10-09 10:15:40,958]  INFO - 初始化第一行行情按钮！
[2017-10-09 10:15:40,958]  INFO - 初始化第一行我的资金按钮！
[2017-10-09 10:15:40,958]  INFO - 初始化第一行基础管理按钮！
[2017-10-09 10:15:40,958]  INFO - 初始化第一行登录按钮！
[2017-10-09 10:15:41,222]  INFO - 初始化第一行注册按钮！
[2017-10-09 10:15:41,222]  INFO - 初始化第一行最小化按钮！
[2017-10-09 10:15:41,222]  INFO - 初始化第一行最大化按钮！
[2017-10-09 10:15:41,222]  INFO - 初始化第一行关闭按钮！
[2017-10-09 10:15:41,222]  INFO - 初始化第一列行情！
[2017-10-09 10:15:41,222]  INFO - 初始化第一列供需发布！
[2017-10-09 10:15:41,222]  INFO - 初始化第一列K线图！
[2017-10-09 10:15:41,222]  INFO - 初始化第一列资讯！
[2017-10-09 10:15:41,222]  INFO - 初始化第二行快捷按钮！
[2017-10-09 10:15:41,222]  INFO - 初始化买入基价！
[2017-10-09 10:15:41,222]  INFO - 初始化买入基价值！
[2017-10-09 10:15:41,222]  INFO - 初始化卖出基价！
[2017-10-09 10:15:41,222]  INFO - 初始化卖出基价值！
[2017-10-09 10:15:41,222]  INFO - 初始化第二行快捷按钮！
[2017-10-09 10:24:11,055]  INFO - 初始化界面开始！
[2017-10-09 10:24:11,065]  INFO - 画板初始化！
[2017-10-09 10:24:11,200]  INFO - 初始化第一行背景！
[2017-10-09 10:24:11,201]  INFO - 初始化第一行行情按钮！
[2017-10-09 10:24:11,202]  INFO - 初始化第一行我的资金按钮！
[2017-10-09 10:24:11,202]  INFO - 初始化第一行基础管理按钮！
[2017-10-09 10:24:11,202]  INFO - 初始化第一行登录按钮！
[2017-10-09 10:24:11,506]  INFO - 初始化第一行注册按钮！
[2017-10-09 10:24:11,510]  INFO - 初始化第一行最小化按钮！
[2017-10-09 10:24:11,512]  INFO - 初始化第一行最大化按钮！
[2017-10-09 10:24:11,513]  INFO - 初始化第一行关闭按钮！
[2017-10-09 10:24:11,514]  INFO - 初始化第一列行情！
[2017-10-09 10:24:11,515]  INFO - 初始化第一列供需发布！
[2017-10-09 10:24:11,515]  INFO - 初始化第一列K线图！
[2017-10-09 10:24:11,515]  INFO - 初始化第一列资讯！
[2017-10-09 10:24:11,515]  INFO - 初始化第二行快捷按钮！
[2017-10-09 10:24:11,515]  INFO - 初始化买入基价！
[2017-10-09 10:24:11,515]  INFO - 初始化买入基价值！
[2017-10-09 10:24:11,516]  INFO - 初始化卖出基价！
[2017-10-09 10:24:11,516]  INFO - 初始化卖出基价值！
[2017-10-09 10:24:11,521]  INFO - 初始化第二行快捷按钮！
[2017-10-09 10:25:41,641]  INFO - 初始化界面开始！
[2017-10-09 10:25:41,649]  INFO - 画板初始化！
[2017-10-09 10:25:41,785]  INFO - 初始化第一行背景！
[2017-10-09 10:25:41,786]  INFO - 初始化第一行行情按钮！
[2017-10-09 10:25:41,787]  INFO - 初始化第一行我的资金按钮！
[2017-10-09 10:25:41,787]  INFO - 初始化第一行基础管理按钮！
[2017-10-09 10:25:41,787]  INFO - 初始化第一行登录按钮！
[2017-10-09 10:25:42,047]  INFO - 初始化第一行注册按钮！
[2017-10-09 10:25:42,048]  INFO - 初始化第一行最小化按钮！
[2017-10-09 10:25:42,049]  INFO - 初始化第一行最大化按钮！
[2017-10-09 10:25:42,050]  INFO - 初始化第一行关闭按钮！
[2017-10-09 10:25:42,050]  INFO - 初始化第一列行情！
[2017-10-09 10:25:42,051]  INFO - 初始化第一列供需发布！
[2017-10-09 10:25:42,051]  INFO - 初始化第一列K线图！
[2017-10-09 10:25:42,051]  INFO - 初始化第一列资讯！
[2017-10-09 10:25:42,051]  INFO - 初始化第二行快捷按钮！
[2017-10-09 10:25:42,051]  INFO - 初始化买入基价！
[2017-10-09 10:25:42,051]  INFO - 初始化买入基价值！
[2017-10-09 10:25:42,052]  INFO - 初始化卖出基价！
[2017-10-09 10:25:42,052]  INFO - 初始化卖出基价值！
[2017-10-09 10:25:42,056]  INFO - 初始化第二行快捷按钮！
[2017-10-09 14:25:39,974]  INFO - 初始化界面开始！
[2017-10-09 14:25:39,985]  INFO - 画板初始化！
[2017-10-09 14:25:40,086]  INFO - 初始化第一行背景！
[2017-10-09 14:25:40,087]  INFO - 初始化第一行行情按钮！
[2017-10-09 14:25:40,088]  INFO - 初始化第一行我的资金按钮！
[2017-10-09 14:25:40,088]  INFO - 初始化第一行基础管理按钮！
[2017-10-09 14:25:40,088]  INFO - 初始化第一行登录按钮！
[2017-10-09 14:25:40,362]  INFO - 初始化第一行注册按钮！
[2017-10-09 14:25:40,363]  INFO - 初始化第一行最小化按钮！
[2017-10-09 14:25:40,364]  INFO - 初始化第一行最大化按钮！
[2017-10-09 14:25:40,365]  INFO - 初始化第一行关闭按钮！
[2017-10-09 14:25:40,366]  INFO - 初始化第一列行情！
[2017-10-09 14:25:40,367]  INFO - 初始化第一列供需发布！
[2017-10-09 14:25:40,367]  INFO - 初始化第一列K线图！
[2017-10-09 14:25:40,367]  INFO - 初始化第一列资讯！
[2017-10-09 14:25:40,367]  INFO - 初始化第二行快捷按钮！
[2017-10-09 14:25:40,367]  INFO - 初始化买入基价！
[2017-10-09 14:25:40,367]  INFO - 初始化买入基价值！
[2017-10-09 14:25:40,367]  INFO - 初始化卖出基价！
[2017-10-09 14:25:40,367]  INFO - 初始化卖出基价值！
[2017-10-09 14:25:40,371]  INFO - 初始化第二行快捷按钮！
[2017-10-09 14:31:55,149]  INFO - 初始化界面开始！
[2017-10-09 14:31:55,158]  INFO - 画板初始化！
[2017-10-09 14:31:55,416]  INFO - 初始化第一行背景！
[2017-10-09 14:31:55,417]  INFO - 初始化第一行行情按钮！
[2017-10-09 14:31:55,418]  INFO - 初始化第一行我的资金按钮！
[2017-10-09 14:31:55,418]  INFO - 初始化第一行基础管理按钮！
[2017-10-09 14:31:55,418]  INFO - 初始化第一行登录按钮！
[2017-10-09 14:31:55,696]  INFO - 初始化第一行注册按钮！
[2017-10-09 14:31:55,698]  INFO - 初始化第一行最小化按钮！
[2017-10-09 14:31:55,699]  INFO - 初始化第一行最大化按钮！
[2017-10-09 14:31:55,700]  INFO - 初始化第一行关闭按钮！
[2017-10-09 14:31:55,701]  INFO - 初始化第一列行情！
[2017-10-09 14:31:55,701]  INFO - 初始化第一列供需发布！
[2017-10-09 14:31:55,701]  INFO - 初始化第一列K线图！
[2017-10-09 14:31:55,701]  INFO - 初始化第一列资讯！
[2017-10-09 14:31:55,701]  INFO - 初始化第二行快捷按钮！
[2017-10-09 14:31:55,702]  INFO - 初始化买入基价！
[2017-10-09 14:31:55,702]  INFO - 初始化买入基价值！
[2017-10-09 14:31:55,702]  INFO - 初始化卖出基价！
[2017-10-09 14:31:55,702]  INFO - 初始化卖出基价值！
[2017-10-09 14:31:55,707]  INFO - 初始化第二行快捷按钮！
[2017-10-09 14:32:42,137]  INFO - 初始化界面开始！
[2017-10-09 14:32:42,146]  INFO - 画板初始化！
[2017-10-09 14:32:42,324]  INFO - 初始化第一行背景！
[2017-10-09 14:32:42,325]  INFO - 初始化第一行行情按钮！
[2017-10-09 14:32:42,326]  INFO - 初始化第一行我的资金按钮！
[2017-10-09 14:32:42,326]  INFO - 初始化第一行基础管理按钮！
[2017-10-09 14:32:42,326]  INFO - 初始化第一行登录按钮！
[2017-10-09 14:32:42,615]  INFO - 初始化第一行注册按钮！
[2017-10-09 14:32:42,617]  INFO - 初始化第一行最小化按钮！
[2017-10-09 14:32:42,618]  INFO - 初始化第一行最大化按钮！
[2017-10-09 14:32:42,619]  INFO - 初始化第一行关闭按钮！
[2017-10-09 14:32:42,620]  INFO - 初始化第一列行情！
[2017-10-09 14:32:42,621]  INFO - 初始化第一列供需发布！
[2017-10-09 14:32:42,621]  INFO - 初始化第一列K线图！
[2017-10-09 14:32:42,621]  INFO - 初始化第一列资讯！
[2017-10-09 14:32:42,621]  INFO - 初始化第二行快捷按钮！
[2017-10-09 14:32:42,621]  INFO - 初始化买入基价！
[2017-10-09 14:32:42,621]  INFO - 初始化买入基价值！
[2017-10-09 14:32:42,622]  INFO - 初始化卖出基价！
[2017-10-09 14:32:42,622]  INFO - 初始化卖出基价值！
[2017-10-09 14:32:42,626]  INFO - 初始化第二行快捷按钮！
[2017-10-09 14:38:37,843]  INFO - 初始化界面开始！
[2017-10-09 14:38:37,853]  INFO - 画板初始化！
[2017-10-09 14:38:38,059]  INFO - 初始化第一行背景！
[2017-10-09 14:38:38,060]  INFO - 初始化第一行行情按钮！
[2017-10-09 14:38:38,061]  INFO - 初始化第一行我的资金按钮！
[2017-10-09 14:38:38,061]  INFO - 初始化第一行基础管理按钮！
[2017-10-09 14:38:38,061]  INFO - 初始化第一行登录按钮！
[2017-10-09 14:38:38,403]  INFO - 初始化第一行注册按钮！
[2017-10-09 14:38:38,405]  INFO - 初始化第一行最小化按钮！
[2017-10-09 14:38:38,406]  INFO - 初始化第一行最大化按钮！
[2017-10-09 14:38:38,407]  INFO - 初始化第一行关闭按钮！
[2017-10-09 14:38:38,408]  INFO - 初始化第一列行情！
[2017-10-09 14:38:38,409]  INFO - 初始化第一列供需发布！
[2017-10-09 14:38:38,409]  INFO - 初始化第一列K线图！
[2017-10-09 14:38:38,409]  INFO - 初始化第一列资讯！
[2017-10-09 14:38:38,409]  INFO - 初始化第二行快捷按钮！
[2017-10-09 14:38:38,409]  INFO - 初始化买入基价！
[2017-10-09 14:38:38,409]  INFO - 初始化买入基价值！
[2017-10-09 14:38:38,409]  INFO - 初始化卖出基价！
[2017-10-09 14:38:38,409]  INFO - 初始化卖出基价值！
[2017-10-09 14:38:38,414]  INFO - 初始化第二行快捷按钮！
[2017-10-09 14:53:21,196]  INFO - 初始化界面开始！
[2017-10-09 14:53:21,205]  INFO - 画板初始化！
[2017-10-09 14:53:21,327]  INFO - 初始化第一行背景！
[2017-10-09 14:53:21,328]  INFO - 初始化第一行行情按钮！
[2017-10-09 14:53:21,329]  INFO - 初始化第一行我的资金按钮！
[2017-10-09 14:53:21,329]  INFO - 初始化第一行基础管理按钮！
[2017-10-09 14:53:21,329]  INFO - 初始化第一行登录按钮！
[2017-10-09 14:53:21,622]  INFO - 初始化第一行注册按钮！
[2017-10-09 14:53:21,623]  INFO - 初始化第一行最小化按钮！
[2017-10-09 14:53:21,625]  INFO - 初始化第一行最大化按钮！
[2017-10-09 14:53:21,626]  INFO - 初始化第一行关闭按钮！
[2017-10-09 14:53:21,627]  INFO - 初始化第一列行情！
[2017-10-09 14:53:21,627]  INFO - 初始化第一列供需发布！
[2017-10-09 14:53:21,627]  INFO - 初始化第一列K线图！
[2017-10-09 14:53:21,627]  INFO - 初始化第一列资讯！
[2017-10-09 14:53:21,627]  INFO - 初始化第二行快捷按钮！
[2017-10-09 14:53:21,628]  INFO - 初始化买入基价！
[2017-10-09 14:53:21,628]  INFO - 初始化买入基价值！
[2017-10-09 14:53:21,628]  INFO - 初始化卖出基价！
[2017-10-09 14:53:21,628]  INFO - 初始化卖出基价值！
[2017-10-09 14:53:21,633]  INFO - 初始化第二行快捷按钮！
[2017-10-09 14:55:32,492]  INFO - 初始化界面开始！
[2017-10-09 14:55:32,502]  INFO - 画板初始化！
[2017-10-09 14:55:32,717]  INFO - 初始化第一行背景！
[2017-10-09 14:55:32,718]  INFO - 初始化第一行行情按钮！
[2017-10-09 14:55:32,719]  INFO - 初始化第一行我的资金按钮！
[2017-10-09 14:55:32,719]  INFO - 初始化第一行基础管理按钮！
[2017-10-09 14:55:32,719]  INFO - 初始化第一行登录按钮！
[2017-10-09 14:55:33,036]  INFO - 初始化第一行注册按钮！
[2017-10-09 14:55:33,037]  INFO - 初始化第一行最小化按钮！
[2017-10-09 14:55:33,039]  INFO - 初始化第一行最大化按钮！
[2017-10-09 14:55:33,040]  INFO - 初始化第一行关闭按钮！
[2017-10-09 14:55:33,041]  INFO - 初始化第一列行情！
[2017-10-09 14:55:33,042]  INFO - 初始化第一列供需发布！
[2017-10-09 14:55:33,042]  INFO - 初始化第一列K线图！
[2017-10-09 14:55:33,042]  INFO - 初始化第一列资讯！
[2017-10-09 14:55:33,042]  INFO - 初始化第二行快捷按钮！
[2017-10-09 14:55:33,042]  INFO - 初始化买入基价！
[2017-10-09 14:55:33,043]  INFO - 初始化买入基价值！
[2017-10-09 14:55:33,043]  INFO - 初始化卖出基价！
[2017-10-09 14:55:33,043]  INFO - 初始化卖出基价值！
[2017-10-09 14:55:33,048]  INFO - 初始化第二行快捷按钮！
[2017-10-09 15:01:49,266]  INFO - 初始化界面开始！
[2017-10-09 15:01:49,276]  INFO - 画板初始化！
[2017-10-09 15:01:49,449]  INFO - 初始化第一行背景！
[2017-10-09 15:01:49,450]  INFO - 初始化第一行行情按钮！
[2017-10-09 15:01:49,451]  INFO - 初始化第一行我的资金按钮！
[2017-10-09 15:01:49,451]  INFO - 初始化第一行基础管理按钮！
[2017-10-09 15:01:49,451]  INFO - 初始化第一行登录按钮！
[2017-10-09 15:01:49,753]  INFO - 初始化第一行注册按钮！
[2017-10-09 15:01:49,755]  INFO - 初始化第一行最小化按钮！
[2017-10-09 15:01:49,756]  INFO - 初始化第一行最大化按钮！
[2017-10-09 15:01:49,758]  INFO - 初始化第一行关闭按钮！
[2017-10-09 15:01:49,759]  INFO - 初始化第一列行情！
[2017-10-09 15:01:49,759]  INFO - 初始化第一列供需发布！
[2017-10-09 15:01:49,759]  INFO - 初始化第一列K线图！
[2017-10-09 15:01:49,759]  INFO - 初始化第一列资讯！
[2017-10-09 15:01:49,759]  INFO - 初始化第二行快捷按钮！
[2017-10-09 15:01:49,760]  INFO - 初始化买入基价！
[2017-10-09 15:01:49,760]  INFO - 初始化买入基价值！
[2017-10-09 15:01:49,760]  INFO - 初始化卖出基价！
[2017-10-09 15:01:49,760]  INFO - 初始化卖出基价值！
[2017-10-09 15:01:49,765]  INFO - 初始化第二行快捷按钮！
[2017-10-09 15:11:06,672]  INFO - 初始化界面开始！
[2017-10-09 15:11:06,682]  INFO - 画板初始化！
[2017-10-09 15:11:06,826]  INFO - 初始化第一行背景！
[2017-10-09 15:11:06,827]  INFO - 初始化第一行行情按钮！
[2017-10-09 15:11:06,828]  INFO - 初始化第一行我的资金按钮！
[2017-10-09 15:11:06,828]  INFO - 初始化第一行基础管理按钮！
[2017-10-09 15:11:06,828]  INFO - 初始化第一行登录按钮！
[2017-10-09 15:11:07,107]  INFO - 初始化第一行注册按钮！
[2017-10-09 15:11:07,108]  INFO - 初始化第一行最小化按钮！
[2017-10-09 15:11:07,109]  INFO - 初始化第一行最大化按钮！
[2017-10-09 15:11:07,109]  INFO - 初始化第一行关闭按钮！
[2017-10-09 15:11:07,111]  INFO - 初始化第一列行情！
[2017-10-09 15:11:07,111]  INFO - 初始化第一列供需发布！
[2017-10-09 15:11:07,111]  INFO - 初始化第一列K线图！
[2017-10-09 15:11:07,111]  INFO - 初始化第一列资讯！
[2017-10-09 15:11:07,111]  INFO - 初始化第二行快捷按钮！
[2017-10-09 15:11:07,111]  INFO - 初始化买入基价！
[2017-10-09 15:11:07,112]  INFO - 初始化买入基价值！
[2017-10-09 15:11:07,112]  INFO - 初始化卖出基价！
[2017-10-09 15:11:07,112]  INFO - 初始化卖出基价值！
[2017-10-09 15:11:07,116]  INFO - 初始化第二行快捷按钮！
[2017-10-09 15:12:14,104]  INFO - 初始化界面开始！
[2017-10-09 15:12:14,114]  INFO - 画板初始化！
[2017-10-09 15:12:14,303]  INFO - 初始化第一行背景！
[2017-10-09 15:12:14,304]  INFO - 初始化第一行行情按钮！
[2017-10-09 15:12:14,305]  INFO - 初始化第一行我的资金按钮！
[2017-10-09 15:12:14,305]  INFO - 初始化第一行基础管理按钮！
[2017-10-09 15:12:14,305]  INFO - 初始化第一行登录按钮！
[2017-10-09 15:12:14,586]  INFO - 初始化第一行注册按钮！
[2017-10-09 15:12:14,587]  INFO - 初始化第一行最小化按钮！
[2017-10-09 15:12:14,588]  INFO - 初始化第一行最大化按钮！
[2017-10-09 15:12:14,589]  INFO - 初始化第一行关闭按钮！
[2017-10-09 15:12:14,590]  INFO - 初始化第一列行情！
[2017-10-09 15:12:14,591]  INFO - 初始化第一列供需发布！
[2017-10-09 15:12:14,591]  INFO - 初始化第一列K线图！
[2017-10-09 15:12:14,591]  INFO - 初始化第一列资讯！
[2017-10-09 15:12:14,591]  INFO - 初始化第二行快捷按钮！
[2017-10-09 15:12:14,591]  INFO - 初始化买入基价！
[2017-10-09 15:12:14,591]  INFO - 初始化买入基价值！
[2017-10-09 15:12:14,591]  INFO - 初始化卖出基价！
[2017-10-09 15:12:14,591]  INFO - 初始化卖出基价值！
[2017-10-09 15:12:14,596]  INFO - 初始化第二行快捷按钮！
[2017-10-09 15:12:14,977]  INFO - 初始化供需发布！
[2017-10-09 15:12:15,227]  INFO - 初始化界面结束！
[2017-10-09 15:12:15,376]  INFO - 创建登录界面！
[2017-10-09 15:12:15,405]  INFO - 初始化内置浏览器！
[2017-10-09 15:12:18,612]  INFO - 收到Cookies消息,值为：SecurityTicket=
[2017-10-09 15:12:21,022]  INFO - 收到Cookies消息,值为：
[2017-10-09 15:12:30,953]  INFO - 初始化界面开始！
[2017-10-09 15:12:30,962]  INFO - 画板初始化！
[2017-10-09 15:12:31,160]  INFO - 初始化第一行背景！
[2017-10-09 15:12:31,161]  INFO - 初始化第一行行情按钮！
[2017-10-09 15:12:31,162]  INFO - 初始化第一行我的资金按钮！
[2017-10-09 15:12:31,162]  INFO - 初始化第一行基础管理按钮！
[2017-10-09 15:12:31,162]  INFO - 初始化第一行登录按钮！
[2017-10-09 15:12:31,467]  INFO - 初始化第一行注册按钮！
[2017-10-09 15:12:31,469]  INFO - 初始化第一行最小化按钮！
[2017-10-09 15:12:31,471]  INFO - 初始化第一行最大化按钮！
[2017-10-09 15:12:31,472]  INFO - 初始化第一行关闭按钮！
[2017-10-09 15:12:31,473]  INFO - 初始化第一列行情！
[2017-10-09 15:12:31,473]  INFO - 初始化第一列供需发布！
[2017-10-09 15:12:31,473]  INFO - 初始化第一列K线图！
[2017-10-09 15:12:31,473]  INFO - 初始化第一列资讯！
[2017-10-09 15:12:31,473]  INFO - 初始化第二行快捷按钮！
[2017-10-09 15:12:31,474]  INFO - 初始化买入基价！
[2017-10-09 15:12:31,474]  INFO - 初始化买入基价值！
[2017-10-09 15:12:31,474]  INFO - 初始化卖出基价！
[2017-10-09 15:12:31,474]  INFO - 初始化卖出基价值！
[2017-10-09 15:12:31,479]  INFO - 初始化第二行快捷按钮！
[2017-10-09 15:35:05,696]  INFO - 初始化界面开始！
[2017-10-09 15:35:05,705]  INFO - 画板初始化！
[2017-10-09 15:35:05,829]  INFO - 初始化第一行背景！
[2017-10-09 15:35:05,830]  INFO - 初始化第一行行情按钮！
[2017-10-09 15:35:05,831]  INFO - 初始化第一行我的资金按钮！
[2017-10-09 15:35:05,831]  INFO - 初始化第一行基础管理按钮！
[2017-10-09 15:35:05,831]  INFO - 初始化第一行登录按钮！
[2017-10-09 15:35:06,144]  INFO - 初始化第一行注册按钮！
[2017-10-09 15:35:06,146]  INFO - 初始化第一行最小化按钮！
[2017-10-09 15:35:06,147]  INFO - 初始化第一行最大化按钮！
[2017-10-09 15:35:06,148]  INFO - 初始化第一行关闭按钮！
[2017-10-09 15:35:06,149]  INFO - 初始化第一列行情！
[2017-10-09 15:35:06,150]  INFO - 初始化第一列供需发布！
[2017-10-09 15:35:06,150]  INFO - 初始化第一列K线图！
[2017-10-09 15:35:06,150]  INFO - 初始化第一列资讯！
[2017-10-09 15:35:06,150]  INFO - 初始化第二行快捷按钮！
[2017-10-09 15:35:06,150]  INFO - 初始化买入基价！
[2017-10-09 15:35:06,150]  INFO - 初始化买入基价值！
[2017-10-09 15:35:06,150]  INFO - 初始化卖出基价！
[2017-10-09 15:35:06,150]  INFO - 初始化卖出基价值！
[2017-10-09 15:35:06,155]  INFO - 初始化第二行快捷按钮！
[2017-10-09 15:36:48,436]  INFO - 初始化界面开始！
[2017-10-09 15:36:48,444]  INFO - 画板初始化！
[2017-10-09 15:36:48,609]  INFO - 初始化第一行背景！
[2017-10-09 15:36:48,610]  INFO - 初始化第一行行情按钮！
[2017-10-09 15:36:48,611]  INFO - 初始化第一行我的资金按钮！
[2017-10-09 15:36:48,611]  INFO - 初始化第一行基础管理按钮！
[2017-10-09 15:36:48,611]  INFO - 初始化第一行登录按钮！
[2017-10-09 15:36:48,870]  INFO - 初始化第一行注册按钮！
[2017-10-09 15:36:48,871]  INFO - 初始化第一行最小化按钮！
[2017-10-09 15:36:48,872]  INFO - 初始化第一行最大化按钮！
[2017-10-09 15:36:48,873]  INFO - 初始化第一行关闭按钮！
[2017-10-09 15:36:48,874]  INFO - 初始化第一列行情！
[2017-10-09 15:36:48,875]  INFO - 初始化第一列供需发布！
[2017-10-09 15:36:48,875]  INFO - 初始化第一列K线图！
[2017-10-09 15:36:48,875]  INFO - 初始化第一列资讯！
[2017-10-09 15:36:48,875]  INFO - 初始化第二行快捷按钮！
[2017-10-09 15:36:48,875]  INFO - 初始化买入基价！
[2017-10-09 15:36:48,875]  INFO - 初始化买入基价值！
[2017-10-09 15:36:48,875]  INFO - 初始化卖出基价！
[2017-10-09 15:36:48,875]  INFO - 初始化卖出基价值！
[2017-10-09 15:36:48,880]  INFO - 初始化第二行快捷按钮！
[2017-10-09 16:21:38,028]  INFO - 初始化界面开始！
[2017-10-09 16:21:38,039]  INFO - 画板初始化！
[2017-10-09 16:21:38,974]  INFO - 初始化第一行背景！
[2017-10-09 16:21:38,975]  INFO - 初始化第一行行情按钮！
[2017-10-09 16:21:38,976]  INFO - 初始化第一行我的资金按钮！
[2017-10-09 16:21:38,976]  INFO - 初始化第一行基础管理按钮！
[2017-10-09 16:21:38,976]  INFO - 初始化第一行登录按钮！
[2017-10-09 16:21:39,370]  INFO - 初始化第一行注册按钮！
[2017-10-09 16:21:39,372]  INFO - 初始化第一行最小化按钮！
[2017-10-09 16:21:39,373]  INFO - 初始化第一行最大化按钮！
[2017-10-09 16:21:39,375]  INFO - 初始化第一行关闭按钮！
[2017-10-09 16:21:39,376]  INFO - 初始化第一列行情！
[2017-10-09 16:21:39,376]  INFO - 初始化第一列供需发布！
[2017-10-09 16:21:39,376]  INFO - 初始化第一列K线图！
[2017-10-09 16:21:39,376]  INFO - 初始化第一列资讯！
[2017-10-09 16:21:39,376]  INFO - 初始化第二行快捷按钮！
[2017-10-09 16:21:39,377]  INFO - 初始化买入基价！
[2017-10-09 16:21:39,377]  INFO - 初始化买入基价值！
[2017-10-09 16:21:39,377]  INFO - 初始化卖出基价！
[2017-10-09 16:21:39,377]  INFO - 初始化卖出基价值！
[2017-10-09 16:21:39,383]  INFO - 初始化第二行快捷按钮！
[2017-10-09 16:39:21,804]  INFO - 初始化供需发布！
[2017-10-09 16:39:22,111]  INFO - 初始化界面结束！
[2017-10-09 16:39:22,136]  INFO - 创建登录界面！
[2017-10-09 16:39:22,164]  INFO - 初始化内置浏览器！
[2017-10-09 16:39:24,976]  INFO - 收到Cookies消息,值为：SecurityTicket=
[2017-10-09 16:39:27,921]  INFO - 收到Cookies消息,值为：
[2017-10-09 16:39:37,718]  INFO - 初始化界面开始！
[2017-10-09 16:39:37,728]  INFO - 画板初始化！
[2017-10-09 16:39:37,990]  INFO - 初始化第一行背景！
[2017-10-09 16:39:37,992]  INFO - 初始化第一行行情按钮！
[2017-10-09 16:39:37,993]  INFO - 初始化第一行我的资金按钮！
[2017-10-09 16:39:37,993]  INFO - 初始化第一行基础管理按钮！
[2017-10-09 16:39:37,993]  INFO - 初始化第一行登录按钮！
[2017-10-09 16:39:38,285]  INFO - 初始化第一行注册按钮！
[2017-10-09 16:39:38,287]  INFO - 初始化第一行最小化按钮！
[2017-10-09 16:39:38,288]  INFO - 初始化第一行最大化按钮！
[2017-10-09 16:39:38,294]  INFO - 初始化第一行关闭按钮！
[2017-10-09 16:39:38,295]  INFO - 初始化第一列行情！
[2017-10-09 16:39:38,295]  INFO - 初始化第一列供需发布！
[2017-10-09 16:39:38,295]  INFO - 初始化第一列K线图！
[2017-10-09 16:39:38,295]  INFO - 初始化第一列资讯！
[2017-10-09 16:39:38,295]  INFO - 初始化第二行快捷按钮！
[2017-10-09 16:39:38,299]  INFO - 初始化买入基价！
[2017-10-09 16:39:38,299]  INFO - 初始化买入基价值！
[2017-10-09 16:39:38,299]  INFO - 初始化卖出基价！
[2017-10-09 16:39:38,299]  INFO - 初始化卖出基价值！
[2017-10-09 16:39:38,304]  INFO - 初始化第二行快捷按钮！
[2017-10-09 16:39:38,871]  INFO - 初始化供需发布！
[2017-10-09 16:39:39,083]  INFO - 初始化界面结束！
[2017-10-09 16:39:39,273]  INFO - 创建登录界面！
[2017-10-09 16:39:39,304]  INFO - 初始化内置浏览器！
[2017-10-09 16:39:42,393]  INFO - 收到Cookies消息,值为：SecurityTicket=
[2017-10-09 16:39:51,578]  INFO - 初始化界面开始！
[2017-10-09 16:39:51,588]  INFO - 画板初始化！
[2017-10-09 16:39:51,798]  INFO - 初始化第一行背景！
[2017-10-09 16:39:51,799]  INFO - 初始化第一行行情按钮！
[2017-10-09 16:39:51,800]  INFO - 初始化第一行我的资金按钮！
[2017-10-09 16:39:51,801]  INFO - 初始化第一行基础管理按钮！
[2017-10-09 16:39:51,801]  INFO - 初始化第一行登录按钮！
[2017-10-09 16:39:52,101]  INFO - 初始化第一行注册按钮！
[2017-10-09 16:39:52,103]  INFO - 初始化第一行最小化按钮！
[2017-10-09 16:39:52,105]  INFO - 初始化第一行最大化按钮！
[2017-10-09 16:39:52,106]  INFO - 初始化第一行关闭按钮！
[2017-10-09 16:39:52,107]  INFO - 初始化第一列行情！
[2017-10-09 16:39:52,108]  INFO - 初始化第一列供需发布！
[2017-10-09 16:39:52,108]  INFO - 初始化第一列K线图！
[2017-10-09 16:39:52,108]  INFO - 初始化第一列资讯！
[2017-10-09 16:39:52,108]  INFO - 初始化第二行快捷按钮！
[2017-10-09 16:39:52,109]  INFO - 初始化买入基价！
[2017-10-09 16:39:52,109]  INFO - 初始化买入基价值！
[2017-10-09 16:39:52,109]  INFO - 初始化卖出基价！
[2017-10-09 16:39:52,109]  INFO - 初始化卖出基价值！
[2017-10-09 16:39:52,114]  INFO - 初始化第二行快捷按钮！
[2017-10-09 16:40:57,971]  INFO - 初始化界面开始！
[2017-10-09 16:40:57,981]  INFO - 画板初始化！
[2017-10-09 16:40:58,259]  INFO - 初始化第一行背景！
[2017-10-09 16:40:58,260]  INFO - 初始化第一行行情按钮！
[2017-10-09 16:40:58,262]  INFO - 初始化第一行我的资金按钮！
[2017-10-09 16:40:58,262]  INFO - 初始化第一行基础管理按钮！
[2017-10-09 16:40:58,262]  INFO - 初始化第一行登录按钮！
[2017-10-09 16:40:58,537]  INFO - 初始化第一行注册按钮！
[2017-10-09 16:40:58,539]  INFO - 初始化第一行最小化按钮！
[2017-10-09 16:40:58,540]  INFO - 初始化第一行最大化按钮！
[2017-10-09 16:40:58,541]  INFO - 初始化第一行关闭按钮！
[2017-10-09 16:40:58,543]  INFO - 初始化第一列行情！
[2017-10-09 16:40:58,543]  INFO - 初始化第一列供需发布！
[2017-10-09 16:40:58,543]  INFO - 初始化第一列K线图！
[2017-10-09 16:40:58,543]  INFO - 初始化第一列资讯！
[2017-10-09 16:40:58,543]  INFO - 初始化第二行快捷按钮！
[2017-10-09 16:40:58,544]  INFO - 初始化买入基价！
[2017-10-09 16:40:58,544]  INFO - 初始化买入基价值！
[2017-10-09 16:40:58,544]  INFO - 初始化卖出基价！
[2017-10-09 16:40:58,544]  INFO - 初始化卖出基价值！
[2017-10-09 16:40:58,555]  INFO - 初始化第二行快捷按钮！
[2017-10-09 16:41:25,671]  INFO - 初始化界面开始！
[2017-10-09 16:41:25,681]  INFO - 画板初始化！
[2017-10-09 16:41:26,021]  INFO - 初始化第一行背景！
[2017-10-09 16:41:26,022]  INFO - 初始化第一行行情按钮！
[2017-10-09 16:41:26,023]  INFO - 初始化第一行我的资金按钮！
[2017-10-09 16:41:26,023]  INFO - 初始化第一行基础管理按钮！
[2017-10-09 16:41:26,023]  INFO - 初始化第一行登录按钮！
[2017-10-09 16:41:26,321]  INFO - 初始化第一行注册按钮！
[2017-10-09 16:41:26,323]  INFO - 初始化第一行最小化按钮！
[2017-10-09 16:41:26,324]  INFO - 初始化第一行最大化按钮！
[2017-10-09 16:41:26,326]  INFO - 初始化第一行关闭按钮！
[2017-10-09 16:41:26,327]  INFO - 初始化第一列行情！
[2017-10-09 16:41:26,328]  INFO - 初始化第一列供需发布！
[2017-10-09 16:41:26,328]  INFO - 初始化第一列K线图！
[2017-10-09 16:41:26,328]  INFO - 初始化第一列资讯！
[2017-10-09 16:41:26,328]  INFO - 初始化第二行快捷按钮！
[2017-10-09 16:41:26,329]  INFO - 初始化买入基价！
[2017-10-09 16:41:26,329]  INFO - 初始化买入基价值！
[2017-10-09 16:41:26,329]  INFO - 初始化卖出基价！
[2017-10-09 16:41:26,329]  INFO - 初始化卖出基价值！
[2017-10-09 16:41:26,335]  INFO - 初始化第二行快捷按钮！
[2017-10-09 16:44:36,977]  INFO - 初始化界面开始！
[2017-10-09 16:44:36,986]  INFO - 画板初始化！
[2017-10-09 16:44:37,200]  INFO - 初始化第一行背景！
[2017-10-09 16:44:37,202]  INFO - 初始化第一行行情按钮！
[2017-10-09 16:44:37,203]  INFO - 初始化第一行我的资金按钮！
[2017-10-09 16:44:37,203]  INFO - 初始化第一行基础管理按钮！
[2017-10-09 16:44:37,203]  INFO - 初始化第一行登录按钮！
[2017-10-09 16:44:37,475]  INFO - 初始化第一行注册按钮！
[2017-10-09 16:44:37,477]  INFO - 初始化第一行最小化按钮！
[2017-10-09 16:44:37,479]  INFO - 初始化第一行最大化按钮！
[2017-10-09 16:44:37,480]  INFO - 初始化第一行关闭按钮！
[2017-10-09 16:44:37,482]  INFO - 初始化第一列行情！
[2017-10-09 16:44:37,482]  INFO - 初始化第一列供需发布！
[2017-10-09 16:44:37,482]  INFO - 初始化第一列K线图！
[2017-10-09 16:44:37,482]  INFO - 初始化第一列资讯！
[2017-10-09 16:44:37,482]  INFO - 初始化第二行快捷按钮！
[2017-10-09 16:44:37,483]  INFO - 初始化买入基价！
[2017-10-09 16:44:37,483]  INFO - 初始化买入基价值！
[2017-10-09 16:44:37,483]  INFO - 初始化卖出基价！
[2017-10-09 16:44:37,483]  INFO - 初始化卖出基价值！
[2017-10-09 16:44:37,489]  INFO - 初始化第二行快捷按钮！
[2017-10-09 16:45:45,026]  INFO - 初始化界面开始！
[2017-10-09 16:45:45,036]  INFO - 画板初始化！
[2017-10-09 16:45:45,292]  INFO - 初始化第一行背景！
[2017-10-09 16:45:45,293]  INFO - 初始化第一行行情按钮！
[2017-10-09 16:45:45,294]  INFO - 初始化第一行我的资金按钮！
[2017-10-09 16:45:45,294]  INFO - 初始化第一行基础管理按钮！
[2017-10-09 16:45:45,294]  INFO - 初始化第一行登录按钮！
[2017-10-09 16:45:45,571]  INFO - 初始化第一行注册按钮！
[2017-10-09 16:45:45,572]  INFO - 初始化第一行最小化按钮！
[2017-10-09 16:45:45,574]  INFO - 初始化第一行最大化按钮！
[2017-10-09 16:45:45,575]  INFO - 初始化第一行关闭按钮！
[2017-10-09 16:45:45,577]  INFO - 初始化第一列行情！
[2017-10-09 16:45:45,577]  INFO - 初始化第一列供需发布！
[2017-10-09 16:45:45,577]  INFO - 初始化第一列K线图！
[2017-10-09 16:45:45,577]  INFO - 初始化第一列资讯！
[2017-10-09 16:45:45,577]  INFO - 初始化第二行快捷按钮！
[2017-10-09 16:45:45,578]  INFO - 初始化买入基价！
[2017-10-09 16:45:45,578]  INFO - 初始化买入基价值！
[2017-10-09 16:45:45,578]  INFO - 初始化卖出基价！
[2017-10-09 16:45:45,578]  INFO - 初始化卖出基价值！
[2017-10-09 16:45:45,583]  INFO - 初始化第二行快捷按钮！
[2017-10-09 16:46:45,321]  INFO - 初始化界面开始！
[2017-10-09 16:46:45,331]  INFO - 画板初始化！
[2017-10-09 16:46:45,480]  INFO - 初始化第一行背景！
[2017-10-09 16:46:45,482]  INFO - 初始化第一行行情按钮！
[2017-10-09 16:46:45,482]  INFO - 初始化第一行我的资金按钮！
[2017-10-09 16:46:45,483]  INFO - 初始化第一行基础管理按钮！
[2017-10-09 16:46:45,483]  INFO - 初始化第一行登录按钮！
[2017-10-09 16:46:45,746]  INFO - 初始化第一行注册按钮！
[2017-10-09 16:46:45,748]  INFO - 初始化第一行最小化按钮！
[2017-10-09 16:46:45,749]  INFO - 初始化第一行最大化按钮！
[2017-10-09 16:46:45,750]  INFO - 初始化第一行关闭按钮！
[2017-10-09 16:46:45,751]  INFO - 初始化第一列行情！
[2017-10-09 16:46:45,752]  INFO - 初始化第一列供需发布！
[2017-10-09 16:46:45,752]  INFO - 初始化第一列K线图！
[2017-10-09 16:46:45,752]  INFO - 初始化第一列资讯！
[2017-10-09 16:46:45,752]  INFO - 初始化第二行快捷按钮！
[2017-10-09 16:46:45,752]  INFO - 初始化买入基价！
[2017-10-09 16:46:45,752]  INFO - 初始化买入基价值！
[2017-10-09 16:46:45,752]  INFO - 初始化卖出基价！
[2017-10-09 16:46:45,752]  INFO - 初始化卖出基价值！
[2017-10-09 16:46:45,755]  INFO - 初始化第二行快捷按钮！
[2017-10-09 17:10:29,050]  INFO - 初始化界面开始！
[2017-10-09 17:10:29,059]  INFO - 画板初始化！
[2017-10-09 17:10:29,259]  INFO - 初始化第一行背景！
[2017-10-09 17:10:29,260]  INFO - 初始化第一行行情按钮！
[2017-10-09 17:10:29,261]  INFO - 初始化第一行我的资金按钮！
[2017-10-09 17:10:29,261]  INFO - 初始化第一行基础管理按钮！
[2017-10-09 17:10:29,261]  INFO - 初始化第一行登录按钮！
[2017-10-09 17:10:29,534]  INFO - 初始化第一行注册按钮！
[2017-10-09 17:10:29,535]  INFO - 初始化第一行最小化按钮！
[2017-10-09 17:10:29,536]  INFO - 初始化第一行最大化按钮！
[2017-10-09 17:10:29,537]  INFO - 初始化第一行关闭按钮！
[2017-10-09 17:10:29,538]  INFO - 初始化第一列行情！
[2017-10-09 17:10:29,538]  INFO - 初始化第一列供需发布！
[2017-10-09 17:10:29,538]  INFO - 初始化第一列K线图！
[2017-10-09 17:10:29,538]  INFO - 初始化第一列资讯！
[2017-10-09 17:10:29,538]  INFO - 初始化第二行快捷按钮！
[2017-10-09 17:10:29,539]  INFO - 初始化买入基价！
[2017-10-09 17:10:29,539]  INFO - 初始化买入基价值！
[2017-10-09 17:10:29,539]  INFO - 初始化卖出基价！
[2017-10-09 17:10:29,539]  INFO - 初始化卖出基价值！
[2017-10-09 17:10:29,544]  INFO - 初始化第二行快捷按钮！
[2017-10-09 17:12:37,473]  INFO - 初始化界面开始！
[2017-10-09 17:12:37,483]  INFO - 画板初始化！
[2017-10-09 17:12:37,716]  INFO - 初始化第一行背景！
[2017-10-09 17:12:37,718]  INFO - 初始化第一行行情按钮！
[2017-10-09 17:12:37,719]  INFO - 初始化第一行我的资金按钮！
[2017-10-09 17:12:37,719]  INFO - 初始化第一行基础管理按钮！
[2017-10-09 17:12:37,719]  INFO - 初始化第一行登录按钮！
[2017-10-09 17:12:37,980]  INFO - 初始化第一行注册按钮！
[2017-10-09 17:12:37,982]  INFO - 初始化第一行最小化按钮！
[2017-10-09 17:12:37,984]  INFO - 初始化第一行最大化按钮！
[2017-10-09 17:12:37,985]  INFO - 初始化第一行关闭按钮！
[2017-10-09 17:12:37,986]  INFO - 初始化第一列行情！
[2017-10-09 17:12:37,987]  INFO - 初始化第一列供需发布！
[2017-10-09 17:12:37,987]  INFO - 初始化第一列K线图！
[2017-10-09 17:12:37,987]  INFO - 初始化第一列资讯！
[2017-10-09 17:12:37,987]  INFO - 初始化第二行快捷按钮！
[2017-10-09 17:12:37,988]  INFO - 初始化买入基价！
[2017-10-09 17:12:37,988]  INFO - 初始化买入基价值！
[2017-10-09 17:12:37,988]  INFO - 初始化卖出基价！
[2017-10-09 17:12:37,988]  INFO - 初始化卖出基价值！
[2017-10-09 17:12:37,993]  INFO - 初始化第二行快捷按钮！
[2017-10-09 17:14:48,423]  INFO - 初始化界面开始！
[2017-10-09 17:14:48,433]  INFO - 画板初始化！
[2017-10-09 17:14:48,570]  INFO - 初始化第一行背景！
[2017-10-09 17:14:48,571]  INFO - 初始化第一行行情按钮！
[2017-10-09 17:14:48,572]  INFO - 初始化第一行我的资金按钮！
[2017-10-09 17:14:48,572]  INFO - 初始化第一行基础管理按钮！
[2017-10-09 17:14:48,572]  INFO - 初始化第一行登录按钮！
[2017-10-09 17:14:48,770]  INFO - 初始化第一行注册按钮！
[2017-10-09 17:14:48,771]  INFO - 初始化第一行最小化按钮！
[2017-10-09 17:14:48,771]  INFO - 初始化第一行最大化按钮！
[2017-10-09 17:14:48,772]  INFO - 初始化第一行关闭按钮！
[2017-10-09 17:14:48,773]  INFO - 初始化第一列行情！
[2017-10-09 17:14:48,773]  INFO - 初始化第一列供需发布！
[2017-10-09 17:14:48,773]  INFO - 初始化第一列K线图！
[2017-10-09 17:14:48,773]  INFO - 初始化第一列资讯！
[2017-10-09 17:14:48,773]  INFO - 初始化第二行快捷按钮！
[2017-10-09 17:14:48,774]  INFO - 初始化买入基价！
[2017-10-09 17:14:48,774]  INFO - 初始化买入基价值！
[2017-10-09 17:14:48,774]  INFO - 初始化卖出基价！
[2017-10-09 17:14:48,774]  INFO - 初始化卖出基价值！
[2017-10-09 17:14:48,777]  INFO - 初始化第二行快捷按钮！
[2017-10-09 17:15:50,995]  INFO - 初始化界面开始！
[2017-10-09 17:15:51,004]  INFO - 画板初始化！
[2017-10-09 17:15:51,120]  INFO - 初始化第一行背景！
[2017-10-09 17:15:51,121]  INFO - 初始化第一行行情按钮！
[2017-10-09 17:15:51,122]  INFO - 初始化第一行我的资金按钮！
[2017-10-09 17:15:51,122]  INFO - 初始化第一行基础管理按钮！
[2017-10-09 17:15:51,122]  INFO - 初始化第一行登录按钮！
[2017-10-09 17:15:51,301]  INFO - 初始化第一行注册按钮！
[2017-10-09 17:15:51,302]  INFO - 初始化第一行最小化按钮！
[2017-10-09 17:15:51,303]  INFO - 初始化第一行最大化按钮！
[2017-10-09 17:15:51,303]  INFO - 初始化第一行关闭按钮！
[2017-10-09 17:15:51,304]  INFO - 初始化第一列行情！
[2017-10-09 17:15:51,304]  INFO - 初始化第一列供需发布！
[2017-10-09 17:15:51,304]  INFO - 初始化第一列K线图！
[2017-10-09 17:15:51,304]  INFO - 初始化第一列资讯！
[2017-10-09 17:15:51,304]  INFO - 初始化第二行快捷按钮！
[2017-10-09 17:15:51,305]  INFO - 初始化买入基价！
[2017-10-09 17:15:51,305]  INFO - 初始化买入基价值！
[2017-10-09 17:15:51,305]  INFO - 初始化卖出基价！
[2017-10-09 17:15:51,305]  INFO - 初始化卖出基价值！
[2017-10-09 17:15:51,308]  INFO - 初始化第二行快捷按钮！
[2017-10-09 17:15:54,387] ERROR - HttpGetUrl Error:Cannot deserialize the current JSON object (e.g. {"name":"value"}) into type 'UseOnlineTradingSystem.culcps[]' because the type requires a JSON array (e.g. [1,2,3]) to deserialize correctly.
To fix this error either change the JSON to a JSON array (e.g. [1,2,3]) or change the deserialized type so that it is a normal .NET type (e.g. not a primitive type like integer, not a collection type like an array or List<T>) that can be deserialized from a JSON object. JsonObjectAttribute can also be added to the type to force it to deserialize from a JSON object.
Path 'data.categoryVoMap.cu.contractMonthMap.culcps.category', line 1, position 212.
[2017-10-09 17:16:23,240]  INFO - 初始化界面开始！
[2017-10-09 17:16:23,255]  INFO - 画板初始化！
[2017-10-09 17:16:23,489]  INFO - 初始化第一行背景！
[2017-10-09 17:16:23,491]  INFO - 初始化第一行行情按钮！
[2017-10-09 17:16:23,492]  INFO - 初始化第一行我的资金按钮！
[2017-10-09 17:16:23,492]  INFO - 初始化第一行基础管理按钮！
[2017-10-09 17:16:23,492]  INFO - 初始化第一行登录按钮！
[2017-10-09 17:16:23,881]  INFO - 初始化第一行注册按钮！
[2017-10-09 17:16:23,883]  INFO - 初始化第一行最小化按钮！
[2017-10-09 17:16:23,884]  INFO - 初始化第一行最大化按钮！
[2017-10-09 17:16:23,888]  INFO - 初始化第一行关闭按钮！
[2017-10-09 17:16:23,890]  INFO - 初始化第一列行情！
[2017-10-09 17:16:23,890]  INFO - 初始化第一列供需发布！
[2017-10-09 17:16:23,891]  INFO - 初始化第一列K线图！
[2017-10-09 17:16:23,891]  INFO - 初始化第一列资讯！
[2017-10-09 17:16:23,891]  INFO - 初始化第二行快捷按钮！
[2017-10-09 17:16:23,891]  INFO - 初始化买入基价！
[2017-10-09 17:16:23,892]  INFO - 初始化买入基价值！
[2017-10-09 17:16:23,892]  INFO - 初始化卖出基价！
[2017-10-09 17:16:23,892]  INFO - 初始化卖出基价值！
[2017-10-09 17:16:23,897]  INFO - 初始化第二行快捷按钮！
