[2017-10-31 11:41:42,456]  INFO - 初始化界面开始！
[2017-10-31 11:41:42,465]  INFO - 画板初始化！
[2017-10-31 11:41:42,637]  INFO - 初始化第一行背景！
[2017-10-31 11:41:42,638]  INFO - 初始化第一行行情按钮！
[2017-10-31 11:41:42,639]  INFO - 初始化第一行我的资金按钮！
[2017-10-31 11:41:42,639]  INFO - 初始化第一行基础管理按钮！
[2017-10-31 11:41:42,639]  INFO - 初始化第一行登录按钮！
[2017-10-31 11:41:42,647]  INFO - 初始化第一行注册按钮！
[2017-10-31 11:41:42,648]  INFO - 初始化第一行登录后状态！
[2017-10-31 11:41:42,648]  INFO - 初始化第一行注销按钮！
[2017-10-31 11:41:42,649]  INFO - 初始化第一行最小化按钮！
[2017-10-31 11:41:42,650]  INFO - 初始化第一行最大化按钮！
[2017-10-31 11:41:42,651]  INFO - 初始化第一行关闭按钮！
[2017-10-31 11:41:42,653]  INFO - 初始化第一列行情！
[2017-10-31 11:41:42,653]  INFO - 初始化第一列供需发布！
[2017-10-31 11:41:42,653]  INFO - 初始化第一列K线图！
[2017-10-31 11:41:42,653]  INFO - 初始化第一列资讯！
[2017-10-31 11:41:42,653]  INFO - 初始化第二行快捷按钮！
[2017-10-31 11:41:42,653]  INFO - 初始化买入基价！
[2017-10-31 11:41:42,653]  INFO - 初始化买入基价值！
[2017-10-31 11:41:42,653]  INFO - 初始化卖出基价！
[2017-10-31 11:41:42,653]  INFO - 初始化卖出基价值！
[2017-10-31 11:41:42,658]  INFO - 初始化第二行快捷按钮！
[2017-10-31 11:41:42,706]  INFO - 初始化界面结束！
[2017-10-31 11:41:44,318]  INFO - 初始化供需发布！
[2017-10-31 11:41:45,047]  INFO - 创建登录界面！
[2017-10-31 11:41:45,172]  INFO - 初始化内置浏览器！
[2017-10-31 11:46:57,138]  INFO - 初始化界面开始！
[2017-10-31 11:46:57,147]  INFO - 画板初始化！
[2017-10-31 11:46:57,342]  INFO - 初始化第一行背景！
[2017-10-31 11:46:57,344]  INFO - 初始化第一行行情按钮！
[2017-10-31 11:46:57,344]  INFO - 初始化第一行我的资金按钮！
[2017-10-31 11:46:57,344]  INFO - 初始化第一行基础管理按钮！
[2017-10-31 11:46:57,344]  INFO - 初始化第一行登录按钮！
[2017-10-31 11:46:57,355]  INFO - 初始化第一行注册按钮！
[2017-10-31 11:46:57,357]  INFO - 初始化第一行登录后状态！
[2017-10-31 11:46:57,357]  INFO - 初始化第一行注销按钮！
[2017-10-31 11:46:57,357]  INFO - 初始化第一行最小化按钮！
[2017-10-31 11:46:57,359]  INFO - 初始化第一行最大化按钮！
[2017-10-31 11:46:57,360]  INFO - 初始化第一行关闭按钮！
[2017-10-31 11:46:57,361]  INFO - 初始化第一列行情！
[2017-10-31 11:46:57,362]  INFO - 初始化第一列供需发布！
[2017-10-31 11:46:57,362]  INFO - 初始化第一列K线图！
[2017-10-31 11:46:57,362]  INFO - 初始化第一列资讯！
[2017-10-31 11:46:57,362]  INFO - 初始化第二行快捷按钮！
[2017-10-31 11:46:57,362]  INFO - 初始化买入基价！
[2017-10-31 11:46:57,362]  INFO - 初始化买入基价值！
[2017-10-31 11:46:57,362]  INFO - 初始化卖出基价！
[2017-10-31 11:46:57,362]  INFO - 初始化卖出基价值！
[2017-10-31 11:46:57,367]  INFO - 初始化第二行快捷按钮！
[2017-10-31 11:46:57,415]  INFO - 初始化界面结束！
[2017-10-31 11:46:58,745]  INFO - 初始化供需发布！
[2017-10-31 11:46:59,104]  INFO - 创建登录界面！
[2017-10-31 11:46:59,181]  INFO - 初始化内置浏览器！
[2017-10-31 11:52:02,395]  INFO - 初始化界面开始！
[2017-10-31 11:52:02,403]  INFO - 画板初始化！
[2017-10-31 11:52:02,549]  INFO - 初始化第一行背景！
[2017-10-31 11:52:02,550]  INFO - 初始化第一行行情按钮！
[2017-10-31 11:52:02,551]  INFO - 初始化第一行我的资金按钮！
[2017-10-31 11:52:02,551]  INFO - 初始化第一行基础管理按钮！
[2017-10-31 11:52:02,551]  INFO - 初始化第一行登录按钮！
[2017-10-31 11:52:02,565]  INFO - 初始化第一行注册按钮！
[2017-10-31 11:52:02,567]  INFO - 初始化第一行登录后状态！
[2017-10-31 11:52:02,567]  INFO - 初始化第一行注销按钮！
[2017-10-31 11:52:02,568]  INFO - 初始化第一行最小化按钮！
[2017-10-31 11:52:02,569]  INFO - 初始化第一行最大化按钮！
[2017-10-31 11:52:02,570]  INFO - 初始化第一行关闭按钮！
[2017-10-31 11:52:02,571]  INFO - 初始化第一列行情！
[2017-10-31 11:52:02,572]  INFO - 初始化第一列供需发布！
[2017-10-31 11:52:02,572]  INFO - 初始化第一列K线图！
[2017-10-31 11:52:02,572]  INFO - 初始化第一列资讯！
[2017-10-31 11:52:02,572]  INFO - 初始化第二行快捷按钮！
[2017-10-31 11:52:02,572]  INFO - 初始化买入基价！
[2017-10-31 11:52:02,572]  INFO - 初始化买入基价值！
[2017-10-31 11:52:02,572]  INFO - 初始化卖出基价！
[2017-10-31 11:52:02,572]  INFO - 初始化卖出基价值！
[2017-10-31 11:52:02,577]  INFO - 初始化第二行快捷按钮！
[2017-10-31 11:52:02,627]  INFO - 初始化界面结束！
[2017-10-31 11:52:03,293]  INFO - 初始化供需发布！
[2017-10-31 11:52:03,588]  INFO - 创建登录界面！
[2017-10-31 11:52:03,658]  INFO - 初始化内置浏览器！
[2017-10-31 11:52:31,126]  INFO - 初始化界面开始！
[2017-10-31 11:52:31,144]  INFO - 画板初始化！
[2017-10-31 11:52:31,261]  INFO - 初始化第一行背景！
[2017-10-31 11:52:31,262]  INFO - 初始化第一行行情按钮！
[2017-10-31 11:52:31,263]  INFO - 初始化第一行我的资金按钮！
[2017-10-31 11:52:31,263]  INFO - 初始化第一行基础管理按钮！
[2017-10-31 11:52:31,263]  INFO - 初始化第一行登录按钮！
[2017-10-31 11:52:31,269]  INFO - 初始化第一行注册按钮！
[2017-10-31 11:52:31,270]  INFO - 初始化第一行登录后状态！
[2017-10-31 11:52:31,271]  INFO - 初始化第一行注销按钮！
[2017-10-31 11:52:31,271]  INFO - 初始化第一行最小化按钮！
[2017-10-31 11:52:31,272]  INFO - 初始化第一行最大化按钮！
[2017-10-31 11:52:31,273]  INFO - 初始化第一行关闭按钮！
[2017-10-31 11:52:31,274]  INFO - 初始化第一列行情！
[2017-10-31 11:52:31,275]  INFO - 初始化第一列供需发布！
[2017-10-31 11:52:31,275]  INFO - 初始化第一列K线图！
[2017-10-31 11:52:31,275]  INFO - 初始化第一列资讯！
[2017-10-31 11:52:31,275]  INFO - 初始化第二行快捷按钮！
[2017-10-31 11:52:31,275]  INFO - 初始化买入基价！
[2017-10-31 11:52:31,275]  INFO - 初始化买入基价值！
[2017-10-31 11:52:31,275]  INFO - 初始化卖出基价！
[2017-10-31 11:52:31,275]  INFO - 初始化卖出基价值！
[2017-10-31 11:52:31,280]  INFO - 初始化第二行快捷按钮！
[2017-10-31 11:52:31,314]  INFO - 初始化界面结束！
[2017-10-31 11:52:31,911]  INFO - 初始化供需发布！
[2017-10-31 11:52:32,226]  INFO - 创建登录界面！
[2017-10-31 11:52:32,292]  INFO - 初始化内置浏览器！
[2017-10-31 11:53:37,603]  INFO - 初始化界面开始！
[2017-10-31 11:53:37,612]  INFO - 画板初始化！
[2017-10-31 11:53:37,731]  INFO - 初始化第一行背景！
[2017-10-31 11:53:37,732]  INFO - 初始化第一行行情按钮！
[2017-10-31 11:53:37,733]  INFO - 初始化第一行我的资金按钮！
[2017-10-31 11:53:37,734]  INFO - 初始化第一行基础管理按钮！
[2017-10-31 11:53:37,734]  INFO - 初始化第一行登录按钮！
[2017-10-31 11:53:37,743]  INFO - 初始化第一行注册按钮！
[2017-10-31 11:53:37,745]  INFO - 初始化第一行登录后状态！
[2017-10-31 11:53:37,745]  INFO - 初始化第一行注销按钮！
[2017-10-31 11:53:37,745]  INFO - 初始化第一行最小化按钮！
[2017-10-31 11:53:37,750]  INFO - 初始化第一行最大化按钮！
[2017-10-31 11:53:37,752]  INFO - 初始化第一行关闭按钮！
[2017-10-31 11:53:37,771]  INFO - 初始化第一列行情！
[2017-10-31 11:53:37,771]  INFO - 初始化第一列供需发布！
[2017-10-31 11:53:37,771]  INFO - 初始化第一列K线图！
[2017-10-31 11:53:37,771]  INFO - 初始化第一列资讯！
[2017-10-31 11:53:37,771]  INFO - 初始化第二行快捷按钮！
[2017-10-31 11:53:37,771]  INFO - 初始化买入基价！
[2017-10-31 11:53:37,771]  INFO - 初始化买入基价值！
[2017-10-31 11:53:37,771]  INFO - 初始化卖出基价！
[2017-10-31 11:53:37,771]  INFO - 初始化卖出基价值！
[2017-10-31 11:53:37,781]  INFO - 初始化第二行快捷按钮！
[2017-10-31 11:53:37,847]  INFO - 初始化界面结束！
[2017-10-31 11:53:39,308]  INFO - 初始化供需发布！
[2017-10-31 11:53:39,707]  INFO - 创建登录界面！
[2017-10-31 11:53:39,765]  INFO - 初始化内置浏览器！
[2017-10-31 14:15:56,746]  INFO - 初始化界面开始！
[2017-10-31 14:15:56,757]  INFO - 画板初始化！
[2017-10-31 14:15:56,926]  INFO - 初始化第一行背景！
[2017-10-31 14:15:56,928]  INFO - 初始化第一行行情按钮！
[2017-10-31 14:15:56,929]  INFO - 初始化第一行我的资金按钮！
[2017-10-31 14:15:56,929]  INFO - 初始化第一行基础管理按钮！
[2017-10-31 14:15:56,929]  INFO - 初始化第一行登录按钮！
[2017-10-31 14:15:56,941]  INFO - 初始化第一行注册按钮！
[2017-10-31 14:15:56,943]  INFO - 初始化第一行登录后状态！
[2017-10-31 14:15:56,943]  INFO - 初始化第一行注销按钮！
[2017-10-31 14:15:56,943]  INFO - 初始化第一行最小化按钮！
[2017-10-31 14:15:56,945]  INFO - 初始化第一行最大化按钮！
[2017-10-31 14:15:56,946]  INFO - 初始化第一行关闭按钮！
[2017-10-31 14:15:56,948]  INFO - 初始化第一列行情！
[2017-10-31 14:15:56,948]  INFO - 初始化第一列供需发布！
[2017-10-31 14:15:56,948]  INFO - 初始化第一列K线图！
[2017-10-31 14:15:56,948]  INFO - 初始化第一列资讯！
[2017-10-31 14:15:56,948]  INFO - 初始化第二行快捷按钮！
[2017-10-31 14:15:56,948]  INFO - 初始化买入基价！
[2017-10-31 14:15:56,948]  INFO - 初始化买入基价值！
[2017-10-31 14:15:56,948]  INFO - 初始化卖出基价！
[2017-10-31 14:15:56,948]  INFO - 初始化卖出基价值！
[2017-10-31 14:15:56,954]  INFO - 初始化第二行快捷按钮！
[2017-10-31 14:15:57,012]  INFO - 初始化界面结束！
[2017-10-31 14:15:57,938]  INFO - 初始化供需发布！
[2017-10-31 14:15:58,494]  INFO - 创建登录界面！
[2017-10-31 14:15:58,629]  INFO - 初始化内置浏览器！
[2017-10-31 14:19:08,050]  INFO - 初始化界面开始！
[2017-10-31 14:19:08,060]  INFO - 画板初始化！
[2017-10-31 14:19:08,231]  INFO - 初始化第一行背景！
[2017-10-31 14:19:08,233]  INFO - 初始化第一行行情按钮！
[2017-10-31 14:19:08,234]  INFO - 初始化第一行我的资金按钮！
[2017-10-31 14:19:08,234]  INFO - 初始化第一行基础管理按钮！
[2017-10-31 14:19:08,234]  INFO - 初始化第一行登录按钮！
[2017-10-31 14:19:08,242]  INFO - 初始化第一行注册按钮！
[2017-10-31 14:19:08,244]  INFO - 初始化第一行登录后状态！
[2017-10-31 14:19:08,244]  INFO - 初始化第一行注销按钮！
[2017-10-31 14:19:08,245]  INFO - 初始化第一行最小化按钮！
[2017-10-31 14:19:08,246]  INFO - 初始化第一行最大化按钮！
[2017-10-31 14:19:08,248]  INFO - 初始化第一行关闭按钮！
[2017-10-31 14:19:08,250]  INFO - 初始化第一列行情！
[2017-10-31 14:19:08,250]  INFO - 初始化第一列供需发布！
[2017-10-31 14:19:08,250]  INFO - 初始化第一列K线图！
[2017-10-31 14:19:08,250]  INFO - 初始化第一列资讯！
[2017-10-31 14:19:08,250]  INFO - 初始化第二行快捷按钮！
[2017-10-31 14:19:08,250]  INFO - 初始化买入基价！
[2017-10-31 14:19:08,251]  INFO - 初始化买入基价值！
[2017-10-31 14:19:08,251]  INFO - 初始化卖出基价！
[2017-10-31 14:19:08,251]  INFO - 初始化卖出基价值！
[2017-10-31 14:19:08,257]  INFO - 初始化第二行快捷按钮！
[2017-10-31 14:19:08,309]  INFO - 初始化界面结束！
[2017-10-31 14:19:09,110]  INFO - 初始化供需发布！
[2017-10-31 14:19:09,617]  INFO - 创建登录界面！
[2017-10-31 14:19:09,720]  INFO - 初始化内置浏览器！
[2017-10-31 14:21:33,809]  INFO - 初始化界面开始！
[2017-10-31 14:21:33,818]  INFO - 画板初始化！
[2017-10-31 14:21:34,011]  INFO - 初始化第一行背景！
[2017-10-31 14:21:34,013]  INFO - 初始化第一行行情按钮！
[2017-10-31 14:21:34,014]  INFO - 初始化第一行我的资金按钮！
[2017-10-31 14:21:34,014]  INFO - 初始化第一行基础管理按钮！
[2017-10-31 14:21:34,014]  INFO - 初始化第一行登录按钮！
[2017-10-31 14:21:34,023]  INFO - 初始化第一行注册按钮！
[2017-10-31 14:21:34,025]  INFO - 初始化第一行登录后状态！
[2017-10-31 14:21:34,025]  INFO - 初始化第一行注销按钮！
[2017-10-31 14:21:34,025]  INFO - 初始化第一行最小化按钮！
[2017-10-31 14:21:34,027]  INFO - 初始化第一行最大化按钮！
[2017-10-31 14:21:34,029]  INFO - 初始化第一行关闭按钮！
[2017-10-31 14:21:34,030]  INFO - 初始化第一列行情！
[2017-10-31 14:21:34,030]  INFO - 初始化第一列供需发布！
[2017-10-31 14:21:34,030]  INFO - 初始化第一列K线图！
[2017-10-31 14:21:34,030]  INFO - 初始化第一列资讯！
[2017-10-31 14:21:34,030]  INFO - 初始化第二行快捷按钮！
[2017-10-31 14:21:34,031]  INFO - 初始化买入基价！
[2017-10-31 14:21:34,031]  INFO - 初始化买入基价值！
[2017-10-31 14:21:34,031]  INFO - 初始化卖出基价！
[2017-10-31 14:21:34,031]  INFO - 初始化卖出基价值！
[2017-10-31 14:21:34,036]  INFO - 初始化第二行快捷按钮！
[2017-10-31 14:21:34,086]  INFO - 初始化界面结束！
[2017-10-31 14:21:35,385]  INFO - 初始化供需发布！
[2017-10-31 14:21:35,824]  INFO - 创建登录界面！
[2017-10-31 14:21:35,919]  INFO - 初始化内置浏览器！
[2017-10-31 14:22:18,734]  INFO - 初始化界面开始！
[2017-10-31 14:22:18,744]  INFO - 画板初始化！
[2017-10-31 14:22:19,036]  INFO - 初始化第一行背景！
[2017-10-31 14:22:19,037]  INFO - 初始化第一行行情按钮！
[2017-10-31 14:22:19,038]  INFO - 初始化第一行我的资金按钮！
[2017-10-31 14:22:19,038]  INFO - 初始化第一行基础管理按钮！
[2017-10-31 14:22:19,038]  INFO - 初始化第一行登录按钮！
[2017-10-31 14:22:19,047]  INFO - 初始化第一行注册按钮！
[2017-10-31 14:22:19,048]  INFO - 初始化第一行登录后状态！
[2017-10-31 14:22:19,049]  INFO - 初始化第一行注销按钮！
[2017-10-31 14:22:19,049]  INFO - 初始化第一行最小化按钮！
[2017-10-31 14:22:19,051]  INFO - 初始化第一行最大化按钮！
[2017-10-31 14:22:19,052]  INFO - 初始化第一行关闭按钮！
[2017-10-31 14:22:19,053]  INFO - 初始化第一列行情！
[2017-10-31 14:22:19,054]  INFO - 初始化第一列供需发布！
[2017-10-31 14:22:19,054]  INFO - 初始化第一列K线图！
[2017-10-31 14:22:19,054]  INFO - 初始化第一列资讯！
[2017-10-31 14:22:19,054]  INFO - 初始化第二行快捷按钮！
[2017-10-31 14:22:19,054]  INFO - 初始化买入基价！
[2017-10-31 14:22:19,054]  INFO - 初始化买入基价值！
[2017-10-31 14:22:19,054]  INFO - 初始化卖出基价！
[2017-10-31 14:22:19,054]  INFO - 初始化卖出基价值！
[2017-10-31 14:22:19,059]  INFO - 初始化第二行快捷按钮！
[2017-10-31 14:22:19,110]  INFO - 初始化界面结束！
[2017-10-31 14:22:21,660] ERROR - UseOnlineTradingSystem.MQTTService 启动MQTT服务异常, Error: 启动1a3a1c81-b2d7-4835-ab94-aabff27184a5发生异常:
[2017-10-31 14:22:21,661]  INFO - 初始化供需发布！
[2017-10-31 14:22:22,486]  INFO - 创建登录界面！
[2017-10-31 14:22:22,726]  INFO - 初始化内置浏览器！
[2017-10-31 14:23:45,700]  INFO - 初始化界面开始！
[2017-10-31 14:23:45,710]  INFO - 画板初始化！
[2017-10-31 14:23:45,958]  INFO - 初始化第一行背景！
[2017-10-31 14:23:45,960]  INFO - 初始化第一行行情按钮！
[2017-10-31 14:23:45,961]  INFO - 初始化第一行我的资金按钮！
[2017-10-31 14:23:45,961]  INFO - 初始化第一行基础管理按钮！
[2017-10-31 14:23:45,961]  INFO - 初始化第一行登录按钮！
[2017-10-31 14:23:45,973]  INFO - 初始化第一行注册按钮！
[2017-10-31 14:23:45,975]  INFO - 初始化第一行登录后状态！
[2017-10-31 14:23:45,975]  INFO - 初始化第一行注销按钮！
[2017-10-31 14:23:45,975]  INFO - 初始化第一行最小化按钮！
[2017-10-31 14:23:45,977]  INFO - 初始化第一行最大化按钮！
[2017-10-31 14:23:45,979]  INFO - 初始化第一行关闭按钮！
[2017-10-31 14:23:45,980]  INFO - 初始化第一列行情！
[2017-10-31 14:23:45,980]  INFO - 初始化第一列供需发布！
[2017-10-31 14:23:45,980]  INFO - 初始化第一列K线图！
[2017-10-31 14:23:45,980]  INFO - 初始化第一列资讯！
[2017-10-31 14:23:45,980]  INFO - 初始化第二行快捷按钮！
[2017-10-31 14:23:45,981]  INFO - 初始化买入基价！
[2017-10-31 14:23:45,981]  INFO - 初始化买入基价值！
[2017-10-31 14:23:45,981]  INFO - 初始化卖出基价！
[2017-10-31 14:23:45,981]  INFO - 初始化卖出基价值！
[2017-10-31 14:23:45,986]  INFO - 初始化第二行快捷按钮！
[2017-10-31 14:23:46,037]  INFO - 初始化界面结束！
[2017-10-31 14:23:47,752]  INFO - 初始化供需发布！
[2017-10-31 14:23:48,267]  INFO - 创建登录界面！
[2017-10-31 14:23:48,354]  INFO - 初始化内置浏览器！
[2017-10-31 14:26:21,060]  INFO - 初始化界面开始！
[2017-10-31 14:26:21,069]  INFO - 画板初始化！
[2017-10-31 14:26:21,246]  INFO - 初始化第一行背景！
[2017-10-31 14:26:21,248]  INFO - 初始化第一行行情按钮！
[2017-10-31 14:26:21,249]  INFO - 初始化第一行我的资金按钮！
[2017-10-31 14:26:21,249]  INFO - 初始化第一行基础管理按钮！
[2017-10-31 14:26:21,249]  INFO - 初始化第一行登录按钮！
[2017-10-31 14:26:21,258]  INFO - 初始化第一行注册按钮！
[2017-10-31 14:26:21,260]  INFO - 初始化第一行登录后状态！
[2017-10-31 14:26:21,260]  INFO - 初始化第一行注销按钮！
[2017-10-31 14:26:21,260]  INFO - 初始化第一行最小化按钮！
[2017-10-31 14:26:21,262]  INFO - 初始化第一行最大化按钮！
[2017-10-31 14:26:21,263]  INFO - 初始化第一行关闭按钮！
[2017-10-31 14:26:21,265]  INFO - 初始化第一列行情！
[2017-10-31 14:26:21,265]  INFO - 初始化第一列供需发布！
[2017-10-31 14:26:21,265]  INFO - 初始化第一列K线图！
[2017-10-31 14:26:21,265]  INFO - 初始化第一列资讯！
[2017-10-31 14:26:21,265]  INFO - 初始化第二行快捷按钮！
[2017-10-31 14:26:21,265]  INFO - 初始化买入基价！
[2017-10-31 14:26:21,265]  INFO - 初始化买入基价值！
[2017-10-31 14:26:21,265]  INFO - 初始化卖出基价！
[2017-10-31 14:26:21,265]  INFO - 初始化卖出基价值！
[2017-10-31 14:26:21,270]  INFO - 初始化第二行快捷按钮！
[2017-10-31 14:26:21,321]  INFO - 初始化界面结束！
[2017-10-31 14:26:22,915]  INFO - 初始化供需发布！
[2017-10-31 14:26:23,471]  INFO - 创建登录界面！
[2017-10-31 14:26:23,580]  INFO - 初始化内置浏览器！
[2017-10-31 14:28:46,174]  INFO - 初始化界面开始！
[2017-10-31 14:28:46,184]  INFO - 画板初始化！
[2017-10-31 14:28:46,436]  INFO - 初始化第一行背景！
[2017-10-31 14:28:46,437]  INFO - 初始化第一行行情按钮！
[2017-10-31 14:28:46,438]  INFO - 初始化第一行我的资金按钮！
[2017-10-31 14:28:46,438]  INFO - 初始化第一行基础管理按钮！
[2017-10-31 14:28:46,438]  INFO - 初始化第一行登录按钮！
[2017-10-31 14:28:46,455]  INFO - 初始化第一行注册按钮！
[2017-10-31 14:28:46,456]  INFO - 初始化第一行登录后状态！
[2017-10-31 14:28:46,457]  INFO - 初始化第一行注销按钮！
[2017-10-31 14:28:46,457]  INFO - 初始化第一行最小化按钮！
[2017-10-31 14:28:46,458]  INFO - 初始化第一行最大化按钮！
[2017-10-31 14:28:46,460]  INFO - 初始化第一行关闭按钮！
[2017-10-31 14:28:46,462]  INFO - 初始化第一列行情！
[2017-10-31 14:28:46,462]  INFO - 初始化第一列供需发布！
[2017-10-31 14:28:46,462]  INFO - 初始化第一列K线图！
[2017-10-31 14:28:46,462]  INFO - 初始化第一列资讯！
[2017-10-31 14:28:46,462]  INFO - 初始化第二行快捷按钮！
[2017-10-31 14:28:46,462]  INFO - 初始化买入基价！
[2017-10-31 14:28:46,462]  INFO - 初始化买入基价值！
[2017-10-31 14:28:46,462]  INFO - 初始化卖出基价！
[2017-10-31 14:28:46,462]  INFO - 初始化卖出基价值！
[2017-10-31 14:28:46,468]  INFO - 初始化第二行快捷按钮！
[2017-10-31 14:28:46,520]  INFO - 初始化界面结束！
[2017-10-31 14:28:48,846]  INFO - 初始化供需发布！
[2017-10-31 14:28:49,692]  INFO - 创建登录界面！
[2017-10-31 14:28:49,788]  INFO - 初始化内置浏览器！
[2017-10-31 14:30:06,109]  INFO - 退出程序!
[2017-10-31 14:31:05,636]  INFO - 初始化界面开始！
[2017-10-31 14:31:05,645]  INFO - 画板初始化！
[2017-10-31 14:31:05,818]  INFO - 初始化第一行背景！
[2017-10-31 14:31:05,820]  INFO - 初始化第一行行情按钮！
[2017-10-31 14:31:05,821]  INFO - 初始化第一行我的资金按钮！
[2017-10-31 14:31:05,821]  INFO - 初始化第一行基础管理按钮！
[2017-10-31 14:31:05,821]  INFO - 初始化第一行登录按钮！
[2017-10-31 14:31:05,831]  INFO - 初始化第一行注册按钮！
[2017-10-31 14:31:05,833]  INFO - 初始化第一行登录后状态！
[2017-10-31 14:31:05,833]  INFO - 初始化第一行注销按钮！
[2017-10-31 14:31:05,833]  INFO - 初始化第一行最小化按钮！
[2017-10-31 14:31:05,835]  INFO - 初始化第一行最大化按钮！
[2017-10-31 14:31:05,837]  INFO - 初始化第一行关闭按钮！
[2017-10-31 14:31:05,839]  INFO - 初始化第一列行情！
[2017-10-31 14:31:05,839]  INFO - 初始化第一列供需发布！
[2017-10-31 14:31:05,839]  INFO - 初始化第一列K线图！
[2017-10-31 14:31:05,839]  INFO - 初始化第一列资讯！
[2017-10-31 14:31:05,839]  INFO - 初始化第二行快捷按钮！
[2017-10-31 14:31:05,839]  INFO - 初始化买入基价！
[2017-10-31 14:31:05,839]  INFO - 初始化买入基价值！
[2017-10-31 14:31:05,839]  INFO - 初始化卖出基价！
[2017-10-31 14:31:05,839]  INFO - 初始化卖出基价值！
[2017-10-31 14:31:05,844]  INFO - 初始化第二行快捷按钮！
[2017-10-31 14:31:05,896]  INFO - 初始化界面结束！
[2017-10-31 14:31:07,954]  INFO - 初始化供需发布！
[2017-10-31 14:31:08,428]  INFO - 创建登录界面！
[2017-10-31 14:31:08,529]  INFO - 初始化内置浏览器！
[2017-10-31 14:31:36,174] ERROR - Newtonsoft.Json.JsonReaderException: Unexpected character encountered while parsing value: <. Path '', line 0, position 0.
   在 Newtonsoft.Json.JsonTextReader.ParseValue()
   在 Newtonsoft.Json.JsonTextReader.ReadInternal()
   在 Newtonsoft.Json.JsonTextReader.Read()
   在 Newtonsoft.Json.Serialization.JsonSerializerInternalReader.ReadForType(JsonReader reader, JsonContract contract, Boolean hasConverter)
   在 Newtonsoft.Json.Serialization.JsonSerializerInternalReader.Deserialize(JsonReader reader, Type objectType, Boolean checkAdditionalContent)
   在 Newtonsoft.Json.JsonSerializer.DeserializeInternal(JsonReader reader, Type objectType)
   在 Newtonsoft.Json.JsonConvert.DeserializeObject(String value, Type type, JsonSerializerSettings settings)
   在 Newtonsoft.Json.JsonConvert.DeserializeObject[T](String value, JsonSerializerSettings settings)
   在 Newtonsoft.Json.JsonConvert.DeserializeObject[T](String value)
   在 UseOnlineTradingSystem.Helper.Deserialize[T](String obj) 位置 C:\USeClient\TFS\UseOnlineTradingSystem\UseOnlineTradingSystem\UseOnlineTradingSystem\USeCommon\Helper.cs:行号 75
   在 UseOnlineTradingSystem.HttpService.PostDelistBrandOrder(DelistingRequest require) 位置 C:\USeClient\TFS\UseOnlineTradingSystem\UseOnlineTradingSystem\UseOnlineTradingSystem\USeCommon\Communication\HttpService.cs:行号 128
[2017-10-31 14:32:42,193]  INFO - 初始化界面开始！
[2017-10-31 14:32:42,202]  INFO - 画板初始化！
[2017-10-31 14:32:42,777]  INFO - 初始化第一行背景！
[2017-10-31 14:32:42,778]  INFO - 初始化第一行行情按钮！
[2017-10-31 14:32:42,779]  INFO - 初始化第一行我的资金按钮！
[2017-10-31 14:32:42,779]  INFO - 初始化第一行基础管理按钮！
[2017-10-31 14:32:42,779]  INFO - 初始化第一行登录按钮！
[2017-10-31 14:32:42,787]  INFO - 初始化第一行注册按钮！
[2017-10-31 14:32:42,789]  INFO - 初始化第一行登录后状态！
[2017-10-31 14:32:42,789]  INFO - 初始化第一行注销按钮！
[2017-10-31 14:32:42,789]  INFO - 初始化第一行最小化按钮！
[2017-10-31 14:32:42,791]  INFO - 初始化第一行最大化按钮！
[2017-10-31 14:32:42,792]  INFO - 初始化第一行关闭按钮！
[2017-10-31 14:32:42,794]  INFO - 初始化第一列行情！
[2017-10-31 14:32:42,794]  INFO - 初始化第一列供需发布！
[2017-10-31 14:32:42,794]  INFO - 初始化第一列K线图！
[2017-10-31 14:32:42,794]  INFO - 初始化第一列资讯！
[2017-10-31 14:32:42,794]  INFO - 初始化第二行快捷按钮！
[2017-10-31 14:32:42,794]  INFO - 初始化买入基价！
[2017-10-31 14:32:42,794]  INFO - 初始化买入基价值！
[2017-10-31 14:32:42,794]  INFO - 初始化卖出基价！
[2017-10-31 14:32:42,794]  INFO - 初始化卖出基价值！
[2017-10-31 14:32:42,799]  INFO - 初始化第二行快捷按钮！
[2017-10-31 14:32:42,850]  INFO - 初始化界面结束！
[2017-10-31 14:32:44,733]  INFO - 初始化供需发布！
[2017-10-31 14:32:45,296]  INFO - 创建登录界面！
[2017-10-31 14:32:45,410]  INFO - 初始化内置浏览器！
[2017-10-31 14:35:33,156] ERROR - Newtonsoft.Json.JsonReaderException: Unexpected character encountered while parsing value: <. Path '', line 0, position 0.
   在 Newtonsoft.Json.JsonTextReader.ParseValue()
   在 Newtonsoft.Json.JsonTextReader.ReadInternal()
   在 Newtonsoft.Json.JsonTextReader.Read()
   在 Newtonsoft.Json.Serialization.JsonSerializerInternalReader.ReadForType(JsonReader reader, JsonContract contract, Boolean hasConverter)
   在 Newtonsoft.Json.Serialization.JsonSerializerInternalReader.Deserialize(JsonReader reader, Type objectType, Boolean checkAdditionalContent)
   在 Newtonsoft.Json.JsonSerializer.DeserializeInternal(JsonReader reader, Type objectType)
   在 Newtonsoft.Json.JsonConvert.DeserializeObject(String value, Type type, JsonSerializerSettings settings)
   在 Newtonsoft.Json.JsonConvert.DeserializeObject[T](String value, JsonSerializerSettings settings)
   在 Newtonsoft.Json.JsonConvert.DeserializeObject[T](String value)
   在 UseOnlineTradingSystem.Helper.Deserialize[T](String obj) 位置 C:\USeClient\TFS\UseOnlineTradingSystem\UseOnlineTradingSystem\UseOnlineTradingSystem\USeCommon\Helper.cs:行号 75
   在 UseOnlineTradingSystem.HttpService.PostDelistBrandOrder(DelistingRequest require) 位置 C:\USeClient\TFS\UseOnlineTradingSystem\UseOnlineTradingSystem\UseOnlineTradingSystem\USeCommon\Communication\HttpService.cs:行号 128
[2017-10-31 14:35:49,907]  INFO - 初始化界面开始！
[2017-10-31 14:35:49,916]  INFO - 画板初始化！
[2017-10-31 14:35:50,133]  INFO - 初始化第一行背景！
[2017-10-31 14:35:50,135]  INFO - 初始化第一行行情按钮！
[2017-10-31 14:35:50,136]  INFO - 初始化第一行我的资金按钮！
[2017-10-31 14:35:50,136]  INFO - 初始化第一行基础管理按钮！
[2017-10-31 14:35:50,136]  INFO - 初始化第一行登录按钮！
[2017-10-31 14:35:50,149]  INFO - 初始化第一行注册按钮！
[2017-10-31 14:35:50,151]  INFO - 初始化第一行登录后状态！
[2017-10-31 14:35:50,152]  INFO - 初始化第一行注销按钮！
[2017-10-31 14:35:50,152]  INFO - 初始化第一行最小化按钮！
[2017-10-31 14:35:50,154]  INFO - 初始化第一行最大化按钮！
[2017-10-31 14:35:50,155]  INFO - 初始化第一行关闭按钮！
[2017-10-31 14:35:50,157]  INFO - 初始化第一列行情！
[2017-10-31 14:35:50,157]  INFO - 初始化第一列供需发布！
[2017-10-31 14:35:50,157]  INFO - 初始化第一列K线图！
[2017-10-31 14:35:50,157]  INFO - 初始化第一列资讯！
[2017-10-31 14:35:50,157]  INFO - 初始化第二行快捷按钮！
[2017-10-31 14:35:50,157]  INFO - 初始化买入基价！
[2017-10-31 14:35:50,157]  INFO - 初始化买入基价值！
[2017-10-31 14:35:50,157]  INFO - 初始化卖出基价！
[2017-10-31 14:35:50,157]  INFO - 初始化卖出基价值！
[2017-10-31 14:35:50,163]  INFO - 初始化第二行快捷按钮！
[2017-10-31 14:35:50,216]  INFO - 初始化界面结束！
[2017-10-31 14:35:53,412] ERROR - UseOnlineTradingSystem.MQTTService 启动MQTT服务异常, Error: 启动e7452677-b1b7-44d9-9b7a-bea530b6d291发生异常:
[2017-10-31 14:35:53,413]  INFO - 初始化供需发布！
[2017-10-31 14:35:54,236]  INFO - 创建登录界面！
[2017-10-31 14:35:54,345]  INFO - 初始化内置浏览器！
[2017-10-31 14:39:32,540] ERROR - Newtonsoft.Json.JsonReaderException: Unexpected character encountered while parsing value: <. Path '', line 0, position 0.
   在 Newtonsoft.Json.JsonTextReader.ParseValue()
   在 Newtonsoft.Json.JsonTextReader.ReadInternal()
   在 Newtonsoft.Json.JsonTextReader.Read()
   在 Newtonsoft.Json.Serialization.JsonSerializerInternalReader.ReadForType(JsonReader reader, JsonContract contract, Boolean hasConverter)
   在 Newtonsoft.Json.Serialization.JsonSerializerInternalReader.Deserialize(JsonReader reader, Type objectType, Boolean checkAdditionalContent)
   在 Newtonsoft.Json.JsonSerializer.DeserializeInternal(JsonReader reader, Type objectType)
   在 Newtonsoft.Json.JsonConvert.DeserializeObject(String value, Type type, JsonSerializerSettings settings)
   在 Newtonsoft.Json.JsonConvert.DeserializeObject[T](String value, JsonSerializerSettings settings)
   在 Newtonsoft.Json.JsonConvert.DeserializeObject[T](String value)
   在 UseOnlineTradingSystem.Helper.Deserialize[T](String obj) 位置 C:\USeClient\TFS\UseOnlineTradingSystem\UseOnlineTradingSystem\UseOnlineTradingSystem\USeCommon\Helper.cs:行号 75
   在 UseOnlineTradingSystem.HttpService.PostDelistBrandOrder(DelistingRequest require) 位置 C:\USeClient\TFS\UseOnlineTradingSystem\UseOnlineTradingSystem\UseOnlineTradingSystem\USeCommon\Communication\HttpService.cs:行号 128
[2017-10-31 14:51:36,839]  INFO - 初始化界面开始！
[2017-10-31 14:51:36,848]  INFO - 画板初始化！
[2017-10-31 14:51:37,055]  INFO - 初始化第一行背景！
[2017-10-31 14:51:37,056]  INFO - 初始化第一行行情按钮！
[2017-10-31 14:51:37,057]  INFO - 初始化第一行我的资金按钮！
[2017-10-31 14:51:37,057]  INFO - 初始化第一行基础管理按钮！
[2017-10-31 14:51:37,057]  INFO - 初始化第一行登录按钮！
[2017-10-31 14:51:37,088]  INFO - 初始化第一行注册按钮！
[2017-10-31 14:51:37,090]  INFO - 初始化第一行登录后状态！
[2017-10-31 14:51:37,090]  INFO - 初始化第一行注销按钮！
[2017-10-31 14:51:37,090]  INFO - 初始化第一行最小化按钮！
[2017-10-31 14:51:37,092]  INFO - 初始化第一行最大化按钮！
[2017-10-31 14:51:37,094]  INFO - 初始化第一行关闭按钮！
[2017-10-31 14:51:37,095]  INFO - 初始化第一列行情！
[2017-10-31 14:51:37,095]  INFO - 初始化第一列供需发布！
[2017-10-31 14:51:37,095]  INFO - 初始化第一列K线图！
[2017-10-31 14:51:37,095]  INFO - 初始化第一列资讯！
[2017-10-31 14:51:37,095]  INFO - 初始化第二行快捷按钮！
[2017-10-31 14:51:37,096]  INFO - 初始化买入基价！
[2017-10-31 14:51:37,096]  INFO - 初始化买入基价值！
[2017-10-31 14:51:37,096]  INFO - 初始化卖出基价！
[2017-10-31 14:51:37,096]  INFO - 初始化卖出基价值！
[2017-10-31 14:51:37,101]  INFO - 初始化第二行快捷按钮！
[2017-10-31 14:51:37,183]  INFO - 初始化界面结束！
[2017-10-31 14:51:40,218]  INFO - 初始化供需发布！
[2017-10-31 14:51:41,060]  INFO - 创建登录界面！
[2017-10-31 14:51:41,278]  INFO - 初始化内置浏览器！
[2017-10-31 15:04:29,412]  INFO - 初始化界面开始！
[2017-10-31 15:04:29,440]  INFO - 画板初始化！
[2017-10-31 15:04:29,792]  INFO - 初始化第一行背景！
[2017-10-31 15:04:29,794]  INFO - 初始化第一行行情按钮！
[2017-10-31 15:04:29,795]  INFO - 初始化第一行我的资金按钮！
[2017-10-31 15:04:29,795]  INFO - 初始化第一行基础管理按钮！
[2017-10-31 15:04:29,795]  INFO - 初始化第一行登录按钮！
[2017-10-31 15:04:29,803]  INFO - 初始化第一行注册按钮！
[2017-10-31 15:04:29,806]  INFO - 初始化第一行登录后状态！
[2017-10-31 15:04:29,806]  INFO - 初始化第一行注销按钮！
[2017-10-31 15:04:29,806]  INFO - 初始化第一行最小化按钮！
[2017-10-31 15:04:29,807]  INFO - 初始化第一行最大化按钮！
[2017-10-31 15:04:29,809]  INFO - 初始化第一行关闭按钮！
[2017-10-31 15:04:29,811]  INFO - 初始化第一列行情！
[2017-10-31 15:04:29,811]  INFO - 初始化第一列供需发布！
[2017-10-31 15:04:29,811]  INFO - 初始化第一列K线图！
[2017-10-31 15:04:29,811]  INFO - 初始化第一列资讯！
[2017-10-31 15:04:29,811]  INFO - 初始化第二行快捷按钮！
[2017-10-31 15:04:29,811]  INFO - 初始化买入基价！
[2017-10-31 15:04:29,811]  INFO - 初始化买入基价值！
[2017-10-31 15:04:29,811]  INFO - 初始化卖出基价！
[2017-10-31 15:04:29,811]  INFO - 初始化卖出基价值！
[2017-10-31 15:04:29,816]  INFO - 初始化第二行快捷按钮！
[2017-10-31 15:04:29,864]  INFO - 初始化界面结束！
[2017-10-31 15:04:31,260]  INFO - 初始化供需发布！
[2017-10-31 15:04:31,971]  INFO - 创建登录界面！
[2017-10-31 15:04:32,067]  INFO - 初始化内置浏览器！
[2017-10-31 15:26:17,109]  INFO - 初始化界面开始！
[2017-10-31 15:26:17,155]  INFO - 画板初始化！
[2017-10-31 15:26:17,618]  INFO - 初始化第一行背景！
[2017-10-31 15:26:17,620]  INFO - 初始化第一行行情按钮！
[2017-10-31 15:26:17,621]  INFO - 初始化第一行我的资金按钮！
[2017-10-31 15:26:17,621]  INFO - 初始化第一行基础管理按钮！
[2017-10-31 15:26:17,621]  INFO - 初始化第一行登录按钮！
[2017-10-31 15:26:17,645]  INFO - 初始化第一行注册按钮！
[2017-10-31 15:26:17,649]  INFO - 初始化第一行登录后状态！
[2017-10-31 15:26:17,649]  INFO - 初始化第一行注销按钮！
[2017-10-31 15:26:17,649]  INFO - 初始化第一行最小化按钮！
[2017-10-31 15:26:17,651]  INFO - 初始化第一行最大化按钮！
[2017-10-31 15:26:17,652]  INFO - 初始化第一行关闭按钮！
[2017-10-31 15:26:17,654]  INFO - 初始化第一列行情！
[2017-10-31 15:26:17,654]  INFO - 初始化第一列供需发布！
[2017-10-31 15:26:17,654]  INFO - 初始化第一列K线图！
[2017-10-31 15:26:17,654]  INFO - 初始化第一列资讯！
[2017-10-31 15:26:17,654]  INFO - 初始化第二行快捷按钮！
[2017-10-31 15:26:17,654]  INFO - 初始化买入基价！
[2017-10-31 15:26:17,654]  INFO - 初始化买入基价值！
[2017-10-31 15:26:17,654]  INFO - 初始化卖出基价！
[2017-10-31 15:26:17,654]  INFO - 初始化卖出基价值！
[2017-10-31 15:26:17,660]  INFO - 初始化第二行快捷按钮！
[2017-10-31 15:26:17,723]  INFO - 初始化界面结束！
[2017-10-31 15:26:18,764] ERROR - UseOnlineTradingSystem.MQTTService 启动MQTT服务异常, Error: 启动2cb1e4fd-34da-42b2-a9d3-0647e921161a发生异常:
[2017-10-31 15:26:18,765]  INFO - 初始化供需发布！
[2017-10-31 15:26:19,254]  INFO - 创建登录界面！
[2017-10-31 15:26:19,363]  INFO - 初始化内置浏览器！
[2017-10-31 15:34:19,199]  INFO - 退出程序!
[2017-10-31 15:34:28,372]  INFO - 初始化界面开始！
[2017-10-31 15:34:28,385]  INFO - 画板初始化！
[2017-10-31 15:34:28,615]  INFO - 初始化第一行背景！
[2017-10-31 15:34:28,617]  INFO - 初始化第一行行情按钮！
[2017-10-31 15:34:28,618]  INFO - 初始化第一行我的资金按钮！
[2017-10-31 15:34:28,618]  INFO - 初始化第一行基础管理按钮！
[2017-10-31 15:34:28,618]  INFO - 初始化第一行登录按钮！
[2017-10-31 15:34:28,626]  INFO - 初始化第一行注册按钮！
[2017-10-31 15:34:28,628]  INFO - 初始化第一行登录后状态！
[2017-10-31 15:34:28,628]  INFO - 初始化第一行注销按钮！
[2017-10-31 15:34:28,628]  INFO - 初始化第一行最小化按钮！
[2017-10-31 15:34:28,630]  INFO - 初始化第一行最大化按钮！
[2017-10-31 15:34:28,631]  INFO - 初始化第一行关闭按钮！
[2017-10-31 15:34:28,632]  INFO - 初始化第一列行情！
[2017-10-31 15:34:28,632]  INFO - 初始化第一列供需发布！
[2017-10-31 15:34:28,632]  INFO - 初始化第一列K线图！
[2017-10-31 15:34:28,633]  INFO - 初始化第一列资讯！
[2017-10-31 15:34:28,633]  INFO - 初始化第二行快捷按钮！
[2017-10-31 15:34:28,633]  INFO - 初始化买入基价！
[2017-10-31 15:34:28,633]  INFO - 初始化买入基价值！
[2017-10-31 15:34:28,633]  INFO - 初始化卖出基价！
[2017-10-31 15:34:28,633]  INFO - 初始化卖出基价值！
[2017-10-31 15:34:28,638]  INFO - 初始化第二行快捷按钮！
[2017-10-31 15:34:28,691]  INFO - 初始化界面结束！
[2017-10-31 15:34:40,937] ERROR - UseOnlineTradingSystem.MQTTService 启动MQTT服务异常, Error: 启动73fc7b83-ec74-4216-8ee1-b45b1c57efa1发生异常:
[2017-10-31 15:34:40,938]  INFO - 初始化供需发布！
[2017-10-31 15:34:42,039]  INFO - 创建登录界面！
[2017-10-31 15:34:42,375]  INFO - 初始化内置浏览器！
[2017-10-31 15:42:20,493]  INFO - 初始化界面开始！
[2017-10-31 15:42:20,502]  INFO - 画板初始化！
[2017-10-31 15:42:20,666]  INFO - 初始化第一行背景！
[2017-10-31 15:42:20,668]  INFO - 初始化第一行行情按钮！
[2017-10-31 15:42:20,669]  INFO - 初始化第一行我的资金按钮！
[2017-10-31 15:42:20,669]  INFO - 初始化第一行基础管理按钮！
[2017-10-31 15:42:20,669]  INFO - 初始化第一行登录按钮！
[2017-10-31 15:42:20,678]  INFO - 初始化第一行注册按钮！
[2017-10-31 15:42:20,680]  INFO - 初始化第一行登录后状态！
[2017-10-31 15:42:20,680]  INFO - 初始化第一行注销按钮！
[2017-10-31 15:42:20,680]  INFO - 初始化第一行最小化按钮！
[2017-10-31 15:42:20,682]  INFO - 初始化第一行最大化按钮！
[2017-10-31 15:42:20,683]  INFO - 初始化第一行关闭按钮！
[2017-10-31 15:42:20,685]  INFO - 初始化第一列行情！
[2017-10-31 15:42:20,685]  INFO - 初始化第一列供需发布！
[2017-10-31 15:42:20,685]  INFO - 初始化第一列K线图！
[2017-10-31 15:42:20,685]  INFO - 初始化第一列资讯！
[2017-10-31 15:42:20,685]  INFO - 初始化第二行快捷按钮！
[2017-10-31 15:42:20,685]  INFO - 初始化买入基价！
[2017-10-31 15:42:20,685]  INFO - 初始化买入基价值！
[2017-10-31 15:42:20,685]  INFO - 初始化卖出基价！
[2017-10-31 15:42:20,686]  INFO - 初始化卖出基价值！
[2017-10-31 15:42:20,691]  INFO - 初始化第二行快捷按钮！
[2017-10-31 15:42:20,745]  INFO - 初始化界面结束！
[2017-10-31 15:42:23,649] ERROR - UseOnlineTradingSystem.MQTTService 启动MQTT服务异常, Error: 启动54be5d91-43dd-4075-81b4-7fe1628f8b11发生异常:
[2017-10-31 15:42:23,650]  INFO - 初始化供需发布！
[2017-10-31 15:42:25,577]  INFO - 创建登录界面！
[2017-10-31 15:42:25,835]  INFO - 初始化内置浏览器！
[2017-10-31 15:44:13,051]  INFO - 初始化界面开始！
[2017-10-31 15:44:13,061]  INFO - 画板初始化！
[2017-10-31 15:44:13,344]  INFO - 初始化第一行背景！
[2017-10-31 15:44:13,345]  INFO - 初始化第一行行情按钮！
[2017-10-31 15:44:13,346]  INFO - 初始化第一行我的资金按钮！
[2017-10-31 15:44:13,346]  INFO - 初始化第一行基础管理按钮！
[2017-10-31 15:44:13,346]  INFO - 初始化第一行登录按钮！
[2017-10-31 15:44:13,354]  INFO - 初始化第一行注册按钮！
[2017-10-31 15:44:13,356]  INFO - 初始化第一行登录后状态！
[2017-10-31 15:44:13,356]  INFO - 初始化第一行注销按钮！
[2017-10-31 15:44:13,356]  INFO - 初始化第一行最小化按钮！
[2017-10-31 15:44:13,358]  INFO - 初始化第一行最大化按钮！
[2017-10-31 15:44:13,360]  INFO - 初始化第一行关闭按钮！
[2017-10-31 15:44:13,361]  INFO - 初始化第一列行情！
[2017-10-31 15:44:13,361]  INFO - 初始化第一列供需发布！
[2017-10-31 15:44:13,361]  INFO - 初始化第一列K线图！
[2017-10-31 15:44:13,361]  INFO - 初始化第一列资讯！
[2017-10-31 15:44:13,361]  INFO - 初始化第二行快捷按钮！
[2017-10-31 15:44:13,361]  INFO - 初始化买入基价！
[2017-10-31 15:44:13,361]  INFO - 初始化买入基价值！
[2017-10-31 15:44:13,361]  INFO - 初始化卖出基价！
[2017-10-31 15:44:13,361]  INFO - 初始化卖出基价值！
[2017-10-31 15:44:13,366]  INFO - 初始化第二行快捷按钮！
[2017-10-31 15:44:13,420]  INFO - 初始化界面结束！
[2017-10-31 15:44:15,180] ERROR - UseOnlineTradingSystem.MQTTService 启动MQTT服务异常, Error: 启动0826202a-e6f4-42bf-b30c-3414136cb368发生异常:
[2017-10-31 15:44:15,180]  INFO - 初始化供需发布！
[2017-10-31 15:44:15,778]  INFO - 创建登录界面！
[2017-10-31 15:44:15,895]  INFO - 初始化内置浏览器！
[2017-10-31 15:44:53,295]  INFO - 初始化界面开始！
[2017-10-31 15:44:53,304]  INFO - 画板初始化！
[2017-10-31 15:44:53,454]  INFO - 初始化第一行背景！
[2017-10-31 15:44:53,456]  INFO - 初始化第一行行情按钮！
[2017-10-31 15:44:53,457]  INFO - 初始化第一行我的资金按钮！
[2017-10-31 15:44:53,457]  INFO - 初始化第一行基础管理按钮！
[2017-10-31 15:44:53,457]  INFO - 初始化第一行登录按钮！
[2017-10-31 15:44:53,467]  INFO - 初始化第一行注册按钮！
[2017-10-31 15:44:53,469]  INFO - 初始化第一行登录后状态！
[2017-10-31 15:44:53,470]  INFO - 初始化第一行注销按钮！
[2017-10-31 15:44:53,470]  INFO - 初始化第一行最小化按钮！
[2017-10-31 15:44:53,472]  INFO - 初始化第一行最大化按钮！
[2017-10-31 15:44:53,473]  INFO - 初始化第一行关闭按钮！
[2017-10-31 15:44:53,475]  INFO - 初始化第一列行情！
[2017-10-31 15:44:53,475]  INFO - 初始化第一列供需发布！
[2017-10-31 15:44:53,475]  INFO - 初始化第一列K线图！
[2017-10-31 15:44:53,475]  INFO - 初始化第一列资讯！
[2017-10-31 15:44:53,475]  INFO - 初始化第二行快捷按钮！
[2017-10-31 15:44:53,475]  INFO - 初始化买入基价！
[2017-10-31 15:44:53,475]  INFO - 初始化买入基价值！
[2017-10-31 15:44:53,476]  INFO - 初始化卖出基价！
[2017-10-31 15:44:53,476]  INFO - 初始化卖出基价值！
[2017-10-31 15:44:53,481]  INFO - 初始化第二行快捷按钮！
[2017-10-31 15:44:53,523]  INFO - 初始化界面结束！
[2017-10-31 15:44:54,516]  INFO - 初始化供需发布！
[2017-10-31 15:44:55,137]  INFO - 创建登录界面！
[2017-10-31 15:44:55,204]  INFO - 初始化内置浏览器！
[2017-10-31 15:45:08,106] ERROR - UseOnlineTradingSystem.MQTTService 启动MQTT服务异常, Error: 启动258_pc发生异常:
[2017-10-31 15:45:32,978] ERROR - Newtonsoft.Json.JsonReaderException: Unexpected character encountered while parsing value: <. Path '', line 0, position 0.
   在 Newtonsoft.Json.JsonTextReader.ParseValue()
   在 Newtonsoft.Json.JsonTextReader.ReadInternal()
   在 Newtonsoft.Json.JsonTextReader.Read()
   在 Newtonsoft.Json.Serialization.JsonSerializerInternalReader.ReadForType(JsonReader reader, JsonContract contract, Boolean hasConverter)
   在 Newtonsoft.Json.Serialization.JsonSerializerInternalReader.Deserialize(JsonReader reader, Type objectType, Boolean checkAdditionalContent)
   在 Newtonsoft.Json.JsonSerializer.DeserializeInternal(JsonReader reader, Type objectType)
   在 Newtonsoft.Json.JsonConvert.DeserializeObject(String value, Type type, JsonSerializerSettings settings)
   在 Newtonsoft.Json.JsonConvert.DeserializeObject[T](String value, JsonSerializerSettings settings)
   在 Newtonsoft.Json.JsonConvert.DeserializeObject[T](String value)
   在 UseOnlineTradingSystem.Helper.Deserialize[T](String obj) 位置 C:\USeClient\TFS\UseOnlineTradingSystem\UseOnlineTradingSystem\UseOnlineTradingSystem\USeCommon\Helper.cs:行号 75
   在 UseOnlineTradingSystem.HttpService.PostDelistBrandOrder(DelistingRequest require) 位置 C:\USeClient\TFS\UseOnlineTradingSystem\UseOnlineTradingSystem\UseOnlineTradingSystem\USeCommon\Communication\HttpService.cs:行号 128
[2017-10-31 15:49:05,694]  INFO - 初始化界面开始！
[2017-10-31 15:49:05,703]  INFO - 画板初始化！
[2017-10-31 15:49:06,048]  INFO - 初始化第一行背景！
[2017-10-31 15:49:06,049]  INFO - 初始化第一行行情按钮！
[2017-10-31 15:49:06,050]  INFO - 初始化第一行我的资金按钮！
[2017-10-31 15:49:06,050]  INFO - 初始化第一行基础管理按钮！
[2017-10-31 15:49:06,050]  INFO - 初始化第一行登录按钮！
[2017-10-31 15:49:06,057]  INFO - 初始化第一行注册按钮！
[2017-10-31 15:49:06,059]  INFO - 初始化第一行登录后状态！
[2017-10-31 15:49:06,059]  INFO - 初始化第一行注销按钮！
[2017-10-31 15:49:06,059]  INFO - 初始化第一行最小化按钮！
[2017-10-31 15:49:06,061]  INFO - 初始化第一行最大化按钮！
[2017-10-31 15:49:06,062]  INFO - 初始化第一行关闭按钮！
[2017-10-31 15:49:06,063]  INFO - 初始化第一列行情！
[2017-10-31 15:49:06,063]  INFO - 初始化第一列供需发布！
[2017-10-31 15:49:06,063]  INFO - 初始化第一列K线图！
[2017-10-31 15:49:06,063]  INFO - 初始化第一列资讯！
[2017-10-31 15:49:06,063]  INFO - 初始化第二行快捷按钮！
[2017-10-31 15:49:06,063]  INFO - 初始化买入基价！
[2017-10-31 15:49:06,063]  INFO - 初始化买入基价值！
[2017-10-31 15:49:06,063]  INFO - 初始化卖出基价！
[2017-10-31 15:49:06,063]  INFO - 初始化卖出基价值！
[2017-10-31 15:49:06,068]  INFO - 初始化第二行快捷按钮！
[2017-10-31 15:49:06,110]  INFO - 初始化界面结束！
[2017-10-31 15:49:07,930]  INFO - 初始化供需发布！
[2017-10-31 15:49:08,328]  INFO - 创建登录界面！
[2017-10-31 15:49:08,606]  INFO - 初始化内置浏览器！
[2017-10-31 15:55:57,224] ERROR - Newtonsoft.Json.JsonReaderException: Unexpected character encountered while parsing value: <. Path '', line 0, position 0.
   在 Newtonsoft.Json.JsonTextReader.ParseValue()
   在 Newtonsoft.Json.JsonTextReader.ReadInternal()
   在 Newtonsoft.Json.JsonTextReader.Read()
   在 Newtonsoft.Json.Serialization.JsonSerializerInternalReader.ReadForType(JsonReader reader, JsonContract contract, Boolean hasConverter)
   在 Newtonsoft.Json.Serialization.JsonSerializerInternalReader.Deserialize(JsonReader reader, Type objectType, Boolean checkAdditionalContent)
   在 Newtonsoft.Json.JsonSerializer.DeserializeInternal(JsonReader reader, Type objectType)
   在 Newtonsoft.Json.JsonConvert.DeserializeObject(String value, Type type, JsonSerializerSettings settings)
   在 Newtonsoft.Json.JsonConvert.DeserializeObject[T](String value, JsonSerializerSettings settings)
   在 Newtonsoft.Json.JsonConvert.DeserializeObject[T](String value)
   在 UseOnlineTradingSystem.Helper.Deserialize[T](String obj) 位置 C:\USeClient\TFS\UseOnlineTradingSystem\UseOnlineTradingSystem\UseOnlineTradingSystem\USeCommon\Helper.cs:行号 75
   在 UseOnlineTradingSystem.HttpService.PostDelistBrandOrder(DelistingRequest require) 位置 C:\USeClient\TFS\UseOnlineTradingSystem\UseOnlineTradingSystem\UseOnlineTradingSystem\USeCommon\Communication\HttpService.cs:行号 128
[2017-10-31 15:56:41,699]  INFO - 初始化界面开始！
[2017-10-31 15:56:41,705]  INFO - 画板初始化！
[2017-10-31 15:56:41,943]  INFO - 初始化第一行背景！
[2017-10-31 15:56:41,944]  INFO - 初始化第一行行情按钮！
[2017-10-31 15:56:41,945]  INFO - 初始化第一行我的资金按钮！
[2017-10-31 15:56:41,945]  INFO - 初始化第一行基础管理按钮！
[2017-10-31 15:56:41,945]  INFO - 初始化第一行登录按钮！
[2017-10-31 15:56:41,956]  INFO - 初始化第一行注册按钮！
[2017-10-31 15:56:41,958]  INFO - 初始化第一行登录后状态！
[2017-10-31 15:56:41,958]  INFO - 初始化第一行注销按钮！
[2017-10-31 15:56:41,958]  INFO - 初始化第一行最小化按钮！
[2017-10-31 15:56:41,960]  INFO - 初始化第一行最大化按钮！
[2017-10-31 15:56:41,961]  INFO - 初始化第一行关闭按钮！
[2017-10-31 15:56:41,963]  INFO - 初始化第一列行情！
[2017-10-31 15:56:41,963]  INFO - 初始化第一列供需发布！
[2017-10-31 15:56:41,963]  INFO - 初始化第一列K线图！
[2017-10-31 15:56:41,963]  INFO - 初始化第一列资讯！
[2017-10-31 15:56:41,963]  INFO - 初始化第二行快捷按钮！
[2017-10-31 15:56:41,963]  INFO - 初始化买入基价！
[2017-10-31 15:56:41,963]  INFO - 初始化买入基价值！
[2017-10-31 15:56:41,963]  INFO - 初始化卖出基价！
[2017-10-31 15:56:41,963]  INFO - 初始化卖出基价值！
[2017-10-31 15:56:41,969]  INFO - 初始化第二行快捷按钮！
[2017-10-31 15:56:42,019]  INFO - 初始化界面结束！
[2017-10-31 15:56:43,209]  INFO - 初始化供需发布！
[2017-10-31 15:56:43,621]  INFO - 创建登录界面！
[2017-10-31 15:56:43,703]  INFO - 初始化内置浏览器！
[2017-10-31 16:00:25,037]  INFO - 初始化界面开始！
[2017-10-31 16:00:25,067]  INFO - 画板初始化！
[2017-10-31 16:00:25,395]  INFO - 初始化第一行背景！
[2017-10-31 16:00:25,396]  INFO - 初始化第一行行情按钮！
[2017-10-31 16:00:25,398]  INFO - 初始化第一行我的资金按钮！
[2017-10-31 16:00:25,398]  INFO - 初始化第一行基础管理按钮！
[2017-10-31 16:00:25,398]  INFO - 初始化第一行登录按钮！
[2017-10-31 16:00:25,409]  INFO - 初始化第一行注册按钮！
[2017-10-31 16:00:25,411]  INFO - 初始化第一行登录后状态！
[2017-10-31 16:00:25,411]  INFO - 初始化第一行注销按钮！
[2017-10-31 16:00:25,411]  INFO - 初始化第一行最小化按钮！
[2017-10-31 16:00:25,413]  INFO - 初始化第一行最大化按钮！
[2017-10-31 16:00:25,415]  INFO - 初始化第一行关闭按钮！
[2017-10-31 16:00:25,416]  INFO - 初始化第一列行情！
[2017-10-31 16:00:25,416]  INFO - 初始化第一列供需发布！
[2017-10-31 16:00:25,416]  INFO - 初始化第一列K线图！
[2017-10-31 16:00:25,416]  INFO - 初始化第一列资讯！
[2017-10-31 16:00:25,416]  INFO - 初始化第二行快捷按钮！
[2017-10-31 16:00:25,417]  INFO - 初始化买入基价！
[2017-10-31 16:00:25,417]  INFO - 初始化买入基价值！
[2017-10-31 16:00:25,417]  INFO - 初始化卖出基价！
[2017-10-31 16:00:25,417]  INFO - 初始化卖出基价值！
[2017-10-31 16:00:25,422]  INFO - 初始化第二行快捷按钮！
[2017-10-31 16:00:25,497]  INFO - 初始化界面结束！
[2017-10-31 16:00:26,568]  INFO - 初始化供需发布！
[2017-10-31 16:00:26,995]  INFO - 创建登录界面！
[2017-10-31 16:00:27,058]  INFO - 初始化内置浏览器！
[2017-10-31 16:04:28,557]  INFO - 初始化界面开始！
[2017-10-31 16:04:28,562]  INFO - 画板初始化！
[2017-10-31 16:04:28,815]  INFO - 初始化第一行背景！
[2017-10-31 16:04:28,816]  INFO - 初始化第一行行情按钮！
[2017-10-31 16:04:28,817]  INFO - 初始化第一行我的资金按钮！
[2017-10-31 16:04:28,817]  INFO - 初始化第一行基础管理按钮！
[2017-10-31 16:04:28,817]  INFO - 初始化第一行登录按钮！
[2017-10-31 16:04:28,834]  INFO - 初始化第一行注册按钮！
[2017-10-31 16:04:28,836]  INFO - 初始化第一行登录后状态！
[2017-10-31 16:04:28,836]  INFO - 初始化第一行注销按钮！
[2017-10-31 16:04:28,836]  INFO - 初始化第一行最小化按钮！
[2017-10-31 16:04:28,838]  INFO - 初始化第一行最大化按钮！
[2017-10-31 16:04:28,839]  INFO - 初始化第一行关闭按钮！
[2017-10-31 16:04:28,840]  INFO - 初始化第一列行情！
[2017-10-31 16:04:28,840]  INFO - 初始化第一列供需发布！
[2017-10-31 16:04:28,840]  INFO - 初始化第一列K线图！
[2017-10-31 16:04:28,840]  INFO - 初始化第一列资讯！
[2017-10-31 16:04:28,840]  INFO - 初始化第二行快捷按钮！
[2017-10-31 16:04:28,840]  INFO - 初始化买入基价！
[2017-10-31 16:04:28,840]  INFO - 初始化买入基价值！
[2017-10-31 16:04:28,840]  INFO - 初始化卖出基价！
[2017-10-31 16:04:28,840]  INFO - 初始化卖出基价值！
[2017-10-31 16:04:28,845]  INFO - 初始化第二行快捷按钮！
[2017-10-31 16:04:28,888]  INFO - 初始化界面结束！
[2017-10-31 16:04:30,126] ERROR - UseOnlineTradingSystem.MQTTService 启动MQTT服务异常, Error: 启动78255c1a-ca6f-43db-be96-ff9ef6fdcd65发生异常:
[2017-10-31 16:04:30,127]  INFO - 初始化供需发布！
[2017-10-31 16:04:30,529]  INFO - 创建登录界面！
[2017-10-31 16:04:30,807]  INFO - 初始化内置浏览器！
[2017-10-31 16:04:56,801]  INFO - 初始化界面开始！
[2017-10-31 16:04:56,810]  INFO - 画板初始化！
[2017-10-31 16:04:57,063]  INFO - 初始化第一行背景！
[2017-10-31 16:04:57,064]  INFO - 初始化第一行行情按钮！
[2017-10-31 16:04:57,065]  INFO - 初始化第一行我的资金按钮！
[2017-10-31 16:04:57,065]  INFO - 初始化第一行基础管理按钮！
[2017-10-31 16:04:57,065]  INFO - 初始化第一行登录按钮！
[2017-10-31 16:04:57,074]  INFO - 初始化第一行注册按钮！
[2017-10-31 16:04:57,076]  INFO - 初始化第一行登录后状态！
[2017-10-31 16:04:57,076]  INFO - 初始化第一行注销按钮！
[2017-10-31 16:04:57,076]  INFO - 初始化第一行最小化按钮！
[2017-10-31 16:04:57,078]  INFO - 初始化第一行最大化按钮！
[2017-10-31 16:04:57,079]  INFO - 初始化第一行关闭按钮！
[2017-10-31 16:04:57,080]  INFO - 初始化第一列行情！
[2017-10-31 16:04:57,080]  INFO - 初始化第一列供需发布！
[2017-10-31 16:04:57,080]  INFO - 初始化第一列K线图！
[2017-10-31 16:04:57,080]  INFO - 初始化第一列资讯！
[2017-10-31 16:04:57,080]  INFO - 初始化第二行快捷按钮！
[2017-10-31 16:04:57,081]  INFO - 初始化买入基价！
[2017-10-31 16:04:57,081]  INFO - 初始化买入基价值！
[2017-10-31 16:04:57,081]  INFO - 初始化卖出基价！
[2017-10-31 16:04:57,081]  INFO - 初始化卖出基价值！
[2017-10-31 16:04:57,086]  INFO - 初始化第二行快捷按钮！
[2017-10-31 16:04:57,137]  INFO - 初始化界面结束！
[2017-10-31 16:04:58,506]  INFO - 初始化供需发布！
[2017-10-31 16:04:58,872]  INFO - 创建登录界面！
[2017-10-31 16:04:58,934]  INFO - 初始化内置浏览器！
[2017-10-31 16:12:04,892]  INFO - 初始化界面开始！
[2017-10-31 16:12:04,901]  INFO - 画板初始化！
[2017-10-31 16:12:05,063]  INFO - 初始化第一行背景！
[2017-10-31 16:12:05,064]  INFO - 初始化第一行行情按钮！
[2017-10-31 16:12:05,065]  INFO - 初始化第一行我的资金按钮！
[2017-10-31 16:12:05,065]  INFO - 初始化第一行基础管理按钮！
[2017-10-31 16:12:05,065]  INFO - 初始化第一行登录按钮！
[2017-10-31 16:12:05,072]  INFO - 初始化第一行注册按钮！
[2017-10-31 16:12:05,073]  INFO - 初始化第一行登录后状态！
[2017-10-31 16:12:05,073]  INFO - 初始化第一行注销按钮！
[2017-10-31 16:12:05,074]  INFO - 初始化第一行最小化按钮！
[2017-10-31 16:12:05,075]  INFO - 初始化第一行最大化按钮！
[2017-10-31 16:12:05,076]  INFO - 初始化第一行关闭按钮！
[2017-10-31 16:12:05,077]  INFO - 初始化第一列行情！
[2017-10-31 16:12:05,077]  INFO - 初始化第一列供需发布！
[2017-10-31 16:12:05,078]  INFO - 初始化第一列K线图！
[2017-10-31 16:12:05,078]  INFO - 初始化第一列资讯！
[2017-10-31 16:12:05,078]  INFO - 初始化第二行快捷按钮！
[2017-10-31 16:12:05,078]  INFO - 初始化买入基价！
[2017-10-31 16:12:05,078]  INFO - 初始化买入基价值！
[2017-10-31 16:12:05,078]  INFO - 初始化卖出基价！
[2017-10-31 16:12:05,078]  INFO - 初始化卖出基价值！
[2017-10-31 16:12:05,083]  INFO - 初始化第二行快捷按钮！
[2017-10-31 16:12:05,134]  INFO - 初始化界面结束！
[2017-10-31 16:12:05,915]  INFO - 初始化供需发布！
[2017-10-31 16:12:06,061] ERROR - Newtonsoft.Json.JsonReaderException: Unexpected character encountered while parsing value: c. Path '', line 0, position 0.
   在 Newtonsoft.Json.JsonTextReader.ParseValue()
   在 Newtonsoft.Json.JsonTextReader.ReadInternal()
   在 Newtonsoft.Json.JsonTextReader.Read()
   在 Newtonsoft.Json.Serialization.JsonSerializerInternalReader.ReadForType(JsonReader reader, JsonContract contract, Boolean hasConverter)
   在 Newtonsoft.Json.Serialization.JsonSerializerInternalReader.Deserialize(JsonReader reader, Type objectType, Boolean checkAdditionalContent)
   在 Newtonsoft.Json.JsonSerializer.DeserializeInternal(JsonReader reader, Type objectType)
   在 Newtonsoft.Json.JsonConvert.DeserializeObject(String value, Type type, JsonSerializerSettings settings)
   在 Newtonsoft.Json.JsonConvert.DeserializeObject[T](String value, JsonSerializerSettings settings)
   在 Newtonsoft.Json.JsonConvert.DeserializeObject[T](String value)
   在 UseOnlineTradingSystem.Helper.Deserialize[T](String obj) 位置 C:\USeClient\TFS\UseOnlineTradingSystem\UseOnlineTradingSystem\UseOnlineTradingSystem\USeCommon\Helper.cs:行号 75
   在 UseOnlineTradingSystem.DataManager.MQTTService_UpdataEvent(String obj) 位置 C:\USeClient\TFS\UseOnlineTradingSystem\UseOnlineTradingSystem\UseOnlineTradingSystem\USeCommon\DataManager.cs:行号 366
   在 UseOnlineTradingSystem.MQTTService.M_mqttClient_MqttMsgPublishReceived(Object sender, MqttMsgPublishEventArgs e) 位置 C:\USeClient\TFS\UseOnlineTradingSystem\UseOnlineTradingSystem\UseOnlineTradingSystem\USeCommon\Communication\MQTTService.cs:行号 192
[2017-10-31 16:12:06,308]  INFO - 创建登录界面！
[2017-10-31 16:12:06,584]  INFO - 初始化内置浏览器！
[2017-10-31 16:12:15,185] ERROR - Newtonsoft.Json.JsonReaderException: Unexpected character encountered while parsing value: c. Path '', line 0, position 0.
   在 Newtonsoft.Json.JsonTextReader.ParseValue()
   在 Newtonsoft.Json.JsonTextReader.ReadInternal()
   在 Newtonsoft.Json.JsonTextReader.Read()
   在 Newtonsoft.Json.Serialization.JsonSerializerInternalReader.ReadForType(JsonReader reader, JsonContract contract, Boolean hasConverter)
   在 Newtonsoft.Json.Serialization.JsonSerializerInternalReader.Deserialize(JsonReader reader, Type objectType, Boolean checkAdditionalContent)
   在 Newtonsoft.Json.JsonSerializer.DeserializeInternal(JsonReader reader, Type objectType)
   在 Newtonsoft.Json.JsonConvert.DeserializeObject(String value, Type type, JsonSerializerSettings settings)
   在 Newtonsoft.Json.JsonConvert.DeserializeObject[T](String value, JsonSerializerSettings settings)
   在 Newtonsoft.Json.JsonConvert.DeserializeObject[T](String value)
   在 UseOnlineTradingSystem.Helper.Deserialize[T](String obj) 位置 C:\USeClient\TFS\UseOnlineTradingSystem\UseOnlineTradingSystem\UseOnlineTradingSystem\USeCommon\Helper.cs:行号 75
   在 UseOnlineTradingSystem.DataManager.MQTTService_UpdataEvent(String obj) 位置 C:\USeClient\TFS\UseOnlineTradingSystem\UseOnlineTradingSystem\UseOnlineTradingSystem\USeCommon\DataManager.cs:行号 366
   在 UseOnlineTradingSystem.MQTTService.M_mqttClient_MqttMsgPublishReceived(Object sender, MqttMsgPublishEventArgs e) 位置 C:\USeClient\TFS\UseOnlineTradingSystem\UseOnlineTradingSystem\UseOnlineTradingSystem\USeCommon\Communication\MQTTService.cs:行号 192
[2017-10-31 16:32:29,339]  INFO - 初始化界面开始！
[2017-10-31 16:32:29,348]  INFO - 画板初始化！
[2017-10-31 16:32:29,511]  INFO - 初始化第一行背景！
[2017-10-31 16:32:29,512]  INFO - 初始化第一行行情按钮！
[2017-10-31 16:32:29,513]  INFO - 初始化第一行我的资金按钮！
[2017-10-31 16:32:29,513]  INFO - 初始化第一行基础管理按钮！
[2017-10-31 16:32:29,513]  INFO - 初始化第一行登录按钮！
[2017-10-31 16:32:29,523]  INFO - 初始化第一行注册按钮！
[2017-10-31 16:32:29,525]  INFO - 初始化第一行登录后状态！
[2017-10-31 16:32:29,526]  INFO - 初始化第一行注销按钮！
[2017-10-31 16:32:29,526]  INFO - 初始化第一行最小化按钮！
[2017-10-31 16:32:29,528]  INFO - 初始化第一行最大化按钮！
[2017-10-31 16:32:29,529]  INFO - 初始化第一行关闭按钮！
[2017-10-31 16:32:29,531]  INFO - 初始化第一列行情！
[2017-10-31 16:32:29,531]  INFO - 初始化第一列供需发布！
[2017-10-31 16:32:29,531]  INFO - 初始化第一列K线图！
[2017-10-31 16:32:29,531]  INFO - 初始化第一列资讯！
[2017-10-31 16:32:29,531]  INFO - 初始化第二行快捷按钮！
[2017-10-31 16:32:29,531]  INFO - 初始化买入基价！
[2017-10-31 16:32:29,531]  INFO - 初始化买入基价值！
[2017-10-31 16:32:29,531]  INFO - 初始化卖出基价！
[2017-10-31 16:32:29,531]  INFO - 初始化卖出基价值！
[2017-10-31 16:32:29,537]  INFO - 初始化第二行快捷按钮！
[2017-10-31 16:32:29,632]  INFO - 初始化界面结束！
[2017-10-31 16:32:30,603]  INFO - 初始化供需发布！
[2017-10-31 16:32:30,668] ERROR - Newtonsoft.Json.JsonReaderException: Unexpected character encountered while parsing value: c. Path '', line 0, position 0.
   在 Newtonsoft.Json.JsonTextReader.ParseValue()
   在 Newtonsoft.Json.JsonTextReader.ReadInternal()
   在 Newtonsoft.Json.JsonTextReader.Read()
   在 Newtonsoft.Json.Serialization.JsonSerializerInternalReader.ReadForType(JsonReader reader, JsonContract contract, Boolean hasConverter)
   在 Newtonsoft.Json.Serialization.JsonSerializerInternalReader.Deserialize(JsonReader reader, Type objectType, Boolean checkAdditionalContent)
   在 Newtonsoft.Json.JsonSerializer.DeserializeInternal(JsonReader reader, Type objectType)
   在 Newtonsoft.Json.JsonConvert.DeserializeObject(String value, Type type, JsonSerializerSettings settings)
   在 Newtonsoft.Json.JsonConvert.DeserializeObject[T](String value, JsonSerializerSettings settings)
   在 Newtonsoft.Json.JsonConvert.DeserializeObject[T](String value)
   在 UseOnlineTradingSystem.Helper.Deserialize[T](String obj) 位置 C:\USeClient\TFS\UseOnlineTradingSystem\UseOnlineTradingSystem\UseOnlineTradingSystem\USeCommon\Helper.cs:行号 75
   在 UseOnlineTradingSystem.DataManager.MQTTService_UpdataEvent(String obj) 位置 C:\USeClient\TFS\UseOnlineTradingSystem\UseOnlineTradingSystem\UseOnlineTradingSystem\USeCommon\DataManager.cs:行号 366
   在 UseOnlineTradingSystem.MQTTService.M_mqttClient_MqttMsgPublishReceived(Object sender, MqttMsgPublishEventArgs e) 位置 C:\USeClient\TFS\UseOnlineTradingSystem\UseOnlineTradingSystem\UseOnlineTradingSystem\USeCommon\Communication\MQTTService.cs:行号 192
[2017-10-31 16:32:30,955]  INFO - 创建登录界面！
[2017-10-31 16:32:31,021]  INFO - 初始化内置浏览器！
