[2017-11-13 10:46:33,869]  INFO - 初始化界面开始！
[2017-11-13 10:46:33,879]  INFO - 画板初始化！
[2017-11-13 10:46:34,022]  INFO - 初始化第一行背景！
[2017-11-13 10:46:34,024]  INFO - 初始化第一行行情按钮！
[2017-11-13 10:46:34,025]  INFO - 初始化第一行我的资金按钮！
[2017-11-13 10:46:34,025]  INFO - 初始化第一行基础管理按钮！
[2017-11-13 10:46:34,025]  INFO - 初始化第一行登录按钮！
[2017-11-13 10:46:34,035]  INFO - 初始化第一行注册按钮！
[2017-11-13 10:46:34,037]  INFO - 初始化第一行登录后状态！
[2017-11-13 10:46:34,037]  INFO - 初始化第一行注销按钮！
[2017-11-13 10:46:34,038]  INFO - 初始化第一行最小化按钮！
[2017-11-13 10:46:34,039]  INFO - 初始化第一行最大化按钮！
[2017-11-13 10:46:34,041]  INFO - 初始化第一行关闭按钮！
[2017-11-13 10:46:34,043]  INFO - 初始化第一列行情！
[2017-11-13 10:46:34,043]  INFO - 初始化第一列供需发布！
[2017-11-13 10:46:34,043]  INFO - 初始化第一列K线图！
[2017-11-13 10:46:34,043]  INFO - 初始化第一列资讯！
[2017-11-13 10:46:34,043]  INFO - 初始化第二行快捷按钮！
[2017-11-13 10:46:34,043]  INFO - 初始化买入基价！
[2017-11-13 10:46:34,043]  INFO - 初始化买入基价值！
[2017-11-13 10:46:34,043]  INFO - 初始化卖出基价！
[2017-11-13 10:46:34,043]  INFO - 初始化卖出基价值！
[2017-11-13 10:46:34,049]  INFO - 初始化第二行快捷按钮！
[2017-11-13 10:46:34,113]  INFO - 初始化界面结束！
[2017-11-13 10:46:34,754]  INFO - 初始化供需发布！
[2017-11-13 10:46:34,905] ERROR - Newtonsoft.Json.JsonReaderException: Unexpected character encountered while parsing value: c. Path '', line 0, position 0.
   在 Newtonsoft.Json.JsonTextReader.ParseValue()
   在 Newtonsoft.Json.JsonTextReader.ReadInternal()
   在 Newtonsoft.Json.JsonTextReader.Read()
   在 Newtonsoft.Json.Serialization.JsonSerializerInternalReader.ReadForType(JsonReader reader, JsonContract contract, Boolean hasConverter)
   在 Newtonsoft.Json.Serialization.JsonSerializerInternalReader.Deserialize(JsonReader reader, Type objectType, Boolean checkAdditionalContent)
   在 Newtonsoft.Json.JsonSerializer.DeserializeInternal(JsonReader reader, Type objectType)
   在 Newtonsoft.Json.JsonConvert.DeserializeObject(String value, Type type, JsonSerializerSettings settings)
   在 Newtonsoft.Json.JsonConvert.DeserializeObject[T](String value, JsonSerializerSettings settings)
   在 Newtonsoft.Json.JsonConvert.DeserializeObject[T](String value)
   在 UseOnlineTradingSystem.Helper.Deserialize[T](String obj) 位置 C:\USeClient\TFS\UseOnlineTradingSystem\UseOnlineTradingSystem\UseOnlineTradingSystem\USeCommon\Helper.cs:行号 75
   在 UseOnlineTradingSystem.DataManager.MQTTService_UpdataEvent(String obj) 位置 C:\USeClient\TFS\UseOnlineTradingSystem\UseOnlineTradingSystem\UseOnlineTradingSystem\USeCommon\DataManager.cs:行号 372
   在 UseOnlineTradingSystem.MQTTService.M_mqttClient_MqttMsgPublishReceived(Object sender, MqttMsgPublishEventArgs e) 位置 C:\USeClient\TFS\UseOnlineTradingSystem\UseOnlineTradingSystem\UseOnlineTradingSystem\USeCommon\Communication\MQTTService.cs:行号 192
[2017-11-13 10:46:35,219]  INFO - 创建登录界面！
[2017-11-13 10:46:35,506]  INFO - 初始化内置浏览器！
[2017-11-13 10:46:42,875] ERROR - Newtonsoft.Json.JsonReaderException: Unexpected character encountered while parsing value: c. Path '', line 0, position 0.
   在 Newtonsoft.Json.JsonTextReader.ParseValue()
   在 Newtonsoft.Json.JsonTextReader.ReadInternal()
   在 Newtonsoft.Json.JsonTextReader.Read()
   在 Newtonsoft.Json.Serialization.JsonSerializerInternalReader.ReadForType(JsonReader reader, JsonContract contract, Boolean hasConverter)
   在 Newtonsoft.Json.Serialization.JsonSerializerInternalReader.Deserialize(JsonReader reader, Type objectType, Boolean checkAdditionalContent)
   在 Newtonsoft.Json.JsonSerializer.DeserializeInternal(JsonReader reader, Type objectType)
   在 Newtonsoft.Json.JsonConvert.DeserializeObject(String value, Type type, JsonSerializerSettings settings)
   在 Newtonsoft.Json.JsonConvert.DeserializeObject[T](String value, JsonSerializerSettings settings)
   在 Newtonsoft.Json.JsonConvert.DeserializeObject[T](String value)
   在 UseOnlineTradingSystem.Helper.Deserialize[T](String obj) 位置 C:\USeClient\TFS\UseOnlineTradingSystem\UseOnlineTradingSystem\UseOnlineTradingSystem\USeCommon\Helper.cs:行号 75
   在 UseOnlineTradingSystem.DataManager.MQTTService_UpdataEvent(String obj) 位置 C:\USeClient\TFS\UseOnlineTradingSystem\UseOnlineTradingSystem\UseOnlineTradingSystem\USeCommon\DataManager.cs:行号 372
   在 UseOnlineTradingSystem.MQTTService.M_mqttClient_MqttMsgPublishReceived(Object sender, MqttMsgPublishEventArgs e) 位置 C:\USeClient\TFS\UseOnlineTradingSystem\UseOnlineTradingSystem\UseOnlineTradingSystem\USeCommon\Communication\MQTTService.cs:行号 192
[2017-11-13 11:06:53,808]  INFO - 退出程序!
