[2017-10-25 09:30:48,356]  INFO - 初始化界面开始！
[2017-10-25 09:30:48,367]  INFO - 画板初始化！
[2017-10-25 09:30:48,670]  INFO - 初始化第一行背景！
[2017-10-25 09:30:48,672]  INFO - 初始化第一行行情按钮！
[2017-10-25 09:30:48,674]  INFO - 初始化第一行我的资金按钮！
[2017-10-25 09:30:48,674]  INFO - 初始化第一行基础管理按钮！
[2017-10-25 09:30:48,674]  INFO - 初始化第一行登录按钮！
[2017-10-25 09:30:48,959]  INFO - 初始化第一行注册按钮！
[2017-10-25 09:30:48,960]  INFO - 初始化第一行登录后状态！
[2017-10-25 09:30:48,960]  INFO - 初始化第一行注销按钮！
[2017-10-25 09:30:48,960]  INFO - 初始化第一行最小化按钮！
[2017-10-25 09:30:48,962]  INFO - 初始化第一行最大化按钮！
[2017-10-25 09:30:48,963]  INFO - 初始化第一行关闭按钮！
[2017-10-25 09:30:48,964]  INFO - 初始化第一列行情！
[2017-10-25 09:30:48,964]  INFO - 初始化第一列供需发布！
[2017-10-25 09:30:48,964]  INFO - 初始化第一列K线图！
[2017-10-25 09:30:48,964]  INFO - 初始化第一列资讯！
[2017-10-25 09:30:48,964]  INFO - 初始化第二行快捷按钮！
[2017-10-25 09:30:48,965]  INFO - 初始化买入基价！
[2017-10-25 09:30:48,965]  INFO - 初始化买入基价值！
[2017-10-25 09:30:48,965]  INFO - 初始化卖出基价！
[2017-10-25 09:30:48,965]  INFO - 初始化卖出基价值！
[2017-10-25 09:30:48,970]  INFO - 初始化第二行快捷按钮！
[2017-10-25 09:30:49,012]  INFO - 初始化界面结束！
[2017-10-25 09:30:49,013]  INFO - 初始化供需发布！
[2017-10-25 09:30:49,561]  INFO - 创建登录界面！
[2017-10-25 09:30:49,872]  INFO - 初始化内置浏览器！
[2017-10-25 09:33:51,250]  INFO - 初始化界面开始！
[2017-10-25 09:33:51,257]  INFO - 画板初始化！
[2017-10-25 09:33:51,629]  INFO - 初始化第一行背景！
[2017-10-25 09:33:51,630]  INFO - 初始化第一行行情按钮！
[2017-10-25 09:33:51,636]  INFO - 初始化第一行我的资金按钮！
[2017-10-25 09:33:51,636]  INFO - 初始化第一行基础管理按钮！
[2017-10-25 09:33:51,636]  INFO - 初始化第一行登录按钮！
[2017-10-25 09:33:52,292]  INFO - 初始化第一行注册按钮！
[2017-10-25 09:33:52,295]  INFO - 初始化第一行登录后状态！
[2017-10-25 09:33:52,295]  INFO - 初始化第一行注销按钮！
[2017-10-25 09:33:52,295]  INFO - 初始化第一行最小化按钮！
[2017-10-25 09:33:52,297]  INFO - 初始化第一行最大化按钮！
[2017-10-25 09:33:52,298]  INFO - 初始化第一行关闭按钮！
[2017-10-25 09:33:52,300]  INFO - 初始化第一列行情！
[2017-10-25 09:33:52,300]  INFO - 初始化第一列供需发布！
[2017-10-25 09:33:52,300]  INFO - 初始化第一列K线图！
[2017-10-25 09:33:52,300]  INFO - 初始化第一列资讯！
[2017-10-25 09:33:52,300]  INFO - 初始化第二行快捷按钮！
[2017-10-25 09:33:52,300]  INFO - 初始化买入基价！
[2017-10-25 09:33:52,300]  INFO - 初始化买入基价值！
[2017-10-25 09:33:52,300]  INFO - 初始化卖出基价！
[2017-10-25 09:33:52,300]  INFO - 初始化卖出基价值！
[2017-10-25 09:33:52,331]  INFO - 初始化第二行快捷按钮！
[2017-10-25 09:33:52,396]  INFO - 初始化界面结束！
[2017-10-25 09:33:52,396]  INFO - 初始化供需发布！
[2017-10-25 09:33:53,140]  INFO - 创建登录界面！
[2017-10-25 09:33:53,433]  INFO - 初始化内置浏览器！
[2017-10-25 09:49:01,359]  INFO - 初始化界面开始！
[2017-10-25 09:49:01,377]  INFO - 画板初始化！
[2017-10-25 09:49:05,614]  INFO - 初始化第一行背景！
[2017-10-25 09:49:05,616]  INFO - 初始化第一行行情按钮！
[2017-10-25 09:49:05,616]  INFO - 初始化第一行我的资金按钮！
[2017-10-25 09:49:05,616]  INFO - 初始化第一行基础管理按钮！
[2017-10-25 09:49:05,616]  INFO - 初始化第一行登录按钮！
[2017-10-25 09:49:05,871]  INFO - 初始化第一行注册按钮！
[2017-10-25 09:49:05,872]  INFO - 初始化第一行登录后状态！
[2017-10-25 09:49:05,872]  INFO - 初始化第一行注销按钮！
[2017-10-25 09:49:05,873]  INFO - 初始化第一行最小化按钮！
[2017-10-25 09:49:05,874]  INFO - 初始化第一行最大化按钮！
[2017-10-25 09:49:05,875]  INFO - 初始化第一行关闭按钮！
[2017-10-25 09:49:05,876]  INFO - 初始化第一列行情！
[2017-10-25 09:49:05,877]  INFO - 初始化第一列供需发布！
[2017-10-25 09:49:05,877]  INFO - 初始化第一列K线图！
[2017-10-25 09:49:05,877]  INFO - 初始化第一列资讯！
[2017-10-25 09:49:05,877]  INFO - 初始化第二行快捷按钮！
[2017-10-25 09:49:05,877]  INFO - 初始化买入基价！
[2017-10-25 09:49:05,877]  INFO - 初始化买入基价值！
[2017-10-25 09:49:05,877]  INFO - 初始化卖出基价！
[2017-10-25 09:49:05,877]  INFO - 初始化卖出基价值！
[2017-10-25 09:49:05,883]  INFO - 初始化第二行快捷按钮！
[2017-10-25 09:49:05,924]  INFO - 初始化界面结束！
[2017-10-25 09:49:05,924]  INFO - 初始化供需发布！
[2017-10-25 09:49:06,425]  INFO - 创建登录界面！
[2017-10-25 09:49:06,663]  INFO - 初始化内置浏览器！
[2017-10-25 09:49:13,131] ERROR - Newtonsoft.Json.JsonSerializationException: Error converting value "未登录，不能访问" to type 'UseOnlineTradingSystem.LoginInfo'. Path 'data', line 1, position 31. ---> System.ArgumentException: Could not cast or convert from System.String to UseOnlineTradingSystem.LoginInfo.
   在 Newtonsoft.Json.Utilities.ConvertUtils.EnsureTypeAssignable(Object value, Type initialType, Type targetType)
   在 Newtonsoft.Json.Utilities.ConvertUtils.ConvertOrCast(Object initialValue, CultureInfo culture, Type targetType)
   在 Newtonsoft.Json.Serialization.JsonSerializerInternalReader.EnsureType(JsonReader reader, Object value, CultureInfo culture, JsonContract contract, Type targetType)
   --- 内部异常堆栈跟踪的结尾 ---
   在 Newtonsoft.Json.Serialization.JsonSerializerInternalReader.EnsureType(JsonReader reader, Object value, CultureInfo culture, JsonContract contract, Type targetType)
   在 Newtonsoft.Json.Serialization.JsonSerializerInternalReader.CreateValueInternal(JsonReader reader, Type objectType, JsonContract contract, JsonProperty member, JsonContainerContract containerContract, JsonProperty containerMember, Object existingValue)
   在 Newtonsoft.Json.Serialization.JsonSerializerInternalReader.SetPropertyValue(JsonProperty property, JsonConverter propertyConverter, JsonContainerContract containerContract, JsonProperty containerProperty, JsonReader reader, Object target)
   在 Newtonsoft.Json.Serialization.JsonSerializerInternalReader.PopulateObject(Object newObject, JsonReader reader, JsonObjectContract contract, JsonProperty member, String id)
   在 Newtonsoft.Json.Serialization.JsonSerializerInternalReader.CreateObject(JsonReader reader, Type objectType, JsonContract contract, JsonProperty member, JsonContainerContract containerContract, JsonProperty containerMember, Object existingValue)
   在 Newtonsoft.Json.Serialization.JsonSerializerInternalReader.CreateValueInternal(JsonReader reader, Type objectType, JsonContract contract, JsonProperty member, JsonContainerContract containerContract, JsonProperty containerMember, Object existingValue)
   在 Newtonsoft.Json.Serialization.JsonSerializerInternalReader.Deserialize(JsonReader reader, Type objectType, Boolean checkAdditionalContent)
   在 Newtonsoft.Json.JsonSerializer.DeserializeInternal(JsonReader reader, Type objectType)
   在 Newtonsoft.Json.JsonConvert.DeserializeObject(String value, Type type, JsonSerializerSettings settings)
   在 Newtonsoft.Json.JsonConvert.DeserializeObject[T](String value, JsonSerializerSettings settings)
   在 Newtonsoft.Json.JsonConvert.DeserializeObject[T](String value)
   在 UseOnlineTradingSystem.Helper.Deserialize[T](String obj) 位置 C:\USeClient\TFS\UseOnlineTradingSystem\UseOnlineTradingSystem\UseOnlineTradingSystem\USeCommon\Helper.cs:行号 72
   在 UseOnlineTradingSystem.HttpService.GetMine() 位置 C:\USeClient\TFS\UseOnlineTradingSystem\UseOnlineTradingSystem\UseOnlineTradingSystem\USeCommon\Communication\HttpService.cs:行号 302
[2017-10-25 09:53:20,779]  INFO - 初始化界面开始！
[2017-10-25 09:53:20,789]  INFO - 画板初始化！
[2017-10-25 09:53:21,203]  INFO - 初始化第一行背景！
[2017-10-25 09:53:21,205]  INFO - 初始化第一行行情按钮！
[2017-10-25 09:53:21,206]  INFO - 初始化第一行我的资金按钮！
[2017-10-25 09:53:21,206]  INFO - 初始化第一行基础管理按钮！
[2017-10-25 09:53:21,206]  INFO - 初始化第一行登录按钮！
[2017-10-25 09:53:21,569]  INFO - 初始化第一行注册按钮！
[2017-10-25 09:53:21,570]  INFO - 初始化第一行登录后状态！
[2017-10-25 09:53:21,570]  INFO - 初始化第一行注销按钮！
[2017-10-25 09:53:21,571]  INFO - 初始化第一行最小化按钮！
[2017-10-25 09:53:21,572]  INFO - 初始化第一行最大化按钮！
[2017-10-25 09:53:21,573]  INFO - 初始化第一行关闭按钮！
[2017-10-25 09:53:21,575]  INFO - 初始化第一列行情！
[2017-10-25 09:53:21,575]  INFO - 初始化第一列供需发布！
[2017-10-25 09:53:21,575]  INFO - 初始化第一列K线图！
[2017-10-25 09:53:21,575]  INFO - 初始化第一列资讯！
[2017-10-25 09:53:21,575]  INFO - 初始化第二行快捷按钮！
[2017-10-25 09:53:21,575]  INFO - 初始化买入基价！
[2017-10-25 09:53:21,575]  INFO - 初始化买入基价值！
[2017-10-25 09:53:21,575]  INFO - 初始化卖出基价！
[2017-10-25 09:53:21,575]  INFO - 初始化卖出基价值！
[2017-10-25 09:53:21,580]  INFO - 初始化第二行快捷按钮！
[2017-10-25 09:53:21,627]  INFO - 初始化界面结束！
[2017-10-25 09:53:21,631]  INFO - 初始化供需发布！
[2017-10-25 09:53:22,454]  INFO - 创建登录界面！
[2017-10-25 09:53:22,896]  INFO - 初始化内置浏览器！
[2017-10-25 09:55:28,161]  INFO - 初始化界面开始！
[2017-10-25 09:55:28,177]  INFO - 画板初始化！
[2017-10-25 09:55:28,592]  INFO - 初始化第一行背景！
[2017-10-25 09:55:28,593]  INFO - 初始化第一行行情按钮！
[2017-10-25 09:55:28,595]  INFO - 初始化第一行我的资金按钮！
[2017-10-25 09:55:28,595]  INFO - 初始化第一行基础管理按钮！
[2017-10-25 09:55:28,595]  INFO - 初始化第一行登录按钮！
[2017-10-25 09:55:28,992]  INFO - 初始化第一行注册按钮！
[2017-10-25 09:55:28,994]  INFO - 初始化第一行登录后状态！
[2017-10-25 09:55:28,994]  INFO - 初始化第一行注销按钮！
[2017-10-25 09:55:28,995]  INFO - 初始化第一行最小化按钮！
[2017-10-25 09:55:28,996]  INFO - 初始化第一行最大化按钮！
[2017-10-25 09:55:28,997]  INFO - 初始化第一行关闭按钮！
[2017-10-25 09:55:28,998]  INFO - 初始化第一列行情！
[2017-10-25 09:55:28,998]  INFO - 初始化第一列供需发布！
[2017-10-25 09:55:28,998]  INFO - 初始化第一列K线图！
[2017-10-25 09:55:28,998]  INFO - 初始化第一列资讯！
[2017-10-25 09:55:28,998]  INFO - 初始化第二行快捷按钮！
[2017-10-25 09:55:28,998]  INFO - 初始化买入基价！
[2017-10-25 09:55:28,998]  INFO - 初始化买入基价值！
[2017-10-25 09:55:28,998]  INFO - 初始化卖出基价！
[2017-10-25 09:55:28,998]  INFO - 初始化卖出基价值！
[2017-10-25 09:55:29,003]  INFO - 初始化第二行快捷按钮！
[2017-10-25 09:55:29,043]  INFO - 初始化界面结束！
[2017-10-25 09:55:29,043]  INFO - 初始化供需发布！
[2017-10-25 09:55:29,751]  INFO - 创建登录界面！
[2017-10-25 09:55:30,025]  INFO - 初始化内置浏览器！
[2017-10-25 09:57:00,941]  INFO - 初始化界面开始！
[2017-10-25 09:57:00,954]  INFO - 画板初始化！
[2017-10-25 09:57:01,633]  INFO - 初始化第一行背景！
[2017-10-25 09:57:01,634]  INFO - 初始化第一行行情按钮！
[2017-10-25 09:57:01,637]  INFO - 初始化第一行我的资金按钮！
[2017-10-25 09:57:01,637]  INFO - 初始化第一行基础管理按钮！
[2017-10-25 09:57:01,637]  INFO - 初始化第一行登录按钮！
[2017-10-25 09:57:02,238]  INFO - 初始化第一行注册按钮！
[2017-10-25 09:57:02,240]  INFO - 初始化第一行登录后状态！
[2017-10-25 09:57:02,240]  INFO - 初始化第一行注销按钮！
[2017-10-25 09:57:02,241]  INFO - 初始化第一行最小化按钮！
[2017-10-25 09:57:02,244]  INFO - 初始化第一行最大化按钮！
[2017-10-25 09:57:02,247]  INFO - 初始化第一行关闭按钮！
[2017-10-25 09:57:02,249]  INFO - 初始化第一列行情！
[2017-10-25 09:57:02,249]  INFO - 初始化第一列供需发布！
[2017-10-25 09:57:02,249]  INFO - 初始化第一列K线图！
[2017-10-25 09:57:02,249]  INFO - 初始化第一列资讯！
[2017-10-25 09:57:02,249]  INFO - 初始化第二行快捷按钮！
[2017-10-25 09:57:02,249]  INFO - 初始化买入基价！
[2017-10-25 09:57:02,249]  INFO - 初始化买入基价值！
[2017-10-25 09:57:02,249]  INFO - 初始化卖出基价！
[2017-10-25 09:57:02,249]  INFO - 初始化卖出基价值！
[2017-10-25 09:57:02,256]  INFO - 初始化第二行快捷按钮！
[2017-10-25 09:57:02,342]  INFO - 初始化界面结束！
[2017-10-25 09:57:02,342]  INFO - 初始化供需发布！
[2017-10-25 09:57:03,690]  INFO - 创建登录界面！
[2017-10-25 09:57:04,183]  INFO - 初始化内置浏览器！
[2017-10-25 10:03:20,838]  INFO - 初始化界面开始！
[2017-10-25 10:03:20,853]  INFO - 画板初始化！
[2017-10-25 10:03:21,179]  INFO - 初始化第一行背景！
[2017-10-25 10:03:21,181]  INFO - 初始化第一行行情按钮！
[2017-10-25 10:03:21,182]  INFO - 初始化第一行我的资金按钮！
[2017-10-25 10:03:21,182]  INFO - 初始化第一行基础管理按钮！
[2017-10-25 10:03:21,182]  INFO - 初始化第一行登录按钮！
[2017-10-25 10:03:21,532]  INFO - 初始化第一行注册按钮！
[2017-10-25 10:03:21,533]  INFO - 初始化第一行登录后状态！
[2017-10-25 10:03:21,534]  INFO - 初始化第一行注销按钮！
[2017-10-25 10:03:21,534]  INFO - 初始化第一行最小化按钮！
[2017-10-25 10:03:21,535]  INFO - 初始化第一行最大化按钮！
[2017-10-25 10:03:21,536]  INFO - 初始化第一行关闭按钮！
[2017-10-25 10:03:21,538]  INFO - 初始化第一列行情！
[2017-10-25 10:03:21,538]  INFO - 初始化第一列供需发布！
[2017-10-25 10:03:21,538]  INFO - 初始化第一列K线图！
[2017-10-25 10:03:21,538]  INFO - 初始化第一列资讯！
[2017-10-25 10:03:21,538]  INFO - 初始化第二行快捷按钮！
[2017-10-25 10:03:21,538]  INFO - 初始化买入基价！
[2017-10-25 10:03:21,538]  INFO - 初始化买入基价值！
[2017-10-25 10:03:21,538]  INFO - 初始化卖出基价！
[2017-10-25 10:03:21,538]  INFO - 初始化卖出基价值！
[2017-10-25 10:03:21,544]  INFO - 初始化第二行快捷按钮！
[2017-10-25 10:03:21,583]  INFO - 初始化界面结束！
[2017-10-25 10:03:21,584]  INFO - 初始化供需发布！
[2017-10-25 10:03:22,484]  INFO - 创建登录界面！
[2017-10-25 10:03:22,719]  INFO - 初始化内置浏览器！
[2017-10-25 10:03:28,137] ERROR - Newtonsoft.Json.JsonSerializationException: Error converting value "未登录，不能访问" to type 'UseOnlineTradingSystem.LoginInfo'. Path 'data', line 1, position 31. ---> System.ArgumentException: Could not cast or convert from System.String to UseOnlineTradingSystem.LoginInfo.
   在 Newtonsoft.Json.Utilities.ConvertUtils.EnsureTypeAssignable(Object value, Type initialType, Type targetType)
   在 Newtonsoft.Json.Utilities.ConvertUtils.ConvertOrCast(Object initialValue, CultureInfo culture, Type targetType)
   在 Newtonsoft.Json.Serialization.JsonSerializerInternalReader.EnsureType(JsonReader reader, Object value, CultureInfo culture, JsonContract contract, Type targetType)
   --- 内部异常堆栈跟踪的结尾 ---
   在 Newtonsoft.Json.Serialization.JsonSerializerInternalReader.EnsureType(JsonReader reader, Object value, CultureInfo culture, JsonContract contract, Type targetType)
   在 Newtonsoft.Json.Serialization.JsonSerializerInternalReader.CreateValueInternal(JsonReader reader, Type objectType, JsonContract contract, JsonProperty member, JsonContainerContract containerContract, JsonProperty containerMember, Object existingValue)
   在 Newtonsoft.Json.Serialization.JsonSerializerInternalReader.SetPropertyValue(JsonProperty property, JsonConverter propertyConverter, JsonContainerContract containerContract, JsonProperty containerProperty, JsonReader reader, Object target)
   在 Newtonsoft.Json.Serialization.JsonSerializerInternalReader.PopulateObject(Object newObject, JsonReader reader, JsonObjectContract contract, JsonProperty member, String id)
   在 Newtonsoft.Json.Serialization.JsonSerializerInternalReader.CreateObject(JsonReader reader, Type objectType, JsonContract contract, JsonProperty member, JsonContainerContract containerContract, JsonProperty containerMember, Object existingValue)
   在 Newtonsoft.Json.Serialization.JsonSerializerInternalReader.CreateValueInternal(JsonReader reader, Type objectType, JsonContract contract, JsonProperty member, JsonContainerContract containerContract, JsonProperty containerMember, Object existingValue)
   在 Newtonsoft.Json.Serialization.JsonSerializerInternalReader.Deserialize(JsonReader reader, Type objectType, Boolean checkAdditionalContent)
   在 Newtonsoft.Json.JsonSerializer.DeserializeInternal(JsonReader reader, Type objectType)
   在 Newtonsoft.Json.JsonConvert.DeserializeObject(String value, Type type, JsonSerializerSettings settings)
   在 Newtonsoft.Json.JsonConvert.DeserializeObject[T](String value, JsonSerializerSettings settings)
   在 Newtonsoft.Json.JsonConvert.DeserializeObject[T](String value)
   在 UseOnlineTradingSystem.Helper.Deserialize[T](String obj) 位置 C:\USeClient\TFS\UseOnlineTradingSystem\UseOnlineTradingSystem\UseOnlineTradingSystem\USeCommon\Helper.cs:行号 72
   在 UseOnlineTradingSystem.HttpService.GetMine() 位置 C:\USeClient\TFS\UseOnlineTradingSystem\UseOnlineTradingSystem\UseOnlineTradingSystem\USeCommon\Communication\HttpService.cs:行号 302
[2017-10-25 10:07:31,833]  INFO - 初始化界面开始！
[2017-10-25 10:07:31,845]  INFO - 画板初始化！
[2017-10-25 10:07:32,447]  INFO - 初始化第一行背景！
[2017-10-25 10:07:32,449]  INFO - 初始化第一行行情按钮！
[2017-10-25 10:07:32,450]  INFO - 初始化第一行我的资金按钮！
[2017-10-25 10:07:32,450]  INFO - 初始化第一行基础管理按钮！
[2017-10-25 10:07:32,450]  INFO - 初始化第一行登录按钮！
[2017-10-25 10:07:32,786]  INFO - 初始化第一行注册按钮！
[2017-10-25 10:07:32,787]  INFO - 初始化第一行登录后状态！
[2017-10-25 10:07:32,788]  INFO - 初始化第一行注销按钮！
[2017-10-25 10:07:32,788]  INFO - 初始化第一行最小化按钮！
[2017-10-25 10:07:32,790]  INFO - 初始化第一行最大化按钮！
[2017-10-25 10:07:32,791]  INFO - 初始化第一行关闭按钮！
[2017-10-25 10:07:32,793]  INFO - 初始化第一列行情！
[2017-10-25 10:07:32,793]  INFO - 初始化第一列供需发布！
[2017-10-25 10:07:32,793]  INFO - 初始化第一列K线图！
[2017-10-25 10:07:32,793]  INFO - 初始化第一列资讯！
[2017-10-25 10:07:32,793]  INFO - 初始化第二行快捷按钮！
[2017-10-25 10:07:32,794]  INFO - 初始化买入基价！
[2017-10-25 10:07:32,794]  INFO - 初始化买入基价值！
[2017-10-25 10:07:32,794]  INFO - 初始化卖出基价！
[2017-10-25 10:07:32,794]  INFO - 初始化卖出基价值！
[2017-10-25 10:07:32,800]  INFO - 初始化第二行快捷按钮！
[2017-10-25 10:07:32,847]  INFO - 初始化界面结束！
[2017-10-25 10:07:32,848]  INFO - 初始化供需发布！
[2017-10-25 10:07:33,636]  INFO - 创建登录界面！
[2017-10-25 10:07:33,981]  INFO - 初始化内置浏览器！
[2017-10-25 11:26:36,793]  INFO - 初始化界面开始！
[2017-10-25 11:26:36,805]  INFO - 画板初始化！
[2017-10-25 11:26:37,141]  INFO - 初始化第一行背景！
[2017-10-25 11:26:37,143]  INFO - 初始化第一行行情按钮！
[2017-10-25 11:26:37,144]  INFO - 初始化第一行我的资金按钮！
[2017-10-25 11:26:37,144]  INFO - 初始化第一行基础管理按钮！
[2017-10-25 11:26:37,144]  INFO - 初始化第一行登录按钮！
[2017-10-25 11:26:37,695]  INFO - 初始化第一行注册按钮！
[2017-10-25 11:26:37,698]  INFO - 初始化第一行登录后状态！
[2017-10-25 11:26:37,698]  INFO - 初始化第一行注销按钮！
[2017-10-25 11:26:37,698]  INFO - 初始化第一行最小化按钮！
[2017-10-25 11:26:37,699]  INFO - 初始化第一行最大化按钮！
[2017-10-25 11:26:37,700]  INFO - 初始化第一行关闭按钮！
[2017-10-25 11:26:37,702]  INFO - 初始化第一列行情！
[2017-10-25 11:26:37,702]  INFO - 初始化第一列供需发布！
[2017-10-25 11:26:37,702]  INFO - 初始化第一列K线图！
[2017-10-25 11:26:37,702]  INFO - 初始化第一列资讯！
[2017-10-25 11:26:37,702]  INFO - 初始化第二行快捷按钮！
[2017-10-25 11:26:37,702]  INFO - 初始化买入基价！
[2017-10-25 11:26:37,702]  INFO - 初始化买入基价值！
[2017-10-25 11:26:37,702]  INFO - 初始化卖出基价！
[2017-10-25 11:26:37,702]  INFO - 初始化卖出基价值！
[2017-10-25 11:26:37,708]  INFO - 初始化第二行快捷按钮！
[2017-10-25 11:26:37,772]  INFO - 初始化界面结束！
[2017-10-25 11:26:37,772]  INFO - 初始化供需发布！
[2017-10-25 11:26:38,717]  INFO - 创建登录界面！
[2017-10-25 11:26:39,021]  INFO - 初始化内置浏览器！
[2017-10-25 11:40:08,413]  INFO - 初始化界面开始！
[2017-10-25 11:40:08,442]  INFO - 画板初始化！
[2017-10-25 11:40:08,869]  INFO - 初始化第一行背景！
[2017-10-25 11:40:08,872]  INFO - 初始化第一行行情按钮！
[2017-10-25 11:40:08,873]  INFO - 初始化第一行我的资金按钮！
[2017-10-25 11:40:08,873]  INFO - 初始化第一行基础管理按钮！
[2017-10-25 11:40:08,873]  INFO - 初始化第一行登录按钮！
[2017-10-25 11:40:09,400]  INFO - 初始化第一行注册按钮！
[2017-10-25 11:40:09,404]  INFO - 初始化第一行登录后状态！
[2017-10-25 11:40:09,404]  INFO - 初始化第一行注销按钮！
[2017-10-25 11:40:09,405]  INFO - 初始化第一行最小化按钮！
[2017-10-25 11:40:09,406]  INFO - 初始化第一行最大化按钮！
[2017-10-25 11:40:09,411]  INFO - 初始化第一行关闭按钮！
[2017-10-25 11:40:09,469]  INFO - 初始化第一列行情！
[2017-10-25 11:40:09,469]  INFO - 初始化第一列供需发布！
[2017-10-25 11:40:09,469]  INFO - 初始化第一列K线图！
[2017-10-25 11:40:09,470]  INFO - 初始化第一列资讯！
[2017-10-25 11:40:09,470]  INFO - 初始化第二行快捷按钮！
[2017-10-25 11:40:09,473]  INFO - 初始化买入基价！
[2017-10-25 11:40:09,473]  INFO - 初始化买入基价值！
[2017-10-25 11:40:09,473]  INFO - 初始化卖出基价！
[2017-10-25 11:40:09,473]  INFO - 初始化卖出基价值！
[2017-10-25 11:40:09,512]  INFO - 初始化第二行快捷按钮！
[2017-10-25 11:40:09,612]  INFO - 初始化界面结束！
[2017-10-25 11:40:09,613]  INFO - 初始化供需发布！
[2017-10-25 11:40:11,093]  INFO - 创建登录界面！
[2017-10-25 11:40:11,196]  INFO - 初始化内置浏览器！
[2017-10-25 11:41:26,040]  INFO - 初始化界面开始！
[2017-10-25 11:41:26,050]  INFO - 画板初始化！
[2017-10-25 11:41:26,471]  INFO - 初始化第一行背景！
[2017-10-25 11:41:26,473]  INFO - 初始化第一行行情按钮！
[2017-10-25 11:41:26,474]  INFO - 初始化第一行我的资金按钮！
[2017-10-25 11:41:26,474]  INFO - 初始化第一行基础管理按钮！
[2017-10-25 11:41:26,474]  INFO - 初始化第一行登录按钮！
[2017-10-25 11:41:27,004]  INFO - 初始化第一行注册按钮！
[2017-10-25 11:41:27,007]  INFO - 初始化第一行登录后状态！
[2017-10-25 11:41:27,007]  INFO - 初始化第一行注销按钮！
[2017-10-25 11:41:27,008]  INFO - 初始化第一行最小化按钮！
[2017-10-25 11:41:27,010]  INFO - 初始化第一行最大化按钮！
[2017-10-25 11:41:27,012]  INFO - 初始化第一行关闭按钮！
[2017-10-25 11:41:27,014]  INFO - 初始化第一列行情！
[2017-10-25 11:41:27,015]  INFO - 初始化第一列供需发布！
[2017-10-25 11:41:27,015]  INFO - 初始化第一列K线图！
[2017-10-25 11:41:27,015]  INFO - 初始化第一列资讯！
[2017-10-25 11:41:27,015]  INFO - 初始化第二行快捷按钮！
[2017-10-25 11:41:27,015]  INFO - 初始化买入基价！
[2017-10-25 11:41:27,015]  INFO - 初始化买入基价值！
[2017-10-25 11:41:27,015]  INFO - 初始化卖出基价！
[2017-10-25 11:41:27,015]  INFO - 初始化卖出基价值！
[2017-10-25 11:41:27,022]  INFO - 初始化第二行快捷按钮！
[2017-10-25 11:41:27,095]  INFO - 初始化界面结束！
[2017-10-25 11:41:27,095]  INFO - 初始化供需发布！
[2017-10-25 11:41:27,868]  INFO - 创建登录界面！
[2017-10-25 11:41:28,192]  INFO - 初始化内置浏览器！
[2017-10-25 11:48:30,336]  INFO - 初始化界面开始！
[2017-10-25 11:48:30,353]  INFO - 画板初始化！
[2017-10-25 11:48:30,697]  INFO - 初始化第一行背景！
[2017-10-25 11:48:30,699]  INFO - 初始化第一行行情按钮！
[2017-10-25 11:48:30,700]  INFO - 初始化第一行我的资金按钮！
[2017-10-25 11:48:30,700]  INFO - 初始化第一行基础管理按钮！
[2017-10-25 11:48:30,700]  INFO - 初始化第一行登录按钮！
[2017-10-25 11:48:31,277]  INFO - 初始化第一行注册按钮！
[2017-10-25 11:48:31,278]  INFO - 初始化第一行登录后状态！
[2017-10-25 11:48:31,279]  INFO - 初始化第一行注销按钮！
[2017-10-25 11:48:31,279]  INFO - 初始化第一行最小化按钮！
[2017-10-25 11:48:31,280]  INFO - 初始化第一行最大化按钮！
[2017-10-25 11:48:31,282]  INFO - 初始化第一行关闭按钮！
[2017-10-25 11:48:31,283]  INFO - 初始化第一列行情！
[2017-10-25 11:48:31,283]  INFO - 初始化第一列供需发布！
[2017-10-25 11:48:31,284]  INFO - 初始化第一列K线图！
[2017-10-25 11:48:31,284]  INFO - 初始化第一列资讯！
[2017-10-25 11:48:31,284]  INFO - 初始化第二行快捷按钮！
[2017-10-25 11:48:31,284]  INFO - 初始化买入基价！
[2017-10-25 11:48:31,284]  INFO - 初始化买入基价值！
[2017-10-25 11:48:31,284]  INFO - 初始化卖出基价！
[2017-10-25 11:48:31,284]  INFO - 初始化卖出基价值！
[2017-10-25 11:48:31,289]  INFO - 初始化第二行快捷按钮！
[2017-10-25 11:48:31,354]  INFO - 初始化界面结束！
[2017-10-25 11:48:31,354]  INFO - 初始化供需发布！
[2017-10-25 11:48:32,526]  INFO - 创建登录界面！
[2017-10-25 11:48:32,846]  INFO - 初始化内置浏览器！
[2017-10-25 14:44:53,521]  INFO - 初始化界面开始！
[2017-10-25 14:44:53,532]  INFO - 画板初始化！
[2017-10-25 14:44:53,803]  INFO - 初始化第一行背景！
[2017-10-25 14:44:53,805]  INFO - 初始化第一行行情按钮！
[2017-10-25 14:44:53,805]  INFO - 初始化第一行我的资金按钮！
[2017-10-25 14:44:53,806]  INFO - 初始化第一行基础管理按钮！
[2017-10-25 14:44:53,806]  INFO - 初始化第一行登录按钮！
[2017-10-25 14:44:54,221]  INFO - 初始化第一行注册按钮！
[2017-10-25 14:44:54,222]  INFO - 初始化第一行登录后状态！
[2017-10-25 14:44:54,222]  INFO - 初始化第一行注销按钮！
[2017-10-25 14:44:54,222]  INFO - 初始化第一行最小化按钮！
[2017-10-25 14:44:54,223]  INFO - 初始化第一行最大化按钮！
[2017-10-25 14:44:54,225]  INFO - 初始化第一行关闭按钮！
[2017-10-25 14:44:54,226]  INFO - 初始化第一列行情！
[2017-10-25 14:44:54,226]  INFO - 初始化第一列供需发布！
[2017-10-25 14:44:54,226]  INFO - 初始化第一列K线图！
[2017-10-25 14:44:54,226]  INFO - 初始化第一列资讯！
[2017-10-25 14:44:54,226]  INFO - 初始化第二行快捷按钮！
[2017-10-25 14:44:54,226]  INFO - 初始化买入基价！
[2017-10-25 14:44:54,226]  INFO - 初始化买入基价值！
[2017-10-25 14:44:54,226]  INFO - 初始化卖出基价！
[2017-10-25 14:44:54,226]  INFO - 初始化卖出基价值！
[2017-10-25 14:44:54,232]  INFO - 初始化第二行快捷按钮！
[2017-10-25 14:44:54,281]  INFO - 初始化界面结束！
[2017-10-25 14:44:54,282]  INFO - 初始化供需发布！
[2017-10-25 14:44:54,915]  INFO - 创建登录界面！
[2017-10-25 14:44:55,235]  INFO - 初始化内置浏览器！
[2017-10-25 14:46:50,483]  INFO - 初始化界面开始！
[2017-10-25 14:46:50,493]  INFO - 画板初始化！
[2017-10-25 14:46:50,835]  INFO - 初始化第一行背景！
[2017-10-25 14:46:50,836]  INFO - 初始化第一行行情按钮！
[2017-10-25 14:46:50,837]  INFO - 初始化第一行我的资金按钮！
[2017-10-25 14:46:50,837]  INFO - 初始化第一行基础管理按钮！
[2017-10-25 14:46:50,843]  INFO - 初始化第一行登录按钮！
[2017-10-25 14:46:51,419]  INFO - 初始化第一行注册按钮！
[2017-10-25 14:46:51,421]  INFO - 初始化第一行登录后状态！
[2017-10-25 14:46:51,421]  INFO - 初始化第一行注销按钮！
[2017-10-25 14:46:51,421]  INFO - 初始化第一行最小化按钮！
[2017-10-25 14:46:51,423]  INFO - 初始化第一行最大化按钮！
[2017-10-25 14:46:51,424]  INFO - 初始化第一行关闭按钮！
[2017-10-25 14:46:51,425]  INFO - 初始化第一列行情！
[2017-10-25 14:46:51,426]  INFO - 初始化第一列供需发布！
[2017-10-25 14:46:51,426]  INFO - 初始化第一列K线图！
[2017-10-25 14:46:51,426]  INFO - 初始化第一列资讯！
[2017-10-25 14:46:51,426]  INFO - 初始化第二行快捷按钮！
[2017-10-25 14:46:51,426]  INFO - 初始化买入基价！
[2017-10-25 14:46:51,426]  INFO - 初始化买入基价值！
[2017-10-25 14:46:51,426]  INFO - 初始化卖出基价！
[2017-10-25 14:46:51,426]  INFO - 初始化卖出基价值！
[2017-10-25 14:46:51,432]  INFO - 初始化第二行快捷按钮！
[2017-10-25 14:46:51,528]  INFO - 初始化界面结束！
[2017-10-25 14:46:51,529]  INFO - 初始化供需发布！
[2017-10-25 14:46:52,573]  INFO - 创建登录界面！
[2017-10-25 14:46:52,939]  INFO - 初始化内置浏览器！
[2017-10-25 14:52:12,004]  INFO - 初始化界面开始！
[2017-10-25 14:52:12,015]  INFO - 画板初始化！
[2017-10-25 14:52:12,253]  INFO - 初始化第一行背景！
[2017-10-25 14:52:12,254]  INFO - 初始化第一行行情按钮！
[2017-10-25 14:52:12,255]  INFO - 初始化第一行我的资金按钮！
[2017-10-25 14:52:12,255]  INFO - 初始化第一行基础管理按钮！
[2017-10-25 14:52:12,255]  INFO - 初始化第一行登录按钮！
[2017-10-25 14:52:12,575]  INFO - 初始化第一行注册按钮！
[2017-10-25 14:52:12,577]  INFO - 初始化第一行登录后状态！
[2017-10-25 14:52:12,578]  INFO - 初始化第一行注销按钮！
[2017-10-25 14:52:12,578]  INFO - 初始化第一行最小化按钮！
[2017-10-25 14:52:12,580]  INFO - 初始化第一行最大化按钮！
[2017-10-25 14:52:12,582]  INFO - 初始化第一行关闭按钮！
[2017-10-25 14:52:12,583]  INFO - 初始化第一列行情！
[2017-10-25 14:52:12,583]  INFO - 初始化第一列供需发布！
[2017-10-25 14:52:12,583]  INFO - 初始化第一列K线图！
[2017-10-25 14:52:12,583]  INFO - 初始化第一列资讯！
[2017-10-25 14:52:12,583]  INFO - 初始化第二行快捷按钮！
[2017-10-25 14:52:12,583]  INFO - 初始化买入基价！
[2017-10-25 14:52:12,583]  INFO - 初始化买入基价值！
[2017-10-25 14:52:12,583]  INFO - 初始化卖出基价！
[2017-10-25 14:52:12,583]  INFO - 初始化卖出基价值！
[2017-10-25 14:52:12,587]  INFO - 初始化第二行快捷按钮！
[2017-10-25 14:52:12,627]  INFO - 初始化界面结束！
[2017-10-25 14:52:12,627]  INFO - 初始化供需发布！
[2017-10-25 14:52:13,518]  INFO - 创建登录界面！
[2017-10-25 14:52:13,819]  INFO - 初始化内置浏览器！
[2017-10-25 14:58:17,384]  INFO - 初始化界面开始！
[2017-10-25 14:58:17,418]  INFO - 画板初始化！
[2017-10-25 14:58:17,875]  INFO - 初始化第一行背景！
[2017-10-25 14:58:17,879]  INFO - 初始化第一行行情按钮！
[2017-10-25 14:58:17,880]  INFO - 初始化第一行我的资金按钮！
[2017-10-25 14:58:17,880]  INFO - 初始化第一行基础管理按钮！
[2017-10-25 14:58:17,880]  INFO - 初始化第一行登录按钮！
[2017-10-25 14:58:18,517]  INFO - 初始化第一行注册按钮！
[2017-10-25 14:58:18,518]  INFO - 初始化第一行登录后状态！
[2017-10-25 14:58:18,519]  INFO - 初始化第一行注销按钮！
[2017-10-25 14:58:18,519]  INFO - 初始化第一行最小化按钮！
[2017-10-25 14:58:18,521]  INFO - 初始化第一行最大化按钮！
[2017-10-25 14:58:18,524]  INFO - 初始化第一行关闭按钮！
[2017-10-25 14:58:18,531]  INFO - 初始化第一列行情！
[2017-10-25 14:58:18,531]  INFO - 初始化第一列供需发布！
[2017-10-25 14:58:18,531]  INFO - 初始化第一列K线图！
[2017-10-25 14:58:18,531]  INFO - 初始化第一列资讯！
[2017-10-25 14:58:18,531]  INFO - 初始化第二行快捷按钮！
[2017-10-25 14:58:18,531]  INFO - 初始化买入基价！
[2017-10-25 14:58:18,531]  INFO - 初始化买入基价值！
[2017-10-25 14:58:18,531]  INFO - 初始化卖出基价！
[2017-10-25 14:58:18,531]  INFO - 初始化卖出基价值！
[2017-10-25 14:58:18,537]  INFO - 初始化第二行快捷按钮！
[2017-10-25 14:58:18,617]  INFO - 初始化界面结束！
[2017-10-25 14:58:18,618]  INFO - 初始化供需发布！
[2017-10-25 14:58:20,374]  INFO - 创建登录界面！
[2017-10-25 14:58:20,611]  INFO - 初始化内置浏览器！
[2017-10-25 16:54:42,751]  INFO - 初始化界面开始！
[2017-10-25 16:54:42,761]  INFO - 画板初始化！
[2017-10-25 16:54:43,018]  INFO - 初始化第一行背景！
[2017-10-25 16:54:43,020]  INFO - 初始化第一行行情按钮！
[2017-10-25 16:54:43,021]  INFO - 初始化第一行我的资金按钮！
[2017-10-25 16:54:43,021]  INFO - 初始化第一行基础管理按钮！
[2017-10-25 16:54:43,021]  INFO - 初始化第一行登录按钮！
[2017-10-25 16:54:43,380]  INFO - 初始化第一行注册按钮！
[2017-10-25 16:54:43,381]  INFO - 初始化第一行登录后状态！
[2017-10-25 16:54:43,381]  INFO - 初始化第一行注销按钮！
[2017-10-25 16:54:43,381]  INFO - 初始化第一行最小化按钮！
[2017-10-25 16:54:43,382]  INFO - 初始化第一行最大化按钮！
[2017-10-25 16:54:43,383]  INFO - 初始化第一行关闭按钮！
[2017-10-25 16:54:43,384]  INFO - 初始化第一列行情！
[2017-10-25 16:54:43,384]  INFO - 初始化第一列供需发布！
[2017-10-25 16:54:43,384]  INFO - 初始化第一列K线图！
[2017-10-25 16:54:43,384]  INFO - 初始化第一列资讯！
[2017-10-25 16:54:43,384]  INFO - 初始化第二行快捷按钮！
[2017-10-25 16:54:43,384]  INFO - 初始化买入基价！
[2017-10-25 16:54:43,384]  INFO - 初始化买入基价值！
[2017-10-25 16:54:43,384]  INFO - 初始化卖出基价！
[2017-10-25 16:54:43,384]  INFO - 初始化卖出基价值！
[2017-10-25 16:54:43,388]  INFO - 初始化第二行快捷按钮！
[2017-10-25 16:54:43,423]  INFO - 初始化界面结束！
[2017-10-25 16:54:43,424]  INFO - 初始化供需发布！
[2017-10-25 16:54:43,721] ERROR - Newtonsoft.Json.JsonSerializationException: Error converting value "未登录，不能访问" to type 'UseOnlineTradingSystem.AccountData'. Path 'data', line 1, position 31. ---> System.ArgumentException: Could not cast or convert from System.String to UseOnlineTradingSystem.AccountData.
   在 Newtonsoft.Json.Utilities.ConvertUtils.EnsureTypeAssignable(Object value, Type initialType, Type targetType)
   在 Newtonsoft.Json.Utilities.ConvertUtils.ConvertOrCast(Object initialValue, CultureInfo culture, Type targetType)
   在 Newtonsoft.Json.Serialization.JsonSerializerInternalReader.EnsureType(JsonReader reader, Object value, CultureInfo culture, JsonContract contract, Type targetType)
   --- 内部异常堆栈跟踪的结尾 ---
   在 Newtonsoft.Json.Serialization.JsonSerializerInternalReader.EnsureType(JsonReader reader, Object value, CultureInfo culture, JsonContract contract, Type targetType)
   在 Newtonsoft.Json.Serialization.JsonSerializerInternalReader.CreateValueInternal(JsonReader reader, Type objectType, JsonContract contract, JsonProperty member, JsonContainerContract containerContract, JsonProperty containerMember, Object existingValue)
   在 Newtonsoft.Json.Serialization.JsonSerializerInternalReader.SetPropertyValue(JsonProperty property, JsonConverter propertyConverter, JsonContainerContract containerContract, JsonProperty containerProperty, JsonReader reader, Object target)
   在 Newtonsoft.Json.Serialization.JsonSerializerInternalReader.PopulateObject(Object newObject, JsonReader reader, JsonObjectContract contract, JsonProperty member, String id)
   在 Newtonsoft.Json.Serialization.JsonSerializerInternalReader.CreateObject(JsonReader reader, Type objectType, JsonContract contract, JsonProperty member, JsonContainerContract containerContract, JsonProperty containerMember, Object existingValue)
   在 Newtonsoft.Json.Serialization.JsonSerializerInternalReader.CreateValueInternal(JsonReader reader, Type objectType, JsonContract contract, JsonProperty member, JsonContainerContract containerContract, JsonProperty containerMember, Object existingValue)
   在 Newtonsoft.Json.Serialization.JsonSerializerInternalReader.Deserialize(JsonReader reader, Type objectType, Boolean checkAdditionalContent)
   在 Newtonsoft.Json.JsonSerializer.DeserializeInternal(JsonReader reader, Type objectType)
   在 Newtonsoft.Json.JsonConvert.DeserializeObject(String value, Type type, JsonSerializerSettings settings)
   在 Newtonsoft.Json.JsonConvert.DeserializeObject[T](String value, JsonSerializerSettings settings)
   在 Newtonsoft.Json.JsonConvert.DeserializeObject[T](String value)
   在 UseOnlineTradingSystem.Helper.Deserialize[T](String obj) 位置 C:\USeClient\TFS\UseOnlineTradingSystem\UseOnlineTradingSystem\UseOnlineTradingSystem\USeCommon\Helper.cs:行号 72
   在 UseOnlineTradingSystem.HttpService.GetAccountDataInfos() 位置 C:\USeClient\TFS\UseOnlineTradingSystem\UseOnlineTradingSystem\UseOnlineTradingSystem\USeCommon\Communication\HttpService.cs:行号 538
[2017-10-25 16:57:38,334]  INFO - 初始化界面开始！
[2017-10-25 16:57:38,342]  INFO - 画板初始化！
[2017-10-25 16:57:38,640]  INFO - 初始化第一行背景！
[2017-10-25 16:57:38,641]  INFO - 初始化第一行行情按钮！
[2017-10-25 16:57:38,642]  INFO - 初始化第一行我的资金按钮！
[2017-10-25 16:57:38,642]  INFO - 初始化第一行基础管理按钮！
[2017-10-25 16:57:38,642]  INFO - 初始化第一行登录按钮！
[2017-10-25 16:57:39,399]  INFO - 初始化第一行注册按钮！
[2017-10-25 16:57:39,402]  INFO - 初始化第一行登录后状态！
[2017-10-25 16:57:39,402]  INFO - 初始化第一行注销按钮！
[2017-10-25 16:57:39,402]  INFO - 初始化第一行最小化按钮！
[2017-10-25 16:57:39,404]  INFO - 初始化第一行最大化按钮！
[2017-10-25 16:57:39,405]  INFO - 初始化第一行关闭按钮！
[2017-10-25 16:57:39,406]  INFO - 初始化第一列行情！
[2017-10-25 16:57:39,407]  INFO - 初始化第一列供需发布！
[2017-10-25 16:57:39,407]  INFO - 初始化第一列K线图！
[2017-10-25 16:57:39,407]  INFO - 初始化第一列资讯！
[2017-10-25 16:57:39,407]  INFO - 初始化第二行快捷按钮！
[2017-10-25 16:57:39,407]  INFO - 初始化买入基价！
[2017-10-25 16:57:39,407]  INFO - 初始化买入基价值！
[2017-10-25 16:57:39,407]  INFO - 初始化卖出基价！
[2017-10-25 16:57:39,407]  INFO - 初始化卖出基价值！
[2017-10-25 16:57:39,411]  INFO - 初始化第二行快捷按钮！
[2017-10-25 16:57:39,462]  INFO - 初始化界面结束！
[2017-10-25 16:57:39,462]  INFO - 初始化供需发布！
[2017-10-25 16:59:24,624]  INFO - 初始化界面开始！
[2017-10-25 16:59:24,653]  INFO - 画板初始化！
[2017-10-25 16:59:24,926]  INFO - 初始化第一行背景！
[2017-10-25 16:59:24,927]  INFO - 初始化第一行行情按钮！
[2017-10-25 16:59:24,928]  INFO - 初始化第一行我的资金按钮！
[2017-10-25 16:59:24,928]  INFO - 初始化第一行基础管理按钮！
[2017-10-25 16:59:24,928]  INFO - 初始化第一行登录按钮！
[2017-10-25 16:59:25,286]  INFO - 初始化第一行注册按钮！
[2017-10-25 16:59:25,289]  INFO - 初始化第一行登录后状态！
[2017-10-25 16:59:25,290]  INFO - 初始化第一行注销按钮！
[2017-10-25 16:59:25,290]  INFO - 初始化第一行最小化按钮！
[2017-10-25 16:59:25,292]  INFO - 初始化第一行最大化按钮！
[2017-10-25 16:59:25,293]  INFO - 初始化第一行关闭按钮！
[2017-10-25 16:59:25,294]  INFO - 初始化第一列行情！
[2017-10-25 16:59:25,294]  INFO - 初始化第一列供需发布！
[2017-10-25 16:59:25,295]  INFO - 初始化第一列K线图！
[2017-10-25 16:59:25,295]  INFO - 初始化第一列资讯！
[2017-10-25 16:59:25,295]  INFO - 初始化第二行快捷按钮！
[2017-10-25 16:59:25,295]  INFO - 初始化买入基价！
[2017-10-25 16:59:25,295]  INFO - 初始化买入基价值！
[2017-10-25 16:59:25,295]  INFO - 初始化卖出基价！
[2017-10-25 16:59:25,295]  INFO - 初始化卖出基价值！
[2017-10-25 16:59:25,299]  INFO - 初始化第二行快捷按钮！
[2017-10-25 16:59:25,347]  INFO - 初始化界面结束！
[2017-10-25 16:59:25,347]  INFO - 初始化供需发布！
[2017-10-25 17:05:28,867]  INFO - 创建登录界面！
[2017-10-25 17:05:29,129]  INFO - 初始化内置浏览器！
[2017-10-25 17:05:33,303] ERROR - Newtonsoft.Json.JsonSerializationException: Error converting value "未登录，不能访问" to type 'UseOnlineTradingSystem.LoginInfo'. Path 'data', line 1, position 31. ---> System.ArgumentException: Could not cast or convert from System.String to UseOnlineTradingSystem.LoginInfo.
   在 Newtonsoft.Json.Utilities.ConvertUtils.EnsureTypeAssignable(Object value, Type initialType, Type targetType)
   在 Newtonsoft.Json.Utilities.ConvertUtils.ConvertOrCast(Object initialValue, CultureInfo culture, Type targetType)
   在 Newtonsoft.Json.Serialization.JsonSerializerInternalReader.EnsureType(JsonReader reader, Object value, CultureInfo culture, JsonContract contract, Type targetType)
   --- 内部异常堆栈跟踪的结尾 ---
   在 Newtonsoft.Json.Serialization.JsonSerializerInternalReader.EnsureType(JsonReader reader, Object value, CultureInfo culture, JsonContract contract, Type targetType)
   在 Newtonsoft.Json.Serialization.JsonSerializerInternalReader.CreateValueInternal(JsonReader reader, Type objectType, JsonContract contract, JsonProperty member, JsonContainerContract containerContract, JsonProperty containerMember, Object existingValue)
   在 Newtonsoft.Json.Serialization.JsonSerializerInternalReader.SetPropertyValue(JsonProperty property, JsonConverter propertyConverter, JsonContainerContract containerContract, JsonProperty containerProperty, JsonReader reader, Object target)
   在 Newtonsoft.Json.Serialization.JsonSerializerInternalReader.PopulateObject(Object newObject, JsonReader reader, JsonObjectContract contract, JsonProperty member, String id)
   在 Newtonsoft.Json.Serialization.JsonSerializerInternalReader.CreateObject(JsonReader reader, Type objectType, JsonContract contract, JsonProperty member, JsonContainerContract containerContract, JsonProperty containerMember, Object existingValue)
   在 Newtonsoft.Json.Serialization.JsonSerializerInternalReader.CreateValueInternal(JsonReader reader, Type objectType, JsonContract contract, JsonProperty member, JsonContainerContract containerContract, JsonProperty containerMember, Object existingValue)
   在 Newtonsoft.Json.Serialization.JsonSerializerInternalReader.Deserialize(JsonReader reader, Type objectType, Boolean checkAdditionalContent)
   在 Newtonsoft.Json.JsonSerializer.DeserializeInternal(JsonReader reader, Type objectType)
   在 Newtonsoft.Json.JsonConvert.DeserializeObject(String value, Type type, JsonSerializerSettings settings)
   在 Newtonsoft.Json.JsonConvert.DeserializeObject[T](String value, JsonSerializerSettings settings)
   在 Newtonsoft.Json.JsonConvert.DeserializeObject[T](String value)
   在 UseOnlineTradingSystem.Helper.Deserialize[T](String obj) 位置 C:\USeClient\TFS\UseOnlineTradingSystem\UseOnlineTradingSystem\UseOnlineTradingSystem\USeCommon\Helper.cs:行号 72
   在 UseOnlineTradingSystem.HttpService.GetMine() 位置 C:\USeClient\TFS\UseOnlineTradingSystem\UseOnlineTradingSystem\UseOnlineTradingSystem\USeCommon\Communication\HttpService.cs:行号 302
[2017-10-25 17:09:03,768]  INFO - 初始化界面开始！
[2017-10-25 17:09:03,779]  INFO - 画板初始化！
[2017-10-25 17:09:04,096]  INFO - 初始化第一行背景！
[2017-10-25 17:09:04,097]  INFO - 初始化第一行行情按钮！
[2017-10-25 17:09:04,100]  INFO - 初始化第一行我的资金按钮！
[2017-10-25 17:09:04,100]  INFO - 初始化第一行基础管理按钮！
[2017-10-25 17:09:04,100]  INFO - 初始化第一行登录按钮！
[2017-10-25 17:09:04,456]  INFO - 初始化第一行注册按钮！
[2017-10-25 17:09:04,458]  INFO - 初始化第一行登录后状态！
[2017-10-25 17:09:04,458]  INFO - 初始化第一行注销按钮！
[2017-10-25 17:09:04,458]  INFO - 初始化第一行最小化按钮！
[2017-10-25 17:09:04,459]  INFO - 初始化第一行最大化按钮！
[2017-10-25 17:09:04,460]  INFO - 初始化第一行关闭按钮！
[2017-10-25 17:09:04,461]  INFO - 初始化第一列行情！
[2017-10-25 17:09:04,461]  INFO - 初始化第一列供需发布！
[2017-10-25 17:09:04,461]  INFO - 初始化第一列K线图！
[2017-10-25 17:09:04,461]  INFO - 初始化第一列资讯！
[2017-10-25 17:09:04,461]  INFO - 初始化第二行快捷按钮！
[2017-10-25 17:09:04,461]  INFO - 初始化买入基价！
[2017-10-25 17:09:04,461]  INFO - 初始化买入基价值！
[2017-10-25 17:09:04,461]  INFO - 初始化卖出基价！
[2017-10-25 17:09:04,461]  INFO - 初始化卖出基价值！
[2017-10-25 17:09:04,466]  INFO - 初始化第二行快捷按钮！
[2017-10-25 17:09:04,505]  INFO - 初始化界面结束！
[2017-10-25 17:09:04,505]  INFO - 初始化供需发布！
[2017-10-25 17:09:09,294]  INFO - 创建登录界面！
[2017-10-25 17:09:09,552]  INFO - 初始化内置浏览器！
[2017-10-25 17:12:00,641]  INFO - 初始化界面开始！
[2017-10-25 17:12:00,647]  INFO - 画板初始化！
[2017-10-25 17:12:00,818]  INFO - 初始化第一行背景！
[2017-10-25 17:12:00,819]  INFO - 初始化第一行行情按钮！
[2017-10-25 17:12:00,820]  INFO - 初始化第一行我的资金按钮！
[2017-10-25 17:12:00,820]  INFO - 初始化第一行基础管理按钮！
[2017-10-25 17:12:00,820]  INFO - 初始化第一行登录按钮！
[2017-10-25 17:12:01,077]  INFO - 初始化第一行注册按钮！
[2017-10-25 17:12:01,078]  INFO - 初始化第一行登录后状态！
[2017-10-25 17:12:01,079]  INFO - 初始化第一行注销按钮！
[2017-10-25 17:12:01,079]  INFO - 初始化第一行最小化按钮！
[2017-10-25 17:12:01,080]  INFO - 初始化第一行最大化按钮！
[2017-10-25 17:12:01,081]  INFO - 初始化第一行关闭按钮！
[2017-10-25 17:12:01,081]  INFO - 初始化第一列行情！
[2017-10-25 17:12:01,082]  INFO - 初始化第一列供需发布！
[2017-10-25 17:12:01,082]  INFO - 初始化第一列K线图！
[2017-10-25 17:12:01,082]  INFO - 初始化第一列资讯！
[2017-10-25 17:12:01,082]  INFO - 初始化第二行快捷按钮！
[2017-10-25 17:12:01,082]  INFO - 初始化买入基价！
[2017-10-25 17:12:01,082]  INFO - 初始化买入基价值！
[2017-10-25 17:12:01,082]  INFO - 初始化卖出基价！
[2017-10-25 17:12:01,082]  INFO - 初始化卖出基价值！
[2017-10-25 17:12:01,085]  INFO - 初始化第二行快捷按钮！
[2017-10-25 17:12:01,118]  INFO - 初始化界面结束！
[2017-10-25 17:12:01,118]  INFO - 初始化供需发布！
[2017-10-25 17:12:06,142]  INFO - 创建登录界面！
[2017-10-25 17:12:06,444]  INFO - 初始化内置浏览器！
[2017-10-25 17:17:29,490]  INFO - 初始化界面开始！
[2017-10-25 17:17:29,500]  INFO - 画板初始化！
[2017-10-25 17:17:29,781]  INFO - 初始化第一行背景！
[2017-10-25 17:17:29,783]  INFO - 初始化第一行行情按钮！
[2017-10-25 17:17:29,784]  INFO - 初始化第一行我的资金按钮！
[2017-10-25 17:17:29,784]  INFO - 初始化第一行基础管理按钮！
[2017-10-25 17:17:29,784]  INFO - 初始化第一行登录按钮！
[2017-10-25 17:17:30,123]  INFO - 初始化第一行注册按钮！
[2017-10-25 17:17:30,125]  INFO - 初始化第一行登录后状态！
[2017-10-25 17:17:30,125]  INFO - 初始化第一行注销按钮！
[2017-10-25 17:17:30,125]  INFO - 初始化第一行最小化按钮！
[2017-10-25 17:17:30,127]  INFO - 初始化第一行最大化按钮！
[2017-10-25 17:17:30,128]  INFO - 初始化第一行关闭按钮！
[2017-10-25 17:17:30,130]  INFO - 初始化第一列行情！
[2017-10-25 17:17:30,130]  INFO - 初始化第一列供需发布！
[2017-10-25 17:17:30,130]  INFO - 初始化第一列K线图！
[2017-10-25 17:17:30,130]  INFO - 初始化第一列资讯！
[2017-10-25 17:17:30,130]  INFO - 初始化第二行快捷按钮！
[2017-10-25 17:17:30,130]  INFO - 初始化买入基价！
[2017-10-25 17:17:30,130]  INFO - 初始化买入基价值！
[2017-10-25 17:17:30,130]  INFO - 初始化卖出基价！
[2017-10-25 17:17:30,130]  INFO - 初始化卖出基价值！
[2017-10-25 17:17:30,142]  INFO - 初始化第二行快捷按钮！
[2017-10-25 17:17:30,189]  INFO - 初始化界面结束！
[2017-10-25 17:17:30,189]  INFO - 初始化供需发布！
[2017-10-25 17:17:30,915]  INFO - 创建登录界面！
[2017-10-25 17:17:31,177]  INFO - 初始化内置浏览器！
