[2017-10-17 17:05:01,665]  INFO - 初始化界面开始！
[2017-10-17 17:05:01,675]  INFO - 画板初始化！
[2017-10-17 17:05:01,960]  INFO - 初始化第一行背景！
[2017-10-17 17:05:01,962]  INFO - 初始化第一行行情按钮！
[2017-10-17 17:05:01,963]  INFO - 初始化第一行我的资金按钮！
[2017-10-17 17:05:01,963]  INFO - 初始化第一行基础管理按钮！
[2017-10-17 17:05:01,963]  INFO - 初始化第一行登录按钮！
[2017-10-17 17:05:02,290]  INFO - 初始化第一行注册按钮！
[2017-10-17 17:05:02,292]  INFO - 初始化第一行登录后状态！
[2017-10-17 17:05:02,292]  INFO - 初始化第一行注销按钮！
[2017-10-17 17:05:02,293]  INFO - 初始化第一行最小化按钮！
[2017-10-17 17:05:02,295]  INFO - 初始化第一行最大化按钮！
[2017-10-17 17:05:02,297]  INFO - 初始化第一行关闭按钮！
[2017-10-17 17:05:02,298]  INFO - 初始化第一列行情！
[2017-10-17 17:05:02,299]  INFO - 初始化第一列供需发布！
[2017-10-17 17:05:02,299]  INFO - 初始化第一列K线图！
[2017-10-17 17:05:02,299]  INFO - 初始化第一列资讯！
[2017-10-17 17:05:02,299]  INFO - 初始化第二行快捷按钮！
[2017-10-17 17:05:02,299]  INFO - 初始化买入基价！
[2017-10-17 17:05:02,299]  INFO - 初始化买入基价值！
[2017-10-17 17:05:02,299]  INFO - 初始化卖出基价！
[2017-10-17 17:05:02,299]  INFO - 初始化卖出基价值！
[2017-10-17 17:05:02,305]  INFO - 初始化第二行快捷按钮！
[2017-10-17 17:05:02,309]  INFO - 初始化供需发布！
[2017-10-17 17:05:02,917]  INFO - 初始化界面结束！
[2017-10-17 17:05:02,917]  INFO - 创建登录界面！
[2017-10-17 17:05:03,011]  INFO - 初始化内置浏览器！
[2017-10-17 17:05:07,315]  INFO - 收到Cookies消息,值为：SecurityTicket=
[2017-10-17 17:06:28,757]  INFO - 收到帐号密码消息,值为：jinkaifeng,12345678
[2017-10-17 17:06:29,561]  INFO - 收到登录成功消息,值为：IsLogin
[2017-10-17 17:06:31,225]  INFO - 收到Cookies消息,值为：SecurityTicket=8diRA5XSFi2VfbKH6JGOu%2BmpcIQoHpe96mpmZJRjXf8wkROhhi8wehiv7qo3VQg22%2Bu%2FpLZTG5KbzRLtiQCgbw%3D%3D; SecurityToken=8diRA5XSFi2VfbKH6JGOu%2BmpcIQoHpe96mpmZJRjXf8wkROhhi8wehiv7qo3VQg22%2Bu%2FpLZTG5KbzRLtiQCgbw%3D%3D
[2017-10-17 17:06:32,294]  INFO - 收到Cookies消息,值为：SecurityTicket=8diRA5XSFi2VfbKH6JGOu%2BmpcIQoHpe96mpmZJRjXf8wkROhhi8wehiv7qo3VQg22%2Bu%2FpLZTG5KbzRLtiQCgbw%3D%3D; SecurityToken=8diRA5XSFi2VfbKH6JGOu%2BmpcIQoHpe96mpmZJRjXf8wkROhhi8wehiv7qo3VQg22%2Bu%2FpLZTG5KbzRLtiQCgbw%3D%3D
[2017-10-17 17:06:33,420]  INFO - 收到Cookies消息,值为：SecurityTicket=8diRA5XSFi2VfbKH6JGOu%2BmpcIQoHpe96mpmZJRjXf8wkROhhi8wehiv7qo3VQg22%2Bu%2FpLZTG5KbzRLtiQCgbw%3D%3D; SecurityToken=8diRA5XSFi2VfbKH6JGOu%2BmpcIQoHpe96mpmZJRjXf8wkROhhi8wehiv7qo3VQg22%2Bu%2FpLZTG5KbzRLtiQCgbw%3D%3D
[2017-10-17 17:13:22,701]  INFO - 初始化界面开始！
[2017-10-17 17:13:22,721]  INFO - 画板初始化！
[2017-10-17 17:13:23,015]  INFO - 初始化第一行背景！
[2017-10-17 17:13:23,016]  INFO - 初始化第一行行情按钮！
[2017-10-17 17:13:23,018]  INFO - 初始化第一行我的资金按钮！
[2017-10-17 17:13:23,018]  INFO - 初始化第一行基础管理按钮！
[2017-10-17 17:13:23,018]  INFO - 初始化第一行登录按钮！
[2017-10-17 17:13:23,608]  INFO - 初始化第一行注册按钮！
[2017-10-17 17:13:23,610]  INFO - 初始化第一行登录后状态！
[2017-10-17 17:13:23,610]  INFO - 初始化第一行注销按钮！
[2017-10-17 17:13:23,611]  INFO - 初始化第一行最小化按钮！
[2017-10-17 17:13:23,612]  INFO - 初始化第一行最大化按钮！
[2017-10-17 17:13:23,614]  INFO - 初始化第一行关闭按钮！
[2017-10-17 17:13:23,615]  INFO - 初始化第一列行情！
[2017-10-17 17:13:23,616]  INFO - 初始化第一列供需发布！
[2017-10-17 17:13:23,616]  INFO - 初始化第一列K线图！
[2017-10-17 17:13:23,616]  INFO - 初始化第一列资讯！
[2017-10-17 17:13:23,616]  INFO - 初始化第二行快捷按钮！
[2017-10-17 17:13:23,616]  INFO - 初始化买入基价！
[2017-10-17 17:13:23,616]  INFO - 初始化买入基价值！
[2017-10-17 17:13:23,616]  INFO - 初始化卖出基价！
[2017-10-17 17:13:23,616]  INFO - 初始化卖出基价值！
[2017-10-17 17:13:23,624]  INFO - 初始化第二行快捷按钮！
[2017-10-17 17:13:23,628]  INFO - 初始化供需发布！
[2017-10-17 17:13:24,344]  INFO - 初始化界面结束！
[2017-10-17 17:13:24,344]  INFO - 创建登录界面！
[2017-10-17 17:13:24,486]  INFO - 初始化内置浏览器！
[2017-10-17 17:13:36,290]  INFO - 收到帐号密码消息,值为：jinkaifeng,12345678
[2017-10-17 17:13:36,930]  INFO - 收到登录成功消息,值为：IsLogin
[2017-10-17 17:13:38,789]  INFO - 收到Cookies消息,值为：SecurityTicket=uGI%2FPaWUbSpYiZ5FMn7U%2FOno5eOKmojCjSg3w0yr331UZS0fWToQPeSktvdg%2BmvTLcBAR3hDSDHB9hw5VQZkwA%3D%3D; SecurityToken=uGI%2FPaWUbSpYiZ5FMn7U%2FOno5eOKmojCjSg3w0yr331UZS0fWToQPeSktvdg%2BmvTLcBAR3hDSDHB9hw5VQZkwA%3D%3D
[2017-10-17 17:13:39,875]  INFO - 收到Cookies消息,值为：SecurityTicket=uGI%2FPaWUbSpYiZ5FMn7U%2FOno5eOKmojCjSg3w0yr331UZS0fWToQPeSktvdg%2BmvTLcBAR3hDSDHB9hw5VQZkwA%3D%3D; SecurityToken=uGI%2FPaWUbSpYiZ5FMn7U%2FOno5eOKmojCjSg3w0yr331UZS0fWToQPeSktvdg%2BmvTLcBAR3hDSDHB9hw5VQZkwA%3D%3D
[2017-10-17 17:13:40,934]  INFO - 收到Cookies消息,值为：SecurityTicket=uGI%2FPaWUbSpYiZ5FMn7U%2FOno5eOKmojCjSg3w0yr331UZS0fWToQPeSktvdg%2BmvTLcBAR3hDSDHB9hw5VQZkwA%3D%3D; SecurityToken=uGI%2FPaWUbSpYiZ5FMn7U%2FOno5eOKmojCjSg3w0yr331UZS0fWToQPeSktvdg%2BmvTLcBAR3hDSDHB9hw5VQZkwA%3D%3D
[2017-10-17 17:15:18,022]  INFO - 初始化界面开始！
[2017-10-17 17:15:18,038]  INFO - 画板初始化！
[2017-10-17 17:15:18,182]  INFO - 初始化第一行背景！
[2017-10-17 17:15:18,184]  INFO - 初始化第一行行情按钮！
[2017-10-17 17:15:18,185]  INFO - 初始化第一行我的资金按钮！
[2017-10-17 17:15:18,185]  INFO - 初始化第一行基础管理按钮！
[2017-10-17 17:15:18,185]  INFO - 初始化第一行登录按钮！
[2017-10-17 17:15:18,709]  INFO - 初始化第一行注册按钮！
[2017-10-17 17:15:18,711]  INFO - 初始化第一行登录后状态！
[2017-10-17 17:15:18,711]  INFO - 初始化第一行注销按钮！
[2017-10-17 17:15:18,711]  INFO - 初始化第一行最小化按钮！
[2017-10-17 17:15:18,714]  INFO - 初始化第一行最大化按钮！
[2017-10-17 17:15:18,715]  INFO - 初始化第一行关闭按钮！
[2017-10-17 17:15:18,717]  INFO - 初始化第一列行情！
[2017-10-17 17:15:18,717]  INFO - 初始化第一列供需发布！
[2017-10-17 17:15:18,717]  INFO - 初始化第一列K线图！
[2017-10-17 17:15:18,717]  INFO - 初始化第一列资讯！
[2017-10-17 17:15:18,717]  INFO - 初始化第二行快捷按钮！
[2017-10-17 17:15:18,717]  INFO - 初始化买入基价！
[2017-10-17 17:15:18,717]  INFO - 初始化买入基价值！
[2017-10-17 17:15:18,717]  INFO - 初始化卖出基价！
[2017-10-17 17:15:18,717]  INFO - 初始化卖出基价值！
[2017-10-17 17:15:18,724]  INFO - 初始化第二行快捷按钮！
[2017-10-17 17:15:18,728]  INFO - 初始化供需发布！
[2017-10-17 17:15:19,513]  INFO - 初始化界面结束！
[2017-10-17 17:15:19,513]  INFO - 创建登录界面！
[2017-10-17 17:15:19,630]  INFO - 初始化内置浏览器！
[2017-10-17 17:15:23,406]  INFO - 收到Cookies消息,值为：SecurityTicket=
[2017-10-17 17:15:28,936]  INFO - 收到帐号密码消息,值为：jinkaifeng,12345678
[2017-10-17 17:15:29,526]  INFO - 收到登录成功消息,值为：IsLogin
[2017-10-17 17:15:31,366]  INFO - 收到Cookies消息,值为：SecurityTicket=1Xl7MuN82zH8HeYqhr02Y8Cfn59mS3%2BxwLZsUjfIQCVoA1Mo7ecUQFupz%2B7mbIupQCcqaR9869FeDdPR2Be1%2BQ%3D%3D; SecurityToken=1Xl7MuN82zH8HeYqhr02Y8Cfn59mS3%2BxwLZsUjfIQCVoA1Mo7ecUQFupz%2B7mbIupQCcqaR9869FeDdPR2Be1%2BQ%3D%3D
[2017-10-17 17:15:32,468]  INFO - 收到Cookies消息,值为：SecurityTicket=1Xl7MuN82zH8HeYqhr02Y8Cfn59mS3%2BxwLZsUjfIQCVoA1Mo7ecUQFupz%2B7mbIupQCcqaR9869FeDdPR2Be1%2BQ%3D%3D; SecurityToken=1Xl7MuN82zH8HeYqhr02Y8Cfn59mS3%2BxwLZsUjfIQCVoA1Mo7ecUQFupz%2B7mbIupQCcqaR9869FeDdPR2Be1%2BQ%3D%3D
[2017-10-17 17:15:33,443]  INFO - 收到Cookies消息,值为：SecurityTicket=1Xl7MuN82zH8HeYqhr02Y8Cfn59mS3%2BxwLZsUjfIQCVoA1Mo7ecUQFupz%2B7mbIupQCcqaR9869FeDdPR2Be1%2BQ%3D%3D; SecurityToken=1Xl7MuN82zH8HeYqhr02Y8Cfn59mS3%2BxwLZsUjfIQCVoA1Mo7ecUQFupz%2B7mbIupQCcqaR9869FeDdPR2Be1%2BQ%3D%3D
[2017-10-17 17:16:22,359]  INFO - 初始化界面开始！
[2017-10-17 17:16:22,368]  INFO - 画板初始化！
[2017-10-17 17:16:22,540]  INFO - 初始化第一行背景！
[2017-10-17 17:16:22,542]  INFO - 初始化第一行行情按钮！
[2017-10-17 17:16:22,543]  INFO - 初始化第一行我的资金按钮！
[2017-10-17 17:16:22,544]  INFO - 初始化第一行基础管理按钮！
[2017-10-17 17:16:22,544]  INFO - 初始化第一行登录按钮！
[2017-10-17 17:16:22,943]  INFO - 初始化第一行注册按钮！
[2017-10-17 17:16:22,945]  INFO - 初始化第一行登录后状态！
[2017-10-17 17:16:22,945]  INFO - 初始化第一行注销按钮！
[2017-10-17 17:16:22,946]  INFO - 初始化第一行最小化按钮！
[2017-10-17 17:16:22,948]  INFO - 初始化第一行最大化按钮！
[2017-10-17 17:16:22,949]  INFO - 初始化第一行关闭按钮！
[2017-10-17 17:16:22,951]  INFO - 初始化第一列行情！
[2017-10-17 17:16:22,951]  INFO - 初始化第一列供需发布！
[2017-10-17 17:16:22,951]  INFO - 初始化第一列K线图！
[2017-10-17 17:16:22,951]  INFO - 初始化第一列资讯！
[2017-10-17 17:16:22,951]  INFO - 初始化第二行快捷按钮！
[2017-10-17 17:16:22,951]  INFO - 初始化买入基价！
[2017-10-17 17:16:22,951]  INFO - 初始化买入基价值！
[2017-10-17 17:16:22,951]  INFO - 初始化卖出基价！
[2017-10-17 17:16:22,951]  INFO - 初始化卖出基价值！
[2017-10-17 17:16:22,957]  INFO - 初始化第二行快捷按钮！
[2017-10-17 17:16:22,962]  INFO - 初始化供需发布！
[2017-10-17 17:16:23,552]  INFO - 初始化界面结束！
[2017-10-17 17:16:23,552]  INFO - 创建登录界面！
[2017-10-17 17:16:23,650]  INFO - 初始化内置浏览器！
[2017-10-17 17:16:26,116]  INFO - 收到Cookies消息,值为：SecurityTicket=
[2017-10-17 17:16:31,019]  INFO - 收到帐号密码消息,值为：jinkaifeng,12345678
[2017-10-17 17:16:31,702]  INFO - 收到登录成功消息,值为：IsLogin
[2017-10-17 17:16:33,488]  INFO - 收到Cookies消息,值为：SecurityTicket=R1glArlFFY%2BUo%2Ff7bOEGYRAJpCAfGvDnfHsJoK%2Bx8ZjJ6tUQHDY1mRMICoiIxgZALZvjA0XMv5j7lCe2wvsH5Q%3D%3D; SecurityToken=R1glArlFFY%2BUo%2Ff7bOEGYRAJpCAfGvDnfHsJoK%2Bx8ZjJ6tUQHDY1mRMICoiIxgZALZvjA0XMv5j7lCe2wvsH5Q%3D%3D
[2017-10-17 17:16:34,422]  INFO - 收到Cookies消息,值为：SecurityTicket=R1glArlFFY%2BUo%2Ff7bOEGYRAJpCAfGvDnfHsJoK%2Bx8ZjJ6tUQHDY1mRMICoiIxgZALZvjA0XMv5j7lCe2wvsH5Q%3D%3D; SecurityToken=R1glArlFFY%2BUo%2Ff7bOEGYRAJpCAfGvDnfHsJoK%2Bx8ZjJ6tUQHDY1mRMICoiIxgZALZvjA0XMv5j7lCe2wvsH5Q%3D%3D
[2017-10-17 17:16:35,458]  INFO - 收到Cookies消息,值为：SecurityTicket=R1glArlFFY%2BUo%2Ff7bOEGYRAJpCAfGvDnfHsJoK%2Bx8ZjJ6tUQHDY1mRMICoiIxgZALZvjA0XMv5j7lCe2wvsH5Q%3D%3D; SecurityToken=R1glArlFFY%2BUo%2Ff7bOEGYRAJpCAfGvDnfHsJoK%2Bx8ZjJ6tUQHDY1mRMICoiIxgZALZvjA0XMv5j7lCe2wvsH5Q%3D%3D
[2017-10-17 17:17:31,582]  INFO - 初始化界面开始！
[2017-10-17 17:17:31,604]  INFO - 画板初始化！
[2017-10-17 17:17:32,127]  INFO - 初始化第一行背景！
[2017-10-17 17:17:32,129]  INFO - 初始化第一行行情按钮！
[2017-10-17 17:17:32,130]  INFO - 初始化第一行我的资金按钮！
[2017-10-17 17:17:32,130]  INFO - 初始化第一行基础管理按钮！
[2017-10-17 17:17:32,130]  INFO - 初始化第一行登录按钮！
[2017-10-17 17:17:32,677]  INFO - 初始化第一行注册按钮！
[2017-10-17 17:17:32,679]  INFO - 初始化第一行登录后状态！
[2017-10-17 17:17:32,679]  INFO - 初始化第一行注销按钮！
[2017-10-17 17:17:32,680]  INFO - 初始化第一行最小化按钮！
[2017-10-17 17:17:32,685]  INFO - 初始化第一行最大化按钮！
[2017-10-17 17:17:32,687]  INFO - 初始化第一行关闭按钮！
[2017-10-17 17:17:32,689]  INFO - 初始化第一列行情！
[2017-10-17 17:17:32,690]  INFO - 初始化第一列供需发布！
[2017-10-17 17:17:32,690]  INFO - 初始化第一列K线图！
[2017-10-17 17:17:32,690]  INFO - 初始化第一列资讯！
[2017-10-17 17:17:32,690]  INFO - 初始化第二行快捷按钮！
[2017-10-17 17:17:32,690]  INFO - 初始化买入基价！
[2017-10-17 17:17:32,690]  INFO - 初始化买入基价值！
[2017-10-17 17:17:32,690]  INFO - 初始化卖出基价！
[2017-10-17 17:17:32,690]  INFO - 初始化卖出基价值！
[2017-10-17 17:17:32,700]  INFO - 初始化第二行快捷按钮！
[2017-10-17 17:17:32,706]  INFO - 初始化供需发布！
[2017-10-17 17:17:33,531]  INFO - 初始化界面结束！
[2017-10-17 17:17:33,532]  INFO - 创建登录界面！
[2017-10-17 17:17:33,645]  INFO - 初始化内置浏览器！
[2017-10-17 17:17:36,362]  INFO - 收到Cookies消息,值为：SecurityTicket=
[2017-10-17 17:17:41,573]  INFO - 收到帐号密码消息,值为：jinkaifeng,12345678
[2017-10-17 17:17:42,711]  INFO - 收到登录成功消息,值为：IsLogin
[2017-10-17 17:17:44,392]  INFO - 收到Cookies消息,值为：SecurityTicket=BNQDrXbyPndTRLOcvheGvOuk1Lv8zho0x4sDZ4MS5X3oUm3%2Bt2DfdigAmwtTZeU%2BPSJfPyH8ZWw7CFrV%2FhlsrA%3D%3D; SecurityToken=BNQDrXbyPndTRLOcvheGvOuk1Lv8zho0x4sDZ4MS5X3oUm3%2Bt2DfdigAmwtTZeU%2BPSJfPyH8ZWw7CFrV%2FhlsrA%3D%3D
[2017-10-17 17:17:45,470]  INFO - 收到Cookies消息,值为：SecurityTicket=BNQDrXbyPndTRLOcvheGvOuk1Lv8zho0x4sDZ4MS5X3oUm3%2Bt2DfdigAmwtTZeU%2BPSJfPyH8ZWw7CFrV%2FhlsrA%3D%3D; SecurityToken=BNQDrXbyPndTRLOcvheGvOuk1Lv8zho0x4sDZ4MS5X3oUm3%2Bt2DfdigAmwtTZeU%2BPSJfPyH8ZWw7CFrV%2FhlsrA%3D%3D
[2017-10-17 17:17:46,553]  INFO - 收到Cookies消息,值为：SecurityTicket=BNQDrXbyPndTRLOcvheGvOuk1Lv8zho0x4sDZ4MS5X3oUm3%2Bt2DfdigAmwtTZeU%2BPSJfPyH8ZWw7CFrV%2FhlsrA%3D%3D; SecurityToken=BNQDrXbyPndTRLOcvheGvOuk1Lv8zho0x4sDZ4MS5X3oUm3%2Bt2DfdigAmwtTZeU%2BPSJfPyH8ZWw7CFrV%2FhlsrA%3D%3D
[2017-10-17 17:19:14,745]  INFO - 初始化界面开始！
[2017-10-17 17:19:14,754]  INFO - 画板初始化！
[2017-10-17 17:19:14,959]  INFO - 初始化第一行背景！
[2017-10-17 17:19:14,962]  INFO - 初始化第一行行情按钮！
[2017-10-17 17:19:14,963]  INFO - 初始化第一行我的资金按钮！
[2017-10-17 17:19:14,963]  INFO - 初始化第一行基础管理按钮！
[2017-10-17 17:19:14,963]  INFO - 初始化第一行登录按钮！
[2017-10-17 17:19:15,307]  INFO - 初始化第一行注册按钮！
[2017-10-17 17:19:15,308]  INFO - 初始化第一行登录后状态！
[2017-10-17 17:19:15,309]  INFO - 初始化第一行注销按钮！
[2017-10-17 17:19:15,309]  INFO - 初始化第一行最小化按钮！
[2017-10-17 17:19:15,310]  INFO - 初始化第一行最大化按钮！
[2017-10-17 17:19:15,311]  INFO - 初始化第一行关闭按钮！
[2017-10-17 17:19:15,312]  INFO - 初始化第一列行情！
[2017-10-17 17:19:15,312]  INFO - 初始化第一列供需发布！
[2017-10-17 17:19:15,312]  INFO - 初始化第一列K线图！
[2017-10-17 17:19:15,312]  INFO - 初始化第一列资讯！
[2017-10-17 17:19:15,312]  INFO - 初始化第二行快捷按钮！
[2017-10-17 17:19:15,313]  INFO - 初始化买入基价！
[2017-10-17 17:19:15,313]  INFO - 初始化买入基价值！
[2017-10-17 17:19:15,313]  INFO - 初始化卖出基价！
[2017-10-17 17:19:15,313]  INFO - 初始化卖出基价值！
[2017-10-17 17:19:15,317]  INFO - 初始化第二行快捷按钮！
[2017-10-17 17:19:15,320]  INFO - 初始化供需发布！
[2017-10-17 17:19:16,018]  INFO - 初始化界面结束！
[2017-10-17 17:19:16,028]  INFO - 创建登录界面！
[2017-10-17 17:19:16,173]  INFO - 初始化内置浏览器！
[2017-10-17 17:19:19,891]  INFO - 收到Cookies消息,值为：SecurityTicket=
[2017-10-17 17:19:32,219]  INFO - 收到帐号密码消息,值为：jinkaifeng,12345678
[2017-10-17 17:19:32,898]  INFO - 收到登录成功消息,值为：IsLogin
[2017-10-17 17:19:34,588]  INFO - 收到Cookies消息,值为：SecurityTicket=6Pf5eo5npk2fqRebk6lUnAL%2BfII1FHSwEyu7IrweNGPfEm7XZ1295BoCc85Wf0W0gQE8UNneYBDQG1VNVCifYA%3D%3D; SecurityToken=6Pf5eo5npk2fqRebk6lUnAL%2BfII1FHSwEyu7IrweNGPfEm7XZ1295BoCc85Wf0W0gQE8UNneYBDQG1VNVCifYA%3D%3D
[2017-10-17 17:19:35,711]  INFO - 收到Cookies消息,值为：SecurityTicket=6Pf5eo5npk2fqRebk6lUnAL%2BfII1FHSwEyu7IrweNGPfEm7XZ1295BoCc85Wf0W0gQE8UNneYBDQG1VNVCifYA%3D%3D; SecurityToken=6Pf5eo5npk2fqRebk6lUnAL%2BfII1FHSwEyu7IrweNGPfEm7XZ1295BoCc85Wf0W0gQE8UNneYBDQG1VNVCifYA%3D%3D
[2017-10-17 17:19:36,912]  INFO - 收到Cookies消息,值为：SecurityTicket=6Pf5eo5npk2fqRebk6lUnAL%2BfII1FHSwEyu7IrweNGPfEm7XZ1295BoCc85Wf0W0gQE8UNneYBDQG1VNVCifYA%3D%3D; SecurityToken=6Pf5eo5npk2fqRebk6lUnAL%2BfII1FHSwEyu7IrweNGPfEm7XZ1295BoCc85Wf0W0gQE8UNneYBDQG1VNVCifYA%3D%3D
[2017-10-17 17:28:45,014]  INFO - 初始化界面开始！
[2017-10-17 17:28:45,024]  INFO - 画板初始化！
[2017-10-17 17:28:45,226]  INFO - 初始化第一行背景！
[2017-10-17 17:28:45,227]  INFO - 初始化第一行行情按钮！
[2017-10-17 17:28:45,238]  INFO - 初始化第一行我的资金按钮！
[2017-10-17 17:28:45,238]  INFO - 初始化第一行基础管理按钮！
[2017-10-17 17:28:45,238]  INFO - 初始化第一行登录按钮！
[2017-10-17 17:28:45,593]  INFO - 初始化第一行注册按钮！
[2017-10-17 17:28:45,594]  INFO - 初始化第一行登录后状态！
[2017-10-17 17:28:45,595]  INFO - 初始化第一行注销按钮！
[2017-10-17 17:28:45,595]  INFO - 初始化第一行最小化按钮！
[2017-10-17 17:28:45,596]  INFO - 初始化第一行最大化按钮！
[2017-10-17 17:28:45,598]  INFO - 初始化第一行关闭按钮！
[2017-10-17 17:28:45,599]  INFO - 初始化第一列行情！
[2017-10-17 17:28:45,600]  INFO - 初始化第一列供需发布！
[2017-10-17 17:28:45,600]  INFO - 初始化第一列K线图！
[2017-10-17 17:28:45,600]  INFO - 初始化第一列资讯！
[2017-10-17 17:28:45,600]  INFO - 初始化第二行快捷按钮！
[2017-10-17 17:28:45,600]  INFO - 初始化买入基价！
[2017-10-17 17:28:45,600]  INFO - 初始化买入基价值！
[2017-10-17 17:28:45,600]  INFO - 初始化卖出基价！
[2017-10-17 17:28:45,600]  INFO - 初始化卖出基价值！
[2017-10-17 17:28:45,607]  INFO - 初始化第二行快捷按钮！
[2017-10-17 17:28:45,612]  INFO - 初始化供需发布！
[2017-10-17 17:28:46,122]  INFO - 初始化界面结束！
[2017-10-17 17:28:46,122]  INFO - 创建登录界面！
[2017-10-17 17:28:46,203]  INFO - 初始化内置浏览器！
[2017-10-17 17:28:48,976]  INFO - 收到Cookies消息,值为：SecurityTicket=
[2017-10-17 17:29:08,809]  INFO - 收到帐号密码消息,值为：jinkaifeng,12345678
[2017-10-17 17:29:09,408]  INFO - 收到登录成功消息,值为：IsLogin
[2017-10-17 17:29:11,077]  INFO - 收到Cookies消息,值为：SecurityTicket=IT9Y9bRQeFWwanwNzIX9wlojltQCC7axny4QMQ9IGSR%2B2RvfwwtKtmhuoHgfU9Lq9FBZjRn0U%2B6KtECsrHk08A%3D%3D; SecurityToken=IT9Y9bRQeFWwanwNzIX9wlojltQCC7axny4QMQ9IGSR%2B2RvfwwtKtmhuoHgfU9Lq9FBZjRn0U%2B6KtECsrHk08A%3D%3D
[2017-10-17 17:29:12,268]  INFO - 收到Cookies消息,值为：SecurityTicket=IT9Y9bRQeFWwanwNzIX9wlojltQCC7axny4QMQ9IGSR%2B2RvfwwtKtmhuoHgfU9Lq9FBZjRn0U%2B6KtECsrHk08A%3D%3D; SecurityToken=IT9Y9bRQeFWwanwNzIX9wlojltQCC7axny4QMQ9IGSR%2B2RvfwwtKtmhuoHgfU9Lq9FBZjRn0U%2B6KtECsrHk08A%3D%3D
[2017-10-17 17:29:13,299]  INFO - 收到Cookies消息,值为：SecurityTicket=IT9Y9bRQeFWwanwNzIX9wlojltQCC7axny4QMQ9IGSR%2B2RvfwwtKtmhuoHgfU9Lq9FBZjRn0U%2B6KtECsrHk08A%3D%3D; SecurityToken=IT9Y9bRQeFWwanwNzIX9wlojltQCC7axny4QMQ9IGSR%2B2RvfwwtKtmhuoHgfU9Lq9FBZjRn0U%2B6KtECsrHk08A%3D%3D
[2017-10-17 17:30:32,197]  INFO - 初始化界面开始！
[2017-10-17 17:30:32,206]  INFO - 画板初始化！
[2017-10-17 17:30:32,372]  INFO - 初始化第一行背景！
[2017-10-17 17:30:32,374]  INFO - 初始化第一行行情按钮！
[2017-10-17 17:30:32,375]  INFO - 初始化第一行我的资金按钮！
[2017-10-17 17:30:32,375]  INFO - 初始化第一行基础管理按钮！
[2017-10-17 17:30:32,375]  INFO - 初始化第一行登录按钮！
[2017-10-17 17:30:32,714]  INFO - 初始化第一行注册按钮！
[2017-10-17 17:30:32,716]  INFO - 初始化第一行登录后状态！
[2017-10-17 17:30:32,717]  INFO - 初始化第一行注销按钮！
[2017-10-17 17:30:32,717]  INFO - 初始化第一行最小化按钮！
[2017-10-17 17:30:32,719]  INFO - 初始化第一行最大化按钮！
[2017-10-17 17:30:32,720]  INFO - 初始化第一行关闭按钮！
[2017-10-17 17:30:32,722]  INFO - 初始化第一列行情！
[2017-10-17 17:30:32,722]  INFO - 初始化第一列供需发布！
[2017-10-17 17:30:32,722]  INFO - 初始化第一列K线图！
[2017-10-17 17:30:32,722]  INFO - 初始化第一列资讯！
[2017-10-17 17:30:32,722]  INFO - 初始化第二行快捷按钮！
[2017-10-17 17:30:32,723]  INFO - 初始化买入基价！
[2017-10-17 17:30:32,723]  INFO - 初始化买入基价值！
[2017-10-17 17:30:32,723]  INFO - 初始化卖出基价！
[2017-10-17 17:30:32,723]  INFO - 初始化卖出基价值！
[2017-10-17 17:30:32,729]  INFO - 初始化第二行快捷按钮！
[2017-10-17 17:30:32,734]  INFO - 初始化供需发布！
[2017-10-17 17:30:33,262]  INFO - 初始化界面结束！
[2017-10-17 17:30:33,262]  INFO - 创建登录界面！
[2017-10-17 17:30:33,350]  INFO - 初始化内置浏览器！
[2017-10-17 17:30:37,058]  INFO - 收到Cookies消息,值为：SecurityTicket=
[2017-10-17 17:31:14,114]  INFO - 收到帐号密码消息,值为：jinkaifeng,12345678
[2017-10-17 17:31:14,901]  INFO - 收到登录成功消息,值为：IsLogin
[2017-10-17 17:31:16,698]  INFO - 收到Cookies消息,值为：SecurityTicket=yTm9RjPOn4QjxlhU7NPjqAknPfRwBSUlL92%2FyrX7fXVz2RLN%2FCyC3EjAGpe2g4B452Y6SwLieWEOHsDLhErHuA%3D%3D; SecurityToken=yTm9RjPOn4QjxlhU7NPjqAknPfRwBSUlL92%2FyrX7fXVz2RLN%2FCyC3EjAGpe2g4B452Y6SwLieWEOHsDLhErHuA%3D%3D
[2017-10-17 17:31:17,912]  INFO - 收到Cookies消息,值为：SecurityTicket=yTm9RjPOn4QjxlhU7NPjqAknPfRwBSUlL92%2FyrX7fXVz2RLN%2FCyC3EjAGpe2g4B452Y6SwLieWEOHsDLhErHuA%3D%3D; SecurityToken=yTm9RjPOn4QjxlhU7NPjqAknPfRwBSUlL92%2FyrX7fXVz2RLN%2FCyC3EjAGpe2g4B452Y6SwLieWEOHsDLhErHuA%3D%3D
[2017-10-17 17:33:15,738]  INFO - 初始化界面开始！
[2017-10-17 17:33:15,748]  INFO - 画板初始化！
[2017-10-17 17:33:16,462]  INFO - 初始化第一行背景！
[2017-10-17 17:33:16,464]  INFO - 初始化第一行行情按钮！
[2017-10-17 17:33:16,466]  INFO - 初始化第一行我的资金按钮！
[2017-10-17 17:33:16,466]  INFO - 初始化第一行基础管理按钮！
[2017-10-17 17:33:16,466]  INFO - 初始化第一行登录按钮！
[2017-10-17 17:33:16,828]  INFO - 初始化第一行注册按钮！
[2017-10-17 17:33:16,830]  INFO - 初始化第一行登录后状态！
[2017-10-17 17:33:16,831]  INFO - 初始化第一行注销按钮！
[2017-10-17 17:33:16,831]  INFO - 初始化第一行最小化按钮！
[2017-10-17 17:33:16,833]  INFO - 初始化第一行最大化按钮！
[2017-10-17 17:33:16,834]  INFO - 初始化第一行关闭按钮！
[2017-10-17 17:33:16,835]  INFO - 初始化第一列行情！
[2017-10-17 17:33:16,836]  INFO - 初始化第一列供需发布！
[2017-10-17 17:33:16,836]  INFO - 初始化第一列K线图！
[2017-10-17 17:33:16,836]  INFO - 初始化第一列资讯！
[2017-10-17 17:33:16,836]  INFO - 初始化第二行快捷按钮！
[2017-10-17 17:33:16,836]  INFO - 初始化买入基价！
[2017-10-17 17:33:16,836]  INFO - 初始化买入基价值！
[2017-10-17 17:33:16,836]  INFO - 初始化卖出基价！
[2017-10-17 17:33:16,836]  INFO - 初始化卖出基价值！
[2017-10-17 17:33:16,842]  INFO - 初始化第二行快捷按钮！
[2017-10-17 17:33:16,846]  INFO - 初始化供需发布！
[2017-10-17 17:33:17,759]  INFO - 初始化界面结束！
[2017-10-17 17:33:17,759]  INFO - 创建登录界面！
[2017-10-17 17:33:18,036]  INFO - 初始化内置浏览器！
[2017-10-17 17:33:21,739]  INFO - 收到Cookies消息,值为：SecurityTicket=
[2017-10-17 17:33:25,555]  INFO - 收到帐号密码消息,值为：jinkaifeng,12345678
[2017-10-17 17:33:26,192]  INFO - 收到登录成功消息,值为：IsLogin
[2017-10-17 17:33:28,037]  INFO - 收到Cookies消息,值为：SecurityTicket=G%2F3bC39XcRZ1%2FCEqQbjE9TlvO5MyAHYOweHO5haizmFaKWq22aTYwrtv%2BduyIXInV1ItqXTtb%2F%2BSkzF3veNDRQ%3D%3D; SecurityToken=G%2F3bC39XcRZ1%2FCEqQbjE9TlvO5MyAHYOweHO5haizmFaKWq22aTYwrtv%2BduyIXInV1ItqXTtb%2F%2BSkzF3veNDRQ%3D%3D
[2017-10-17 17:33:29,033]  INFO - 收到Cookies消息,值为：SecurityTicket=G%2F3bC39XcRZ1%2FCEqQbjE9TlvO5MyAHYOweHO5haizmFaKWq22aTYwrtv%2BduyIXInV1ItqXTtb%2F%2BSkzF3veNDRQ%3D%3D; SecurityToken=G%2F3bC39XcRZ1%2FCEqQbjE9TlvO5MyAHYOweHO5haizmFaKWq22aTYwrtv%2BduyIXInV1ItqXTtb%2F%2BSkzF3veNDRQ%3D%3D
[2017-10-17 17:36:25,068]  INFO - 初始化界面开始！
[2017-10-17 17:36:25,077]  INFO - 画板初始化！
[2017-10-17 17:36:25,271]  INFO - 初始化第一行背景！
[2017-10-17 17:36:25,273]  INFO - 初始化第一行行情按钮！
[2017-10-17 17:36:25,274]  INFO - 初始化第一行我的资金按钮！
[2017-10-17 17:36:25,274]  INFO - 初始化第一行基础管理按钮！
[2017-10-17 17:36:25,274]  INFO - 初始化第一行登录按钮！
[2017-10-17 17:36:25,616]  INFO - 初始化第一行注册按钮！
[2017-10-17 17:36:25,618]  INFO - 初始化第一行登录后状态！
[2017-10-17 17:36:25,618]  INFO - 初始化第一行注销按钮！
[2017-10-17 17:36:25,619]  INFO - 初始化第一行最小化按钮！
[2017-10-17 17:36:25,620]  INFO - 初始化第一行最大化按钮！
[2017-10-17 17:36:25,621]  INFO - 初始化第一行关闭按钮！
[2017-10-17 17:36:25,623]  INFO - 初始化第一列行情！
[2017-10-17 17:36:25,623]  INFO - 初始化第一列供需发布！
[2017-10-17 17:36:25,623]  INFO - 初始化第一列K线图！
[2017-10-17 17:36:25,623]  INFO - 初始化第一列资讯！
[2017-10-17 17:36:25,623]  INFO - 初始化第二行快捷按钮！
[2017-10-17 17:36:25,623]  INFO - 初始化买入基价！
[2017-10-17 17:36:25,623]  INFO - 初始化买入基价值！
[2017-10-17 17:36:25,623]  INFO - 初始化卖出基价！
[2017-10-17 17:36:25,623]  INFO - 初始化卖出基价值！
[2017-10-17 17:36:25,630]  INFO - 初始化第二行快捷按钮！
[2017-10-17 17:36:25,634]  INFO - 初始化供需发布！
[2017-10-17 17:36:26,127]  INFO - 初始化界面结束！
[2017-10-17 17:36:26,128]  INFO - 创建登录界面！
[2017-10-17 17:36:26,203]  INFO - 初始化内置浏览器！
[2017-10-17 17:36:29,987]  INFO - 收到Cookies消息,值为：SecurityTicket=
[2017-10-17 17:40:10,484]  INFO - 初始化界面开始！
[2017-10-17 17:40:10,494]  INFO - 画板初始化！
[2017-10-17 17:40:10,667]  INFO - 初始化第一行背景！
[2017-10-17 17:40:10,668]  INFO - 初始化第一行行情按钮！
[2017-10-17 17:40:10,670]  INFO - 初始化第一行我的资金按钮！
[2017-10-17 17:40:10,670]  INFO - 初始化第一行基础管理按钮！
[2017-10-17 17:40:10,670]  INFO - 初始化第一行登录按钮！
[2017-10-17 17:40:10,993]  INFO - 初始化第一行注册按钮！
[2017-10-17 17:40:10,994]  INFO - 初始化第一行登录后状态！
[2017-10-17 17:40:10,995]  INFO - 初始化第一行注销按钮！
[2017-10-17 17:40:10,995]  INFO - 初始化第一行最小化按钮！
[2017-10-17 17:40:10,997]  INFO - 初始化第一行最大化按钮！
[2017-10-17 17:40:10,998]  INFO - 初始化第一行关闭按钮！
[2017-10-17 17:40:11,000]  INFO - 初始化第一列行情！
[2017-10-17 17:40:11,000]  INFO - 初始化第一列供需发布！
[2017-10-17 17:40:11,000]  INFO - 初始化第一列K线图！
[2017-10-17 17:40:11,000]  INFO - 初始化第一列资讯！
[2017-10-17 17:40:11,000]  INFO - 初始化第二行快捷按钮！
[2017-10-17 17:40:11,000]  INFO - 初始化买入基价！
[2017-10-17 17:40:11,000]  INFO - 初始化买入基价值！
[2017-10-17 17:40:11,000]  INFO - 初始化卖出基价！
[2017-10-17 17:40:11,000]  INFO - 初始化卖出基价值！
[2017-10-17 17:40:11,006]  INFO - 初始化第二行快捷按钮！
[2017-10-17 17:40:11,010]  INFO - 初始化供需发布！
[2017-10-17 17:40:11,510]  INFO - 初始化界面结束！
[2017-10-17 17:40:11,511]  INFO - 创建登录界面！
[2017-10-17 17:40:11,584]  INFO - 初始化内置浏览器！
[2017-10-17 17:40:15,519]  INFO - 收到Cookies消息,值为：SecurityTicket=
[2017-10-17 17:40:20,448]  INFO - 收到帐号密码消息,值为：jinkaifeng,123456789999
[2017-10-17 17:40:24,521]  INFO - 收到帐号密码消息,值为：jinkaifeng,1234567
[2017-10-17 17:40:28,284]  INFO - 收到帐号密码消息,值为：jinkaifeng,12345678
[2017-10-17 17:40:28,957]  INFO - 收到登录成功消息,值为：IsLogin
[2017-10-17 17:40:30,592]  INFO - 收到Cookies消息,值为：SecurityTicket=xHAS2hXAK%2FPdSFpCS%2FUHUFpEK3DhpZv71JYIKXoX6AasSTbWTdSmjLTVY86IB9x7gr%2B0aZ403fkA097NbZ4nXA%3D%3D; SecurityToken=xHAS2hXAK%2FPdSFpCS%2FUHUFpEK3DhpZv71JYIKXoX6AasSTbWTdSmjLTVY86IB9x7gr%2B0aZ403fkA097NbZ4nXA%3D%3D
[2017-10-17 17:40:31,627]  INFO - 收到Cookies消息,值为：SecurityTicket=xHAS2hXAK%2FPdSFpCS%2FUHUFpEK3DhpZv71JYIKXoX6AasSTbWTdSmjLTVY86IB9x7gr%2B0aZ403fkA097NbZ4nXA%3D%3D; SecurityToken=xHAS2hXAK%2FPdSFpCS%2FUHUFpEK3DhpZv71JYIKXoX6AasSTbWTdSmjLTVY86IB9x7gr%2B0aZ403fkA097NbZ4nXA%3D%3D
[2017-10-17 17:40:32,767]  INFO - 收到Cookies消息,值为：SecurityTicket=xHAS2hXAK%2FPdSFpCS%2FUHUFpEK3DhpZv71JYIKXoX6AasSTbWTdSmjLTVY86IB9x7gr%2B0aZ403fkA097NbZ4nXA%3D%3D; SecurityToken=xHAS2hXAK%2FPdSFpCS%2FUHUFpEK3DhpZv71JYIKXoX6AasSTbWTdSmjLTVY86IB9x7gr%2B0aZ403fkA097NbZ4nXA%3D%3D
[2017-10-17 17:41:08,767]  INFO - 初始化界面开始！
[2017-10-17 17:41:08,777]  INFO - 画板初始化！
[2017-10-17 17:41:08,974]  INFO - 初始化第一行背景！
[2017-10-17 17:41:08,975]  INFO - 初始化第一行行情按钮！
[2017-10-17 17:41:08,977]  INFO - 初始化第一行我的资金按钮！
[2017-10-17 17:41:08,977]  INFO - 初始化第一行基础管理按钮！
[2017-10-17 17:41:08,977]  INFO - 初始化第一行登录按钮！
[2017-10-17 17:41:09,294]  INFO - 初始化第一行注册按钮！
[2017-10-17 17:41:09,295]  INFO - 初始化第一行登录后状态！
[2017-10-17 17:41:09,295]  INFO - 初始化第一行注销按钮！
[2017-10-17 17:41:09,296]  INFO - 初始化第一行最小化按钮！
[2017-10-17 17:41:09,296]  INFO - 初始化第一行最大化按钮！
[2017-10-17 17:41:09,297]  INFO - 初始化第一行关闭按钮！
[2017-10-17 17:41:09,298]  INFO - 初始化第一列行情！
[2017-10-17 17:41:09,298]  INFO - 初始化第一列供需发布！
[2017-10-17 17:41:09,298]  INFO - 初始化第一列K线图！
[2017-10-17 17:41:09,298]  INFO - 初始化第一列资讯！
[2017-10-17 17:41:09,298]  INFO - 初始化第二行快捷按钮！
[2017-10-17 17:41:09,299]  INFO - 初始化买入基价！
[2017-10-17 17:41:09,299]  INFO - 初始化买入基价值！
[2017-10-17 17:41:09,299]  INFO - 初始化卖出基价！
[2017-10-17 17:41:09,299]  INFO - 初始化卖出基价值！
[2017-10-17 17:41:09,304]  INFO - 初始化第二行快捷按钮！
[2017-10-17 17:41:09,306]  INFO - 初始化供需发布！
[2017-10-17 17:41:09,773]  INFO - 初始化界面结束！
[2017-10-17 17:41:09,773]  INFO - 创建登录界面！
[2017-10-17 17:41:09,852]  INFO - 初始化内置浏览器！
[2017-10-17 17:41:13,609]  INFO - 收到Cookies消息,值为：SecurityTicket=
[2017-10-17 17:41:17,287]  INFO - 收到帐号密码消息,值为：jinkaifeng,12345678
[2017-10-17 17:41:18,005]  INFO - 收到登录成功消息,值为：IsLogin
[2017-10-17 17:41:19,781]  INFO - 收到Cookies消息,值为：SecurityTicket=uHmszbs2rrqD8PTUcEqZIEllCYFw%2BuBevT1lP%2BvUJccrS57VzkR1m%2B8MXm3CEVCYhj0cIaHXnr2M6VpWUgY%2BtQ%3D%3D; SecurityToken=uHmszbs2rrqD8PTUcEqZIEllCYFw%2BuBevT1lP%2BvUJccrS57VzkR1m%2B8MXm3CEVCYhj0cIaHXnr2M6VpWUgY%2BtQ%3D%3D
[2017-10-17 17:41:20,934]  INFO - 收到Cookies消息,值为：SecurityTicket=uHmszbs2rrqD8PTUcEqZIEllCYFw%2BuBevT1lP%2BvUJccrS57VzkR1m%2B8MXm3CEVCYhj0cIaHXnr2M6VpWUgY%2BtQ%3D%3D; SecurityToken=uHmszbs2rrqD8PTUcEqZIEllCYFw%2BuBevT1lP%2BvUJccrS57VzkR1m%2B8MXm3CEVCYhj0cIaHXnr2M6VpWUgY%2BtQ%3D%3D
[2017-10-17 17:41:23,589]  INFO - 收到Cookies消息,值为：SecurityTicket=uHmszbs2rrqD8PTUcEqZIEllCYFw%2BuBevT1lP%2BvUJccrS57VzkR1m%2B8MXm3CEVCYhj0cIaHXnr2M6VpWUgY%2BtQ%3D%3D; SecurityToken=uHmszbs2rrqD8PTUcEqZIEllCYFw%2BuBevT1lP%2BvUJccrS57VzkR1m%2B8MXm3CEVCYhj0cIaHXnr2M6VpWUgY%2BtQ%3D%3D
[2017-10-17 17:44:54,234]  INFO - 初始化界面开始！
[2017-10-17 17:44:54,253]  INFO - 画板初始化！
[2017-10-17 17:44:54,481]  INFO - 初始化第一行背景！
[2017-10-17 17:44:54,483]  INFO - 初始化第一行行情按钮！
[2017-10-17 17:44:54,485]  INFO - 初始化第一行我的资金按钮！
[2017-10-17 17:44:54,485]  INFO - 初始化第一行基础管理按钮！
[2017-10-17 17:44:54,485]  INFO - 初始化第一行登录按钮！
[2017-10-17 17:44:54,896]  INFO - 初始化第一行注册按钮！
[2017-10-17 17:44:54,898]  INFO - 初始化第一行登录后状态！
[2017-10-17 17:44:54,898]  INFO - 初始化第一行注销按钮！
[2017-10-17 17:44:54,898]  INFO - 初始化第一行最小化按钮！
[2017-10-17 17:44:54,901]  INFO - 初始化第一行最大化按钮！
[2017-10-17 17:44:54,902]  INFO - 初始化第一行关闭按钮！
[2017-10-17 17:44:54,904]  INFO - 初始化第一列行情！
[2017-10-17 17:44:54,904]  INFO - 初始化第一列供需发布！
[2017-10-17 17:44:54,904]  INFO - 初始化第一列K线图！
[2017-10-17 17:44:54,904]  INFO - 初始化第一列资讯！
[2017-10-17 17:44:54,904]  INFO - 初始化第二行快捷按钮！
[2017-10-17 17:44:54,904]  INFO - 初始化买入基价！
[2017-10-17 17:44:54,904]  INFO - 初始化买入基价值！
[2017-10-17 17:44:54,904]  INFO - 初始化卖出基价！
[2017-10-17 17:44:54,904]  INFO - 初始化卖出基价值！
[2017-10-17 17:44:54,910]  INFO - 初始化第二行快捷按钮！
[2017-10-17 17:44:54,914]  INFO - 初始化供需发布！
[2017-10-17 17:44:55,379]  INFO - 初始化界面结束！
[2017-10-17 17:44:55,379]  INFO - 创建登录界面！
[2017-10-17 17:44:55,424]  INFO - 初始化内置浏览器！
[2017-10-17 17:45:03,592]  INFO - 收到Cookies消息,值为：SecurityTicket=
[2017-10-17 17:45:09,225]  INFO - 收到帐号密码消息,值为：jinkaifeng12345678,
[2017-10-17 17:45:14,963]  INFO - 收到帐号密码消息,值为：jinkaifeng,12345678
[2017-10-17 17:45:15,838]  INFO - 收到登录成功消息,值为：IsLogin
[2017-10-17 17:45:17,634]  INFO - 收到Cookies消息,值为：SecurityTicket=8nasHFhEr5qDZV7JWujer7I7u2rKgf2pXmuGG1nDMJRISJvuT6ckkPhQTVxNxiLn3k%2BUdo4Q8Nf%2Bf5BECz3pIg%3D%3D; SecurityToken=8nasHFhEr5qDZV7JWujer7I7u2rKgf2pXmuGG1nDMJRISJvuT6ckkPhQTVxNxiLn3k%2BUdo4Q8Nf%2Bf5BECz3pIg%3D%3D
[2017-10-17 17:45:18,650]  INFO - 收到Cookies消息,值为：SecurityTicket=8nasHFhEr5qDZV7JWujer7I7u2rKgf2pXmuGG1nDMJRISJvuT6ckkPhQTVxNxiLn3k%2BUdo4Q8Nf%2Bf5BECz3pIg%3D%3D; SecurityToken=8nasHFhEr5qDZV7JWujer7I7u2rKgf2pXmuGG1nDMJRISJvuT6ckkPhQTVxNxiLn3k%2BUdo4Q8Nf%2Bf5BECz3pIg%3D%3D
[2017-10-17 17:45:21,640]  INFO - 收到Cookies消息,值为：SecurityTicket=8nasHFhEr5qDZV7JWujer7I7u2rKgf2pXmuGG1nDMJRISJvuT6ckkPhQTVxNxiLn3k%2BUdo4Q8Nf%2Bf5BECz3pIg%3D%3D; SecurityToken=8nasHFhEr5qDZV7JWujer7I7u2rKgf2pXmuGG1nDMJRISJvuT6ckkPhQTVxNxiLn3k%2BUdo4Q8Nf%2Bf5BECz3pIg%3D%3D
[2017-10-17 17:49:08,853]  INFO - 初始化界面开始！
[2017-10-17 17:49:08,862]  INFO - 画板初始化！
[2017-10-17 17:49:09,077]  INFO - 初始化第一行背景！
[2017-10-17 17:49:09,079]  INFO - 初始化第一行行情按钮！
[2017-10-17 17:49:09,081]  INFO - 初始化第一行我的资金按钮！
[2017-10-17 17:49:09,081]  INFO - 初始化第一行基础管理按钮！
[2017-10-17 17:49:09,081]  INFO - 初始化第一行登录按钮！
[2017-10-17 17:49:09,392]  INFO - 初始化第一行注册按钮！
[2017-10-17 17:49:09,394]  INFO - 初始化第一行登录后状态！
[2017-10-17 17:49:09,394]  INFO - 初始化第一行注销按钮！
[2017-10-17 17:49:09,395]  INFO - 初始化第一行最小化按钮！
[2017-10-17 17:49:09,396]  INFO - 初始化第一行最大化按钮！
[2017-10-17 17:49:09,397]  INFO - 初始化第一行关闭按钮！
[2017-10-17 17:49:09,398]  INFO - 初始化第一列行情！
[2017-10-17 17:49:09,399]  INFO - 初始化第一列供需发布！
[2017-10-17 17:49:09,399]  INFO - 初始化第一列K线图！
[2017-10-17 17:49:09,399]  INFO - 初始化第一列资讯！
[2017-10-17 17:49:09,399]  INFO - 初始化第二行快捷按钮！
[2017-10-17 17:49:09,399]  INFO - 初始化买入基价！
[2017-10-17 17:49:09,399]  INFO - 初始化买入基价值！
[2017-10-17 17:49:09,399]  INFO - 初始化卖出基价！
[2017-10-17 17:49:09,399]  INFO - 初始化卖出基价值！
[2017-10-17 17:49:09,405]  INFO - 初始化第二行快捷按钮！
[2017-10-17 17:49:09,409]  INFO - 初始化供需发布！
[2017-10-17 17:49:10,302]  INFO - 初始化界面结束！
[2017-10-17 17:49:10,313]  INFO - 创建登录界面！
[2017-10-17 17:49:10,439]  INFO - 初始化内置浏览器！
[2017-10-17 17:49:14,262]  INFO - 收到Cookies消息,值为：SecurityTicket=
[2017-10-17 17:49:25,616]  INFO - 收到帐号密码消息,值为：jinkaifeng,12345678
[2017-10-17 17:49:26,240]  INFO - 收到登录成功消息,值为：IsLogin
[2017-10-17 17:49:28,142]  INFO - 收到Cookies消息,值为：SecurityTicket=lPKgu9CidfJMedUXlOqMHBtZGYXItO6dDVNvJV9MnwQjsGoxesvhAkTAowMg8UknyK5EYkhDeSuyDOIhQ6ZVIQ%3D%3D; SecurityToken=lPKgu9CidfJMedUXlOqMHBtZGYXItO6dDVNvJV9MnwQjsGoxesvhAkTAowMg8UknyK5EYkhDeSuyDOIhQ6ZVIQ%3D%3D
[2017-10-17 17:49:29,293]  INFO - 收到Cookies消息,值为：SecurityTicket=lPKgu9CidfJMedUXlOqMHBtZGYXItO6dDVNvJV9MnwQjsGoxesvhAkTAowMg8UknyK5EYkhDeSuyDOIhQ6ZVIQ%3D%3D; SecurityToken=lPKgu9CidfJMedUXlOqMHBtZGYXItO6dDVNvJV9MnwQjsGoxesvhAkTAowMg8UknyK5EYkhDeSuyDOIhQ6ZVIQ%3D%3D
[2017-10-17 17:49:30,344]  INFO - 收到Cookies消息,值为：SecurityTicket=lPKgu9CidfJMedUXlOqMHBtZGYXItO6dDVNvJV9MnwQjsGoxesvhAkTAowMg8UknyK5EYkhDeSuyDOIhQ6ZVIQ%3D%3D; SecurityToken=lPKgu9CidfJMedUXlOqMHBtZGYXItO6dDVNvJV9MnwQjsGoxesvhAkTAowMg8UknyK5EYkhDeSuyDOIhQ6ZVIQ%3D%3D
[2017-10-17 18:35:39,460]  INFO - 初始化界面开始！
[2017-10-17 18:35:39,468]  INFO - 画板初始化！
[2017-10-17 18:35:39,588]  INFO - 初始化第一行背景！
[2017-10-17 18:35:39,590]  INFO - 初始化第一行行情按钮！
[2017-10-17 18:35:39,590]  INFO - 初始化第一行我的资金按钮！
[2017-10-17 18:35:39,590]  INFO - 初始化第一行基础管理按钮！
[2017-10-17 18:35:39,590]  INFO - 初始化第一行登录按钮！
[2017-10-17 18:35:39,817]  INFO - 初始化第一行注册按钮！
[2017-10-17 18:35:39,817]  INFO - 初始化第一行登录后状态！
[2017-10-17 18:35:39,817]  INFO - 初始化第一行注销按钮！
[2017-10-17 18:35:39,818]  INFO - 初始化第一行最小化按钮！
[2017-10-17 18:35:39,820]  INFO - 初始化第一行最大化按钮！
[2017-10-17 18:35:39,821]  INFO - 初始化第一行关闭按钮！
[2017-10-17 18:35:39,822]  INFO - 初始化第一列行情！
[2017-10-17 18:35:39,822]  INFO - 初始化第一列供需发布！
[2017-10-17 18:35:39,822]  INFO - 初始化第一列K线图！
[2017-10-17 18:35:39,822]  INFO - 初始化第一列资讯！
[2017-10-17 18:35:39,822]  INFO - 初始化第二行快捷按钮！
[2017-10-17 18:35:39,823]  INFO - 初始化买入基价！
[2017-10-17 18:35:39,823]  INFO - 初始化买入基价值！
[2017-10-17 18:35:39,823]  INFO - 初始化卖出基价！
[2017-10-17 18:35:39,823]  INFO - 初始化卖出基价值！
[2017-10-17 18:35:39,827]  INFO - 初始化第二行快捷按钮！
[2017-10-17 18:35:39,831]  INFO - 初始化供需发布！
[2017-10-17 18:35:40,260]  INFO - 初始化界面结束！
[2017-10-17 18:35:40,260]  INFO - 创建登录界面！
[2017-10-17 18:35:40,316]  INFO - 初始化内置浏览器！
[2017-10-17 18:35:43,998]  INFO - 收到Cookies消息,值为：SecurityTicket=
[2017-10-17 18:38:40,822]  INFO - 收到帐号密码消息,值为：jinkaifeng,12345678
[2017-10-17 18:38:41,365]  INFO - 收到登录成功消息,值为：IsLogin
[2017-10-17 18:38:43,102]  INFO - 收到Cookies消息,值为：SecurityTicket=TllhEnFUN7p4qvsl3o63G%2FtZ%2FXc0CcN4n%2ByB12W56eerqWp94%2BBFoMP2Q2Q7jDIn2A7%2FS8x%2FhPTU6%2BK3iDJWbQ%3D%3D; SecurityToken=TllhEnFUN7p4qvsl3o63G%2FtZ%2FXc0CcN4n%2ByB12W56eerqWp94%2BBFoMP2Q2Q7jDIn2A7%2FS8x%2FhPTU6%2BK3iDJWbQ%3D%3D
[2017-10-17 18:38:45,871]  INFO - 收到Cookies消息,值为：SecurityTicket=TllhEnFUN7p4qvsl3o63G%2FtZ%2FXc0CcN4n%2ByB12W56eerqWp94%2BBFoMP2Q2Q7jDIn2A7%2FS8x%2FhPTU6%2BK3iDJWbQ%3D%3D; SecurityToken=TllhEnFUN7p4qvsl3o63G%2FtZ%2FXc0CcN4n%2ByB12W56eerqWp94%2BBFoMP2Q2Q7jDIn2A7%2FS8x%2FhPTU6%2BK3iDJWbQ%3D%3D
[2017-10-17 18:54:41,133]  INFO - 初始化界面开始！
[2017-10-17 18:54:41,142]  INFO - 画板初始化！
[2017-10-17 18:54:41,302]  INFO - 初始化第一行背景！
[2017-10-17 18:54:41,304]  INFO - 初始化第一行行情按钮！
[2017-10-17 18:54:41,306]  INFO - 初始化第一行我的资金按钮！
[2017-10-17 18:54:41,306]  INFO - 初始化第一行基础管理按钮！
[2017-10-17 18:54:41,306]  INFO - 初始化第一行登录按钮！
[2017-10-17 18:54:41,569]  INFO - 初始化第一行注册按钮！
[2017-10-17 18:54:41,571]  INFO - 初始化第一行登录后状态！
[2017-10-17 18:54:41,571]  INFO - 初始化第一行注销按钮！
[2017-10-17 18:54:41,572]  INFO - 初始化第一行最小化按钮！
[2017-10-17 18:54:41,573]  INFO - 初始化第一行最大化按钮！
[2017-10-17 18:54:41,573]  INFO - 初始化第一行关闭按钮！
[2017-10-17 18:54:41,575]  INFO - 初始化第一列行情！
[2017-10-17 18:54:41,575]  INFO - 初始化第一列供需发布！
[2017-10-17 18:54:41,575]  INFO - 初始化第一列K线图！
[2017-10-17 18:54:41,575]  INFO - 初始化第一列资讯！
[2017-10-17 18:54:41,575]  INFO - 初始化第二行快捷按钮！
[2017-10-17 18:54:41,575]  INFO - 初始化买入基价！
[2017-10-17 18:54:41,575]  INFO - 初始化买入基价值！
[2017-10-17 18:54:41,575]  INFO - 初始化卖出基价！
[2017-10-17 18:54:41,575]  INFO - 初始化卖出基价值！
[2017-10-17 18:54:41,579]  INFO - 初始化第二行快捷按钮！
[2017-10-17 18:54:41,582]  INFO - 初始化供需发布！
[2017-10-17 18:54:42,017]  INFO - 初始化界面结束！
[2017-10-17 18:54:42,018]  INFO - 创建登录界面！
[2017-10-17 18:54:42,087]  INFO - 初始化内置浏览器！
[2017-10-17 18:54:45,582]  INFO - 收到Cookies消息,值为：SecurityTicket=
[2017-10-17 18:54:51,457]  INFO - 收到帐号密码消息,值为：jinkaifeng,12345678
[2017-10-17 18:54:52,015]  INFO - 收到登录成功消息,值为：IsLogin
[2017-10-17 18:54:53,730]  INFO - 收到Cookies消息,值为：SecurityTicket=IFEKBgLxrmzdWONZdbVKFSCeEiMgqvs99t5LY6sKJrcHaXSj0fTI52xJpdAVeB7mWp0vP%2BaWwot5hqMODAmhyA%3D%3D; SecurityToken=IFEKBgLxrmzdWONZdbVKFSCeEiMgqvs99t5LY6sKJrcHaXSj0fTI52xJpdAVeB7mWp0vP%2BaWwot5hqMODAmhyA%3D%3D
[2017-10-17 18:54:56,784]  INFO - 收到Cookies消息,值为：SecurityTicket=IFEKBgLxrmzdWONZdbVKFSCeEiMgqvs99t5LY6sKJrcHaXSj0fTI52xJpdAVeB7mWp0vP%2BaWwot5hqMODAmhyA%3D%3D; SecurityToken=IFEKBgLxrmzdWONZdbVKFSCeEiMgqvs99t5LY6sKJrcHaXSj0fTI52xJpdAVeB7mWp0vP%2BaWwot5hqMODAmhyA%3D%3D
[2017-10-17 18:54:58,553]  INFO - 收到Cookies消息,值为：SecurityTicket=IFEKBgLxrmzdWONZdbVKFSCeEiMgqvs99t5LY6sKJrcHaXSj0fTI52xJpdAVeB7mWp0vP%2BaWwot5hqMODAmhyA%3D%3D; SecurityToken=IFEKBgLxrmzdWONZdbVKFSCeEiMgqvs99t5LY6sKJrcHaXSj0fTI52xJpdAVeB7mWp0vP%2BaWwot5hqMODAmhyA%3D%3D
[2017-10-17 18:55:52,602]  INFO - 初始化界面开始！
[2017-10-17 18:55:52,612]  INFO - 画板初始化！
[2017-10-17 18:55:52,757]  INFO - 初始化第一行背景！
[2017-10-17 18:55:52,759]  INFO - 初始化第一行行情按钮！
[2017-10-17 18:55:52,760]  INFO - 初始化第一行我的资金按钮！
[2017-10-17 18:55:52,760]  INFO - 初始化第一行基础管理按钮！
[2017-10-17 18:55:52,760]  INFO - 初始化第一行登录按钮！
[2017-10-17 18:55:53,047]  INFO - 初始化第一行注册按钮！
[2017-10-17 18:55:53,048]  INFO - 初始化第一行登录后状态！
[2017-10-17 18:55:53,049]  INFO - 初始化第一行注销按钮！
[2017-10-17 18:55:53,049]  INFO - 初始化第一行最小化按钮！
[2017-10-17 18:55:53,050]  INFO - 初始化第一行最大化按钮！
[2017-10-17 18:55:53,051]  INFO - 初始化第一行关闭按钮！
[2017-10-17 18:55:53,052]  INFO - 初始化第一列行情！
[2017-10-17 18:55:53,052]  INFO - 初始化第一列供需发布！
[2017-10-17 18:55:53,052]  INFO - 初始化第一列K线图！
[2017-10-17 18:55:53,052]  INFO - 初始化第一列资讯！
[2017-10-17 18:55:53,052]  INFO - 初始化第二行快捷按钮！
[2017-10-17 18:55:53,052]  INFO - 初始化买入基价！
[2017-10-17 18:55:53,052]  INFO - 初始化买入基价值！
[2017-10-17 18:55:53,052]  INFO - 初始化卖出基价！
[2017-10-17 18:55:53,052]  INFO - 初始化卖出基价值！
[2017-10-17 18:55:53,055]  INFO - 初始化第二行快捷按钮！
[2017-10-17 18:55:53,059]  INFO - 初始化供需发布！
[2017-10-17 18:55:53,410]  INFO - 初始化界面结束！
[2017-10-17 18:55:53,411]  INFO - 创建登录界面！
[2017-10-17 18:55:53,467]  INFO - 初始化内置浏览器！
[2017-10-17 18:55:55,690]  INFO - 收到Cookies消息,值为：SecurityTicket=
[2017-10-17 18:56:00,798]  INFO - 收到帐号密码消息,值为：jinkaifeng,12345678
[2017-10-17 18:56:01,359]  INFO - 收到登录成功消息,值为：IsLogin
[2017-10-17 18:56:03,009]  INFO - 收到Cookies消息,值为：SecurityTicket=0JKPxi4fRjxUZrp5vYmz%2BlOTIPuiIlwlVzpAKwDDs6IiWgOkPq%2FiA9FAW2qF8u3yL1ZXnNXnPKRgB%2Fq56PVetA%3D%3D; SecurityToken=0JKPxi4fRjxUZrp5vYmz%2BlOTIPuiIlwlVzpAKwDDs6IiWgOkPq%2FiA9FAW2qF8u3yL1ZXnNXnPKRgB%2Fq56PVetA%3D%3D
[2017-10-17 18:56:05,548]  INFO - 收到Cookies消息,值为：SecurityTicket=0JKPxi4fRjxUZrp5vYmz%2BlOTIPuiIlwlVzpAKwDDs6IiWgOkPq%2FiA9FAW2qF8u3yL1ZXnNXnPKRgB%2Fq56PVetA%3D%3D; SecurityToken=0JKPxi4fRjxUZrp5vYmz%2BlOTIPuiIlwlVzpAKwDDs6IiWgOkPq%2FiA9FAW2qF8u3yL1ZXnNXnPKRgB%2Fq56PVetA%3D%3D
[2017-10-17 18:57:05,805]  INFO - 初始化界面开始！
[2017-10-17 18:57:05,814]  INFO - 画板初始化！
[2017-10-17 18:57:05,972]  INFO - 初始化第一行背景！
[2017-10-17 18:57:05,974]  INFO - 初始化第一行行情按钮！
[2017-10-17 18:57:05,975]  INFO - 初始化第一行我的资金按钮！
[2017-10-17 18:57:05,975]  INFO - 初始化第一行基础管理按钮！
[2017-10-17 18:57:05,975]  INFO - 初始化第一行登录按钮！
[2017-10-17 18:57:06,251]  INFO - 初始化第一行注册按钮！
[2017-10-17 18:57:06,252]  INFO - 初始化第一行登录后状态！
[2017-10-17 18:57:06,253]  INFO - 初始化第一行注销按钮！
[2017-10-17 18:57:06,253]  INFO - 初始化第一行最小化按钮！
[2017-10-17 18:57:06,255]  INFO - 初始化第一行最大化按钮！
[2017-10-17 18:57:06,256]  INFO - 初始化第一行关闭按钮！
[2017-10-17 18:57:06,257]  INFO - 初始化第一列行情！
[2017-10-17 18:57:06,258]  INFO - 初始化第一列供需发布！
[2017-10-17 18:57:06,258]  INFO - 初始化第一列K线图！
[2017-10-17 18:57:06,258]  INFO - 初始化第一列资讯！
[2017-10-17 18:57:06,258]  INFO - 初始化第二行快捷按钮！
[2017-10-17 18:57:06,258]  INFO - 初始化买入基价！
[2017-10-17 18:57:06,258]  INFO - 初始化买入基价值！
[2017-10-17 18:57:06,258]  INFO - 初始化卖出基价！
[2017-10-17 18:57:06,258]  INFO - 初始化卖出基价值！
[2017-10-17 18:57:06,264]  INFO - 初始化第二行快捷按钮！
[2017-10-17 18:57:06,267]  INFO - 初始化供需发布！
[2017-10-17 18:57:06,660]  INFO - 初始化界面结束！
[2017-10-17 18:57:06,660]  INFO - 创建登录界面！
[2017-10-17 18:57:06,725]  INFO - 初始化内置浏览器！
[2017-10-17 18:57:09,376]  INFO - 收到Cookies消息,值为：SecurityTicket=
[2017-10-17 18:57:12,793]  INFO - 收到帐号密码消息,值为：jinkaifeng,12345678
[2017-10-17 18:57:13,289]  INFO - 收到登录成功消息,值为：IsLogin
[2017-10-17 18:57:14,840]  INFO - 收到Cookies消息,值为：SecurityTicket=ALX3T2%2FCMVH5aYPcxGlYq51%2FIc3dTDXoeonAmfkiMdLqVQm54dMQkOGm6ejnY5D9nDvvtYUakbRtMwtPhlE5tQ%3D%3D; SecurityToken=ALX3T2%2FCMVH5aYPcxGlYq51%2FIc3dTDXoeonAmfkiMdLqVQm54dMQkOGm6ejnY5D9nDvvtYUakbRtMwtPhlE5tQ%3D%3D
[2017-10-17 18:57:17,390]  INFO - 收到Cookies消息,值为：SecurityTicket=ALX3T2%2FCMVH5aYPcxGlYq51%2FIc3dTDXoeonAmfkiMdLqVQm54dMQkOGm6ejnY5D9nDvvtYUakbRtMwtPhlE5tQ%3D%3D; SecurityToken=ALX3T2%2FCMVH5aYPcxGlYq51%2FIc3dTDXoeonAmfkiMdLqVQm54dMQkOGm6ejnY5D9nDvvtYUakbRtMwtPhlE5tQ%3D%3D
[2017-10-17 18:59:58,031]  INFO - 初始化界面开始！
[2017-10-17 18:59:58,041]  INFO - 画板初始化！
[2017-10-17 18:59:58,285]  INFO - 初始化第一行背景！
[2017-10-17 18:59:58,287]  INFO - 初始化第一行行情按钮！
[2017-10-17 18:59:58,288]  INFO - 初始化第一行我的资金按钮！
[2017-10-17 18:59:58,288]  INFO - 初始化第一行基础管理按钮！
[2017-10-17 18:59:58,288]  INFO - 初始化第一行登录按钮！
[2017-10-17 18:59:58,586]  INFO - 初始化第一行注册按钮！
[2017-10-17 18:59:58,588]  INFO - 初始化第一行登录后状态！
[2017-10-17 18:59:58,588]  INFO - 初始化第一行注销按钮！
[2017-10-17 18:59:58,589]  INFO - 初始化第一行最小化按钮！
[2017-10-17 18:59:58,590]  INFO - 初始化第一行最大化按钮！
[2017-10-17 18:59:58,591]  INFO - 初始化第一行关闭按钮！
[2017-10-17 18:59:58,593]  INFO - 初始化第一列行情！
[2017-10-17 18:59:58,593]  INFO - 初始化第一列供需发布！
[2017-10-17 18:59:58,593]  INFO - 初始化第一列K线图！
[2017-10-17 18:59:58,593]  INFO - 初始化第一列资讯！
[2017-10-17 18:59:58,593]  INFO - 初始化第二行快捷按钮！
[2017-10-17 18:59:58,594]  INFO - 初始化买入基价！
[2017-10-17 18:59:58,594]  INFO - 初始化买入基价值！
[2017-10-17 18:59:58,594]  INFO - 初始化卖出基价！
[2017-10-17 18:59:58,594]  INFO - 初始化卖出基价值！
[2017-10-17 18:59:58,600]  INFO - 初始化第二行快捷按钮！
[2017-10-17 18:59:58,604]  INFO - 初始化供需发布！
[2017-10-17 18:59:59,044]  INFO - 初始化界面结束！
[2017-10-17 18:59:59,045]  INFO - 创建登录界面！
[2017-10-17 18:59:59,117]  INFO - 初始化内置浏览器！
[2017-10-17 19:00:01,872]  INFO - 收到Cookies消息,值为：SecurityTicket=
[2017-10-17 19:00:11,403]  INFO - 收到帐号密码消息,值为：jinkaifeng,12345678
[2017-10-17 19:00:11,940]  INFO - 收到登录成功消息,值为：IsLogin
[2017-10-17 19:00:13,566]  INFO - 收到Cookies消息,值为：SecurityTicket=DxgC7m%2BJKnA2mu6INQfP5f4%2F5zYJxD%2BG1Usu%2B2Uz97raiXU4i8nReDECRYvyTLhFFf%2Ff7H3%2FzD0zlmJNxXH5SA%3D%3D; SecurityToken=DxgC7m%2BJKnA2mu6INQfP5f4%2F5zYJxD%2BG1Usu%2B2Uz97raiXU4i8nReDECRYvyTLhFFf%2Ff7H3%2FzD0zlmJNxXH5SA%3D%3D
[2017-10-17 19:00:16,362]  INFO - 收到Cookies消息,值为：SecurityTicket=DxgC7m%2BJKnA2mu6INQfP5f4%2F5zYJxD%2BG1Usu%2B2Uz97raiXU4i8nReDECRYvyTLhFFf%2Ff7H3%2FzD0zlmJNxXH5SA%3D%3D; SecurityToken=DxgC7m%2BJKnA2mu6INQfP5f4%2F5zYJxD%2BG1Usu%2B2Uz97raiXU4i8nReDECRYvyTLhFFf%2Ff7H3%2FzD0zlmJNxXH5SA%3D%3D
[2017-10-17 19:13:37,315]  INFO - 初始化界面开始！
[2017-10-17 19:13:37,324]  INFO - 画板初始化！
[2017-10-17 19:13:37,450]  INFO - 初始化第一行背景！
[2017-10-17 19:13:37,452]  INFO - 初始化第一行行情按钮！
[2017-10-17 19:13:37,454]  INFO - 初始化第一行我的资金按钮！
[2017-10-17 19:13:37,454]  INFO - 初始化第一行基础管理按钮！
[2017-10-17 19:13:37,454]  INFO - 初始化第一行登录按钮！
[2017-10-17 19:13:37,732]  INFO - 初始化第一行注册按钮！
[2017-10-17 19:13:37,734]  INFO - 初始化第一行登录后状态！
[2017-10-17 19:13:37,734]  INFO - 初始化第一行注销按钮！
[2017-10-17 19:13:37,735]  INFO - 初始化第一行最小化按钮！
[2017-10-17 19:13:37,736]  INFO - 初始化第一行最大化按钮！
[2017-10-17 19:13:37,738]  INFO - 初始化第一行关闭按钮！
[2017-10-17 19:13:37,739]  INFO - 初始化第一列行情！
[2017-10-17 19:13:37,739]  INFO - 初始化第一列供需发布！
[2017-10-17 19:13:37,739]  INFO - 初始化第一列K线图！
[2017-10-17 19:13:37,739]  INFO - 初始化第一列资讯！
[2017-10-17 19:13:37,739]  INFO - 初始化第二行快捷按钮！
[2017-10-17 19:13:37,740]  INFO - 初始化买入基价！
[2017-10-17 19:13:37,740]  INFO - 初始化买入基价值！
[2017-10-17 19:13:37,740]  INFO - 初始化卖出基价！
[2017-10-17 19:13:37,740]  INFO - 初始化卖出基价值！
[2017-10-17 19:13:37,751]  INFO - 初始化第二行快捷按钮！
[2017-10-17 19:13:37,755]  INFO - 初始化供需发布！
[2017-10-17 19:13:38,157]  INFO - 初始化界面结束！
[2017-10-17 19:13:38,157]  INFO - 创建登录界面！
[2017-10-17 19:13:38,232]  INFO - 初始化内置浏览器！
[2017-10-17 19:13:42,678]  INFO - 收到Cookies消息,值为：SecurityTicket=
[2017-10-17 19:13:46,476]  INFO - 收到帐号密码消息,值为：jinkaifeng,12345678
[2017-10-17 19:13:47,072]  INFO - 收到登录成功消息,值为：IsLogin
[2017-10-17 19:13:48,727]  INFO - 收到Cookies消息,值为：SecurityTicket=s7O%2BUrXJS1c8Mbanx%2BVz7WInBdTC2v2bHgHUhUQwaB4VoGUEacZZfzvwOfkQrQgvWGoWUZ6p6G%2F4h%2F0rzQMwaQ%3D%3D; SecurityToken=s7O%2BUrXJS1c8Mbanx%2BVz7WInBdTC2v2bHgHUhUQwaB4VoGUEacZZfzvwOfkQrQgvWGoWUZ6p6G%2F4h%2F0rzQMwaQ%3D%3D
[2017-10-17 19:13:49,768]  INFO - 收到Cookies消息,值为：SecurityTicket=s7O%2BUrXJS1c8Mbanx%2BVz7WInBdTC2v2bHgHUhUQwaB4VoGUEacZZfzvwOfkQrQgvWGoWUZ6p6G%2F4h%2F0rzQMwaQ%3D%3D; SecurityToken=s7O%2BUrXJS1c8Mbanx%2BVz7WInBdTC2v2bHgHUhUQwaB4VoGUEacZZfzvwOfkQrQgvWGoWUZ6p6G%2F4h%2F0rzQMwaQ%3D%3D
[2017-10-17 19:13:50,797]  INFO - 收到Cookies消息,值为：SecurityTicket=s7O%2BUrXJS1c8Mbanx%2BVz7WInBdTC2v2bHgHUhUQwaB4VoGUEacZZfzvwOfkQrQgvWGoWUZ6p6G%2F4h%2F0rzQMwaQ%3D%3D; SecurityToken=s7O%2BUrXJS1c8Mbanx%2BVz7WInBdTC2v2bHgHUhUQwaB4VoGUEacZZfzvwOfkQrQgvWGoWUZ6p6G%2F4h%2F0rzQMwaQ%3D%3D
[2017-10-17 19:14:23,579]  INFO - 初始化界面开始！
[2017-10-17 19:14:23,589]  INFO - 画板初始化！
[2017-10-17 19:14:23,672]  INFO - 初始化第一行背景！
[2017-10-17 19:14:23,673]  INFO - 初始化第一行行情按钮！
[2017-10-17 19:14:23,675]  INFO - 初始化第一行我的资金按钮！
[2017-10-17 19:14:23,675]  INFO - 初始化第一行基础管理按钮！
[2017-10-17 19:14:23,675]  INFO - 初始化第一行登录按钮！
[2017-10-17 19:14:23,877]  INFO - 初始化第一行注册按钮！
[2017-10-17 19:14:23,879]  INFO - 初始化第一行登录后状态！
[2017-10-17 19:14:23,879]  INFO - 初始化第一行注销按钮！
[2017-10-17 19:14:23,879]  INFO - 初始化第一行最小化按钮！
[2017-10-17 19:14:23,881]  INFO - 初始化第一行最大化按钮！
[2017-10-17 19:14:23,882]  INFO - 初始化第一行关闭按钮！
[2017-10-17 19:14:23,883]  INFO - 初始化第一列行情！
[2017-10-17 19:14:23,884]  INFO - 初始化第一列供需发布！
[2017-10-17 19:14:23,884]  INFO - 初始化第一列K线图！
[2017-10-17 19:14:23,884]  INFO - 初始化第一列资讯！
[2017-10-17 19:14:23,884]  INFO - 初始化第二行快捷按钮！
[2017-10-17 19:14:23,884]  INFO - 初始化买入基价！
[2017-10-17 19:14:23,884]  INFO - 初始化买入基价值！
[2017-10-17 19:14:23,884]  INFO - 初始化卖出基价！
[2017-10-17 19:14:23,884]  INFO - 初始化卖出基价值！
[2017-10-17 19:14:23,890]  INFO - 初始化第二行快捷按钮！
[2017-10-17 19:14:23,895]  INFO - 初始化供需发布！
[2017-10-17 19:14:24,464]  INFO - 初始化界面结束！
[2017-10-17 19:14:24,464]  INFO - 创建登录界面！
[2017-10-17 19:14:24,558]  INFO - 初始化内置浏览器！
[2017-10-17 19:14:27,304]  INFO - 收到Cookies消息,值为：SecurityTicket=
[2017-10-17 19:15:08,771]  INFO - 收到帐号密码消息,值为：jinkaifeng,12345678
[2017-10-17 19:15:09,423]  INFO - 收到登录成功消息,值为：IsLogin
[2017-10-17 19:15:11,184]  INFO - 收到Cookies消息,值为：SecurityTicket=knqFaCV1eEXBVytc91CRdm0ZtitVqq6ZxEnXgGIjrxFyfyOa50abRfFs3xHJ5l22IdA%2BK3rBVNQx3u28SIsvAA%3D%3D; SecurityToken=knqFaCV1eEXBVytc91CRdm0ZtitVqq6ZxEnXgGIjrxFyfyOa50abRfFs3xHJ5l22IdA%2BK3rBVNQx3u28SIsvAA%3D%3D
[2017-10-17 19:15:12,230]  INFO - 收到Cookies消息,值为：SecurityTicket=knqFaCV1eEXBVytc91CRdm0ZtitVqq6ZxEnXgGIjrxFyfyOa50abRfFs3xHJ5l22IdA%2BK3rBVNQx3u28SIsvAA%3D%3D; SecurityToken=knqFaCV1eEXBVytc91CRdm0ZtitVqq6ZxEnXgGIjrxFyfyOa50abRfFs3xHJ5l22IdA%2BK3rBVNQx3u28SIsvAA%3D%3D
[2017-10-17 19:15:13,259]  INFO - 收到Cookies消息,值为：SecurityTicket=knqFaCV1eEXBVytc91CRdm0ZtitVqq6ZxEnXgGIjrxFyfyOa50abRfFs3xHJ5l22IdA%2BK3rBVNQx3u28SIsvAA%3D%3D; SecurityToken=knqFaCV1eEXBVytc91CRdm0ZtitVqq6ZxEnXgGIjrxFyfyOa50abRfFs3xHJ5l22IdA%2BK3rBVNQx3u28SIsvAA%3D%3D
[2017-10-17 19:16:44,705]  INFO - 初始化界面开始！
[2017-10-17 19:16:44,716]  INFO - 画板初始化！
[2017-10-17 19:16:44,883]  INFO - 初始化第一行背景！
[2017-10-17 19:16:44,885]  INFO - 初始化第一行行情按钮！
[2017-10-17 19:16:44,886]  INFO - 初始化第一行我的资金按钮！
[2017-10-17 19:16:44,886]  INFO - 初始化第一行基础管理按钮！
[2017-10-17 19:16:44,887]  INFO - 初始化第一行登录按钮！
[2017-10-17 19:16:45,132]  INFO - 初始化第一行注册按钮！
[2017-10-17 19:16:45,133]  INFO - 初始化第一行登录后状态！
[2017-10-17 19:16:45,133]  INFO - 初始化第一行注销按钮！
[2017-10-17 19:16:45,134]  INFO - 初始化第一行最小化按钮！
[2017-10-17 19:16:45,135]  INFO - 初始化第一行最大化按钮！
[2017-10-17 19:16:45,136]  INFO - 初始化第一行关闭按钮！
[2017-10-17 19:16:45,137]  INFO - 初始化第一列行情！
[2017-10-17 19:16:45,137]  INFO - 初始化第一列供需发布！
[2017-10-17 19:16:45,137]  INFO - 初始化第一列K线图！
[2017-10-17 19:16:45,137]  INFO - 初始化第一列资讯！
[2017-10-17 19:16:45,137]  INFO - 初始化第二行快捷按钮！
[2017-10-17 19:16:45,137]  INFO - 初始化买入基价！
[2017-10-17 19:16:45,137]  INFO - 初始化买入基价值！
[2017-10-17 19:16:45,137]  INFO - 初始化卖出基价！
[2017-10-17 19:16:45,137]  INFO - 初始化卖出基价值！
[2017-10-17 19:16:45,142]  INFO - 初始化第二行快捷按钮！
[2017-10-17 19:16:45,145]  INFO - 初始化供需发布！
[2017-10-17 19:16:45,459]  INFO - 初始化界面结束！
[2017-10-17 19:16:45,459]  INFO - 创建登录界面！
[2017-10-17 19:16:45,534]  INFO - 初始化内置浏览器！
[2017-10-17 19:16:48,185]  INFO - 收到Cookies消息,值为：SecurityTicket=
[2017-10-17 19:16:52,166]  INFO - 收到帐号密码消息,值为：jinkaifeng,12345678
[2017-10-17 19:16:52,778]  INFO - 收到登录成功消息,值为：IsLogin
[2017-10-17 19:16:54,364]  INFO - 收到Cookies消息,值为：SecurityTicket=t9ObzxU7F%2FLPhHZAIhsabpiaXaH%2B22tcH0%2Fo7yZGPoH5izSpL2IIxsm19%2FJWjBVShq4nG78g0f%2FciOnVr%2Fs8hg%3D%3D; SecurityToken=t9ObzxU7F%2FLPhHZAIhsabpiaXaH%2B22tcH0%2Fo7yZGPoH5izSpL2IIxsm19%2FJWjBVShq4nG78g0f%2FciOnVr%2Fs8hg%3D%3D
[2017-10-17 19:16:58,175]  INFO - 收到Cookies消息,值为：SecurityTicket=t9ObzxU7F%2FLPhHZAIhsabpiaXaH%2B22tcH0%2Fo7yZGPoH5izSpL2IIxsm19%2FJWjBVShq4nG78g0f%2FciOnVr%2Fs8hg%3D%3D; SecurityToken=t9ObzxU7F%2FLPhHZAIhsabpiaXaH%2B22tcH0%2Fo7yZGPoH5izSpL2IIxsm19%2FJWjBVShq4nG78g0f%2FciOnVr%2Fs8hg%3D%3D
[2017-10-17 19:17:53,073]  INFO - 初始化界面开始！
[2017-10-17 19:17:53,083]  INFO - 画板初始化！
[2017-10-17 19:17:53,203]  INFO - 初始化第一行背景！
[2017-10-17 19:17:53,205]  INFO - 初始化第一行行情按钮！
[2017-10-17 19:17:53,206]  INFO - 初始化第一行我的资金按钮！
[2017-10-17 19:17:53,207]  INFO - 初始化第一行基础管理按钮！
[2017-10-17 19:17:53,207]  INFO - 初始化第一行登录按钮！
[2017-10-17 19:17:53,487]  INFO - 初始化第一行注册按钮！
[2017-10-17 19:17:53,488]  INFO - 初始化第一行登录后状态！
[2017-10-17 19:17:53,489]  INFO - 初始化第一行注销按钮！
[2017-10-17 19:17:53,489]  INFO - 初始化第一行最小化按钮！
[2017-10-17 19:17:53,490]  INFO - 初始化第一行最大化按钮！
[2017-10-17 19:17:53,491]  INFO - 初始化第一行关闭按钮！
[2017-10-17 19:17:53,492]  INFO - 初始化第一列行情！
[2017-10-17 19:17:53,492]  INFO - 初始化第一列供需发布！
[2017-10-17 19:17:53,492]  INFO - 初始化第一列K线图！
[2017-10-17 19:17:53,492]  INFO - 初始化第一列资讯！
[2017-10-17 19:17:53,492]  INFO - 初始化第二行快捷按钮！
[2017-10-17 19:17:53,492]  INFO - 初始化买入基价！
[2017-10-17 19:17:53,492]  INFO - 初始化买入基价值！
[2017-10-17 19:17:53,492]  INFO - 初始化卖出基价！
[2017-10-17 19:17:53,492]  INFO - 初始化卖出基价值！
[2017-10-17 19:17:53,497]  INFO - 初始化第二行快捷按钮！
[2017-10-17 19:17:53,500]  INFO - 初始化供需发布！
[2017-10-17 19:17:54,024]  INFO - 初始化界面结束！
[2017-10-17 19:17:54,024]  INFO - 创建登录界面！
[2017-10-17 19:17:54,074]  INFO - 初始化内置浏览器！
[2017-10-17 19:17:57,815]  INFO - 收到Cookies消息,值为：SecurityTicket=
[2017-10-17 19:18:01,692]  INFO - 收到帐号密码消息,值为：jinkaifeng,12345678
[2017-10-17 19:18:02,207]  INFO - 收到登录成功消息,值为：IsLogin
[2017-10-17 19:18:03,801]  INFO - 收到Cookies消息,值为：SecurityTicket=RI%2BynmoVK7OmhDUzK%2F7pIULZSTq0djqbRddMhIOXP4JZ74f2Am%2FaurPXP%2FeSrOOyB9avMuGxHup6egZhCxFakA%3D%3D; SecurityToken=RI%2BynmoVK7OmhDUzK%2F7pIULZSTq0djqbRddMhIOXP4JZ74f2Am%2FaurPXP%2FeSrOOyB9avMuGxHup6egZhCxFakA%3D%3D
[2017-10-17 19:18:09,465]  INFO - 收到Cookies消息,值为：SecurityTicket=RI%2BynmoVK7OmhDUzK%2F7pIULZSTq0djqbRddMhIOXP4JZ74f2Am%2FaurPXP%2FeSrOOyB9avMuGxHup6egZhCxFakA%3D%3D; SecurityToken=RI%2BynmoVK7OmhDUzK%2F7pIULZSTq0djqbRddMhIOXP4JZ74f2Am%2FaurPXP%2FeSrOOyB9avMuGxHup6egZhCxFakA%3D%3D
[2017-10-17 19:18:10,526]  INFO - 收到Cookies消息,值为：SecurityTicket=RI%2BynmoVK7OmhDUzK%2F7pIULZSTq0djqbRddMhIOXP4JZ74f2Am%2FaurPXP%2FeSrOOyB9avMuGxHup6egZhCxFakA%3D%3D; SecurityToken=RI%2BynmoVK7OmhDUzK%2F7pIULZSTq0djqbRddMhIOXP4JZ74f2Am%2FaurPXP%2FeSrOOyB9avMuGxHup6egZhCxFakA%3D%3D
[2017-10-17 19:20:07,354]  INFO - 初始化界面开始！
[2017-10-17 19:20:07,367]  INFO - 画板初始化！
[2017-10-17 19:20:07,478]  INFO - 初始化第一行背景！
[2017-10-17 19:20:07,480]  INFO - 初始化第一行行情按钮！
[2017-10-17 19:20:07,482]  INFO - 初始化第一行我的资金按钮！
[2017-10-17 19:20:07,482]  INFO - 初始化第一行基础管理按钮！
[2017-10-17 19:20:07,482]  INFO - 初始化第一行登录按钮！
[2017-10-17 19:20:07,799]  INFO - 初始化第一行注册按钮！
[2017-10-17 19:20:07,800]  INFO - 初始化第一行登录后状态！
[2017-10-17 19:20:07,800]  INFO - 初始化第一行注销按钮！
[2017-10-17 19:20:07,801]  INFO - 初始化第一行最小化按钮！
[2017-10-17 19:20:07,802]  INFO - 初始化第一行最大化按钮！
[2017-10-17 19:20:07,803]  INFO - 初始化第一行关闭按钮！
[2017-10-17 19:20:07,805]  INFO - 初始化第一列行情！
[2017-10-17 19:20:07,805]  INFO - 初始化第一列供需发布！
[2017-10-17 19:20:07,805]  INFO - 初始化第一列K线图！
[2017-10-17 19:20:07,805]  INFO - 初始化第一列资讯！
[2017-10-17 19:20:07,805]  INFO - 初始化第二行快捷按钮！
[2017-10-17 19:20:07,805]  INFO - 初始化买入基价！
[2017-10-17 19:20:07,805]  INFO - 初始化买入基价值！
[2017-10-17 19:20:07,805]  INFO - 初始化卖出基价！
[2017-10-17 19:20:07,805]  INFO - 初始化卖出基价值！
[2017-10-17 19:20:07,811]  INFO - 初始化第二行快捷按钮！
[2017-10-17 19:20:07,813]  INFO - 初始化供需发布！
[2017-10-17 19:20:08,238]  INFO - 初始化界面结束！
[2017-10-17 19:20:08,238]  INFO - 创建登录界面！
[2017-10-17 19:20:08,286]  INFO - 初始化内置浏览器！
[2017-10-17 19:20:10,854]  INFO - 收到Cookies消息,值为：SecurityTicket=
[2017-10-17 19:20:14,322]  INFO - 收到帐号密码消息,值为：jinkaifeng,12345678
[2017-10-17 19:20:14,924]  INFO - 收到登录成功消息,值为：IsLogin
[2017-10-17 19:20:16,556]  INFO - 收到Cookies消息,值为：SecurityTicket=ZSDV8%2F1yGGM3hP%2FFotX8K7XGPHM5ErxqXitqik5KNoOuX25OU03Sj1QpaimjwBbulpesbT86vNsYDN5OkGtV3Q%3D%3D; SecurityToken=ZSDV8%2F1yGGM3hP%2FFotX8K7XGPHM5ErxqXitqik5KNoOuX25OU03Sj1QpaimjwBbulpesbT86vNsYDN5OkGtV3Q%3D%3D
[2017-10-17 19:20:17,603]  INFO - 收到Cookies消息,值为：SecurityTicket=ZSDV8%2F1yGGM3hP%2FFotX8K7XGPHM5ErxqXitqik5KNoOuX25OU03Sj1QpaimjwBbulpesbT86vNsYDN5OkGtV3Q%3D%3D; SecurityToken=ZSDV8%2F1yGGM3hP%2FFotX8K7XGPHM5ErxqXitqik5KNoOuX25OU03Sj1QpaimjwBbulpesbT86vNsYDN5OkGtV3Q%3D%3D
[2017-10-17 19:20:20,986]  INFO - 收到Cookies消息,值为：SecurityTicket=ZSDV8%2F1yGGM3hP%2FFotX8K7XGPHM5ErxqXitqik5KNoOuX25OU03Sj1QpaimjwBbulpesbT86vNsYDN5OkGtV3Q%3D%3D; SecurityToken=ZSDV8%2F1yGGM3hP%2FFotX8K7XGPHM5ErxqXitqik5KNoOuX25OU03Sj1QpaimjwBbulpesbT86vNsYDN5OkGtV3Q%3D%3D
[2017-10-17 19:22:15,540]  INFO - 初始化界面开始！
[2017-10-17 19:22:15,549]  INFO - 画板初始化！
[2017-10-17 19:22:15,824]  INFO - 初始化第一行背景！
[2017-10-17 19:22:15,826]  INFO - 初始化第一行行情按钮！
[2017-10-17 19:22:15,827]  INFO - 初始化第一行我的资金按钮！
[2017-10-17 19:22:15,827]  INFO - 初始化第一行基础管理按钮！
[2017-10-17 19:22:15,827]  INFO - 初始化第一行登录按钮！
[2017-10-17 19:22:16,127]  INFO - 初始化第一行注册按钮！
[2017-10-17 19:22:16,129]  INFO - 初始化第一行登录后状态！
[2017-10-17 19:22:16,129]  INFO - 初始化第一行注销按钮！
[2017-10-17 19:22:16,129]  INFO - 初始化第一行最小化按钮！
[2017-10-17 19:22:16,130]  INFO - 初始化第一行最大化按钮！
[2017-10-17 19:22:16,131]  INFO - 初始化第一行关闭按钮！
[2017-10-17 19:22:16,132]  INFO - 初始化第一列行情！
[2017-10-17 19:22:16,133]  INFO - 初始化第一列供需发布！
[2017-10-17 19:22:16,133]  INFO - 初始化第一列K线图！
[2017-10-17 19:22:16,133]  INFO - 初始化第一列资讯！
[2017-10-17 19:22:16,133]  INFO - 初始化第二行快捷按钮！
[2017-10-17 19:22:16,133]  INFO - 初始化买入基价！
[2017-10-17 19:22:16,133]  INFO - 初始化买入基价值！
[2017-10-17 19:22:16,133]  INFO - 初始化卖出基价！
[2017-10-17 19:22:16,133]  INFO - 初始化卖出基价值！
[2017-10-17 19:22:16,138]  INFO - 初始化第二行快捷按钮！
[2017-10-17 19:22:16,142]  INFO - 初始化供需发布！
[2017-10-17 19:22:16,522]  INFO - 初始化界面结束！
[2017-10-17 19:22:16,523]  INFO - 创建登录界面！
[2017-10-17 19:22:16,632]  INFO - 初始化内置浏览器！
[2017-10-17 19:22:19,434]  INFO - 收到Cookies消息,值为：SecurityTicket=
[2017-10-17 19:22:22,466]  INFO - 收到帐号密码消息,值为：jinkaifeng,12345678
[2017-10-17 19:22:23,007]  INFO - 收到登录成功消息,值为：IsLogin
[2017-10-17 19:22:24,599]  INFO - 收到Cookies消息,值为：SecurityTicket=%2FmSLSwy8Iy4X5sf99aNYsr39zEG%2BZbKtGVfRL2wd7UyUdN5HaC2JpCIy4C3glVppKavWRCpD%2BNgP%2BgwThMy9bA%3D%3D; SecurityToken=%2FmSLSwy8Iy4X5sf99aNYsr39zEG%2BZbKtGVfRL2wd7UyUdN5HaC2JpCIy4C3glVppKavWRCpD%2BNgP%2BgwThMy9bA%3D%3D
[2017-10-17 19:22:25,630]  INFO - 收到Cookies消息,值为：SecurityTicket=%2FmSLSwy8Iy4X5sf99aNYsr39zEG%2BZbKtGVfRL2wd7UyUdN5HaC2JpCIy4C3glVppKavWRCpD%2BNgP%2BgwThMy9bA%3D%3D; SecurityToken=%2FmSLSwy8Iy4X5sf99aNYsr39zEG%2BZbKtGVfRL2wd7UyUdN5HaC2JpCIy4C3glVppKavWRCpD%2BNgP%2BgwThMy9bA%3D%3D
[2017-10-17 19:22:26,767]  INFO - 收到Cookies消息,值为：SecurityTicket=%2FmSLSwy8Iy4X5sf99aNYsr39zEG%2BZbKtGVfRL2wd7UyUdN5HaC2JpCIy4C3glVppKavWRCpD%2BNgP%2BgwThMy9bA%3D%3D; SecurityToken=%2FmSLSwy8Iy4X5sf99aNYsr39zEG%2BZbKtGVfRL2wd7UyUdN5HaC2JpCIy4C3glVppKavWRCpD%2BNgP%2BgwThMy9bA%3D%3D
[2017-10-17 19:25:33,455]  INFO - 初始化界面开始！
[2017-10-17 19:25:33,465]  INFO - 画板初始化！
[2017-10-17 19:25:33,777]  INFO - 初始化第一行背景！
[2017-10-17 19:25:33,779]  INFO - 初始化第一行行情按钮！
[2017-10-17 19:25:33,780]  INFO - 初始化第一行我的资金按钮！
[2017-10-17 19:25:33,780]  INFO - 初始化第一行基础管理按钮！
[2017-10-17 19:25:33,780]  INFO - 初始化第一行登录按钮！
[2017-10-17 19:25:34,109]  INFO - 初始化第一行注册按钮！
[2017-10-17 19:25:34,111]  INFO - 初始化第一行登录后状态！
[2017-10-17 19:25:34,111]  INFO - 初始化第一行注销按钮！
[2017-10-17 19:25:34,111]  INFO - 初始化第一行最小化按钮！
[2017-10-17 19:25:34,113]  INFO - 初始化第一行最大化按钮！
[2017-10-17 19:25:34,114]  INFO - 初始化第一行关闭按钮！
[2017-10-17 19:25:34,116]  INFO - 初始化第一列行情！
[2017-10-17 19:25:34,116]  INFO - 初始化第一列供需发布！
[2017-10-17 19:25:34,116]  INFO - 初始化第一列K线图！
[2017-10-17 19:25:34,116]  INFO - 初始化第一列资讯！
[2017-10-17 19:25:34,116]  INFO - 初始化第二行快捷按钮！
[2017-10-17 19:25:34,116]  INFO - 初始化买入基价！
[2017-10-17 19:25:34,116]  INFO - 初始化买入基价值！
[2017-10-17 19:25:34,116]  INFO - 初始化卖出基价！
[2017-10-17 19:25:34,116]  INFO - 初始化卖出基价值！
[2017-10-17 19:25:34,122]  INFO - 初始化第二行快捷按钮！
[2017-10-17 19:25:34,127]  INFO - 初始化供需发布！
[2017-10-17 19:25:34,926]  INFO - 初始化界面结束！
[2017-10-17 19:25:34,927]  INFO - 创建登录界面！
[2017-10-17 19:25:35,014]  INFO - 初始化内置浏览器！
[2017-10-17 19:25:37,359]  INFO - 收到Cookies消息,值为：SecurityTicket=
[2017-10-17 19:25:42,821]  INFO - 收到帐号密码消息,值为：jinkaifeng,12345678
[2017-10-17 19:25:43,326]  INFO - 收到登录成功消息,值为：IsLogin
[2017-10-17 19:25:44,942]  INFO - 收到Cookies消息,值为：SecurityTicket=FIhOsi32lN%2Bqm%2F28AOnwrw9YA5Ka1HQiubWPliOMRz%2BuQXQTYh61XXJvQ6pAKidsy8RMl5chYCGyUT1TeidEyQ%3D%3D; SecurityToken=FIhOsi32lN%2Bqm%2F28AOnwrw9YA5Ka1HQiubWPliOMRz%2BuQXQTYh61XXJvQ6pAKidsy8RMl5chYCGyUT1TeidEyQ%3D%3D
[2017-10-17 19:25:45,999]  INFO - 收到Cookies消息,值为：SecurityTicket=FIhOsi32lN%2Bqm%2F28AOnwrw9YA5Ka1HQiubWPliOMRz%2BuQXQTYh61XXJvQ6pAKidsy8RMl5chYCGyUT1TeidEyQ%3D%3D; SecurityToken=FIhOsi32lN%2Bqm%2F28AOnwrw9YA5Ka1HQiubWPliOMRz%2BuQXQTYh61XXJvQ6pAKidsy8RMl5chYCGyUT1TeidEyQ%3D%3D
[2017-10-17 19:25:47,139]  INFO - 收到Cookies消息,值为：SecurityTicket=FIhOsi32lN%2Bqm%2F28AOnwrw9YA5Ka1HQiubWPliOMRz%2BuQXQTYh61XXJvQ6pAKidsy8RMl5chYCGyUT1TeidEyQ%3D%3D; SecurityToken=FIhOsi32lN%2Bqm%2F28AOnwrw9YA5Ka1HQiubWPliOMRz%2BuQXQTYh61XXJvQ6pAKidsy8RMl5chYCGyUT1TeidEyQ%3D%3D
