[2017-10-16 09:45:48,106]  INFO - 初始化界面开始！
[2017-10-16 09:45:48,123]  INFO - 画板初始化！
[2017-10-16 09:45:48,410]  INFO - 初始化第一行背景！
[2017-10-16 09:45:48,412]  INFO - 初始化第一行行情按钮！
[2017-10-16 09:45:48,413]  INFO - 初始化第一行我的资金按钮！
[2017-10-16 09:45:48,413]  INFO - 初始化第一行基础管理按钮！
[2017-10-16 09:45:48,413]  INFO - 初始化第一行登录按钮！
[2017-10-16 09:45:48,677]  INFO - 初始化第一行注册按钮！
[2017-10-16 09:45:48,678]  INFO - 初始化第一行最小化按钮！
[2017-10-16 09:45:48,680]  INFO - 初始化第一行最大化按钮！
[2017-10-16 09:45:48,681]  INFO - 初始化第一行关闭按钮！
[2017-10-16 09:45:48,683]  INFO - 初始化第一列行情！
[2017-10-16 09:45:48,683]  INFO - 初始化第一列供需发布！
[2017-10-16 09:45:48,683]  INFO - 初始化第一列K线图！
[2017-10-16 09:45:48,683]  INFO - 初始化第一列资讯！
[2017-10-16 09:45:48,683]  INFO - 初始化第二行快捷按钮！
[2017-10-16 09:45:48,683]  INFO - 初始化买入基价！
[2017-10-16 09:45:48,684]  INFO - 初始化买入基价值！
[2017-10-16 09:45:48,684]  INFO - 初始化卖出基价！
[2017-10-16 09:45:48,684]  INFO - 初始化卖出基价值！
[2017-10-16 09:45:48,689]  INFO - 初始化第二行快捷按钮！
[2017-10-16 09:45:48,693]  INFO - 初始化供需发布！
[2017-10-16 09:45:49,202]  INFO - 初始化界面结束！
[2017-10-16 09:45:49,392]  INFO - 创建登录界面！
[2017-10-16 09:45:49,519]  INFO - 初始化内置浏览器！
[2017-10-16 09:46:01,764]  INFO - 收到Cookies消息,值为：SecurityTicket=
[2017-10-16 09:46:16,103]  INFO - 收到帐号密码消息,值为：jinkaifeng,12345678
[2017-10-16 09:46:17,165]  INFO - 收到Cookies消息,值为：SecurityTicket=
[2017-10-16 09:46:18,192]  INFO - 收到Cookies消息,值为：ticket=V1ql6hUuS2rKPB2QDRIjFjWuqciFicvF/GFeam36xHNDBbzoVXt9QMWcmvQDbxaphUVhAvsGptKbuz9Vlp2Ctg==
[2017-10-16 09:46:19,236]  INFO - 收到Cookies消息,值为：SecurityTicket=V1ql6hUuS2rKPB2QDRIjFjWuqciFicvF%2FGFeam36xHNDBbzoVXt9QMWcmvQDbxaphUVhAvsGptKbuz9Vlp2Ctg%3D%3D; SecurityToken=V1ql6hUuS2rKPB2QDRIjFjWuqciFicvF%2FGFeam36xHNDBbzoVXt9QMWcmvQDbxaphUVhAvsGptKbuz9Vlp2Ctg%3D%3D
[2017-10-16 09:46:19,248]  INFO - 收到登录成功消息,值为：IsLogin
[2017-10-16 11:41:30,882]  INFO - 初始化界面开始！
[2017-10-16 11:41:30,891]  INFO - 画板初始化！
[2017-10-16 11:41:31,355]  INFO - 初始化第一行背景！
[2017-10-16 11:41:31,357]  INFO - 初始化第一行行情按钮！
[2017-10-16 11:41:31,358]  INFO - 初始化第一行我的资金按钮！
[2017-10-16 11:41:31,358]  INFO - 初始化第一行基础管理按钮！
[2017-10-16 11:41:31,358]  INFO - 初始化第一行登录按钮！
[2017-10-16 11:41:31,635]  INFO - 初始化第一行注册按钮！
[2017-10-16 11:41:31,637]  INFO - 初始化第一行最小化按钮！
[2017-10-16 11:41:31,639]  INFO - 初始化第一行最大化按钮！
[2017-10-16 11:41:31,640]  INFO - 初始化第一行关闭按钮！
[2017-10-16 11:41:31,642]  INFO - 初始化第一列行情！
[2017-10-16 11:41:31,642]  INFO - 初始化第一列供需发布！
[2017-10-16 11:41:31,642]  INFO - 初始化第一列K线图！
[2017-10-16 11:41:31,642]  INFO - 初始化第一列资讯！
[2017-10-16 11:41:31,642]  INFO - 初始化第二行快捷按钮！
[2017-10-16 11:41:31,642]  INFO - 初始化买入基价！
[2017-10-16 11:41:31,642]  INFO - 初始化买入基价值！
[2017-10-16 11:41:31,642]  INFO - 初始化卖出基价！
[2017-10-16 11:41:31,642]  INFO - 初始化卖出基价值！
[2017-10-16 11:41:31,649]  INFO - 初始化第二行快捷按钮！
[2017-10-16 11:41:31,653]  INFO - 初始化供需发布！
[2017-10-16 11:41:32,341]  INFO - 初始化界面结束！
[2017-10-16 11:41:32,924]  INFO - 创建登录界面！
[2017-10-16 11:41:33,092]  INFO - 初始化内置浏览器！
[2017-10-16 11:41:38,100]  INFO - 收到Cookies消息,值为：SecurityTicket=
[2017-10-16 11:42:19,304]  INFO - 收到帐号密码消息,值为：jinkaifeng,12345678
[2017-10-16 11:42:20,384]  INFO - 收到Cookies消息,值为：SecurityTicket=
[2017-10-16 11:42:21,413]  INFO - 收到Cookies消息,值为：ticket=6hyRky2EN1VwRqoCtKRULQUJUhRj/8e+q3euTw6lehhWULRGiBaMUPzb0D93xsIWPUIh3cBH2fH927jKegonIA==
[2017-10-16 11:42:22,436]  INFO - 收到Cookies消息,值为：SecurityTicket=6hyRky2EN1VwRqoCtKRULQUJUhRj%2F8e%2Bq3euTw6lehhWULRGiBaMUPzb0D93xsIWPUIh3cBH2fH927jKegonIA%3D%3D; SecurityToken=6hyRky2EN1VwRqoCtKRULQUJUhRj%2F8e%2Bq3euTw6lehhWULRGiBaMUPzb0D93xsIWPUIh3cBH2fH927jKegonIA%3D%3D
[2017-10-16 11:42:22,448]  INFO - 收到登录成功消息,值为：IsLogin
[2017-10-16 11:43:55,022]  INFO - 初始化界面开始！
[2017-10-16 11:43:55,031]  INFO - 画板初始化！
[2017-10-16 11:43:55,313]  INFO - 初始化第一行背景！
[2017-10-16 11:43:55,314]  INFO - 初始化第一行行情按钮！
[2017-10-16 11:43:55,314]  INFO - 初始化第一行我的资金按钮！
[2017-10-16 11:43:55,315]  INFO - 初始化第一行基础管理按钮！
[2017-10-16 11:43:55,315]  INFO - 初始化第一行登录按钮！
[2017-10-16 11:43:55,559]  INFO - 初始化第一行注册按钮！
[2017-10-16 11:43:55,561]  INFO - 初始化第一行最小化按钮！
[2017-10-16 11:43:55,562]  INFO - 初始化第一行最大化按钮！
[2017-10-16 11:43:55,562]  INFO - 初始化第一行关闭按钮！
[2017-10-16 11:43:55,563]  INFO - 初始化第一列行情！
[2017-10-16 11:43:55,563]  INFO - 初始化第一列供需发布！
[2017-10-16 11:43:55,563]  INFO - 初始化第一列K线图！
[2017-10-16 11:43:55,563]  INFO - 初始化第一列资讯！
[2017-10-16 11:43:55,563]  INFO - 初始化第二行快捷按钮！
[2017-10-16 11:43:55,563]  INFO - 初始化买入基价！
[2017-10-16 11:43:55,564]  INFO - 初始化买入基价值！
[2017-10-16 11:43:55,564]  INFO - 初始化卖出基价！
[2017-10-16 11:43:55,564]  INFO - 初始化卖出基价值！
[2017-10-16 11:43:55,567]  INFO - 初始化第二行快捷按钮！
[2017-10-16 11:43:55,570]  INFO - 初始化供需发布！
[2017-10-16 11:43:55,967]  INFO - 初始化界面结束！
[2017-10-16 11:43:56,768]  INFO - 创建登录界面！
[2017-10-16 11:43:56,964]  INFO - 初始化内置浏览器！
[2017-10-16 11:44:00,067]  INFO - 收到Cookies消息,值为：SecurityTicket=
[2017-10-16 11:44:06,368]  INFO - 收到帐号密码消息,值为：18016321103,123456
[2017-10-16 11:44:07,437]  INFO - 收到Cookies消息,值为：SecurityTicket=
[2017-10-16 11:44:08,471]  INFO - 收到Cookies消息,值为：ticket=YyIPxRagChrRlhziXgxbkALopkgGH/JN0o/Fs4q1qo0a33ogggzDc4pmj83UzoD091PfoCqK6pzl451y0tHFkQ==
[2017-10-16 11:44:08,479]  INFO - 收到登录成功消息,值为：IsLogin
[2017-10-16 11:44:09,505]  INFO - 收到Cookies消息,值为：SecurityTicket=YyIPxRagChrRlhziXgxbkALopkgGH%2FJN0o%2FFs4q1qo0a33ogggzDc4pmj83UzoD091PfoCqK6pzl451y0tHFkQ%3D%3D; SecurityToken=YyIPxRagChrRlhziXgxbkALopkgGH%2FJN0o%2FFs4q1qo0a33ogggzDc4pmj83UzoD091PfoCqK6pzl451y0tHFkQ%3D%3D
[2017-10-16 11:44:15,063]  INFO - 收到Cookies消息,值为：SecurityTicket=YyIPxRagChrRlhziXgxbkALopkgGH%2FJN0o%2FFs4q1qo0a33ogggzDc4pmj83UzoD091PfoCqK6pzl451y0tHFkQ%3D%3D; SecurityToken=YyIPxRagChrRlhziXgxbkALopkgGH%2FJN0o%2FFs4q1qo0a33ogggzDc4pmj83UzoD091PfoCqK6pzl451y0tHFkQ%3D%3D
[2017-10-16 11:45:44,384]  INFO - 初始化界面开始！
[2017-10-16 11:45:44,394]  INFO - 画板初始化！
[2017-10-16 11:45:44,598]  INFO - 初始化第一行背景！
[2017-10-16 11:45:44,600]  INFO - 初始化第一行行情按钮！
[2017-10-16 11:45:44,601]  INFO - 初始化第一行我的资金按钮！
[2017-10-16 11:45:44,601]  INFO - 初始化第一行基础管理按钮！
[2017-10-16 11:45:44,601]  INFO - 初始化第一行登录按钮！
[2017-10-16 11:45:44,860]  INFO - 初始化第一行注册按钮！
[2017-10-16 11:45:44,864]  INFO - 初始化第一行最小化按钮！
[2017-10-16 11:45:44,866]  INFO - 初始化第一行最大化按钮！
[2017-10-16 11:45:44,867]  INFO - 初始化第一行关闭按钮！
[2017-10-16 11:45:44,872]  INFO - 初始化第一列行情！
[2017-10-16 11:45:44,872]  INFO - 初始化第一列供需发布！
[2017-10-16 11:45:44,872]  INFO - 初始化第一列K线图！
[2017-10-16 11:45:44,872]  INFO - 初始化第一列资讯！
[2017-10-16 11:45:44,872]  INFO - 初始化第二行快捷按钮！
[2017-10-16 11:45:44,872]  INFO - 初始化买入基价！
[2017-10-16 11:45:44,872]  INFO - 初始化买入基价值！
[2017-10-16 11:45:44,872]  INFO - 初始化卖出基价！
[2017-10-16 11:45:44,872]  INFO - 初始化卖出基价值！
[2017-10-16 11:45:44,876]  INFO - 初始化第二行快捷按钮！
[2017-10-16 11:45:44,879]  INFO - 初始化供需发布！
[2017-10-16 11:45:45,284]  INFO - 初始化界面结束！
[2017-10-16 11:45:45,318]  INFO - 创建登录界面！
[2017-10-16 11:45:45,393]  INFO - 初始化内置浏览器！
[2017-10-16 11:51:48,461]  INFO - 初始化界面开始！
[2017-10-16 11:51:48,473]  INFO - 画板初始化！
[2017-10-16 11:51:48,759]  INFO - 初始化第一行背景！
[2017-10-16 11:51:48,761]  INFO - 初始化第一行行情按钮！
[2017-10-16 11:51:48,764]  INFO - 初始化第一行我的资金按钮！
[2017-10-16 11:51:48,764]  INFO - 初始化第一行基础管理按钮！
[2017-10-16 11:51:48,764]  INFO - 初始化第一行登录按钮！
[2017-10-16 11:51:49,014]  INFO - 初始化第一行注册按钮！
[2017-10-16 11:51:49,016]  INFO - 初始化第一行最小化按钮！
[2017-10-16 11:51:49,018]  INFO - 初始化第一行最大化按钮！
[2017-10-16 11:51:49,019]  INFO - 初始化第一行关闭按钮！
[2017-10-16 11:51:49,020]  INFO - 初始化第一列行情！
[2017-10-16 11:51:49,021]  INFO - 初始化第一列供需发布！
[2017-10-16 11:51:49,021]  INFO - 初始化第一列K线图！
[2017-10-16 11:51:49,021]  INFO - 初始化第一列资讯！
[2017-10-16 11:51:49,021]  INFO - 初始化第二行快捷按钮！
[2017-10-16 11:51:49,021]  INFO - 初始化买入基价！
[2017-10-16 11:51:49,021]  INFO - 初始化买入基价值！
[2017-10-16 11:51:49,021]  INFO - 初始化卖出基价！
[2017-10-16 11:51:49,021]  INFO - 初始化卖出基价值！
[2017-10-16 11:51:49,027]  INFO - 初始化第二行快捷按钮！
[2017-10-16 11:51:49,031]  INFO - 初始化供需发布！
[2017-10-16 11:51:49,446]  INFO - 初始化界面结束！
[2017-10-16 11:51:49,656]  INFO - 创建登录界面！
[2017-10-16 11:51:49,772]  INFO - 初始化内置浏览器！
[2017-10-16 11:51:51,898]  INFO - 收到Cookies消息,值为：SecurityTicket=
[2017-10-16 11:51:57,571]  INFO - 收到帐号密码消息,值为：15800000003,123456
[2017-10-16 11:51:58,631]  INFO - 收到Cookies消息,值为：SecurityTicket=
[2017-10-16 11:52:01,991]  INFO - 收到帐号密码消息,值为：15800000003,111111
[2017-10-16 11:52:03,045]  INFO - 收到Cookies消息,值为：SecurityTicket=
[2017-10-16 11:52:11,016]  INFO - 收到帐号密码消息,值为：15800000003,12345678
[2017-10-16 11:52:12,093]  INFO - 收到Cookies消息,值为：SecurityTicket=
[2017-10-16 11:53:03,140]  INFO - 收到帐号密码消息,值为：15800000003,12345678
[2017-10-16 11:53:04,213]  INFO - 收到Cookies消息,值为：SecurityTicket=
[2017-10-16 11:53:12,450]  INFO - 收到帐号密码消息,值为：15800000003,123456
[2017-10-16 11:53:13,505]  INFO - 收到Cookies消息,值为：SecurityTicket=
[2017-10-16 11:53:31,742]  INFO - 收到帐号密码消息,值为：15800000003,666666
[2017-10-16 11:53:32,850]  INFO - 收到Cookies消息,值为：SecurityTicket=
[2017-10-16 11:53:56,079]  INFO - 收到帐号密码消息,值为：15800000003,111111
[2017-10-16 11:53:57,148]  INFO - 收到Cookies消息,值为：SecurityTicket=
[2017-10-16 11:54:43,477]  INFO - 收到帐号密码消息,值为：jinkaifeng,12345678
[2017-10-16 11:54:44,535]  INFO - 收到Cookies消息,值为：SecurityTicket=
[2017-10-16 11:54:45,576]  INFO - 收到Cookies消息,值为：ticket=5TgXPnAu6VKz6Q3MN6v11P1sNVlJL1zcOXZtHAjHrAx32QexDpct8dGDiSUxfJuLP6gTwzuU/cFxzQuRoSdG9Q==
[2017-10-16 11:54:45,584]  INFO - 收到登录成功消息,值为：IsLogin
[2017-10-16 11:54:46,625]  INFO - 收到Cookies消息,值为：SecurityTicket=5TgXPnAu6VKz6Q3MN6v11P1sNVlJL1zcOXZtHAjHrAx32QexDpct8dGDiSUxfJuLP6gTwzuU%2FcFxzQuRoSdG9Q%3D%3D; SecurityToken=5TgXPnAu6VKz6Q3MN6v11P1sNVlJL1zcOXZtHAjHrAx32QexDpct8dGDiSUxfJuLP6gTwzuU%2FcFxzQuRoSdG9Q%3D%3D
[2017-10-16 11:55:35,996]  INFO - 收到Cookies消息,值为：SecurityTicket=5TgXPnAu6VKz6Q3MN6v11P1sNVlJL1zcOXZtHAjHrAx32QexDpct8dGDiSUxfJuLP6gTwzuU%2FcFxzQuRoSdG9Q%3D%3D; SecurityToken=5TgXPnAu6VKz6Q3MN6v11P1sNVlJL1zcOXZtHAjHrAx32QexDpct8dGDiSUxfJuLP6gTwzuU%2FcFxzQuRoSdG9Q%3D%3D
[2017-10-16 11:56:31,315]  INFO - 初始化界面开始！
[2017-10-16 11:56:31,325]  INFO - 画板初始化！
[2017-10-16 11:56:31,592]  INFO - 初始化第一行背景！
[2017-10-16 11:56:31,594]  INFO - 初始化第一行行情按钮！
[2017-10-16 11:56:31,600]  INFO - 初始化第一行我的资金按钮！
[2017-10-16 11:56:31,600]  INFO - 初始化第一行基础管理按钮！
[2017-10-16 11:56:31,600]  INFO - 初始化第一行登录按钮！
[2017-10-16 11:56:31,847]  INFO - 初始化第一行注册按钮！
[2017-10-16 11:56:31,849]  INFO - 初始化第一行最小化按钮！
[2017-10-16 11:56:31,850]  INFO - 初始化第一行最大化按钮！
[2017-10-16 11:56:31,851]  INFO - 初始化第一行关闭按钮！
[2017-10-16 11:56:31,852]  INFO - 初始化第一列行情！
[2017-10-16 11:56:31,852]  INFO - 初始化第一列供需发布！
[2017-10-16 11:56:31,852]  INFO - 初始化第一列K线图！
[2017-10-16 11:56:31,852]  INFO - 初始化第一列资讯！
[2017-10-16 11:56:31,852]  INFO - 初始化第二行快捷按钮！
[2017-10-16 11:56:31,852]  INFO - 初始化买入基价！
[2017-10-16 11:56:31,852]  INFO - 初始化买入基价值！
[2017-10-16 11:56:31,852]  INFO - 初始化卖出基价！
[2017-10-16 11:56:31,852]  INFO - 初始化卖出基价值！
[2017-10-16 11:56:31,858]  INFO - 初始化第二行快捷按钮！
[2017-10-16 11:56:31,862]  INFO - 初始化供需发布！
[2017-10-16 11:56:32,215]  INFO - 初始化界面结束！
[2017-10-16 11:56:32,416]  INFO - 创建登录界面！
[2017-10-16 11:56:32,548]  INFO - 初始化内置浏览器！
[2017-10-16 11:56:34,699]  INFO - 收到Cookies消息,值为：SecurityTicket=
[2017-10-16 11:56:47,331]  INFO - 收到帐号密码消息,值为：jinkaifeng,12345678
[2017-10-16 11:56:48,408]  INFO - 收到Cookies消息,值为：SecurityTicket=
[2017-10-16 11:56:49,440]  INFO - 收到Cookies消息,值为：ticket=euQAgYyaY+nWoI6gqFwfdAQtqa+UgxirOOSRDreNbQKxxJSFmBgG+aYiwsh6fIZiq5rJ4aK0ONsKaKBZh5McVA==
[2017-10-16 11:56:49,447]  INFO - 收到登录成功消息,值为：IsLogin
[2017-10-16 11:56:50,491]  INFO - 收到Cookies消息,值为：SecurityTicket=euQAgYyaY%2BnWoI6gqFwfdAQtqa%2BUgxirOOSRDreNbQKxxJSFmBgG%2BaYiwsh6fIZiq5rJ4aK0ONsKaKBZh5McVA%3D%3D; SecurityToken=euQAgYyaY%2BnWoI6gqFwfdAQtqa%2BUgxirOOSRDreNbQKxxJSFmBgG%2BaYiwsh6fIZiq5rJ4aK0ONsKaKBZh5McVA%3D%3D
[2017-10-16 13:49:56,377]  INFO - 初始化界面开始！
[2017-10-16 13:49:56,388]  INFO - 画板初始化！
[2017-10-16 13:49:56,867]  INFO - 初始化第一行背景！
[2017-10-16 13:49:56,876]  INFO - 初始化第一行行情按钮！
[2017-10-16 13:49:56,877]  INFO - 初始化第一行我的资金按钮！
[2017-10-16 13:49:56,877]  INFO - 初始化第一行基础管理按钮！
[2017-10-16 13:49:56,878]  INFO - 初始化第一行登录按钮！
[2017-10-16 13:49:57,174]  INFO - 初始化第一行注册按钮！
[2017-10-16 13:49:57,176]  INFO - 初始化第一行最小化按钮！
[2017-10-16 13:49:57,177]  INFO - 初始化第一行最大化按钮！
[2017-10-16 13:49:57,177]  INFO - 初始化第一行关闭按钮！
[2017-10-16 13:49:57,179]  INFO - 初始化第一列行情！
[2017-10-16 13:49:57,179]  INFO - 初始化第一列供需发布！
[2017-10-16 13:49:57,179]  INFO - 初始化第一列K线图！
[2017-10-16 13:49:57,179]  INFO - 初始化第一列资讯！
[2017-10-16 13:49:57,179]  INFO - 初始化第二行快捷按钮！
[2017-10-16 13:49:57,179]  INFO - 初始化买入基价！
[2017-10-16 13:49:57,180]  INFO - 初始化买入基价值！
[2017-10-16 13:49:57,180]  INFO - 初始化卖出基价！
[2017-10-16 13:49:57,180]  INFO - 初始化卖出基价值！
[2017-10-16 13:49:57,184]  INFO - 初始化第二行快捷按钮！
[2017-10-16 13:49:57,188]  INFO - 初始化供需发布！
[2017-10-16 13:49:57,743]  INFO - 初始化界面结束！
[2017-10-16 13:49:57,953]  INFO - 创建登录界面！
[2017-10-16 13:49:58,111]  INFO - 初始化内置浏览器！
[2017-10-16 13:50:01,921]  INFO - 收到Cookies消息,值为：SecurityTicket=
[2017-10-16 13:50:06,398]  INFO - 收到帐号密码消息,值为：jinkaifeng,12345678
[2017-10-16 13:50:07,453]  INFO - 收到Cookies消息,值为：SecurityTicket=
[2017-10-16 13:50:08,485]  INFO - 收到Cookies消息,值为：ticket=HdjDlNehpV3Bpe7P+RSkRudy5qucQUrNZ74PHFccQ1KB5usYTKGfpizOdtmzc8GguiWD0La00OAV/U3bzu74TQ==
[2017-10-16 13:50:08,491]  INFO - 收到登录成功消息,值为：IsLogin
[2017-10-16 13:50:09,573]  INFO - 收到Cookies消息,值为：SecurityTicket=HdjDlNehpV3Bpe7P%2BRSkRudy5qucQUrNZ74PHFccQ1KB5usYTKGfpizOdtmzc8GguiWD0La00OAV%2FU3bzu74TQ%3D%3D; SecurityToken=HdjDlNehpV3Bpe7P%2BRSkRudy5qucQUrNZ74PHFccQ1KB5usYTKGfpizOdtmzc8GguiWD0La00OAV%2FU3bzu74TQ%3D%3D
[2017-10-16 13:55:50,298]  INFO - 初始化界面开始！
[2017-10-16 13:55:50,307]  INFO - 画板初始化！
[2017-10-16 13:55:50,722]  INFO - 初始化第一行背景！
[2017-10-16 13:55:50,730]  INFO - 初始化第一行行情按钮！
[2017-10-16 13:55:50,732]  INFO - 初始化第一行我的资金按钮！
[2017-10-16 13:55:50,732]  INFO - 初始化第一行基础管理按钮！
[2017-10-16 13:55:50,732]  INFO - 初始化第一行登录按钮！
[2017-10-16 13:55:51,011]  INFO - 初始化第一行注册按钮！
[2017-10-16 13:55:51,014]  INFO - 初始化第一行最小化按钮！
[2017-10-16 13:55:51,016]  INFO - 初始化第一行最大化按钮！
[2017-10-16 13:55:51,018]  INFO - 初始化第一行关闭按钮！
[2017-10-16 13:55:51,019]  INFO - 初始化第一列行情！
[2017-10-16 13:55:51,019]  INFO - 初始化第一列供需发布！
[2017-10-16 13:55:51,019]  INFO - 初始化第一列K线图！
[2017-10-16 13:55:51,019]  INFO - 初始化第一列资讯！
[2017-10-16 13:55:51,019]  INFO - 初始化第二行快捷按钮！
[2017-10-16 13:55:51,020]  INFO - 初始化买入基价！
[2017-10-16 13:55:51,020]  INFO - 初始化买入基价值！
[2017-10-16 13:55:51,020]  INFO - 初始化卖出基价！
[2017-10-16 13:55:51,020]  INFO - 初始化卖出基价值！
[2017-10-16 13:55:51,026]  INFO - 初始化第二行快捷按钮！
[2017-10-16 13:55:51,030]  INFO - 初始化供需发布！
[2017-10-16 13:55:51,658]  INFO - 初始化界面结束！
[2017-10-16 13:55:51,916]  INFO - 创建登录界面！
[2017-10-16 13:55:52,090]  INFO - 初始化内置浏览器！
[2017-10-16 13:55:55,415]  INFO - 收到Cookies消息,值为：SecurityTicket=
[2017-10-16 13:56:07,261]  INFO - 收到帐号密码消息,值为：jinkaifeng,12345678
[2017-10-16 13:56:08,312]  INFO - 收到Cookies消息,值为：SecurityTicket=
[2017-10-16 13:56:08,334]  INFO - 收到帐号密码消息,值为：jinkaifeng,12345678
[2017-10-16 13:56:09,375]  INFO - 收到Cookies消息,值为：SecurityTicket=05X5mzUNpigSxiEPfdOGO%2BK7AR1IEBS2QNcAHSGryMU4FprzA63oYFKvoBcKTY5HV4elRAvbMCqnzwZBh6Jrhw%3D%3D; SecurityToken=05X5mzUNpigSxiEPfdOGO%2BK7AR1IEBS2QNcAHSGryMU4FprzA63oYFKvoBcKTY5HV4elRAvbMCqnzwZBh6Jrhw%3D%3D
[2017-10-16 13:56:10,381]  INFO - 收到Cookies消息,值为：SecurityTicket=05X5mzUNpigSxiEPfdOGO%2BK7AR1IEBS2QNcAHSGryMU4FprzA63oYFKvoBcKTY5HV4elRAvbMCqnzwZBh6Jrhw%3D%3D; SecurityToken=05X5mzUNpigSxiEPfdOGO%2BK7AR1IEBS2QNcAHSGryMU4FprzA63oYFKvoBcKTY5HV4elRAvbMCqnzwZBh6Jrhw%3D%3D
[2017-10-16 13:56:10,402]  INFO - 收到登录成功消息,值为：IsLogin
[2017-10-16 13:57:38,314]  INFO - 收到登录成功消息,值为：IsLogin
[2017-10-16 14:00:34,017]  INFO - 初始化界面开始！
[2017-10-16 14:00:34,025]  INFO - 画板初始化！
[2017-10-16 14:00:34,519]  INFO - 初始化第一行背景！
[2017-10-16 14:00:34,534]  INFO - 初始化第一行行情按钮！
[2017-10-16 14:00:34,536]  INFO - 初始化第一行我的资金按钮！
[2017-10-16 14:00:34,536]  INFO - 初始化第一行基础管理按钮！
[2017-10-16 14:00:34,536]  INFO - 初始化第一行登录按钮！
[2017-10-16 14:00:34,887]  INFO - 初始化第一行注册按钮！
[2017-10-16 14:00:34,889]  INFO - 初始化第一行最小化按钮！
[2017-10-16 14:00:34,890]  INFO - 初始化第一行最大化按钮！
[2017-10-16 14:00:34,892]  INFO - 初始化第一行关闭按钮！
[2017-10-16 14:00:34,893]  INFO - 初始化第一列行情！
[2017-10-16 14:00:34,893]  INFO - 初始化第一列供需发布！
[2017-10-16 14:00:34,893]  INFO - 初始化第一列K线图！
[2017-10-16 14:00:34,894]  INFO - 初始化第一列资讯！
[2017-10-16 14:00:34,894]  INFO - 初始化第二行快捷按钮！
[2017-10-16 14:00:34,894]  INFO - 初始化买入基价！
[2017-10-16 14:00:34,894]  INFO - 初始化买入基价值！
[2017-10-16 14:00:34,894]  INFO - 初始化卖出基价！
[2017-10-16 14:00:34,894]  INFO - 初始化卖出基价值！
[2017-10-16 14:00:34,901]  INFO - 初始化第二行快捷按钮！
[2017-10-16 14:00:34,905]  INFO - 初始化供需发布！
[2017-10-16 14:00:35,372]  INFO - 初始化界面结束！
[2017-10-16 14:00:35,619]  INFO - 创建登录界面！
[2017-10-16 14:00:35,784]  INFO - 初始化内置浏览器！
[2017-10-16 14:00:38,531]  INFO - 收到Cookies消息,值为：SecurityTicket=
[2017-10-16 14:00:42,614]  INFO - 收到帐号密码消息,值为：jinkaifeng,12345678
[2017-10-16 14:00:43,673]  INFO - 收到Cookies消息,值为：SecurityTicket=
[2017-10-16 14:00:44,706]  INFO - 收到Cookies消息,值为：ticket=e2U0uCgGeJMt8TRpKsYfAqTDe4T09OHB/NEK7VrpWF9GUE4mstFjJEehEDIflHOcVYbq08OWPpOPtJsByRUZbw==
[2017-10-16 14:00:44,720]  INFO - 收到登录成功消息,值为：IsLogin
[2017-10-16 14:00:45,768]  INFO - 收到Cookies消息,值为：SecurityTicket=e2U0uCgGeJMt8TRpKsYfAqTDe4T09OHB%2FNEK7VrpWF9GUE4mstFjJEehEDIflHOcVYbq08OWPpOPtJsByRUZbw%3D%3D; SecurityToken=e2U0uCgGeJMt8TRpKsYfAqTDe4T09OHB%2FNEK7VrpWF9GUE4mstFjJEehEDIflHOcVYbq08OWPpOPtJsByRUZbw%3D%3D
