[2017-11-02 10:25:04,683]  INFO - 初始化界面开始！
[2017-11-02 10:25:04,700]  INFO - 画板初始化！
[2017-11-02 10:25:04,934]  INFO - 初始化第一行背景！
[2017-11-02 10:25:04,936]  INFO - 初始化第一行行情按钮！
[2017-11-02 10:25:04,937]  INFO - 初始化第一行我的资金按钮！
[2017-11-02 10:25:04,937]  INFO - 初始化第一行基础管理按钮！
[2017-11-02 10:25:04,937]  INFO - 初始化第一行登录按钮！
[2017-11-02 10:25:04,949]  INFO - 初始化第一行注册按钮！
[2017-11-02 10:25:04,951]  INFO - 初始化第一行登录后状态！
[2017-11-02 10:25:04,951]  INFO - 初始化第一行注销按钮！
[2017-11-02 10:25:04,952]  INFO - 初始化第一行最小化按钮！
[2017-11-02 10:25:04,954]  INFO - 初始化第一行最大化按钮！
[2017-11-02 10:25:04,956]  INFO - 初始化第一行关闭按钮！
[2017-11-02 10:25:04,958]  INFO - 初始化第一列行情！
[2017-11-02 10:25:04,958]  INFO - 初始化第一列供需发布！
[2017-11-02 10:25:04,958]  INFO - 初始化第一列K线图！
[2017-11-02 10:25:04,958]  INFO - 初始化第一列资讯！
[2017-11-02 10:25:04,958]  INFO - 初始化第二行快捷按钮！
[2017-11-02 10:25:04,958]  INFO - 初始化买入基价！
[2017-11-02 10:25:04,958]  INFO - 初始化买入基价值！
[2017-11-02 10:25:04,958]  INFO - 初始化卖出基价！
[2017-11-02 10:25:04,958]  INFO - 初始化卖出基价值！
[2017-11-02 10:25:04,969]  INFO - 初始化第二行快捷按钮！
[2017-11-02 10:25:05,066]  INFO - 初始化界面结束！
[2017-11-02 10:25:06,394]  INFO - 初始化供需发布！
[2017-11-02 10:25:06,462] ERROR - Newtonsoft.Json.JsonReaderException: Unexpected character encountered while parsing value: c. Path '', line 0, position 0.
   在 Newtonsoft.Json.JsonTextReader.ParseValue()
   在 Newtonsoft.Json.JsonTextReader.ReadInternal()
   在 Newtonsoft.Json.JsonTextReader.Read()
   在 Newtonsoft.Json.Serialization.JsonSerializerInternalReader.ReadForType(JsonReader reader, JsonContract contract, Boolean hasConverter)
   在 Newtonsoft.Json.Serialization.JsonSerializerInternalReader.Deserialize(JsonReader reader, Type objectType, Boolean checkAdditionalContent)
   在 Newtonsoft.Json.JsonSerializer.DeserializeInternal(JsonReader reader, Type objectType)
   在 Newtonsoft.Json.JsonConvert.DeserializeObject(String value, Type type, JsonSerializerSettings settings)
   在 Newtonsoft.Json.JsonConvert.DeserializeObject[T](String value, JsonSerializerSettings settings)
   在 Newtonsoft.Json.JsonConvert.DeserializeObject[T](String value)
   在 UseOnlineTradingSystem.Helper.Deserialize[T](String obj) 位置 C:\USeClient\TFS\UseOnlineTradingSystem\UseOnlineTradingSystem\UseOnlineTradingSystem\USeCommon\Helper.cs:行号 75
   在 UseOnlineTradingSystem.DataManager.MQTTService_UpdataEvent(String obj) 位置 C:\USeClient\TFS\UseOnlineTradingSystem\UseOnlineTradingSystem\UseOnlineTradingSystem\USeCommon\DataManager.cs:行号 366
   在 UseOnlineTradingSystem.MQTTService.M_mqttClient_MqttMsgPublishReceived(Object sender, MqttMsgPublishEventArgs e) 位置 C:\USeClient\TFS\UseOnlineTradingSystem\UseOnlineTradingSystem\UseOnlineTradingSystem\USeCommon\Communication\MQTTService.cs:行号 192
[2017-11-02 10:25:06,831]  INFO - 创建登录界面！
[2017-11-02 10:25:06,908]  INFO - 初始化内置浏览器！
[2017-11-02 10:25:13,990] ERROR - Newtonsoft.Json.JsonReaderException: Unexpected character encountered while parsing value: c. Path '', line 0, position 0.
   在 Newtonsoft.Json.JsonTextReader.ParseValue()
   在 Newtonsoft.Json.JsonTextReader.ReadInternal()
   在 Newtonsoft.Json.JsonTextReader.Read()
   在 Newtonsoft.Json.Serialization.JsonSerializerInternalReader.ReadForType(JsonReader reader, JsonContract contract, Boolean hasConverter)
   在 Newtonsoft.Json.Serialization.JsonSerializerInternalReader.Deserialize(JsonReader reader, Type objectType, Boolean checkAdditionalContent)
   在 Newtonsoft.Json.JsonSerializer.DeserializeInternal(JsonReader reader, Type objectType)
   在 Newtonsoft.Json.JsonConvert.DeserializeObject(String value, Type type, JsonSerializerSettings settings)
   在 Newtonsoft.Json.JsonConvert.DeserializeObject[T](String value, JsonSerializerSettings settings)
   在 Newtonsoft.Json.JsonConvert.DeserializeObject[T](String value)
   在 UseOnlineTradingSystem.Helper.Deserialize[T](String obj) 位置 C:\USeClient\TFS\UseOnlineTradingSystem\UseOnlineTradingSystem\UseOnlineTradingSystem\USeCommon\Helper.cs:行号 75
   在 UseOnlineTradingSystem.DataManager.MQTTService_UpdataEvent(String obj) 位置 C:\USeClient\TFS\UseOnlineTradingSystem\UseOnlineTradingSystem\UseOnlineTradingSystem\USeCommon\DataManager.cs:行号 366
   在 UseOnlineTradingSystem.MQTTService.M_mqttClient_MqttMsgPublishReceived(Object sender, MqttMsgPublishEventArgs e) 位置 C:\USeClient\TFS\UseOnlineTradingSystem\UseOnlineTradingSystem\UseOnlineTradingSystem\USeCommon\Communication\MQTTService.cs:行号 192
[2017-11-02 10:34:37,565]  INFO - 初始化界面开始！
[2017-11-02 10:34:37,574]  INFO - 画板初始化！
[2017-11-02 10:34:37,727]  INFO - 初始化第一行背景！
[2017-11-02 10:34:37,728]  INFO - 初始化第一行行情按钮！
[2017-11-02 10:34:37,730]  INFO - 初始化第一行我的资金按钮！
[2017-11-02 10:34:37,730]  INFO - 初始化第一行基础管理按钮！
[2017-11-02 10:34:37,730]  INFO - 初始化第一行登录按钮！
[2017-11-02 10:34:37,737]  INFO - 初始化第一行注册按钮！
[2017-11-02 10:34:37,739]  INFO - 初始化第一行登录后状态！
[2017-11-02 10:34:37,740]  INFO - 初始化第一行注销按钮！
[2017-11-02 10:34:37,740]  INFO - 初始化第一行最小化按钮！
[2017-11-02 10:34:37,742]  INFO - 初始化第一行最大化按钮！
[2017-11-02 10:34:37,743]  INFO - 初始化第一行关闭按钮！
[2017-11-02 10:34:37,745]  INFO - 初始化第一列行情！
[2017-11-02 10:34:37,745]  INFO - 初始化第一列供需发布！
[2017-11-02 10:34:37,745]  INFO - 初始化第一列K线图！
[2017-11-02 10:34:37,745]  INFO - 初始化第一列资讯！
[2017-11-02 10:34:37,745]  INFO - 初始化第二行快捷按钮！
[2017-11-02 10:34:37,746]  INFO - 初始化买入基价！
[2017-11-02 10:34:37,746]  INFO - 初始化买入基价值！
[2017-11-02 10:34:37,746]  INFO - 初始化卖出基价！
[2017-11-02 10:34:37,746]  INFO - 初始化卖出基价值！
[2017-11-02 10:34:37,752]  INFO - 初始化第二行快捷按钮！
[2017-11-02 10:34:37,812]  INFO - 初始化界面结束！
[2017-11-02 10:34:38,828]  INFO - 初始化供需发布！
[2017-11-02 10:34:38,979] ERROR - Newtonsoft.Json.JsonReaderException: Unexpected character encountered while parsing value: c. Path '', line 0, position 0.
   在 Newtonsoft.Json.JsonTextReader.ParseValue()
   在 Newtonsoft.Json.JsonTextReader.ReadInternal()
   在 Newtonsoft.Json.JsonTextReader.Read()
   在 Newtonsoft.Json.Serialization.JsonSerializerInternalReader.ReadForType(JsonReader reader, JsonContract contract, Boolean hasConverter)
   在 Newtonsoft.Json.Serialization.JsonSerializerInternalReader.Deserialize(JsonReader reader, Type objectType, Boolean checkAdditionalContent)
   在 Newtonsoft.Json.JsonSerializer.DeserializeInternal(JsonReader reader, Type objectType)
   在 Newtonsoft.Json.JsonConvert.DeserializeObject(String value, Type type, JsonSerializerSettings settings)
   在 Newtonsoft.Json.JsonConvert.DeserializeObject[T](String value, JsonSerializerSettings settings)
   在 Newtonsoft.Json.JsonConvert.DeserializeObject[T](String value)
   在 UseOnlineTradingSystem.Helper.Deserialize[T](String obj) 位置 C:\USeClient\TFS\UseOnlineTradingSystem\UseOnlineTradingSystem\UseOnlineTradingSystem\USeCommon\Helper.cs:行号 75
   在 UseOnlineTradingSystem.DataManager.MQTTService_UpdataEvent(String obj) 位置 C:\USeClient\TFS\UseOnlineTradingSystem\UseOnlineTradingSystem\UseOnlineTradingSystem\USeCommon\DataManager.cs:行号 366
   在 UseOnlineTradingSystem.MQTTService.M_mqttClient_MqttMsgPublishReceived(Object sender, MqttMsgPublishEventArgs e) 位置 C:\USeClient\TFS\UseOnlineTradingSystem\UseOnlineTradingSystem\UseOnlineTradingSystem\USeCommon\Communication\MQTTService.cs:行号 192
[2017-11-02 10:34:39,414]  INFO - 创建登录界面！
[2017-11-02 10:34:39,488]  INFO - 初始化内置浏览器！
[2017-11-02 10:34:47,379] ERROR - Newtonsoft.Json.JsonReaderException: Unexpected character encountered while parsing value: c. Path '', line 0, position 0.
   在 Newtonsoft.Json.JsonTextReader.ParseValue()
   在 Newtonsoft.Json.JsonTextReader.ReadInternal()
   在 Newtonsoft.Json.JsonTextReader.Read()
   在 Newtonsoft.Json.Serialization.JsonSerializerInternalReader.ReadForType(JsonReader reader, JsonContract contract, Boolean hasConverter)
   在 Newtonsoft.Json.Serialization.JsonSerializerInternalReader.Deserialize(JsonReader reader, Type objectType, Boolean checkAdditionalContent)
   在 Newtonsoft.Json.JsonSerializer.DeserializeInternal(JsonReader reader, Type objectType)
   在 Newtonsoft.Json.JsonConvert.DeserializeObject(String value, Type type, JsonSerializerSettings settings)
   在 Newtonsoft.Json.JsonConvert.DeserializeObject[T](String value, JsonSerializerSettings settings)
   在 Newtonsoft.Json.JsonConvert.DeserializeObject[T](String value)
   在 UseOnlineTradingSystem.Helper.Deserialize[T](String obj) 位置 C:\USeClient\TFS\UseOnlineTradingSystem\UseOnlineTradingSystem\UseOnlineTradingSystem\USeCommon\Helper.cs:行号 75
   在 UseOnlineTradingSystem.DataManager.MQTTService_UpdataEvent(String obj) 位置 C:\USeClient\TFS\UseOnlineTradingSystem\UseOnlineTradingSystem\UseOnlineTradingSystem\USeCommon\DataManager.cs:行号 366
   在 UseOnlineTradingSystem.MQTTService.M_mqttClient_MqttMsgPublishReceived(Object sender, MqttMsgPublishEventArgs e) 位置 C:\USeClient\TFS\UseOnlineTradingSystem\UseOnlineTradingSystem\UseOnlineTradingSystem\USeCommon\Communication\MQTTService.cs:行号 192
[2017-11-02 10:39:58,199]  INFO - 初始化界面开始！
[2017-11-02 10:39:58,208]  INFO - 画板初始化！
[2017-11-02 10:39:58,499]  INFO - 初始化第一行背景！
[2017-11-02 10:39:58,501]  INFO - 初始化第一行行情按钮！
[2017-11-02 10:39:58,502]  INFO - 初始化第一行我的资金按钮！
[2017-11-02 10:39:58,503]  INFO - 初始化第一行基础管理按钮！
[2017-11-02 10:39:58,503]  INFO - 初始化第一行登录按钮！
[2017-11-02 10:39:58,511]  INFO - 初始化第一行注册按钮！
[2017-11-02 10:39:58,513]  INFO - 初始化第一行登录后状态！
[2017-11-02 10:39:58,514]  INFO - 初始化第一行注销按钮！
[2017-11-02 10:39:58,514]  INFO - 初始化第一行最小化按钮！
[2017-11-02 10:39:58,515]  INFO - 初始化第一行最大化按钮！
[2017-11-02 10:39:58,516]  INFO - 初始化第一行关闭按钮！
[2017-11-02 10:39:58,517]  INFO - 初始化第一列行情！
[2017-11-02 10:39:58,517]  INFO - 初始化第一列供需发布！
[2017-11-02 10:39:58,518]  INFO - 初始化第一列K线图！
[2017-11-02 10:39:58,518]  INFO - 初始化第一列资讯！
[2017-11-02 10:39:58,518]  INFO - 初始化第二行快捷按钮！
[2017-11-02 10:39:58,518]  INFO - 初始化买入基价！
[2017-11-02 10:39:58,518]  INFO - 初始化买入基价值！
[2017-11-02 10:39:58,518]  INFO - 初始化卖出基价！
[2017-11-02 10:39:58,518]  INFO - 初始化卖出基价值！
[2017-11-02 10:39:58,522]  INFO - 初始化第二行快捷按钮！
[2017-11-02 10:39:58,564]  INFO - 初始化界面结束！
[2017-11-02 10:39:59,579]  INFO - 初始化供需发布！
[2017-11-02 10:39:59,650] ERROR - Newtonsoft.Json.JsonReaderException: Unexpected character encountered while parsing value: c. Path '', line 0, position 0.
   在 Newtonsoft.Json.JsonTextReader.ParseValue()
   在 Newtonsoft.Json.JsonTextReader.ReadInternal()
   在 Newtonsoft.Json.JsonTextReader.Read()
   在 Newtonsoft.Json.Serialization.JsonSerializerInternalReader.ReadForType(JsonReader reader, JsonContract contract, Boolean hasConverter)
   在 Newtonsoft.Json.Serialization.JsonSerializerInternalReader.Deserialize(JsonReader reader, Type objectType, Boolean checkAdditionalContent)
   在 Newtonsoft.Json.JsonSerializer.DeserializeInternal(JsonReader reader, Type objectType)
   在 Newtonsoft.Json.JsonConvert.DeserializeObject(String value, Type type, JsonSerializerSettings settings)
   在 Newtonsoft.Json.JsonConvert.DeserializeObject[T](String value, JsonSerializerSettings settings)
   在 Newtonsoft.Json.JsonConvert.DeserializeObject[T](String value)
   在 UseOnlineTradingSystem.Helper.Deserialize[T](String obj) 位置 C:\USeClient\TFS\UseOnlineTradingSystem\UseOnlineTradingSystem\UseOnlineTradingSystem\USeCommon\Helper.cs:行号 75
   在 UseOnlineTradingSystem.DataManager.MQTTService_UpdataEvent(String obj) 位置 C:\USeClient\TFS\UseOnlineTradingSystem\UseOnlineTradingSystem\UseOnlineTradingSystem\USeCommon\DataManager.cs:行号 366
   在 UseOnlineTradingSystem.MQTTService.M_mqttClient_MqttMsgPublishReceived(Object sender, MqttMsgPublishEventArgs e) 位置 C:\USeClient\TFS\UseOnlineTradingSystem\UseOnlineTradingSystem\UseOnlineTradingSystem\USeCommon\Communication\MQTTService.cs:行号 192
[2017-11-02 10:40:00,023]  INFO - 创建登录界面！
[2017-11-02 10:40:00,324]  INFO - 初始化内置浏览器！
[2017-11-02 10:40:08,313] ERROR - Newtonsoft.Json.JsonReaderException: Unexpected character encountered while parsing value: c. Path '', line 0, position 0.
   在 Newtonsoft.Json.JsonTextReader.ParseValue()
   在 Newtonsoft.Json.JsonTextReader.ReadInternal()
   在 Newtonsoft.Json.JsonTextReader.Read()
   在 Newtonsoft.Json.Serialization.JsonSerializerInternalReader.ReadForType(JsonReader reader, JsonContract contract, Boolean hasConverter)
   在 Newtonsoft.Json.Serialization.JsonSerializerInternalReader.Deserialize(JsonReader reader, Type objectType, Boolean checkAdditionalContent)
   在 Newtonsoft.Json.JsonSerializer.DeserializeInternal(JsonReader reader, Type objectType)
   在 Newtonsoft.Json.JsonConvert.DeserializeObject(String value, Type type, JsonSerializerSettings settings)
   在 Newtonsoft.Json.JsonConvert.DeserializeObject[T](String value, JsonSerializerSettings settings)
   在 Newtonsoft.Json.JsonConvert.DeserializeObject[T](String value)
   在 UseOnlineTradingSystem.Helper.Deserialize[T](String obj) 位置 C:\USeClient\TFS\UseOnlineTradingSystem\UseOnlineTradingSystem\UseOnlineTradingSystem\USeCommon\Helper.cs:行号 75
   在 UseOnlineTradingSystem.DataManager.MQTTService_UpdataEvent(String obj) 位置 C:\USeClient\TFS\UseOnlineTradingSystem\UseOnlineTradingSystem\UseOnlineTradingSystem\USeCommon\DataManager.cs:行号 366
   在 UseOnlineTradingSystem.MQTTService.M_mqttClient_MqttMsgPublishReceived(Object sender, MqttMsgPublishEventArgs e) 位置 C:\USeClient\TFS\UseOnlineTradingSystem\UseOnlineTradingSystem\UseOnlineTradingSystem\USeCommon\Communication\MQTTService.cs:行号 192
