[2017-10-20 09:30:56,086]  INFO - 初始化界面开始！
[2017-10-20 09:30:56,106]  INFO - 画板初始化！
[2017-10-20 09:30:56,465]  INFO - 初始化第一行背景！
[2017-10-20 09:30:56,466]  INFO - 初始化第一行行情按钮！
[2017-10-20 09:30:56,467]  INFO - 初始化第一行我的资金按钮！
[2017-10-20 09:30:56,467]  INFO - 初始化第一行基础管理按钮！
[2017-10-20 09:30:56,467]  INFO - 初始化第一行登录按钮！
[2017-10-20 09:30:56,731]  INFO - 初始化第一行注册按钮！
[2017-10-20 09:30:56,733]  INFO - 初始化第一行登录后状态！
[2017-10-20 09:30:56,733]  INFO - 初始化第一行注销按钮！
[2017-10-20 09:30:56,733]  INFO - 初始化第一行最小化按钮！
[2017-10-20 09:30:56,735]  INFO - 初始化第一行最大化按钮！
[2017-10-20 09:30:56,736]  INFO - 初始化第一行关闭按钮！
[2017-10-20 09:30:56,737]  INFO - 初始化第一列行情！
[2017-10-20 09:30:56,737]  INFO - 初始化第一列供需发布！
[2017-10-20 09:30:56,737]  INFO - 初始化第一列K线图！
[2017-10-20 09:30:56,737]  INFO - 初始化第一列资讯！
[2017-10-20 09:30:56,737]  INFO - 初始化第二行快捷按钮！
[2017-10-20 09:30:56,737]  INFO - 初始化买入基价！
[2017-10-20 09:30:56,737]  INFO - 初始化买入基价值！
[2017-10-20 09:30:56,737]  INFO - 初始化卖出基价！
[2017-10-20 09:30:56,737]  INFO - 初始化卖出基价值！
[2017-10-20 09:30:56,740]  INFO - 初始化第二行快捷按钮！
[2017-10-20 09:30:56,743]  INFO - 初始化供需发布！
[2017-10-20 09:30:57,321]  INFO - 初始化界面结束！
[2017-10-20 09:30:57,322]  INFO - 创建登录界面！
[2017-10-20 09:30:57,412]  INFO - 初始化内置浏览器！
[2017-10-20 09:31:05,567]  INFO - 收到Cookies消息,值为：SecurityToken=lxIi8xISc7Nd+rhukdqjOnsZsW2qdx+hu8MM2dqmebeF9dkLQ1zogR+Cbtx/Lj+HpG/6sDVxx6V9DeHrUjCgag==; SecurityTicket=
[2017-10-20 09:31:15,753]  INFO - 收到Cookies消息,值为：SecurityToken=lxIi8xISc7Nd+rhukdqjOnsZsW2qdx+hu8MM2dqmebeF9dkLQ1zogR+Cbtx/Lj+HpG/6sDVxx6V9DeHrUjCgag==; SecurityTicket=
[2017-10-20 09:33:01,019]  INFO - 初始化界面开始！
[2017-10-20 09:33:01,028]  INFO - 画板初始化！
[2017-10-20 09:33:01,196]  INFO - 初始化第一行背景！
[2017-10-20 09:33:01,198]  INFO - 初始化第一行行情按钮！
[2017-10-20 09:33:01,199]  INFO - 初始化第一行我的资金按钮！
[2017-10-20 09:33:01,199]  INFO - 初始化第一行基础管理按钮！
[2017-10-20 09:33:01,199]  INFO - 初始化第一行登录按钮！
[2017-10-20 09:33:01,393]  INFO - 初始化第一行注册按钮！
[2017-10-20 09:33:01,394]  INFO - 初始化第一行登录后状态！
[2017-10-20 09:33:01,394]  INFO - 初始化第一行注销按钮！
[2017-10-20 09:33:01,394]  INFO - 初始化第一行最小化按钮！
[2017-10-20 09:33:01,395]  INFO - 初始化第一行最大化按钮！
[2017-10-20 09:33:01,396]  INFO - 初始化第一行关闭按钮！
[2017-10-20 09:33:01,397]  INFO - 初始化第一列行情！
[2017-10-20 09:33:01,397]  INFO - 初始化第一列供需发布！
[2017-10-20 09:33:01,397]  INFO - 初始化第一列K线图！
[2017-10-20 09:33:01,397]  INFO - 初始化第一列资讯！
[2017-10-20 09:33:01,397]  INFO - 初始化第二行快捷按钮！
[2017-10-20 09:33:01,397]  INFO - 初始化买入基价！
[2017-10-20 09:33:01,397]  INFO - 初始化买入基价值！
[2017-10-20 09:33:01,397]  INFO - 初始化卖出基价！
[2017-10-20 09:33:01,397]  INFO - 初始化卖出基价值！
[2017-10-20 09:33:01,404]  INFO - 初始化第二行快捷按钮！
[2017-10-20 09:33:01,408]  INFO - 初始化供需发布！
[2017-10-20 09:33:01,887]  INFO - 初始化界面结束！
[2017-10-20 09:33:01,888]  INFO - 创建登录界面！
[2017-10-20 09:33:01,944]  INFO - 初始化内置浏览器！
[2017-10-20 09:33:05,556]  INFO - 收到Cookies消息,值为：SecurityTicket=
[2017-10-20 09:33:06,559]  INFO - 收到Cookies消息,值为：SecurityToken=sjpsTMp+XwK+urtmiC8KSW1r/nDrKfCXgGw3B7+4essEG34sYe9YFK11OxFkkRxNzARI0x3oRt0QZqjPm/dr1w==; SecurityTicket=sjpsTMp+XwK+urtmiC8KSW1r/nDrKfCXgGw3B7+4essEG34sYe9YFK11OxFkkRxNzARI0x3oRt0QZqjPm/dr1w==
[2017-10-20 09:33:13,814]  INFO - 收到Cookies消息,值为：SecurityTicket=
[2017-10-20 09:33:17,476]  INFO - 收到Cookies消息,值为：SecurityTicket=
[2017-10-20 09:33:20,541]  INFO - 收到Cookies消息,值为：SecurityTicket=
[2017-10-20 09:33:21,574]  INFO - 收到Cookies消息,值为：SecurityTicket=
[2017-10-20 09:33:24,844]  INFO - 收到Cookies消息,值为：SecurityTicket=
[2017-10-20 09:33:40,073]  INFO - 初始化界面开始！
[2017-10-20 09:33:40,083]  INFO - 画板初始化！
[2017-10-20 09:33:40,503]  INFO - 初始化第一行背景！
[2017-10-20 09:33:40,505]  INFO - 初始化第一行行情按钮！
[2017-10-20 09:33:40,506]  INFO - 初始化第一行我的资金按钮！
[2017-10-20 09:33:40,506]  INFO - 初始化第一行基础管理按钮！
[2017-10-20 09:33:40,506]  INFO - 初始化第一行登录按钮！
[2017-10-20 09:33:40,890]  INFO - 初始化第一行注册按钮！
[2017-10-20 09:33:40,894]  INFO - 初始化第一行登录后状态！
[2017-10-20 09:33:40,894]  INFO - 初始化第一行注销按钮！
[2017-10-20 09:33:40,895]  INFO - 初始化第一行最小化按钮！
[2017-10-20 09:33:40,898]  INFO - 初始化第一行最大化按钮！
[2017-10-20 09:33:40,899]  INFO - 初始化第一行关闭按钮！
[2017-10-20 09:33:40,904]  INFO - 初始化第一列行情！
[2017-10-20 09:33:40,904]  INFO - 初始化第一列供需发布！
[2017-10-20 09:33:40,904]  INFO - 初始化第一列K线图！
[2017-10-20 09:33:40,904]  INFO - 初始化第一列资讯！
[2017-10-20 09:33:40,904]  INFO - 初始化第二行快捷按钮！
[2017-10-20 09:33:40,904]  INFO - 初始化买入基价！
[2017-10-20 09:33:40,904]  INFO - 初始化买入基价值！
[2017-10-20 09:33:40,904]  INFO - 初始化卖出基价！
[2017-10-20 09:33:40,904]  INFO - 初始化卖出基价值！
[2017-10-20 09:33:40,912]  INFO - 初始化第二行快捷按钮！
[2017-10-20 09:33:40,918]  INFO - 初始化供需发布！
[2017-10-20 09:33:41,405]  INFO - 初始化界面结束！
[2017-10-20 09:33:41,405]  INFO - 创建登录界面！
[2017-10-20 09:33:41,639]  INFO - 初始化内置浏览器！
[2017-10-20 09:33:44,417]  INFO - 收到Cookies消息,值为：SecurityToken=sjpsTMp+XwK+urtmiC8KSW1r/nDrKfCXgGw3B7+4essEG34sYe9YFK11OxFkkRxNzARI0x3oRt0QZqjPm/dr1w==; SecurityTicket=sjpsTMp+XwK+urtmiC8KSW1r/nDrKfCXgGw3B7+4essEG34sYe9YFK11OxFkkRxNzARI0x3oRt0QZqjPm/dr1w==
[2017-10-20 09:33:45,235]  INFO - 收到Cookies消息,值为：SecurityToken=sjpsTMp+XwK+urtmiC8KSW1r/nDrKfCXgGw3B7+4essEG34sYe9YFK11OxFkkRxNzARI0x3oRt0QZqjPm/dr1w==; SecurityTicket=sjpsTMp+XwK+urtmiC8KSW1r/nDrKfCXgGw3B7+4essEG34sYe9YFK11OxFkkRxNzARI0x3oRt0QZqjPm/dr1w==
[2017-10-20 09:50:30,444]  INFO - 初始化界面开始！
[2017-10-20 09:50:30,452]  INFO - 画板初始化！
[2017-10-20 09:50:30,664]  INFO - 初始化第一行背景！
[2017-10-20 09:50:30,666]  INFO - 初始化第一行行情按钮！
[2017-10-20 09:50:30,667]  INFO - 初始化第一行我的资金按钮！
[2017-10-20 09:50:30,667]  INFO - 初始化第一行基础管理按钮！
[2017-10-20 09:50:30,667]  INFO - 初始化第一行登录按钮！
[2017-10-20 09:50:30,932]  INFO - 初始化第一行注册按钮！
[2017-10-20 09:50:30,933]  INFO - 初始化第一行登录后状态！
[2017-10-20 09:50:30,934]  INFO - 初始化第一行注销按钮！
[2017-10-20 09:50:30,934]  INFO - 初始化第一行最小化按钮！
[2017-10-20 09:50:30,936]  INFO - 初始化第一行最大化按钮！
[2017-10-20 09:50:30,937]  INFO - 初始化第一行关闭按钮！
[2017-10-20 09:50:30,939]  INFO - 初始化第一列行情！
[2017-10-20 09:50:30,939]  INFO - 初始化第一列供需发布！
[2017-10-20 09:50:30,939]  INFO - 初始化第一列K线图！
[2017-10-20 09:50:30,939]  INFO - 初始化第一列资讯！
[2017-10-20 09:50:30,939]  INFO - 初始化第二行快捷按钮！
[2017-10-20 09:50:30,939]  INFO - 初始化买入基价！
[2017-10-20 09:50:30,939]  INFO - 初始化买入基价值！
[2017-10-20 09:50:30,939]  INFO - 初始化卖出基价！
[2017-10-20 09:50:30,939]  INFO - 初始化卖出基价值！
[2017-10-20 09:50:30,944]  INFO - 初始化第二行快捷按钮！
[2017-10-20 09:50:30,949]  INFO - 初始化供需发布！
[2017-10-20 09:50:31,693]  INFO - 初始化界面结束！
[2017-10-20 09:50:31,693]  INFO - 创建登录界面！
[2017-10-20 09:50:31,794]  INFO - 初始化内置浏览器！
[2017-10-20 09:50:35,077]  INFO - 收到Cookies消息,值为：SecurityTicket=
[2017-10-20 09:52:17,176]  INFO - 初始化界面开始！
[2017-10-20 09:52:17,185]  INFO - 画板初始化！
[2017-10-20 09:52:17,350]  INFO - 初始化第一行背景！
[2017-10-20 09:52:17,350]  INFO - 初始化第一行行情按钮！
[2017-10-20 09:52:17,351]  INFO - 初始化第一行我的资金按钮！
[2017-10-20 09:52:17,351]  INFO - 初始化第一行基础管理按钮！
[2017-10-20 09:52:17,351]  INFO - 初始化第一行登录按钮！
[2017-10-20 09:52:17,563]  INFO - 初始化第一行注册按钮！
[2017-10-20 09:52:17,564]  INFO - 初始化第一行登录后状态！
[2017-10-20 09:52:17,564]  INFO - 初始化第一行注销按钮！
[2017-10-20 09:52:17,564]  INFO - 初始化第一行最小化按钮！
[2017-10-20 09:52:17,565]  INFO - 初始化第一行最大化按钮！
[2017-10-20 09:52:17,566]  INFO - 初始化第一行关闭按钮！
[2017-10-20 09:52:17,566]  INFO - 初始化第一列行情！
[2017-10-20 09:52:17,567]  INFO - 初始化第一列供需发布！
[2017-10-20 09:52:17,567]  INFO - 初始化第一列K线图！
[2017-10-20 09:52:17,567]  INFO - 初始化第一列资讯！
[2017-10-20 09:52:17,567]  INFO - 初始化第二行快捷按钮！
[2017-10-20 09:52:17,567]  INFO - 初始化买入基价！
[2017-10-20 09:52:17,567]  INFO - 初始化买入基价值！
[2017-10-20 09:52:17,567]  INFO - 初始化卖出基价！
[2017-10-20 09:52:17,567]  INFO - 初始化卖出基价值！
[2017-10-20 09:52:17,570]  INFO - 初始化第二行快捷按钮！
[2017-10-20 09:52:17,573]  INFO - 初始化供需发布！
[2017-10-20 09:52:17,998]  INFO - 初始化界面结束！
[2017-10-20 09:52:17,998]  INFO - 创建登录界面！
[2017-10-20 09:52:18,046]  INFO - 初始化内置浏览器！
[2017-10-20 09:52:20,906]  INFO - 收到Cookies消息,值为：SecurityToken=+tFxvDQX/40G0DZTFxvhKHyBn6UMiNqqjERtFRZ1I1wm/SkVaWFQrZqrb9sB2+wMpXx1QlCpEJGyWiNJ9N5TRQ==; SecurityTicket=+tFxvDQX/40G0DZTFxvhKHyBn6UMiNqqjERtFRZ1I1wm/SkVaWFQrZqrb9sB2+wMpXx1QlCpEJGyWiNJ9N5TRQ==
[2017-10-20 10:09:31,840]  INFO - 初始化界面开始！
[2017-10-20 10:09:31,848]  INFO - 画板初始化！
[2017-10-20 10:09:32,036]  INFO - 初始化第一行背景！
[2017-10-20 10:09:32,037]  INFO - 初始化第一行行情按钮！
[2017-10-20 10:09:32,038]  INFO - 初始化第一行我的资金按钮！
[2017-10-20 10:09:32,038]  INFO - 初始化第一行基础管理按钮！
[2017-10-20 10:09:32,038]  INFO - 初始化第一行登录按钮！
[2017-10-20 10:09:32,318]  INFO - 初始化第一行注册按钮！
[2017-10-20 10:09:32,320]  INFO - 初始化第一行登录后状态！
[2017-10-20 10:09:32,320]  INFO - 初始化第一行注销按钮！
[2017-10-20 10:09:32,320]  INFO - 初始化第一行最小化按钮！
[2017-10-20 10:09:32,322]  INFO - 初始化第一行最大化按钮！
[2017-10-20 10:09:32,323]  INFO - 初始化第一行关闭按钮！
[2017-10-20 10:09:32,324]  INFO - 初始化第一列行情！
[2017-10-20 10:09:32,325]  INFO - 初始化第一列供需发布！
[2017-10-20 10:09:32,325]  INFO - 初始化第一列K线图！
[2017-10-20 10:09:32,325]  INFO - 初始化第一列资讯！
[2017-10-20 10:09:32,325]  INFO - 初始化第二行快捷按钮！
[2017-10-20 10:09:32,325]  INFO - 初始化买入基价！
[2017-10-20 10:09:32,325]  INFO - 初始化买入基价值！
[2017-10-20 10:09:32,325]  INFO - 初始化卖出基价！
[2017-10-20 10:09:32,325]  INFO - 初始化卖出基价值！
[2017-10-20 10:09:32,330]  INFO - 初始化第二行快捷按钮！
[2017-10-20 10:09:32,333]  INFO - 初始化供需发布！
[2017-10-20 10:09:32,815]  INFO - 初始化界面结束！
[2017-10-20 10:09:32,815]  INFO - 创建登录界面！
[2017-10-20 10:09:32,872]  INFO - 初始化内置浏览器！
[2017-10-20 10:09:36,210]  INFO - 收到Cookies消息,值为：SecurityToken=rYmPVjiZj1bgbEqzyf3VFOGoo1Gv1vkdsF4xB7mUysnnKDUys6AyCr3p0CnMY7bX51fiabmZbemqUSWvCbdkzQ==; SecurityTicket=rYmPVjiZj1bgbEqzyf3VFOGoo1Gv1vkdsF4xB7mUysnnKDUys6AyCr3p0CnMY7bX51fiabmZbemqUSWvCbdkzQ==
[2017-10-20 10:09:37,322]  INFO - 收到Cookies消息,值为：SecurityToken=rYmPVjiZj1bgbEqzyf3VFOGoo1Gv1vkdsF4xB7mUysnnKDUys6AyCr3p0CnMY7bX51fiabmZbemqUSWvCbdkzQ==; SecurityTicket=rYmPVjiZj1bgbEqzyf3VFOGoo1Gv1vkdsF4xB7mUysnnKDUys6AyCr3p0CnMY7bX51fiabmZbemqUSWvCbdkzQ==
[2017-10-20 10:10:06,926]  INFO - 初始化界面开始！
[2017-10-20 10:10:06,946]  INFO - 画板初始化！
[2017-10-20 10:10:07,585]  INFO - 初始化第一行背景！
[2017-10-20 10:10:07,586]  INFO - 初始化第一行行情按钮！
[2017-10-20 10:10:07,587]  INFO - 初始化第一行我的资金按钮！
[2017-10-20 10:10:07,587]  INFO - 初始化第一行基础管理按钮！
[2017-10-20 10:10:07,587]  INFO - 初始化第一行登录按钮！
[2017-10-20 10:10:07,894]  INFO - 初始化第一行注册按钮！
[2017-10-20 10:10:07,895]  INFO - 初始化第一行登录后状态！
[2017-10-20 10:10:07,895]  INFO - 初始化第一行注销按钮！
[2017-10-20 10:10:07,895]  INFO - 初始化第一行最小化按钮！
[2017-10-20 10:10:07,896]  INFO - 初始化第一行最大化按钮！
[2017-10-20 10:10:07,897]  INFO - 初始化第一行关闭按钮！
[2017-10-20 10:10:07,898]  INFO - 初始化第一列行情！
[2017-10-20 10:10:07,899]  INFO - 初始化第一列供需发布！
[2017-10-20 10:10:07,899]  INFO - 初始化第一列K线图！
[2017-10-20 10:10:07,899]  INFO - 初始化第一列资讯！
[2017-10-20 10:10:07,899]  INFO - 初始化第二行快捷按钮！
[2017-10-20 10:10:07,899]  INFO - 初始化买入基价！
[2017-10-20 10:10:07,899]  INFO - 初始化买入基价值！
[2017-10-20 10:10:07,899]  INFO - 初始化卖出基价！
[2017-10-20 10:10:07,899]  INFO - 初始化卖出基价值！
[2017-10-20 10:10:07,904]  INFO - 初始化第二行快捷按钮！
[2017-10-20 10:10:07,908]  INFO - 初始化供需发布！
[2017-10-20 10:10:08,492]  INFO - 初始化界面结束！
[2017-10-20 10:10:08,492]  INFO - 创建登录界面！
[2017-10-20 10:10:08,565]  INFO - 初始化内置浏览器！
[2017-10-20 10:10:12,569]  INFO - 收到Cookies消息,值为：SecurityTicket=
[2017-10-20 10:10:21,461]  INFO - 收到Cookies消息,值为：SecurityToken=d4jBbUSzCja6AzGlQBvXDaD5lN8GUaxYhC5dX70NW0znvOehCWpSFbvkWYWYlI9enDgaRmtbZoGyyqzjtYcQEQ==; SecurityTicket=d4jBbUSzCja6AzGlQBvXDaD5lN8GUaxYhC5dX70NW0znvOehCWpSFbvkWYWYlI9enDgaRmtbZoGyyqzjtYcQEQ==
[2017-10-20 10:10:59,907]  INFO - 初始化界面开始！
[2017-10-20 10:10:59,916]  INFO - 画板初始化！
[2017-10-20 10:11:00,200]  INFO - 初始化第一行背景！
[2017-10-20 10:11:00,202]  INFO - 初始化第一行行情按钮！
[2017-10-20 10:11:00,202]  INFO - 初始化第一行我的资金按钮！
[2017-10-20 10:11:00,202]  INFO - 初始化第一行基础管理按钮！
[2017-10-20 10:11:00,202]  INFO - 初始化第一行登录按钮！
[2017-10-20 10:11:00,484]  INFO - 初始化第一行注册按钮！
[2017-10-20 10:11:00,485]  INFO - 初始化第一行登录后状态！
[2017-10-20 10:11:00,486]  INFO - 初始化第一行注销按钮！
[2017-10-20 10:11:00,486]  INFO - 初始化第一行最小化按钮！
[2017-10-20 10:11:00,487]  INFO - 初始化第一行最大化按钮！
[2017-10-20 10:11:00,488]  INFO - 初始化第一行关闭按钮！
[2017-10-20 10:11:00,490]  INFO - 初始化第一列行情！
[2017-10-20 10:11:00,490]  INFO - 初始化第一列供需发布！
[2017-10-20 10:11:00,490]  INFO - 初始化第一列K线图！
[2017-10-20 10:11:00,490]  INFO - 初始化第一列资讯！
[2017-10-20 10:11:00,490]  INFO - 初始化第二行快捷按钮！
[2017-10-20 10:11:00,490]  INFO - 初始化买入基价！
[2017-10-20 10:11:00,490]  INFO - 初始化买入基价值！
[2017-10-20 10:11:00,490]  INFO - 初始化卖出基价！
[2017-10-20 10:11:00,490]  INFO - 初始化卖出基价值！
[2017-10-20 10:11:00,495]  INFO - 初始化第二行快捷按钮！
[2017-10-20 10:11:00,499]  INFO - 初始化供需发布！
[2017-10-20 10:11:01,168]  INFO - 初始化界面结束！
[2017-10-20 10:11:01,173]  INFO - 创建登录界面！
[2017-10-20 10:11:01,526]  INFO - 初始化内置浏览器！
[2017-10-20 10:11:04,864]  INFO - 收到Cookies消息,值为：SecurityTicket=
[2017-10-20 10:11:13,971]  INFO - 收到Cookies消息,值为：SecurityToken=d4jBbUSzCja6AzGlQBvXDaD5lN8GUaxYhC5dX70NW0znvOehCWpSFbvkWYWYlI9enDgaRmtbZoGyyqzjtYcQEQ==; SecurityTicket=d4jBbUSzCja6AzGlQBvXDaD5lN8GUaxYhC5dX70NW0znvOehCWpSFbvkWYWYlI9enDgaRmtbZoGyyqzjtYcQEQ==
[2017-10-20 10:11:39,734]  INFO - 初始化界面开始！
[2017-10-20 10:11:39,742]  INFO - 画板初始化！
[2017-10-20 10:11:39,941]  INFO - 初始化第一行背景！
[2017-10-20 10:11:39,942]  INFO - 初始化第一行行情按钮！
[2017-10-20 10:11:39,942]  INFO - 初始化第一行我的资金按钮！
[2017-10-20 10:11:39,942]  INFO - 初始化第一行基础管理按钮！
[2017-10-20 10:11:39,942]  INFO - 初始化第一行登录按钮！
[2017-10-20 10:11:40,265]  INFO - 初始化第一行注册按钮！
[2017-10-20 10:11:40,267]  INFO - 初始化第一行登录后状态！
[2017-10-20 10:11:40,267]  INFO - 初始化第一行注销按钮！
[2017-10-20 10:11:40,267]  INFO - 初始化第一行最小化按钮！
[2017-10-20 10:11:40,271]  INFO - 初始化第一行最大化按钮！
[2017-10-20 10:11:40,273]  INFO - 初始化第一行关闭按钮！
[2017-10-20 10:11:40,274]  INFO - 初始化第一列行情！
[2017-10-20 10:11:40,274]  INFO - 初始化第一列供需发布！
[2017-10-20 10:11:40,274]  INFO - 初始化第一列K线图！
[2017-10-20 10:11:40,274]  INFO - 初始化第一列资讯！
[2017-10-20 10:11:40,274]  INFO - 初始化第二行快捷按钮！
[2017-10-20 10:11:40,274]  INFO - 初始化买入基价！
[2017-10-20 10:11:40,274]  INFO - 初始化买入基价值！
[2017-10-20 10:11:40,275]  INFO - 初始化卖出基价！
[2017-10-20 10:11:40,275]  INFO - 初始化卖出基价值！
[2017-10-20 10:11:40,280]  INFO - 初始化第二行快捷按钮！
[2017-10-20 10:11:40,282]  INFO - 初始化供需发布！
[2017-10-20 10:11:40,827]  INFO - 初始化界面结束！
[2017-10-20 10:11:40,827]  INFO - 创建登录界面！
[2017-10-20 10:11:40,909]  INFO - 初始化内置浏览器！
[2017-10-20 10:11:43,615]  INFO - 收到Cookies消息,值为：SecurityTicket=
[2017-10-20 10:12:07,053]  INFO - 收到Cookies消息,值为：SecurityToken=d4jBbUSzCja6AzGlQBvXDaD5lN8GUaxYhC5dX70NW0znvOehCWpSFbvkWYWYlI9enDgaRmtbZoGyyqzjtYcQEQ==; SecurityTicket=d4jBbUSzCja6AzGlQBvXDaD5lN8GUaxYhC5dX70NW0znvOehCWpSFbvkWYWYlI9enDgaRmtbZoGyyqzjtYcQEQ==
[2017-10-20 10:12:59,825]  INFO - 初始化界面开始！
[2017-10-20 10:12:59,834]  INFO - 画板初始化！
[2017-10-20 10:13:00,021]  INFO - 初始化第一行背景！
[2017-10-20 10:13:00,022]  INFO - 初始化第一行行情按钮！
[2017-10-20 10:13:00,023]  INFO - 初始化第一行我的资金按钮！
[2017-10-20 10:13:00,023]  INFO - 初始化第一行基础管理按钮！
[2017-10-20 10:13:00,023]  INFO - 初始化第一行登录按钮！
[2017-10-20 10:13:00,307]  INFO - 初始化第一行注册按钮！
[2017-10-20 10:13:00,308]  INFO - 初始化第一行登录后状态！
[2017-10-20 10:13:00,309]  INFO - 初始化第一行注销按钮！
[2017-10-20 10:13:00,309]  INFO - 初始化第一行最小化按钮！
[2017-10-20 10:13:00,310]  INFO - 初始化第一行最大化按钮！
[2017-10-20 10:13:00,312]  INFO - 初始化第一行关闭按钮！
[2017-10-20 10:13:00,313]  INFO - 初始化第一列行情！
[2017-10-20 10:13:00,313]  INFO - 初始化第一列供需发布！
[2017-10-20 10:13:00,313]  INFO - 初始化第一列K线图！
[2017-10-20 10:13:00,313]  INFO - 初始化第一列资讯！
[2017-10-20 10:13:00,313]  INFO - 初始化第二行快捷按钮！
[2017-10-20 10:13:00,314]  INFO - 初始化买入基价！
[2017-10-20 10:13:00,314]  INFO - 初始化买入基价值！
[2017-10-20 10:13:00,314]  INFO - 初始化卖出基价！
[2017-10-20 10:13:00,314]  INFO - 初始化卖出基价值！
[2017-10-20 10:13:00,318]  INFO - 初始化第二行快捷按钮！
[2017-10-20 10:13:00,322]  INFO - 初始化供需发布！
[2017-10-20 10:13:00,965]  INFO - 初始化界面结束！
[2017-10-20 10:13:00,965]  INFO - 创建登录界面！
[2017-10-20 10:13:01,046]  INFO - 初始化内置浏览器！
[2017-10-20 10:13:04,636]  INFO - 收到Cookies消息,值为：SecurityTicket=
[2017-10-20 10:13:19,964]  INFO - 收到Cookies消息,值为：SecurityToken=d4jBbUSzCja6AzGlQBvXDaD5lN8GUaxYhC5dX70NW0znvOehCWpSFbvkWYWYlI9enDgaRmtbZoGyyqzjtYcQEQ==; SecurityTicket=d4jBbUSzCja6AzGlQBvXDaD5lN8GUaxYhC5dX70NW0znvOehCWpSFbvkWYWYlI9enDgaRmtbZoGyyqzjtYcQEQ==
[2017-10-20 10:13:35,770]  INFO - 初始化界面开始！
[2017-10-20 10:13:35,777]  INFO - 画板初始化！
[2017-10-20 10:13:36,132]  INFO - 初始化第一行背景！
[2017-10-20 10:13:36,134]  INFO - 初始化第一行行情按钮！
[2017-10-20 10:13:36,135]  INFO - 初始化第一行我的资金按钮！
[2017-10-20 10:13:36,135]  INFO - 初始化第一行基础管理按钮！
[2017-10-20 10:13:36,135]  INFO - 初始化第一行登录按钮！
[2017-10-20 10:13:36,416]  INFO - 初始化第一行注册按钮！
[2017-10-20 10:13:36,418]  INFO - 初始化第一行登录后状态！
[2017-10-20 10:13:36,418]  INFO - 初始化第一行注销按钮！
[2017-10-20 10:13:36,418]  INFO - 初始化第一行最小化按钮！
[2017-10-20 10:13:36,419]  INFO - 初始化第一行最大化按钮！
[2017-10-20 10:13:36,421]  INFO - 初始化第一行关闭按钮！
[2017-10-20 10:13:36,422]  INFO - 初始化第一列行情！
[2017-10-20 10:13:36,422]  INFO - 初始化第一列供需发布！
[2017-10-20 10:13:36,422]  INFO - 初始化第一列K线图！
[2017-10-20 10:13:36,422]  INFO - 初始化第一列资讯！
[2017-10-20 10:13:36,422]  INFO - 初始化第二行快捷按钮！
[2017-10-20 10:13:36,422]  INFO - 初始化买入基价！
[2017-10-20 10:13:36,422]  INFO - 初始化买入基价值！
[2017-10-20 10:13:36,422]  INFO - 初始化卖出基价！
[2017-10-20 10:13:36,422]  INFO - 初始化卖出基价值！
[2017-10-20 10:13:36,427]  INFO - 初始化第二行快捷按钮！
[2017-10-20 10:13:36,430]  INFO - 初始化供需发布！
[2017-10-20 10:13:36,917]  INFO - 初始化界面结束！
[2017-10-20 10:13:36,917]  INFO - 创建登录界面！
[2017-10-20 10:13:37,076]  INFO - 初始化内置浏览器！
[2017-10-20 10:13:40,970]  INFO - 收到Cookies消息,值为：SecurityTicket=
[2017-10-20 10:13:49,263]  INFO - 收到Cookies消息,值为：SecurityToken=d4jBbUSzCja6AzGlQBvXDaD5lN8GUaxYhC5dX70NW0znvOehCWpSFbvkWYWYlI9enDgaRmtbZoGyyqzjtYcQEQ==; SecurityTicket=d4jBbUSzCja6AzGlQBvXDaD5lN8GUaxYhC5dX70NW0znvOehCWpSFbvkWYWYlI9enDgaRmtbZoGyyqzjtYcQEQ==
[2017-10-20 10:19:44,110]  INFO - 初始化界面开始！
[2017-10-20 10:19:44,118]  INFO - 画板初始化！
[2017-10-20 10:19:44,384]  INFO - 初始化第一行背景！
[2017-10-20 10:19:44,385]  INFO - 初始化第一行行情按钮！
[2017-10-20 10:19:44,386]  INFO - 初始化第一行我的资金按钮！
[2017-10-20 10:19:44,386]  INFO - 初始化第一行基础管理按钮！
[2017-10-20 10:19:44,386]  INFO - 初始化第一行登录按钮！
[2017-10-20 10:19:44,624]  INFO - 初始化第一行注册按钮！
[2017-10-20 10:19:44,625]  INFO - 初始化第一行登录后状态！
[2017-10-20 10:19:44,625]  INFO - 初始化第一行注销按钮！
[2017-10-20 10:19:44,626]  INFO - 初始化第一行最小化按钮！
[2017-10-20 10:19:44,627]  INFO - 初始化第一行最大化按钮！
[2017-10-20 10:19:44,628]  INFO - 初始化第一行关闭按钮！
[2017-10-20 10:19:44,629]  INFO - 初始化第一列行情！
[2017-10-20 10:19:44,629]  INFO - 初始化第一列供需发布！
[2017-10-20 10:19:44,629]  INFO - 初始化第一列K线图！
[2017-10-20 10:19:44,629]  INFO - 初始化第一列资讯！
[2017-10-20 10:19:44,629]  INFO - 初始化第二行快捷按钮！
[2017-10-20 10:19:44,629]  INFO - 初始化买入基价！
[2017-10-20 10:19:44,629]  INFO - 初始化买入基价值！
[2017-10-20 10:19:44,629]  INFO - 初始化卖出基价！
[2017-10-20 10:19:44,629]  INFO - 初始化卖出基价值！
[2017-10-20 10:19:44,634]  INFO - 初始化第二行快捷按钮！
[2017-10-20 10:19:44,637]  INFO - 初始化供需发布！
[2017-10-20 10:19:45,158]  INFO - 初始化界面结束！
[2017-10-20 10:19:45,158]  INFO - 创建登录界面！
[2017-10-20 10:19:45,214]  INFO - 初始化内置浏览器！
[2017-10-20 10:19:48,084]  INFO - 收到Cookies消息,值为：SecurityTicket=
[2017-10-20 10:19:56,278]  INFO - 收到Cookies消息,值为：SecurityToken=PH9I3R6MqSEj7Ks50II54vbiNiVA8W2gRSijzz96cbploW6I67YHJ3eMdCjOMjZt15eg9NwRL0nCr0Y7C1r+6Q==; SecurityTicket=PH9I3R6MqSEj7Ks50II54vbiNiVA8W2gRSijzz96cbploW6I67YHJ3eMdCjOMjZt15eg9NwRL0nCr0Y7C1r+6Q==
[2017-10-20 10:20:00,227] ERROR - System.ArgumentNullException: 值不能为 null。
参数名: key
   在 System.Collections.Generic.Dictionary`2.FindEntry(TKey key)
   在 System.Collections.Generic.Dictionary`2.ContainsKey(TKey key)
   在 UseOnlineTradingSystem.DataManager.MQTTService_UpdataEvent(String obj) 位置 C:\USeClient\TFS\UseOnlineTradingSystem\UseOnlineTradingSystem\UseOnlineTradingSystem\USeCommon\DataManager.cs:行号 67
   在 UseOnlineTradingSystem.MQTTService.M_mqttClient_MqttMsgPublishReceived(Object sender, MqttMsgPublishEventArgs e) 位置 C:\USeClient\TFS\UseOnlineTradingSystem\UseOnlineTradingSystem\UseOnlineTradingSystem\USeCommon\MQTTService\MQTTService.cs:行号 180
[2017-10-20 10:21:31,016]  INFO - 初始化界面开始！
[2017-10-20 10:21:31,025]  INFO - 画板初始化！
[2017-10-20 10:21:31,372]  INFO - 初始化第一行背景！
[2017-10-20 10:21:31,373]  INFO - 初始化第一行行情按钮！
[2017-10-20 10:21:31,374]  INFO - 初始化第一行我的资金按钮！
[2017-10-20 10:21:31,374]  INFO - 初始化第一行基础管理按钮！
[2017-10-20 10:21:31,374]  INFO - 初始化第一行登录按钮！
[2017-10-20 10:21:31,632]  INFO - 初始化第一行注册按钮！
[2017-10-20 10:21:31,634]  INFO - 初始化第一行登录后状态！
[2017-10-20 10:21:31,634]  INFO - 初始化第一行注销按钮！
[2017-10-20 10:21:31,634]  INFO - 初始化第一行最小化按钮！
[2017-10-20 10:21:31,635]  INFO - 初始化第一行最大化按钮！
[2017-10-20 10:21:31,637]  INFO - 初始化第一行关闭按钮！
[2017-10-20 10:21:31,638]  INFO - 初始化第一列行情！
[2017-10-20 10:21:31,638]  INFO - 初始化第一列供需发布！
[2017-10-20 10:21:31,638]  INFO - 初始化第一列K线图！
[2017-10-20 10:21:31,638]  INFO - 初始化第一列资讯！
[2017-10-20 10:21:31,638]  INFO - 初始化第二行快捷按钮！
[2017-10-20 10:21:31,639]  INFO - 初始化买入基价！
[2017-10-20 10:21:31,639]  INFO - 初始化买入基价值！
[2017-10-20 10:21:31,639]  INFO - 初始化卖出基价！
[2017-10-20 10:21:31,639]  INFO - 初始化卖出基价值！
[2017-10-20 10:21:31,644]  INFO - 初始化第二行快捷按钮！
[2017-10-20 10:21:31,647]  INFO - 初始化供需发布！
[2017-10-20 10:21:32,085]  INFO - 初始化界面结束！
[2017-10-20 10:21:32,085]  INFO - 创建登录界面！
[2017-10-20 10:21:32,151]  INFO - 初始化内置浏览器！
[2017-10-20 10:21:35,540]  INFO - 收到Cookies消息,值为：SecurityTicket=
[2017-10-20 10:21:47,192]  INFO - 收到Cookies消息,值为：SecurityToken=CTTM0LaPuYemgC2oUD8G5UpOuMxiUNx5gMnioEWWBnV/KYEJSfgq5sVwzJgX8LQJuEWIVF7vvMfxpZbkN/3ebQ==; SecurityTicket=CTTM0LaPuYemgC2oUD8G5UpOuMxiUNx5gMnioEWWBnV/KYEJSfgq5sVwzJgX8LQJuEWIVF7vvMfxpZbkN/3ebQ==
[2017-10-20 10:36:04,318]  INFO - 初始化界面开始！
[2017-10-20 10:36:04,326]  INFO - 画板初始化！
[2017-10-20 10:36:04,582]  INFO - 初始化第一行背景！
[2017-10-20 10:36:04,583]  INFO - 初始化第一行行情按钮！
[2017-10-20 10:36:04,584]  INFO - 初始化第一行我的资金按钮！
[2017-10-20 10:36:04,584]  INFO - 初始化第一行基础管理按钮！
[2017-10-20 10:36:04,584]  INFO - 初始化第一行登录按钮！
[2017-10-20 10:36:04,871]  INFO - 初始化第一行注册按钮！
[2017-10-20 10:36:04,873]  INFO - 初始化第一行登录后状态！
[2017-10-20 10:36:04,873]  INFO - 初始化第一行注销按钮！
[2017-10-20 10:36:04,873]  INFO - 初始化第一行最小化按钮！
[2017-10-20 10:36:04,874]  INFO - 初始化第一行最大化按钮！
[2017-10-20 10:36:04,875]  INFO - 初始化第一行关闭按钮！
[2017-10-20 10:36:04,877]  INFO - 初始化第一列行情！
[2017-10-20 10:36:04,877]  INFO - 初始化第一列供需发布！
[2017-10-20 10:36:04,877]  INFO - 初始化第一列K线图！
[2017-10-20 10:36:04,877]  INFO - 初始化第一列资讯！
[2017-10-20 10:36:04,877]  INFO - 初始化第二行快捷按钮！
[2017-10-20 10:36:04,877]  INFO - 初始化买入基价！
[2017-10-20 10:36:04,877]  INFO - 初始化买入基价值！
[2017-10-20 10:36:04,877]  INFO - 初始化卖出基价！
[2017-10-20 10:36:04,877]  INFO - 初始化卖出基价值！
[2017-10-20 10:36:04,882]  INFO - 初始化第二行快捷按钮！
[2017-10-20 10:36:04,891]  INFO - 初始化供需发布！
[2017-10-20 10:36:05,703]  INFO - 初始化界面结束！
[2017-10-20 10:36:05,704]  INFO - 创建登录界面！
[2017-10-20 10:36:05,846]  INFO - 初始化内置浏览器！
[2017-10-20 10:36:08,790]  INFO - 收到Cookies消息,值为：SecurityTicket=
[2017-10-20 10:36:09,814]  INFO - 收到Cookies消息,值为：SecurityToken=Wlq4MFCzPNmCCIPvtFVnjoUfgNsOou4BW7Gk8tsQI2/BFIq45SI3jBD+TiAbXQgRSkY1Tg0jGYCa8JRZhC0tOA==; SecurityTicket=Wlq4MFCzPNmCCIPvtFVnjoUfgNsOou4BW7Gk8tsQI2/BFIq45SI3jBD+TiAbXQgRSkY1Tg0jGYCa8JRZhC0tOA==
[2017-10-20 10:48:42,977]  INFO - 初始化界面开始！
[2017-10-20 10:48:42,986]  INFO - 画板初始化！
[2017-10-20 10:48:43,233]  INFO - 初始化第一行背景！
[2017-10-20 10:48:43,235]  INFO - 初始化第一行行情按钮！
[2017-10-20 10:48:43,236]  INFO - 初始化第一行我的资金按钮！
[2017-10-20 10:48:43,236]  INFO - 初始化第一行基础管理按钮！
[2017-10-20 10:48:43,236]  INFO - 初始化第一行登录按钮！
[2017-10-20 10:48:43,503]  INFO - 初始化第一行注册按钮！
[2017-10-20 10:48:43,505]  INFO - 初始化第一行登录后状态！
[2017-10-20 10:48:43,505]  INFO - 初始化第一行注销按钮！
[2017-10-20 10:48:43,505]  INFO - 初始化第一行最小化按钮！
[2017-10-20 10:48:43,507]  INFO - 初始化第一行最大化按钮！
[2017-10-20 10:48:43,509]  INFO - 初始化第一行关闭按钮！
[2017-10-20 10:48:43,510]  INFO - 初始化第一列行情！
[2017-10-20 10:48:43,510]  INFO - 初始化第一列供需发布！
[2017-10-20 10:48:43,510]  INFO - 初始化第一列K线图！
[2017-10-20 10:48:43,510]  INFO - 初始化第一列资讯！
[2017-10-20 10:48:43,510]  INFO - 初始化第二行快捷按钮！
[2017-10-20 10:48:43,511]  INFO - 初始化买入基价！
[2017-10-20 10:48:43,511]  INFO - 初始化买入基价值！
[2017-10-20 10:48:43,511]  INFO - 初始化卖出基价！
[2017-10-20 10:48:43,511]  INFO - 初始化卖出基价值！
[2017-10-20 10:48:43,516]  INFO - 初始化第二行快捷按钮！
[2017-10-20 10:48:43,519]  INFO - 初始化供需发布！
[2017-10-20 10:48:44,207]  INFO - 初始化界面结束！
[2017-10-20 10:48:44,208]  INFO - 创建登录界面！
[2017-10-20 10:48:44,378]  INFO - 初始化内置浏览器！
[2017-10-20 10:48:47,855]  INFO - 收到Cookies消息,值为：SecurityToken=Qq4xOdYWT8OVqgsdovppO1+p1dnwz0pwLFz/FDqQL9shY1JcivN16w3XBko2NBgGuq/1SrZNZy4tFFTMKo8t5g==; SecurityTicket=Qq4xOdYWT8OVqgsdovppO1+p1dnwz0pwLFz/FDqQL9shY1JcivN16w3XBko2NBgGuq/1SrZNZy4tFFTMKo8t5g==
[2017-10-20 10:48:49,542]  INFO - 收到Cookies消息,值为：SecurityToken=Qq4xOdYWT8OVqgsdovppO1+p1dnwz0pwLFz/FDqQL9shY1JcivN16w3XBko2NBgGuq/1SrZNZy4tFFTMKo8t5g==; SecurityTicket=Qq4xOdYWT8OVqgsdovppO1+p1dnwz0pwLFz/FDqQL9shY1JcivN16w3XBko2NBgGuq/1SrZNZy4tFFTMKo8t5g==
[2017-10-20 10:53:03,739]  INFO - 初始化界面开始！
[2017-10-20 10:53:03,747]  INFO - 画板初始化！
[2017-10-20 10:53:04,347]  INFO - 初始化第一行背景！
[2017-10-20 10:53:04,348]  INFO - 初始化第一行行情按钮！
[2017-10-20 10:53:04,349]  INFO - 初始化第一行我的资金按钮！
[2017-10-20 10:53:04,349]  INFO - 初始化第一行基础管理按钮！
[2017-10-20 10:53:04,349]  INFO - 初始化第一行登录按钮！
[2017-10-20 10:53:04,811]  INFO - 初始化第一行注册按钮！
[2017-10-20 10:53:04,813]  INFO - 初始化第一行登录后状态！
[2017-10-20 10:53:04,814]  INFO - 初始化第一行注销按钮！
[2017-10-20 10:53:04,814]  INFO - 初始化第一行最小化按钮！
[2017-10-20 10:53:04,816]  INFO - 初始化第一行最大化按钮！
[2017-10-20 10:53:04,817]  INFO - 初始化第一行关闭按钮！
[2017-10-20 10:53:04,818]  INFO - 初始化第一列行情！
[2017-10-20 10:53:04,818]  INFO - 初始化第一列供需发布！
[2017-10-20 10:53:04,819]  INFO - 初始化第一列K线图！
[2017-10-20 10:53:04,819]  INFO - 初始化第一列资讯！
[2017-10-20 10:53:04,819]  INFO - 初始化第二行快捷按钮！
[2017-10-20 10:53:04,819]  INFO - 初始化买入基价！
[2017-10-20 10:53:04,819]  INFO - 初始化买入基价值！
[2017-10-20 10:53:04,819]  INFO - 初始化卖出基价！
[2017-10-20 10:53:04,819]  INFO - 初始化卖出基价值！
[2017-10-20 10:53:04,824]  INFO - 初始化第二行快捷按钮！
[2017-10-20 10:53:04,827]  INFO - 初始化供需发布！
[2017-10-20 10:53:05,447]  INFO - 初始化界面结束！
[2017-10-20 10:53:05,448]  INFO - 创建登录界面！
[2017-10-20 10:53:05,615]  INFO - 初始化内置浏览器！
[2017-10-20 10:53:08,691]  INFO - 收到Cookies消息,值为：SecurityTicket=
[2017-10-20 10:53:09,824]  INFO - 收到Cookies消息,值为：SecurityToken=szgQzfUa1GCSkMXaOC1KsBReWnQla5UsTMRUvBB3diLaYt8GivS7bkXcHdjXszk3tUhZbwjQhQiKdjF36OAh1g==; SecurityTicket=szgQzfUa1GCSkMXaOC1KsBReWnQla5UsTMRUvBB3diLaYt8GivS7bkXcHdjXszk3tUhZbwjQhQiKdjF36OAh1g==
[2017-10-20 10:53:10,827]  INFO - 收到Cookies消息,值为：SecurityToken=szgQzfUa1GCSkMXaOC1KsBReWnQla5UsTMRUvBB3diLaYt8GivS7bkXcHdjXszk3tUhZbwjQhQiKdjF36OAh1g==; SecurityTicket=szgQzfUa1GCSkMXaOC1KsBReWnQla5UsTMRUvBB3diLaYt8GivS7bkXcHdjXszk3tUhZbwjQhQiKdjF36OAh1g==
[2017-10-20 10:53:55,425]  INFO - 初始化界面开始！
[2017-10-20 10:53:55,436]  INFO - 画板初始化！
[2017-10-20 10:53:55,687]  INFO - 初始化第一行背景！
[2017-10-20 10:53:55,689]  INFO - 初始化第一行行情按钮！
[2017-10-20 10:53:55,690]  INFO - 初始化第一行我的资金按钮！
[2017-10-20 10:53:55,690]  INFO - 初始化第一行基础管理按钮！
[2017-10-20 10:53:55,690]  INFO - 初始化第一行登录按钮！
[2017-10-20 10:53:56,305]  INFO - 初始化第一行注册按钮！
[2017-10-20 10:53:56,316]  INFO - 初始化第一行登录后状态！
[2017-10-20 10:53:56,317]  INFO - 初始化第一行注销按钮！
[2017-10-20 10:53:56,317]  INFO - 初始化第一行最小化按钮！
[2017-10-20 10:53:56,318]  INFO - 初始化第一行最大化按钮！
[2017-10-20 10:53:56,320]  INFO - 初始化第一行关闭按钮！
[2017-10-20 10:53:56,321]  INFO - 初始化第一列行情！
[2017-10-20 10:53:56,322]  INFO - 初始化第一列供需发布！
[2017-10-20 10:53:56,322]  INFO - 初始化第一列K线图！
[2017-10-20 10:53:56,322]  INFO - 初始化第一列资讯！
[2017-10-20 10:53:56,322]  INFO - 初始化第二行快捷按钮！
[2017-10-20 10:53:56,322]  INFO - 初始化买入基价！
[2017-10-20 10:53:56,322]  INFO - 初始化买入基价值！
[2017-10-20 10:53:56,322]  INFO - 初始化卖出基价！
[2017-10-20 10:53:56,322]  INFO - 初始化卖出基价值！
[2017-10-20 10:53:56,328]  INFO - 初始化第二行快捷按钮！
[2017-10-20 10:53:56,333]  INFO - 初始化供需发布！
[2017-10-20 10:53:57,226]  INFO - 初始化界面结束！
[2017-10-20 10:53:57,226]  INFO - 创建登录界面！
[2017-10-20 10:53:57,373]  INFO - 初始化内置浏览器！
[2017-10-20 10:54:01,663]  INFO - 收到Cookies消息,值为：SecurityToken=O4+MlXItsnQ6zXT0Okqa2Epw7/b4ggYnuEhcABydOe36rRoi3+F8C72Q20Q0wNAjRXCZ18UtXpT9KHYkdB/1BQ==; SecurityTicket=O4+MlXItsnQ6zXT0Okqa2Epw7/b4ggYnuEhcABydOe36rRoi3+F8C72Q20Q0wNAjRXCZ18UtXpT9KHYkdB/1BQ==
[2017-10-20 10:54:02,683]  INFO - 收到Cookies消息,值为：SecurityToken=O4+MlXItsnQ6zXT0Okqa2Epw7/b4ggYnuEhcABydOe36rRoi3+F8C72Q20Q0wNAjRXCZ18UtXpT9KHYkdB/1BQ==; SecurityTicket=O4+MlXItsnQ6zXT0Okqa2Epw7/b4ggYnuEhcABydOe36rRoi3+F8C72Q20Q0wNAjRXCZ18UtXpT9KHYkdB/1BQ==
[2017-10-20 10:55:23,843]  INFO - 初始化界面开始！
[2017-10-20 10:55:23,851]  INFO - 画板初始化！
[2017-10-20 10:55:24,066]  INFO - 初始化第一行背景！
[2017-10-20 10:55:24,068]  INFO - 初始化第一行行情按钮！
[2017-10-20 10:55:24,069]  INFO - 初始化第一行我的资金按钮！
[2017-10-20 10:55:24,069]  INFO - 初始化第一行基础管理按钮！
[2017-10-20 10:55:24,069]  INFO - 初始化第一行登录按钮！
[2017-10-20 10:55:24,320]  INFO - 初始化第一行注册按钮！
[2017-10-20 10:55:24,321]  INFO - 初始化第一行登录后状态！
[2017-10-20 10:55:24,321]  INFO - 初始化第一行注销按钮！
[2017-10-20 10:55:24,321]  INFO - 初始化第一行最小化按钮！
[2017-10-20 10:55:24,322]  INFO - 初始化第一行最大化按钮！
[2017-10-20 10:55:24,324]  INFO - 初始化第一行关闭按钮！
[2017-10-20 10:55:24,325]  INFO - 初始化第一列行情！
[2017-10-20 10:55:24,325]  INFO - 初始化第一列供需发布！
[2017-10-20 10:55:24,325]  INFO - 初始化第一列K线图！
[2017-10-20 10:55:24,325]  INFO - 初始化第一列资讯！
[2017-10-20 10:55:24,325]  INFO - 初始化第二行快捷按钮！
[2017-10-20 10:55:24,325]  INFO - 初始化买入基价！
[2017-10-20 10:55:24,325]  INFO - 初始化买入基价值！
[2017-10-20 10:55:24,325]  INFO - 初始化卖出基价！
[2017-10-20 10:55:24,325]  INFO - 初始化卖出基价值！
[2017-10-20 10:55:24,330]  INFO - 初始化第二行快捷按钮！
[2017-10-20 10:55:24,332]  INFO - 初始化供需发布！
[2017-10-20 10:55:24,752]  INFO - 初始化界面结束！
[2017-10-20 10:55:24,752]  INFO - 创建登录界面！
[2017-10-20 10:55:24,811]  INFO - 初始化内置浏览器！
[2017-10-20 10:55:27,618]  INFO - 收到Cookies消息,值为：SecurityToken=IBhV/xQqlzpJvcXBeMfmFIQPWQW/LjuZ1lsroZscz8pBYPQldBBq/Ddbj9QnzzODnvTb1mGnKMqrOX4XCj4IUw==; SecurityTicket=IBhV/xQqlzpJvcXBeMfmFIQPWQW/LjuZ1lsroZscz8pBYPQldBBq/Ddbj9QnzzODnvTb1mGnKMqrOX4XCj4IUw==
[2017-10-20 10:55:28,580]  INFO - 收到Cookies消息,值为：SecurityToken=IBhV/xQqlzpJvcXBeMfmFIQPWQW/LjuZ1lsroZscz8pBYPQldBBq/Ddbj9QnzzODnvTb1mGnKMqrOX4XCj4IUw==; SecurityTicket=IBhV/xQqlzpJvcXBeMfmFIQPWQW/LjuZ1lsroZscz8pBYPQldBBq/Ddbj9QnzzODnvTb1mGnKMqrOX4XCj4IUw==
[2017-10-20 10:56:46,148]  INFO - 初始化界面开始！
[2017-10-20 10:56:46,156]  INFO - 画板初始化！
[2017-10-20 10:56:46,632]  INFO - 初始化第一行背景！
[2017-10-20 10:56:46,633]  INFO - 初始化第一行行情按钮！
[2017-10-20 10:56:46,634]  INFO - 初始化第一行我的资金按钮！
[2017-10-20 10:56:46,634]  INFO - 初始化第一行基础管理按钮！
[2017-10-20 10:56:46,634]  INFO - 初始化第一行登录按钮！
[2017-10-20 10:56:47,027]  INFO - 初始化第一行注册按钮！
[2017-10-20 10:56:47,029]  INFO - 初始化第一行登录后状态！
[2017-10-20 10:56:47,030]  INFO - 初始化第一行注销按钮！
[2017-10-20 10:56:47,030]  INFO - 初始化第一行最小化按钮！
[2017-10-20 10:56:47,033]  INFO - 初始化第一行最大化按钮！
[2017-10-20 10:56:47,036]  INFO - 初始化第一行关闭按钮！
[2017-10-20 10:56:47,037]  INFO - 初始化第一列行情！
[2017-10-20 10:56:47,038]  INFO - 初始化第一列供需发布！
[2017-10-20 10:56:47,038]  INFO - 初始化第一列K线图！
[2017-10-20 10:56:47,038]  INFO - 初始化第一列资讯！
[2017-10-20 10:56:47,038]  INFO - 初始化第二行快捷按钮！
[2017-10-20 10:56:47,039]  INFO - 初始化买入基价！
[2017-10-20 10:56:47,039]  INFO - 初始化买入基价值！
[2017-10-20 10:56:47,039]  INFO - 初始化卖出基价！
[2017-10-20 10:56:47,039]  INFO - 初始化卖出基价值！
[2017-10-20 10:56:47,045]  INFO - 初始化第二行快捷按钮！
[2017-10-20 10:56:47,049]  INFO - 初始化供需发布！
[2017-10-20 10:56:47,953]  INFO - 初始化界面结束！
[2017-10-20 10:56:47,953]  INFO - 创建登录界面！
[2017-10-20 10:56:48,078]  INFO - 初始化内置浏览器！
[2017-10-20 10:56:51,206]  INFO - 收到Cookies消息,值为：SecurityTicket=
[2017-10-20 10:57:02,690]  INFO - 收到Cookies消息,值为：SecurityToken=87dBXsV1sJPnni23iBXL97wEfZVNtyuXi6SKA5s9TRUAHWuak6lc1gMW+UzbH07mdrTdR8zPaOJhH3RTtoEy0A==; SecurityTicket=87dBXsV1sJPnni23iBXL97wEfZVNtyuXi6SKA5s9TRUAHWuak6lc1gMW+UzbH07mdrTdR8zPaOJhH3RTtoEy0A==
[2017-10-20 11:01:41,124]  INFO - 初始化界面开始！
[2017-10-20 11:01:41,131]  INFO - 画板初始化！
[2017-10-20 11:01:41,394]  INFO - 初始化第一行背景！
[2017-10-20 11:01:41,395]  INFO - 初始化第一行行情按钮！
[2017-10-20 11:01:41,396]  INFO - 初始化第一行我的资金按钮！
[2017-10-20 11:01:41,396]  INFO - 初始化第一行基础管理按钮！
[2017-10-20 11:01:41,396]  INFO - 初始化第一行登录按钮！
[2017-10-20 11:01:41,705]  INFO - 初始化第一行注册按钮！
[2017-10-20 11:01:41,707]  INFO - 初始化第一行登录后状态！
[2017-10-20 11:01:41,707]  INFO - 初始化第一行注销按钮！
[2017-10-20 11:01:41,707]  INFO - 初始化第一行最小化按钮！
[2017-10-20 11:01:41,709]  INFO - 初始化第一行最大化按钮！
[2017-10-20 11:01:41,710]  INFO - 初始化第一行关闭按钮！
[2017-10-20 11:01:41,711]  INFO - 初始化第一列行情！
[2017-10-20 11:01:41,712]  INFO - 初始化第一列供需发布！
[2017-10-20 11:01:41,712]  INFO - 初始化第一列K线图！
[2017-10-20 11:01:41,712]  INFO - 初始化第一列资讯！
[2017-10-20 11:01:41,712]  INFO - 初始化第二行快捷按钮！
[2017-10-20 11:01:41,712]  INFO - 初始化买入基价！
[2017-10-20 11:01:41,712]  INFO - 初始化买入基价值！
[2017-10-20 11:01:41,712]  INFO - 初始化卖出基价！
[2017-10-20 11:01:41,712]  INFO - 初始化卖出基价值！
[2017-10-20 11:01:41,719]  INFO - 初始化第二行快捷按钮！
[2017-10-20 11:01:41,723]  INFO - 初始化供需发布！
[2017-10-20 11:01:42,329]  INFO - 初始化界面结束！
[2017-10-20 11:01:42,329]  INFO - 创建登录界面！
[2017-10-20 11:01:42,566]  INFO - 初始化内置浏览器！
[2017-10-20 11:01:47,802]  INFO - 收到Cookies消息,值为：SecurityToken=wOdyqqb8DGZpMi3iTGuZSURb28Jh3kA8/4Y5T4BFfxj1R7gHHKD6Sf3HoeiD/hR0me+EzSTJE/Unl28kXP54RA==; SecurityTicket=wOdyqqb8DGZpMi3iTGuZSURb28Jh3kA8/4Y5T4BFfxj1R7gHHKD6Sf3HoeiD/hR0me+EzSTJE/Unl28kXP54RA==
[2017-10-20 11:04:22,949]  INFO - 初始化界面开始！
[2017-10-20 11:04:22,958]  INFO - 画板初始化！
[2017-10-20 11:04:23,428]  INFO - 初始化第一行背景！
[2017-10-20 11:04:23,429]  INFO - 初始化第一行行情按钮！
[2017-10-20 11:04:23,430]  INFO - 初始化第一行我的资金按钮！
[2017-10-20 11:04:23,430]  INFO - 初始化第一行基础管理按钮！
[2017-10-20 11:04:23,430]  INFO - 初始化第一行登录按钮！
[2017-10-20 11:04:23,690]  INFO - 初始化第一行注册按钮！
[2017-10-20 11:04:23,691]  INFO - 初始化第一行登录后状态！
[2017-10-20 11:04:23,692]  INFO - 初始化第一行注销按钮！
[2017-10-20 11:04:23,692]  INFO - 初始化第一行最小化按钮！
[2017-10-20 11:04:23,693]  INFO - 初始化第一行最大化按钮！
[2017-10-20 11:04:23,694]  INFO - 初始化第一行关闭按钮！
[2017-10-20 11:04:23,695]  INFO - 初始化第一列行情！
[2017-10-20 11:04:23,696]  INFO - 初始化第一列供需发布！
[2017-10-20 11:04:23,696]  INFO - 初始化第一列K线图！
[2017-10-20 11:04:23,696]  INFO - 初始化第一列资讯！
[2017-10-20 11:04:23,696]  INFO - 初始化第二行快捷按钮！
[2017-10-20 11:04:23,696]  INFO - 初始化买入基价！
[2017-10-20 11:04:23,696]  INFO - 初始化买入基价值！
[2017-10-20 11:04:23,696]  INFO - 初始化卖出基价！
[2017-10-20 11:04:23,696]  INFO - 初始化卖出基价值！
[2017-10-20 11:04:23,701]  INFO - 初始化第二行快捷按钮！
[2017-10-20 11:04:23,705]  INFO - 初始化供需发布！
[2017-10-20 11:04:24,273]  INFO - 初始化界面结束！
[2017-10-20 11:04:24,274]  INFO - 创建登录界面！
[2017-10-20 11:04:24,347]  INFO - 初始化内置浏览器！
[2017-10-20 11:04:27,987]  INFO - 收到Cookies消息,值为：SecurityToken=T9hgS+AqlQdDrcoXVgPtVyfPf3Y81mCItrTnHjFW0IEB5lKeCNl00e/z0eS5rOLlneD8YqXEujrcT87ZfrHAXQ==; SecurityTicket=T9hgS+AqlQdDrcoXVgPtVyfPf3Y81mCItrTnHjFW0IEB5lKeCNl00e/z0eS5rOLlneD8YqXEujrcT87ZfrHAXQ==
[2017-10-20 11:15:18,454]  INFO - 初始化界面开始！
[2017-10-20 11:15:18,464]  INFO - 画板初始化！
[2017-10-20 11:15:18,913]  INFO - 初始化第一行背景！
[2017-10-20 11:15:18,914]  INFO - 初始化第一行行情按钮！
[2017-10-20 11:15:18,915]  INFO - 初始化第一行我的资金按钮！
[2017-10-20 11:15:18,915]  INFO - 初始化第一行基础管理按钮！
[2017-10-20 11:15:18,915]  INFO - 初始化第一行登录按钮！
[2017-10-20 11:15:19,210]  INFO - 初始化第一行注册按钮！
[2017-10-20 11:15:19,216]  INFO - 初始化第一行登录后状态！
[2017-10-20 11:15:19,217]  INFO - 初始化第一行注销按钮！
[2017-10-20 11:15:19,217]  INFO - 初始化第一行最小化按钮！
[2017-10-20 11:15:19,219]  INFO - 初始化第一行最大化按钮！
[2017-10-20 11:15:19,220]  INFO - 初始化第一行关闭按钮！
[2017-10-20 11:15:19,222]  INFO - 初始化第一列行情！
[2017-10-20 11:15:19,222]  INFO - 初始化第一列供需发布！
[2017-10-20 11:15:19,222]  INFO - 初始化第一列K线图！
[2017-10-20 11:15:19,223]  INFO - 初始化第一列资讯！
[2017-10-20 11:15:19,223]  INFO - 初始化第二行快捷按钮！
[2017-10-20 11:15:19,223]  INFO - 初始化买入基价！
[2017-10-20 11:15:19,223]  INFO - 初始化买入基价值！
[2017-10-20 11:15:19,223]  INFO - 初始化卖出基价！
[2017-10-20 11:15:19,223]  INFO - 初始化卖出基价值！
[2017-10-20 11:15:19,230]  INFO - 初始化第二行快捷按钮！
[2017-10-20 11:15:19,233]  INFO - 初始化供需发布！
[2017-10-20 11:15:19,883]  INFO - 初始化界面结束！
[2017-10-20 11:15:19,883]  INFO - 创建登录界面！
[2017-10-20 11:15:19,950]  INFO - 初始化内置浏览器！
[2017-10-20 11:15:23,528]  INFO - 收到Cookies消息,值为：SecurityTicket=
[2017-10-20 11:15:50,136]  INFO - 收到Cookies消息,值为：SecurityToken=KF6mjK16jCxa6nK6EBg25VCK1wVUUDUbEQUTW3Pb7V56C2av41l6qYWmsS8DWNhVtTjIHWZUueAL1MeD7wOkAA==; SecurityTicket=KF6mjK16jCxa6nK6EBg25VCK1wVUUDUbEQUTW3Pb7V56C2av41l6qYWmsS8DWNhVtTjIHWZUueAL1MeD7wOkAA==
[2017-10-20 11:16:20,034]  INFO - 初始化界面开始！
[2017-10-20 11:16:20,044]  INFO - 画板初始化！
[2017-10-20 11:16:20,395]  INFO - 初始化第一行背景！
[2017-10-20 11:16:20,396]  INFO - 初始化第一行行情按钮！
[2017-10-20 11:16:20,398]  INFO - 初始化第一行我的资金按钮！
[2017-10-20 11:16:20,398]  INFO - 初始化第一行基础管理按钮！
[2017-10-20 11:16:20,398]  INFO - 初始化第一行登录按钮！
[2017-10-20 11:16:20,797]  INFO - 初始化第一行注册按钮！
[2017-10-20 11:16:20,799]  INFO - 初始化第一行登录后状态！
[2017-10-20 11:16:20,799]  INFO - 初始化第一行注销按钮！
[2017-10-20 11:16:20,799]  INFO - 初始化第一行最小化按钮！
[2017-10-20 11:16:20,800]  INFO - 初始化第一行最大化按钮！
[2017-10-20 11:16:20,801]  INFO - 初始化第一行关闭按钮！
[2017-10-20 11:16:20,801]  INFO - 初始化第一列行情！
[2017-10-20 11:16:20,802]  INFO - 初始化第一列供需发布！
[2017-10-20 11:16:20,802]  INFO - 初始化第一列K线图！
[2017-10-20 11:16:20,802]  INFO - 初始化第一列资讯！
[2017-10-20 11:16:20,802]  INFO - 初始化第二行快捷按钮！
[2017-10-20 11:16:20,802]  INFO - 初始化买入基价！
[2017-10-20 11:16:20,802]  INFO - 初始化买入基价值！
[2017-10-20 11:16:20,802]  INFO - 初始化卖出基价！
[2017-10-20 11:16:20,802]  INFO - 初始化卖出基价值！
[2017-10-20 11:16:20,807]  INFO - 初始化第二行快捷按钮！
[2017-10-20 11:16:20,811]  INFO - 初始化供需发布！
[2017-10-20 11:16:21,525]  INFO - 初始化界面结束！
[2017-10-20 11:16:21,525]  INFO - 创建登录界面！
[2017-10-20 11:16:21,642]  INFO - 初始化内置浏览器！
[2017-10-20 11:16:25,532]  INFO - 收到Cookies消息,值为：SecurityTicket=
[2017-10-20 11:16:37,610]  INFO - 收到Cookies消息,值为：SecurityToken=FVi7V/mLlFE42cBoZsWjGnIbB7yBgzvRUNZ9Fi/hia9uKWUNq5KEBaQVOrtkiZSn5nxIvPws6OHsOaWwoFUJiA==; SecurityTicket=FVi7V/mLlFE42cBoZsWjGnIbB7yBgzvRUNZ9Fi/hia9uKWUNq5KEBaQVOrtkiZSn5nxIvPws6OHsOaWwoFUJiA==
[2017-10-20 11:19:12,586]  INFO - 初始化界面开始！
[2017-10-20 11:19:12,608]  INFO - 画板初始化！
[2017-10-20 11:19:13,153]  INFO - 初始化第一行背景！
[2017-10-20 11:19:13,154]  INFO - 初始化第一行行情按钮！
[2017-10-20 11:19:13,155]  INFO - 初始化第一行我的资金按钮！
[2017-10-20 11:19:13,155]  INFO - 初始化第一行基础管理按钮！
[2017-10-20 11:19:13,155]  INFO - 初始化第一行登录按钮！
[2017-10-20 11:19:13,513]  INFO - 初始化第一行注册按钮！
[2017-10-20 11:19:13,515]  INFO - 初始化第一行登录后状态！
[2017-10-20 11:19:13,515]  INFO - 初始化第一行注销按钮！
[2017-10-20 11:19:13,515]  INFO - 初始化第一行最小化按钮！
[2017-10-20 11:19:13,517]  INFO - 初始化第一行最大化按钮！
[2017-10-20 11:19:13,518]  INFO - 初始化第一行关闭按钮！
[2017-10-20 11:19:13,519]  INFO - 初始化第一列行情！
[2017-10-20 11:19:13,520]  INFO - 初始化第一列供需发布！
[2017-10-20 11:19:13,520]  INFO - 初始化第一列K线图！
[2017-10-20 11:19:13,520]  INFO - 初始化第一列资讯！
[2017-10-20 11:19:13,520]  INFO - 初始化第二行快捷按钮！
[2017-10-20 11:19:13,520]  INFO - 初始化买入基价！
[2017-10-20 11:19:13,520]  INFO - 初始化买入基价值！
[2017-10-20 11:19:13,520]  INFO - 初始化卖出基价！
[2017-10-20 11:19:13,520]  INFO - 初始化卖出基价值！
[2017-10-20 11:19:13,526]  INFO - 初始化第二行快捷按钮！
[2017-10-20 11:19:13,530]  INFO - 初始化供需发布！
[2017-10-20 11:19:14,299]  INFO - 初始化界面结束！
[2017-10-20 11:19:14,299]  INFO - 创建登录界面！
[2017-10-20 11:19:14,538]  INFO - 初始化内置浏览器！
[2017-10-20 11:19:22,060]  INFO - 收到Cookies消息,值为：SecurityToken=Fix40FUyur1iTLAhcGR493sLjkuD/WTrHD5NbvnBjbmaIVQel+mxxfWMgpS/PXkOpI1NvLiRhL+KS6lXQBd2CA==; SecurityTicket=
[2017-10-20 11:19:23,211]  INFO - 收到Cookies消息,值为：SecurityToken=Fix40FUyur1iTLAhcGR493sLjkuD/WTrHD5NbvnBjbmaIVQel+mxxfWMgpS/PXkOpI1NvLiRhL+KS6lXQBd2CA==; SecurityTicket=
[2017-10-20 11:22:38,284]  INFO - 初始化界面开始！
[2017-10-20 11:22:38,303]  INFO - 画板初始化！
[2017-10-20 11:22:38,513]  INFO - 初始化第一行背景！
[2017-10-20 11:22:38,515]  INFO - 初始化第一行行情按钮！
[2017-10-20 11:22:38,516]  INFO - 初始化第一行我的资金按钮！
[2017-10-20 11:22:38,516]  INFO - 初始化第一行基础管理按钮！
[2017-10-20 11:22:38,516]  INFO - 初始化第一行登录按钮！
[2017-10-20 11:22:38,825]  INFO - 初始化第一行注册按钮！
[2017-10-20 11:22:38,826]  INFO - 初始化第一行登录后状态！
[2017-10-20 11:22:38,826]  INFO - 初始化第一行注销按钮！
[2017-10-20 11:22:38,826]  INFO - 初始化第一行最小化按钮！
[2017-10-20 11:22:38,827]  INFO - 初始化第一行最大化按钮！
[2017-10-20 11:22:38,828]  INFO - 初始化第一行关闭按钮！
[2017-10-20 11:22:38,829]  INFO - 初始化第一列行情！
[2017-10-20 11:22:38,829]  INFO - 初始化第一列供需发布！
[2017-10-20 11:22:38,829]  INFO - 初始化第一列K线图！
[2017-10-20 11:22:38,829]  INFO - 初始化第一列资讯！
[2017-10-20 11:22:38,830]  INFO - 初始化第二行快捷按钮！
[2017-10-20 11:22:38,830]  INFO - 初始化买入基价！
[2017-10-20 11:22:38,830]  INFO - 初始化买入基价值！
[2017-10-20 11:22:38,830]  INFO - 初始化卖出基价！
[2017-10-20 11:22:38,830]  INFO - 初始化卖出基价值！
[2017-10-20 11:22:38,833]  INFO - 初始化第二行快捷按钮！
[2017-10-20 11:22:38,836]  INFO - 初始化供需发布！
[2017-10-20 11:22:39,248]  INFO - 初始化界面结束！
[2017-10-20 11:22:39,248]  INFO - 创建登录界面！
[2017-10-20 11:22:39,292]  INFO - 初始化内置浏览器！
[2017-10-20 11:22:42,383]  INFO - 收到Cookies消息,值为：SecurityToken=1CJ51Z5nx8hirzlG3SoOLSyjeENU6jq918qkzoKbtqjmlVnrR6IhBbYRf9s6mTi4PWi6wcJIdbBcD+isB9skEg==; SecurityTicket=1CJ51Z5nx8hirzlG3SoOLSyjeENU6jq918qkzoKbtqjmlVnrR6IhBbYRf9s6mTi4PWi6wcJIdbBcD+isB9skEg==
[2017-10-20 11:22:43,558]  INFO - 收到Cookies消息,值为：SecurityTicket=
[2017-10-20 11:23:47,693]  INFO - 初始化界面开始！
[2017-10-20 11:23:47,702]  INFO - 画板初始化！
[2017-10-20 11:23:48,077]  INFO - 初始化第一行背景！
[2017-10-20 11:23:48,078]  INFO - 初始化第一行行情按钮！
[2017-10-20 11:23:48,079]  INFO - 初始化第一行我的资金按钮！
[2017-10-20 11:23:48,079]  INFO - 初始化第一行基础管理按钮！
[2017-10-20 11:23:48,079]  INFO - 初始化第一行登录按钮！
[2017-10-20 11:23:48,631]  INFO - 初始化第一行注册按钮！
[2017-10-20 11:23:48,635]  INFO - 初始化第一行登录后状态！
[2017-10-20 11:23:48,635]  INFO - 初始化第一行注销按钮！
[2017-10-20 11:23:48,636]  INFO - 初始化第一行最小化按钮！
[2017-10-20 11:23:48,638]  INFO - 初始化第一行最大化按钮！
[2017-10-20 11:23:48,639]  INFO - 初始化第一行关闭按钮！
[2017-10-20 11:23:48,641]  INFO - 初始化第一列行情！
[2017-10-20 11:23:48,641]  INFO - 初始化第一列供需发布！
[2017-10-20 11:23:48,641]  INFO - 初始化第一列K线图！
[2017-10-20 11:23:48,641]  INFO - 初始化第一列资讯！
[2017-10-20 11:23:48,641]  INFO - 初始化第二行快捷按钮！
[2017-10-20 11:23:48,641]  INFO - 初始化买入基价！
[2017-10-20 11:23:48,641]  INFO - 初始化买入基价值！
[2017-10-20 11:23:48,641]  INFO - 初始化卖出基价！
[2017-10-20 11:23:48,641]  INFO - 初始化卖出基价值！
[2017-10-20 11:23:48,647]  INFO - 初始化第二行快捷按钮！
[2017-10-20 11:23:48,651]  INFO - 初始化供需发布！
[2017-10-20 11:23:49,720]  INFO - 初始化界面结束！
[2017-10-20 11:23:49,720]  INFO - 创建登录界面！
[2017-10-20 11:23:49,843]  INFO - 初始化内置浏览器！
[2017-10-20 11:23:53,321]  INFO - 收到Cookies消息,值为：SecurityToken=/lKL6qI+NeNnKjcQJHeeuIDol9cZttBXfugMRxdfonM0mY6Tg2TxzfC4Kupg6qjMtFn+VRyi2H/2nVgVJ7z0Pg==; SecurityTicket=
[2017-10-20 11:23:54,085]  INFO - 收到Cookies消息,值为：SecurityToken=/lKL6qI+NeNnKjcQJHeeuIDol9cZttBXfugMRxdfonM0mY6Tg2TxzfC4Kupg6qjMtFn+VRyi2H/2nVgVJ7z0Pg==; SecurityTicket=
[2017-10-20 11:27:07,695]  INFO - 初始化界面开始！
[2017-10-20 11:27:07,705]  INFO - 画板初始化！
[2017-10-20 11:27:08,371]  INFO - 初始化第一行背景！
[2017-10-20 11:27:08,372]  INFO - 初始化第一行行情按钮！
[2017-10-20 11:27:08,373]  INFO - 初始化第一行我的资金按钮！
[2017-10-20 11:27:08,373]  INFO - 初始化第一行基础管理按钮！
[2017-10-20 11:27:08,373]  INFO - 初始化第一行登录按钮！
[2017-10-20 11:27:08,679]  INFO - 初始化第一行注册按钮！
[2017-10-20 11:27:08,681]  INFO - 初始化第一行登录后状态！
[2017-10-20 11:27:08,681]  INFO - 初始化第一行注销按钮！
[2017-10-20 11:27:08,681]  INFO - 初始化第一行最小化按钮！
[2017-10-20 11:27:08,684]  INFO - 初始化第一行最大化按钮！
[2017-10-20 11:27:08,686]  INFO - 初始化第一行关闭按钮！
[2017-10-20 11:27:08,688]  INFO - 初始化第一列行情！
[2017-10-20 11:27:08,688]  INFO - 初始化第一列供需发布！
[2017-10-20 11:27:08,688]  INFO - 初始化第一列K线图！
[2017-10-20 11:27:08,688]  INFO - 初始化第一列资讯！
[2017-10-20 11:27:08,689]  INFO - 初始化第二行快捷按钮！
[2017-10-20 11:27:08,689]  INFO - 初始化买入基价！
[2017-10-20 11:27:08,689]  INFO - 初始化买入基价值！
[2017-10-20 11:27:08,689]  INFO - 初始化卖出基价！
[2017-10-20 11:27:08,689]  INFO - 初始化卖出基价值！
[2017-10-20 11:27:08,694]  INFO - 初始化第二行快捷按钮！
[2017-10-20 11:27:08,698]  INFO - 初始化供需发布！
[2017-10-20 11:27:09,221]  INFO - 初始化界面结束！
[2017-10-20 11:27:09,221]  INFO - 创建登录界面！
[2017-10-20 11:27:09,288]  INFO - 初始化内置浏览器！
[2017-10-20 11:27:12,603]  INFO - 收到Cookies消息,值为：SecurityTicket=
[2017-10-20 11:28:06,875]  INFO - 收到Cookies消息,值为：SecurityToken=GIr0ly3bY8VZaETA8X4G7nTw3qFzWrB/3e6ZnrHu+7/mKZCIjofgN/D1IJ0p5DzfHJnvryLkBMeZ/fTLXmyoHw==; SecurityTicket=GIr0ly3bY8VZaETA8X4G7nTw3qFzWrB/3e6ZnrHu+7/mKZCIjofgN/D1IJ0p5DzfHJnvryLkBMeZ/fTLXmyoHw==
[2017-10-20 11:30:48,020]  INFO - 初始化界面开始！
[2017-10-20 11:30:48,029]  INFO - 画板初始化！
[2017-10-20 11:30:48,232]  INFO - 初始化第一行背景！
[2017-10-20 11:30:48,233]  INFO - 初始化第一行行情按钮！
[2017-10-20 11:30:48,234]  INFO - 初始化第一行我的资金按钮！
[2017-10-20 11:30:48,234]  INFO - 初始化第一行基础管理按钮！
[2017-10-20 11:30:48,234]  INFO - 初始化第一行登录按钮！
[2017-10-20 11:30:48,542]  INFO - 初始化第一行注册按钮！
[2017-10-20 11:30:48,544]  INFO - 初始化第一行登录后状态！
[2017-10-20 11:30:48,544]  INFO - 初始化第一行注销按钮！
[2017-10-20 11:30:48,544]  INFO - 初始化第一行最小化按钮！
[2017-10-20 11:30:48,546]  INFO - 初始化第一行最大化按钮！
[2017-10-20 11:30:48,547]  INFO - 初始化第一行关闭按钮！
[2017-10-20 11:30:48,549]  INFO - 初始化第一列行情！
[2017-10-20 11:30:48,549]  INFO - 初始化第一列供需发布！
[2017-10-20 11:30:48,549]  INFO - 初始化第一列K线图！
[2017-10-20 11:30:48,549]  INFO - 初始化第一列资讯！
[2017-10-20 11:30:48,549]  INFO - 初始化第二行快捷按钮！
[2017-10-20 11:30:48,549]  INFO - 初始化买入基价！
[2017-10-20 11:30:48,549]  INFO - 初始化买入基价值！
[2017-10-20 11:30:48,549]  INFO - 初始化卖出基价！
[2017-10-20 11:30:48,549]  INFO - 初始化卖出基价值！
[2017-10-20 11:30:48,554]  INFO - 初始化第二行快捷按钮！
[2017-10-20 11:30:48,558]  INFO - 初始化供需发布！
[2017-10-20 11:30:49,090]  INFO - 初始化界面结束！
[2017-10-20 11:30:49,090]  INFO - 创建登录界面！
[2017-10-20 11:30:49,179]  INFO - 初始化内置浏览器！
[2017-10-20 11:30:52,080]  INFO - 收到Cookies消息,值为：SecurityToken=3SYkvT8tfWJ77wDSJWpdP+HeqeW++h+EA1LzHekSGD880HDi+yBlxdGq6Mr77M2Df4s1R+tQQI5Mcy0vQV/6vQ==; SecurityTicket=3SYkvT8tfWJ77wDSJWpdP+HeqeW++h+EA1LzHekSGD880HDi+yBlxdGq6Mr77M2Df4s1R+tQQI5Mcy0vQV/6vQ==
[2017-10-20 11:30:53,005]  INFO - 收到Cookies消息,值为：SecurityToken=3SYkvT8tfWJ77wDSJWpdP+HeqeW++h+EA1LzHekSGD880HDi+yBlxdGq6Mr77M2Df4s1R+tQQI5Mcy0vQV/6vQ==; SecurityTicket=3SYkvT8tfWJ77wDSJWpdP+HeqeW++h+EA1LzHekSGD880HDi+yBlxdGq6Mr77M2Df4s1R+tQQI5Mcy0vQV/6vQ==
[2017-10-20 11:32:38,589]  INFO - 初始化界面开始！
[2017-10-20 11:32:38,615]  INFO - 画板初始化！
[2017-10-20 11:32:39,511]  INFO - 初始化第一行背景！
[2017-10-20 11:32:39,512]  INFO - 初始化第一行行情按钮！
[2017-10-20 11:32:39,514]  INFO - 初始化第一行我的资金按钮！
[2017-10-20 11:32:39,514]  INFO - 初始化第一行基础管理按钮！
[2017-10-20 11:32:39,514]  INFO - 初始化第一行登录按钮！
[2017-10-20 11:32:39,977]  INFO - 初始化第一行注册按钮！
[2017-10-20 11:32:39,978]  INFO - 初始化第一行登录后状态！
[2017-10-20 11:32:39,978]  INFO - 初始化第一行注销按钮！
[2017-10-20 11:32:39,978]  INFO - 初始化第一行最小化按钮！
[2017-10-20 11:32:39,979]  INFO - 初始化第一行最大化按钮！
[2017-10-20 11:32:39,980]  INFO - 初始化第一行关闭按钮！
[2017-10-20 11:32:39,982]  INFO - 初始化第一列行情！
[2017-10-20 11:32:39,982]  INFO - 初始化第一列供需发布！
[2017-10-20 11:32:39,982]  INFO - 初始化第一列K线图！
[2017-10-20 11:32:39,982]  INFO - 初始化第一列资讯！
[2017-10-20 11:32:39,982]  INFO - 初始化第二行快捷按钮！
[2017-10-20 11:32:39,982]  INFO - 初始化买入基价！
[2017-10-20 11:32:39,982]  INFO - 初始化买入基价值！
[2017-10-20 11:32:39,982]  INFO - 初始化卖出基价！
[2017-10-20 11:32:39,982]  INFO - 初始化卖出基价值！
[2017-10-20 11:32:39,987]  INFO - 初始化第二行快捷按钮！
[2017-10-20 11:32:39,991]  INFO - 初始化供需发布！
[2017-10-20 11:32:40,836]  INFO - 初始化界面结束！
[2017-10-20 11:32:40,837]  INFO - 创建登录界面！
[2017-10-20 11:32:40,923]  INFO - 初始化内置浏览器！
[2017-10-20 11:32:45,301]  INFO - 收到Cookies消息,值为：SecurityToken=GeD83wP7sSD25V3irA+NlSehXCh3Ix+eSQKP7xkknAp3atVoo9IZleqPKBcM/ZxoGOFp8LuH7Bv65j0ElzEIzw==; SecurityTicket=GeD83wP7sSD25V3irA+NlSehXCh3Ix+eSQKP7xkknAp3atVoo9IZleqPKBcM/ZxoGOFp8LuH7Bv65j0ElzEIzw==
[2017-10-20 11:32:46,083]  INFO - 收到Cookies消息,值为：SecurityToken=GeD83wP7sSD25V3irA+NlSehXCh3Ix+eSQKP7xkknAp3atVoo9IZleqPKBcM/ZxoGOFp8LuH7Bv65j0ElzEIzw==; SecurityTicket=GeD83wP7sSD25V3irA+NlSehXCh3Ix+eSQKP7xkknAp3atVoo9IZleqPKBcM/ZxoGOFp8LuH7Bv65j0ElzEIzw==
[2017-10-20 11:40:12,371]  INFO - 初始化界面开始！
[2017-10-20 11:40:12,380]  INFO - 画板初始化！
[2017-10-20 11:40:12,582]  INFO - 初始化第一行背景！
[2017-10-20 11:40:12,583]  INFO - 初始化第一行行情按钮！
[2017-10-20 11:40:12,584]  INFO - 初始化第一行我的资金按钮！
[2017-10-20 11:40:12,584]  INFO - 初始化第一行基础管理按钮！
[2017-10-20 11:40:12,584]  INFO - 初始化第一行登录按钮！
[2017-10-20 11:40:12,805]  INFO - 初始化第一行注册按钮！
[2017-10-20 11:40:12,806]  INFO - 初始化第一行登录后状态！
[2017-10-20 11:40:12,806]  INFO - 初始化第一行注销按钮！
[2017-10-20 11:40:12,806]  INFO - 初始化第一行最小化按钮！
[2017-10-20 11:40:12,808]  INFO - 初始化第一行最大化按钮！
[2017-10-20 11:40:12,809]  INFO - 初始化第一行关闭按钮！
[2017-10-20 11:40:12,810]  INFO - 初始化第一列行情！
[2017-10-20 11:40:12,810]  INFO - 初始化第一列供需发布！
[2017-10-20 11:40:12,810]  INFO - 初始化第一列K线图！
[2017-10-20 11:40:12,810]  INFO - 初始化第一列资讯！
[2017-10-20 11:40:12,810]  INFO - 初始化第二行快捷按钮！
[2017-10-20 11:40:12,810]  INFO - 初始化买入基价！
[2017-10-20 11:40:12,810]  INFO - 初始化买入基价值！
[2017-10-20 11:40:12,810]  INFO - 初始化卖出基价！
[2017-10-20 11:40:12,810]  INFO - 初始化卖出基价值！
[2017-10-20 11:40:12,814]  INFO - 初始化第二行快捷按钮！
[2017-10-20 11:40:12,817]  INFO - 初始化供需发布！
[2017-10-20 11:40:13,206]  INFO - 初始化界面结束！
[2017-10-20 11:40:13,206]  INFO - 创建登录界面！
[2017-10-20 11:40:13,257]  INFO - 初始化内置浏览器！
[2017-10-20 11:40:16,195]  INFO - 收到Cookies消息,值为：SecurityToken=YvHXGBi/BKfTq2ILqN+Yl1DmlIyFpeNtciOd07cErMV9CAZTCdBh8Anz6aOgnRRkQ3TaSKmSJu/qMYXsMxkOew==; SecurityTicket=YvHXGBi/BKfTq2ILqN+Yl1DmlIyFpeNtciOd07cErMV9CAZTCdBh8Anz6aOgnRRkQ3TaSKmSJu/qMYXsMxkOew==
[2017-10-20 11:40:17,215]  INFO - 收到Cookies消息,值为：SecurityTicket=
[2017-10-20 11:40:35,025] ERROR - System.ArgumentNullException: 值不能为 null。
参数名: key
   在 System.Collections.Generic.Dictionary`2.FindEntry(TKey key)
   在 System.Collections.Generic.Dictionary`2.ContainsKey(TKey key)
   在 UseOnlineTradingSystem.DataManager.MQTTService_UpdataEvent(String obj) 位置 C:\USeClient\TFS\UseOnlineTradingSystem\UseOnlineTradingSystem\UseOnlineTradingSystem\USeCommon\DataManager.cs:行号 67
   在 UseOnlineTradingSystem.MQTTService.M_mqttClient_MqttMsgPublishReceived(Object sender, MqttMsgPublishEventArgs e) 位置 C:\USeClient\TFS\UseOnlineTradingSystem\UseOnlineTradingSystem\UseOnlineTradingSystem\USeCommon\MQTTService\MQTTService.cs:行号 180
[2017-10-20 11:40:38,289] ERROR - System.ArgumentNullException: 值不能为 null。
参数名: key
   在 System.Collections.Generic.Dictionary`2.FindEntry(TKey key)
   在 System.Collections.Generic.Dictionary`2.ContainsKey(TKey key)
   在 UseOnlineTradingSystem.DataManager.MQTTService_UpdataEvent(String obj) 位置 C:\USeClient\TFS\UseOnlineTradingSystem\UseOnlineTradingSystem\UseOnlineTradingSystem\USeCommon\DataManager.cs:行号 67
   在 UseOnlineTradingSystem.MQTTService.M_mqttClient_MqttMsgPublishReceived(Object sender, MqttMsgPublishEventArgs e) 位置 C:\USeClient\TFS\UseOnlineTradingSystem\UseOnlineTradingSystem\UseOnlineTradingSystem\USeCommon\MQTTService\MQTTService.cs:行号 180
[2017-10-20 11:40:41,068] ERROR - System.ArgumentNullException: 值不能为 null。
参数名: key
   在 System.Collections.Generic.Dictionary`2.FindEntry(TKey key)
   在 System.Collections.Generic.Dictionary`2.ContainsKey(TKey key)
   在 UseOnlineTradingSystem.DataManager.MQTTService_UpdataEvent(String obj) 位置 C:\USeClient\TFS\UseOnlineTradingSystem\UseOnlineTradingSystem\UseOnlineTradingSystem\USeCommon\DataManager.cs:行号 67
   在 UseOnlineTradingSystem.MQTTService.M_mqttClient_MqttMsgPublishReceived(Object sender, MqttMsgPublishEventArgs e) 位置 C:\USeClient\TFS\UseOnlineTradingSystem\UseOnlineTradingSystem\UseOnlineTradingSystem\USeCommon\MQTTService\MQTTService.cs:行号 180
[2017-10-20 11:40:44,002] ERROR - System.ArgumentNullException: 值不能为 null。
参数名: key
   在 System.Collections.Generic.Dictionary`2.FindEntry(TKey key)
   在 System.Collections.Generic.Dictionary`2.ContainsKey(TKey key)
   在 UseOnlineTradingSystem.DataManager.MQTTService_UpdataEvent(String obj) 位置 C:\USeClient\TFS\UseOnlineTradingSystem\UseOnlineTradingSystem\UseOnlineTradingSystem\USeCommon\DataManager.cs:行号 67
   在 UseOnlineTradingSystem.MQTTService.M_mqttClient_MqttMsgPublishReceived(Object sender, MqttMsgPublishEventArgs e) 位置 C:\USeClient\TFS\UseOnlineTradingSystem\UseOnlineTradingSystem\UseOnlineTradingSystem\USeCommon\MQTTService\MQTTService.cs:行号 180
[2017-10-20 11:40:46,642] ERROR - System.ArgumentNullException: 值不能为 null。
参数名: key
   在 System.Collections.Generic.Dictionary`2.FindEntry(TKey key)
   在 System.Collections.Generic.Dictionary`2.ContainsKey(TKey key)
   在 UseOnlineTradingSystem.DataManager.MQTTService_UpdataEvent(String obj) 位置 C:\USeClient\TFS\UseOnlineTradingSystem\UseOnlineTradingSystem\UseOnlineTradingSystem\USeCommon\DataManager.cs:行号 67
   在 UseOnlineTradingSystem.MQTTService.M_mqttClient_MqttMsgPublishReceived(Object sender, MqttMsgPublishEventArgs e) 位置 C:\USeClient\TFS\UseOnlineTradingSystem\UseOnlineTradingSystem\UseOnlineTradingSystem\USeCommon\MQTTService\MQTTService.cs:行号 180
[2017-10-20 13:45:14,271]  INFO - 初始化界面开始！
[2017-10-20 13:45:14,280]  INFO - 画板初始化！
[2017-10-20 13:45:14,519]  INFO - 初始化第一行背景！
[2017-10-20 13:45:14,520]  INFO - 初始化第一行行情按钮！
[2017-10-20 13:45:14,520]  INFO - 初始化第一行我的资金按钮！
[2017-10-20 13:45:14,520]  INFO - 初始化第一行基础管理按钮！
[2017-10-20 13:45:14,520]  INFO - 初始化第一行登录按钮！
[2017-10-20 13:45:14,745]  INFO - 初始化第一行注册按钮！
[2017-10-20 13:45:14,746]  INFO - 初始化第一行登录后状态！
[2017-10-20 13:45:14,746]  INFO - 初始化第一行注销按钮！
[2017-10-20 13:45:14,746]  INFO - 初始化第一行最小化按钮！
[2017-10-20 13:45:14,747]  INFO - 初始化第一行最大化按钮！
[2017-10-20 13:45:14,748]  INFO - 初始化第一行关闭按钮！
[2017-10-20 13:45:14,749]  INFO - 初始化第一列行情！
[2017-10-20 13:45:14,749]  INFO - 初始化第一列供需发布！
[2017-10-20 13:45:14,749]  INFO - 初始化第一列K线图！
[2017-10-20 13:45:14,749]  INFO - 初始化第一列资讯！
[2017-10-20 13:45:14,749]  INFO - 初始化第二行快捷按钮！
[2017-10-20 13:45:14,749]  INFO - 初始化买入基价！
[2017-10-20 13:45:14,749]  INFO - 初始化买入基价值！
[2017-10-20 13:45:14,749]  INFO - 初始化卖出基价！
[2017-10-20 13:45:14,749]  INFO - 初始化卖出基价值！
[2017-10-20 13:45:14,753]  INFO - 初始化第二行快捷按钮！
[2017-10-20 13:45:14,755]  INFO - 初始化供需发布！
[2017-10-20 13:45:15,104]  INFO - 初始化界面结束！
[2017-10-20 13:45:15,104]  INFO - 创建登录界面！
[2017-10-20 13:45:15,158]  INFO - 初始化内置浏览器！
[2017-10-20 13:45:18,421]  INFO - 收到Cookies消息,值为：SecurityTicket=
[2017-10-20 13:45:42,220]  INFO - 收到Cookies消息,值为：SecurityToken=SmGyFW/0UMx32D0Y2/+iIxDnGKOlR9ReJ8f3S9S0UeecJfbzh7xa1hefnkXfWaU/PyM5QI/jZCV9Xl8AUU7eOQ==; SecurityTicket=SmGyFW/0UMx32D0Y2/+iIxDnGKOlR9ReJ8f3S9S0UeecJfbzh7xa1hefnkXfWaU/PyM5QI/jZCV9Xl8AUU7eOQ==
[2017-10-20 14:03:26,110]  INFO - 初始化界面开始！
[2017-10-20 14:03:26,119]  INFO - 画板初始化！
[2017-10-20 14:03:26,352]  INFO - 初始化第一行背景！
[2017-10-20 14:03:26,354]  INFO - 初始化第一行行情按钮！
[2017-10-20 14:03:26,355]  INFO - 初始化第一行我的资金按钮！
[2017-10-20 14:03:26,355]  INFO - 初始化第一行基础管理按钮！
[2017-10-20 14:03:26,355]  INFO - 初始化第一行登录按钮！
[2017-10-20 14:03:26,647]  INFO - 初始化第一行注册按钮！
[2017-10-20 14:03:26,649]  INFO - 初始化第一行登录后状态！
[2017-10-20 14:03:26,649]  INFO - 初始化第一行注销按钮！
[2017-10-20 14:03:26,649]  INFO - 初始化第一行最小化按钮！
[2017-10-20 14:03:26,650]  INFO - 初始化第一行最大化按钮！
[2017-10-20 14:03:26,652]  INFO - 初始化第一行关闭按钮！
[2017-10-20 14:03:26,653]  INFO - 初始化第一列行情！
[2017-10-20 14:03:26,653]  INFO - 初始化第一列供需发布！
[2017-10-20 14:03:26,653]  INFO - 初始化第一列K线图！
[2017-10-20 14:03:26,653]  INFO - 初始化第一列资讯！
[2017-10-20 14:03:26,653]  INFO - 初始化第二行快捷按钮！
[2017-10-20 14:03:26,653]  INFO - 初始化买入基价！
[2017-10-20 14:03:26,653]  INFO - 初始化买入基价值！
[2017-10-20 14:03:26,653]  INFO - 初始化卖出基价！
[2017-10-20 14:03:26,653]  INFO - 初始化卖出基价值！
[2017-10-20 14:03:26,658]  INFO - 初始化第二行快捷按钮！
[2017-10-20 14:03:26,662]  INFO - 初始化供需发布！
[2017-10-20 14:03:27,269]  INFO - 初始化界面结束！
[2017-10-20 14:03:27,270]  INFO - 创建登录界面！
[2017-10-20 14:03:27,396]  INFO - 初始化内置浏览器！
[2017-10-20 14:03:32,602]  INFO - 收到Cookies消息,值为：SecurityToken=305eb6RaI96/nEbAy01XIFhMg2gfhxQRCWxGd4QF99th2C7fgmjkXScZJokAEmVa/TqO5rtFJKte44UqTn3MOQ==; SecurityTicket=305eb6RaI96/nEbAy01XIFhMg2gfhxQRCWxGd4QF99th2C7fgmjkXScZJokAEmVa/TqO5rtFJKte44UqTn3MOQ==
[2017-10-20 14:03:33,488]  INFO - 收到Cookies消息,值为：SecurityToken=305eb6RaI96/nEbAy01XIFhMg2gfhxQRCWxGd4QF99th2C7fgmjkXScZJokAEmVa/TqO5rtFJKte44UqTn3MOQ==; SecurityTicket=305eb6RaI96/nEbAy01XIFhMg2gfhxQRCWxGd4QF99th2C7fgmjkXScZJokAEmVa/TqO5rtFJKte44UqTn3MOQ==
[2017-10-20 14:04:29,251]  INFO - 初始化界面开始！
[2017-10-20 14:04:29,260]  INFO - 画板初始化！
[2017-10-20 14:04:29,723]  INFO - 初始化第一行背景！
[2017-10-20 14:04:29,725]  INFO - 初始化第一行行情按钮！
[2017-10-20 14:04:29,726]  INFO - 初始化第一行我的资金按钮！
[2017-10-20 14:04:29,726]  INFO - 初始化第一行基础管理按钮！
[2017-10-20 14:04:29,726]  INFO - 初始化第一行登录按钮！
[2017-10-20 14:04:30,037]  INFO - 初始化第一行注册按钮！
[2017-10-20 14:04:30,039]  INFO - 初始化第一行登录后状态！
[2017-10-20 14:04:30,039]  INFO - 初始化第一行注销按钮！
[2017-10-20 14:04:30,039]  INFO - 初始化第一行最小化按钮！
[2017-10-20 14:04:30,041]  INFO - 初始化第一行最大化按钮！
[2017-10-20 14:04:30,042]  INFO - 初始化第一行关闭按钮！
[2017-10-20 14:04:30,043]  INFO - 初始化第一列行情！
[2017-10-20 14:04:30,044]  INFO - 初始化第一列供需发布！
[2017-10-20 14:04:30,044]  INFO - 初始化第一列K线图！
[2017-10-20 14:04:30,044]  INFO - 初始化第一列资讯！
[2017-10-20 14:04:30,044]  INFO - 初始化第二行快捷按钮！
[2017-10-20 14:04:30,044]  INFO - 初始化买入基价！
[2017-10-20 14:04:30,044]  INFO - 初始化买入基价值！
[2017-10-20 14:04:30,044]  INFO - 初始化卖出基价！
[2017-10-20 14:04:30,044]  INFO - 初始化卖出基价值！
[2017-10-20 14:04:30,049]  INFO - 初始化第二行快捷按钮！
[2017-10-20 14:04:30,052]  INFO - 初始化供需发布！
[2017-10-20 14:04:31,248]  INFO - 初始化界面结束！
[2017-10-20 14:04:31,248]  INFO - 创建登录界面！
[2017-10-20 14:04:31,390]  INFO - 初始化内置浏览器！
[2017-10-20 14:04:35,795]  INFO - 收到Cookies消息,值为：SecurityTicket=
[2017-10-20 14:04:37,778]  INFO - 收到Cookies消息,值为：SecurityToken=YfYyCQXIYh5QBFC2mnn93GCmoybrRivpPYERLrWpELmEEYDTdCF6Bd7gcTNQYlBpQFPLzKzN0SpJbCGpSB8wxg==; SecurityTicket=YfYyCQXIYh5QBFC2mnn93GCmoybrRivpPYERLrWpELmEEYDTdCF6Bd7gcTNQYlBpQFPLzKzN0SpJbCGpSB8wxg==
[2017-10-20 14:10:23,650]  INFO - 初始化界面开始！
[2017-10-20 14:10:23,658]  INFO - 画板初始化！
[2017-10-20 14:10:23,964]  INFO - 初始化第一行背景！
[2017-10-20 14:10:23,965]  INFO - 初始化第一行行情按钮！
[2017-10-20 14:10:23,966]  INFO - 初始化第一行我的资金按钮！
[2017-10-20 14:10:23,966]  INFO - 初始化第一行基础管理按钮！
[2017-10-20 14:10:23,966]  INFO - 初始化第一行登录按钮！
[2017-10-20 14:10:24,295]  INFO - 初始化第一行注册按钮！
[2017-10-20 14:10:24,298]  INFO - 初始化第一行登录后状态！
[2017-10-20 14:10:24,299]  INFO - 初始化第一行注销按钮！
[2017-10-20 14:10:24,300]  INFO - 初始化第一行最小化按钮！
[2017-10-20 14:10:24,302]  INFO - 初始化第一行最大化按钮！
[2017-10-20 14:10:24,304]  INFO - 初始化第一行关闭按钮！
[2017-10-20 14:10:24,305]  INFO - 初始化第一列行情！
[2017-10-20 14:10:24,306]  INFO - 初始化第一列供需发布！
[2017-10-20 14:10:24,306]  INFO - 初始化第一列K线图！
[2017-10-20 14:10:24,306]  INFO - 初始化第一列资讯！
[2017-10-20 14:10:24,306]  INFO - 初始化第二行快捷按钮！
[2017-10-20 14:10:24,306]  INFO - 初始化买入基价！
[2017-10-20 14:10:24,306]  INFO - 初始化买入基价值！
[2017-10-20 14:10:24,306]  INFO - 初始化卖出基价！
[2017-10-20 14:10:24,306]  INFO - 初始化卖出基价值！
[2017-10-20 14:10:24,312]  INFO - 初始化第二行快捷按钮！
[2017-10-20 14:10:24,316]  INFO - 初始化供需发布！
[2017-10-20 14:10:25,548]  INFO - 初始化界面结束！
[2017-10-20 14:10:25,548]  INFO - 创建登录界面！
[2017-10-20 14:10:25,666]  INFO - 初始化内置浏览器！
[2017-10-20 14:10:28,841]  INFO - 收到Cookies消息,值为：SecurityToken=flAmgtQlY4CwRE3RW3Ur2Y7pg93gfpVEfstM95i/ERYM1Cdh8PF0FFdkqEZ4MUhrJZoTu6/ttwJNtYRgqBax+A==; SecurityTicket=
[2017-10-20 14:10:30,010]  INFO - 收到Cookies消息,值为：SecurityToken=flAmgtQlY4CwRE3RW3Ur2Y7pg93gfpVEfstM95i/ERYM1Cdh8PF0FFdkqEZ4MUhrJZoTu6/ttwJNtYRgqBax+A==; SecurityTicket=
[2017-10-20 14:19:07,340]  INFO - 初始化界面开始！
[2017-10-20 14:19:07,349]  INFO - 画板初始化！
[2017-10-20 14:19:07,791]  INFO - 初始化第一行背景！
[2017-10-20 14:19:07,793]  INFO - 初始化第一行行情按钮！
[2017-10-20 14:19:07,794]  INFO - 初始化第一行我的资金按钮！
[2017-10-20 14:19:07,794]  INFO - 初始化第一行基础管理按钮！
[2017-10-20 14:19:07,794]  INFO - 初始化第一行登录按钮！
[2017-10-20 14:19:08,056]  INFO - 初始化第一行注册按钮！
[2017-10-20 14:19:08,058]  INFO - 初始化第一行登录后状态！
[2017-10-20 14:19:08,058]  INFO - 初始化第一行注销按钮！
[2017-10-20 14:19:08,059]  INFO - 初始化第一行最小化按钮！
[2017-10-20 14:19:08,060]  INFO - 初始化第一行最大化按钮！
[2017-10-20 14:19:08,061]  INFO - 初始化第一行关闭按钮！
[2017-10-20 14:19:08,063]  INFO - 初始化第一列行情！
[2017-10-20 14:19:08,063]  INFO - 初始化第一列供需发布！
[2017-10-20 14:19:08,063]  INFO - 初始化第一列K线图！
[2017-10-20 14:19:08,063]  INFO - 初始化第一列资讯！
[2017-10-20 14:19:08,063]  INFO - 初始化第二行快捷按钮！
[2017-10-20 14:19:08,063]  INFO - 初始化买入基价！
[2017-10-20 14:19:08,063]  INFO - 初始化买入基价值！
[2017-10-20 14:19:08,063]  INFO - 初始化卖出基价！
[2017-10-20 14:19:08,063]  INFO - 初始化卖出基价值！
[2017-10-20 14:19:08,068]  INFO - 初始化第二行快捷按钮！
[2017-10-20 14:19:08,072]  INFO - 初始化供需发布！
[2017-10-20 14:19:08,843]  INFO - 初始化界面结束！
[2017-10-20 14:19:08,843]  INFO - 创建登录界面！
[2017-10-20 14:19:08,973]  INFO - 初始化内置浏览器！
[2017-10-20 14:25:09,144]  INFO - 初始化界面开始！
[2017-10-20 14:25:09,151]  INFO - 画板初始化！
[2017-10-20 14:25:09,467]  INFO - 初始化第一行背景！
[2017-10-20 14:25:09,468]  INFO - 初始化第一行行情按钮！
[2017-10-20 14:25:09,469]  INFO - 初始化第一行我的资金按钮！
[2017-10-20 14:25:09,469]  INFO - 初始化第一行基础管理按钮！
[2017-10-20 14:25:09,469]  INFO - 初始化第一行登录按钮！
[2017-10-20 14:25:09,750]  INFO - 初始化第一行注册按钮！
[2017-10-20 14:25:09,752]  INFO - 初始化第一行登录后状态！
[2017-10-20 14:25:09,752]  INFO - 初始化第一行注销按钮！
[2017-10-20 14:25:09,752]  INFO - 初始化第一行最小化按钮！
[2017-10-20 14:25:09,754]  INFO - 初始化第一行最大化按钮！
[2017-10-20 14:25:09,755]  INFO - 初始化第一行关闭按钮！
[2017-10-20 14:25:09,762]  INFO - 初始化第一列行情！
[2017-10-20 14:25:09,762]  INFO - 初始化第一列供需发布！
[2017-10-20 14:25:09,762]  INFO - 初始化第一列K线图！
[2017-10-20 14:25:09,762]  INFO - 初始化第一列资讯！
[2017-10-20 14:25:09,762]  INFO - 初始化第二行快捷按钮！
[2017-10-20 14:25:09,763]  INFO - 初始化买入基价！
[2017-10-20 14:25:09,763]  INFO - 初始化买入基价值！
[2017-10-20 14:25:09,763]  INFO - 初始化卖出基价！
[2017-10-20 14:25:09,763]  INFO - 初始化卖出基价值！
[2017-10-20 14:25:09,769]  INFO - 初始化第二行快捷按钮！
[2017-10-20 14:25:09,773]  INFO - 初始化供需发布！
[2017-10-20 14:25:10,421]  INFO - 初始化界面结束！
[2017-10-20 14:25:10,422]  INFO - 创建登录界面！
[2017-10-20 14:25:10,484]  INFO - 初始化内置浏览器！
[2017-10-20 14:25:13,466]  INFO - 收到Cookies消息,值为：SecurityTicket=
[2017-10-20 14:25:18,841]  INFO - 收到Cookies消息,值为：SecurityToken=Q0FU096jGwLt09UGxb/BmAvjLnUZXfc9y/e1QTrvTeDMHisjlcQp+1LfkvUJALb2jGFUM2lZzR+9gbjLzqDhEg==; SecurityTicket=Q0FU096jGwLt09UGxb/BmAvjLnUZXfc9y/e1QTrvTeDMHisjlcQp+1LfkvUJALb2jGFUM2lZzR+9gbjLzqDhEg==
[2017-10-20 14:27:08,567]  INFO - 初始化界面开始！
[2017-10-20 14:27:08,576]  INFO - 画板初始化！
[2017-10-20 14:27:08,793]  INFO - 初始化第一行背景！
[2017-10-20 14:27:08,794]  INFO - 初始化第一行行情按钮！
[2017-10-20 14:27:08,795]  INFO - 初始化第一行我的资金按钮！
[2017-10-20 14:27:08,795]  INFO - 初始化第一行基础管理按钮！
[2017-10-20 14:27:08,795]  INFO - 初始化第一行登录按钮！
[2017-10-20 14:27:09,000]  INFO - 初始化第一行注册按钮！
[2017-10-20 14:27:09,002]  INFO - 初始化第一行登录后状态！
[2017-10-20 14:27:09,002]  INFO - 初始化第一行注销按钮！
[2017-10-20 14:27:09,002]  INFO - 初始化第一行最小化按钮！
[2017-10-20 14:27:09,003]  INFO - 初始化第一行最大化按钮！
[2017-10-20 14:27:09,004]  INFO - 初始化第一行关闭按钮！
[2017-10-20 14:27:09,005]  INFO - 初始化第一列行情！
[2017-10-20 14:27:09,005]  INFO - 初始化第一列供需发布！
[2017-10-20 14:27:09,005]  INFO - 初始化第一列K线图！
[2017-10-20 14:27:09,005]  INFO - 初始化第一列资讯！
[2017-10-20 14:27:09,005]  INFO - 初始化第二行快捷按钮！
[2017-10-20 14:27:09,005]  INFO - 初始化买入基价！
[2017-10-20 14:27:09,005]  INFO - 初始化买入基价值！
[2017-10-20 14:27:09,005]  INFO - 初始化卖出基价！
[2017-10-20 14:27:09,005]  INFO - 初始化卖出基价值！
[2017-10-20 14:27:09,008]  INFO - 初始化第二行快捷按钮！
[2017-10-20 14:27:09,011]  INFO - 初始化供需发布！
[2017-10-20 14:27:09,370]  INFO - 初始化界面结束！
[2017-10-20 14:27:09,370]  INFO - 创建登录界面！
[2017-10-20 14:27:09,422]  INFO - 初始化内置浏览器！
[2017-10-20 14:27:12,646]  INFO - 收到Cookies消息,值为：SecurityToken=OoKZxMxgp7bbVWOqokCxeiU0kGWVAFpd6bwDzBeVu/c6jfI/bR16hKHOgLNb8eKCDPhxlTB2gOh6Qj8MeMOU+A==; SecurityTicket=OoKZxMxgp7bbVWOqokCxeiU0kGWVAFpd6bwDzBeVu/c6jfI/bR16hKHOgLNb8eKCDPhxlTB2gOh6Qj8MeMOU+A==
[2017-10-20 14:27:13,648]  INFO - 收到Cookies消息,值为：SecurityTicket=
[2017-10-20 14:29:26,844]  INFO - 初始化界面开始！
[2017-10-20 14:29:26,852]  INFO - 画板初始化！
[2017-10-20 14:29:27,338]  INFO - 初始化第一行背景！
[2017-10-20 14:29:27,339]  INFO - 初始化第一行行情按钮！
[2017-10-20 14:29:27,340]  INFO - 初始化第一行我的资金按钮！
[2017-10-20 14:29:27,340]  INFO - 初始化第一行基础管理按钮！
[2017-10-20 14:29:27,340]  INFO - 初始化第一行登录按钮！
[2017-10-20 14:29:27,869]  INFO - 初始化第一行注册按钮！
[2017-10-20 14:29:27,872]  INFO - 初始化第一行登录后状态！
[2017-10-20 14:29:27,872]  INFO - 初始化第一行注销按钮！
[2017-10-20 14:29:27,872]  INFO - 初始化第一行最小化按钮！
[2017-10-20 14:29:27,873]  INFO - 初始化第一行最大化按钮！
[2017-10-20 14:29:27,874]  INFO - 初始化第一行关闭按钮！
[2017-10-20 14:29:27,875]  INFO - 初始化第一列行情！
[2017-10-20 14:29:27,875]  INFO - 初始化第一列供需发布！
[2017-10-20 14:29:27,875]  INFO - 初始化第一列K线图！
[2017-10-20 14:29:27,875]  INFO - 初始化第一列资讯！
[2017-10-20 14:29:27,875]  INFO - 初始化第二行快捷按钮！
[2017-10-20 14:29:27,875]  INFO - 初始化买入基价！
[2017-10-20 14:29:27,875]  INFO - 初始化买入基价值！
[2017-10-20 14:29:27,875]  INFO - 初始化卖出基价！
[2017-10-20 14:29:27,875]  INFO - 初始化卖出基价值！
[2017-10-20 14:29:27,880]  INFO - 初始化第二行快捷按钮！
[2017-10-20 14:29:27,882]  INFO - 初始化供需发布！
[2017-10-20 14:29:28,759]  INFO - 初始化界面结束！
[2017-10-20 14:29:28,759]  INFO - 创建登录界面！
[2017-10-20 14:29:28,858]  INFO - 初始化内置浏览器！
[2017-10-20 14:29:32,016]  INFO - 收到Cookies消息,值为：SecurityToken=b7hq/6/321jK0rg+X3HCG1rkMM/4cQO9jA8v+JUK9xE5XACqEGpbfUGiiMkBr9SgbjEc9mO8iRIlZQ7Bv9aHFg==; SecurityTicket=b7hq/6/321jK0rg+X3HCG1rkMM/4cQO9jA8v+JUK9xE5XACqEGpbfUGiiMkBr9SgbjEc9mO8iRIlZQ7Bv9aHFg==
[2017-10-20 14:31:21,939]  INFO - 初始化界面开始！
[2017-10-20 14:31:21,951]  INFO - 画板初始化！
[2017-10-20 14:31:22,178]  INFO - 初始化第一行背景！
[2017-10-20 14:31:22,180]  INFO - 初始化第一行行情按钮！
[2017-10-20 14:31:22,181]  INFO - 初始化第一行我的资金按钮！
[2017-10-20 14:31:22,181]  INFO - 初始化第一行基础管理按钮！
[2017-10-20 14:31:22,181]  INFO - 初始化第一行登录按钮！
[2017-10-20 14:31:22,453]  INFO - 初始化第一行注册按钮！
[2017-10-20 14:31:22,455]  INFO - 初始化第一行登录后状态！
[2017-10-20 14:31:22,455]  INFO - 初始化第一行注销按钮！
[2017-10-20 14:31:22,455]  INFO - 初始化第一行最小化按钮！
[2017-10-20 14:31:22,456]  INFO - 初始化第一行最大化按钮！
[2017-10-20 14:31:22,457]  INFO - 初始化第一行关闭按钮！
[2017-10-20 14:31:22,458]  INFO - 初始化第一列行情！
[2017-10-20 14:31:22,458]  INFO - 初始化第一列供需发布！
[2017-10-20 14:31:22,458]  INFO - 初始化第一列K线图！
[2017-10-20 14:31:22,458]  INFO - 初始化第一列资讯！
[2017-10-20 14:31:22,458]  INFO - 初始化第二行快捷按钮！
[2017-10-20 14:31:22,458]  INFO - 初始化买入基价！
[2017-10-20 14:31:22,458]  INFO - 初始化买入基价值！
[2017-10-20 14:31:22,458]  INFO - 初始化卖出基价！
[2017-10-20 14:31:22,458]  INFO - 初始化卖出基价值！
[2017-10-20 14:31:22,465]  INFO - 初始化第二行快捷按钮！
[2017-10-20 14:31:22,469]  INFO - 初始化供需发布！
[2017-10-20 14:31:23,044]  INFO - 初始化界面结束！
[2017-10-20 14:31:23,044]  INFO - 创建登录界面！
[2017-10-20 14:31:23,096]  INFO - 初始化内置浏览器！
[2017-10-20 14:31:26,173]  INFO - 收到Cookies消息,值为：SecurityToken=gTrWg7NcYwaPHN4AdmQurspq2i4Qro3/E/xerXjpnPR0ZpmXE6cjRDJLlTpgv+zDNxwq+7Z2oBV8dJirJx3hyA==; SecurityTicket=gTrWg7NcYwaPHN4AdmQurspq2i4Qro3/E/xerXjpnPR0ZpmXE6cjRDJLlTpgv+zDNxwq+7Z2oBV8dJirJx3hyA==
[2017-10-20 14:31:27,270]  INFO - 收到Cookies消息,值为：SecurityTicket=
[2017-10-20 14:59:47,015]  INFO - 初始化界面开始！
[2017-10-20 14:59:47,024]  INFO - 画板初始化！
[2017-10-20 14:59:47,305]  INFO - 初始化第一行背景！
[2017-10-20 14:59:47,306]  INFO - 初始化第一行行情按钮！
[2017-10-20 14:59:47,307]  INFO - 初始化第一行我的资金按钮！
[2017-10-20 14:59:47,307]  INFO - 初始化第一行基础管理按钮！
[2017-10-20 14:59:47,307]  INFO - 初始化第一行登录按钮！
[2017-10-20 14:59:47,593]  INFO - 初始化第一行注册按钮！
[2017-10-20 14:59:47,595]  INFO - 初始化第一行登录后状态！
[2017-10-20 14:59:47,595]  INFO - 初始化第一行注销按钮！
[2017-10-20 14:59:47,595]  INFO - 初始化第一行最小化按钮！
[2017-10-20 14:59:47,597]  INFO - 初始化第一行最大化按钮！
[2017-10-20 14:59:47,598]  INFO - 初始化第一行关闭按钮！
[2017-10-20 14:59:47,599]  INFO - 初始化第一列行情！
[2017-10-20 14:59:47,599]  INFO - 初始化第一列供需发布！
[2017-10-20 14:59:47,599]  INFO - 初始化第一列K线图！
[2017-10-20 14:59:47,599]  INFO - 初始化第一列资讯！
[2017-10-20 14:59:47,599]  INFO - 初始化第二行快捷按钮！
[2017-10-20 14:59:47,599]  INFO - 初始化买入基价！
[2017-10-20 14:59:47,599]  INFO - 初始化买入基价值！
[2017-10-20 14:59:47,599]  INFO - 初始化卖出基价！
[2017-10-20 14:59:47,599]  INFO - 初始化卖出基价值！
[2017-10-20 14:59:47,603]  INFO - 初始化第二行快捷按钮！
[2017-10-20 14:59:47,607]  INFO - 初始化供需发布！
[2017-10-20 14:59:48,145]  INFO - 初始化界面结束！
[2017-10-20 14:59:48,145]  INFO - 创建登录界面！
[2017-10-20 14:59:48,215]  INFO - 初始化内置浏览器！
[2017-10-20 14:59:51,621]  INFO - 收到Cookies消息,值为：SecurityToken=4MGbspCKnO/VZ16Bpz3EXCyERKGRLm9ySIg+ll4kv4Qfp/vHlZvATDGZPfFmzSQWsLRlP3pb/3r9dPzr/z08Zw==; SecurityTicket=4MGbspCKnO/VZ16Bpz3EXCyERKGRLm9ySIg+ll4kv4Qfp/vHlZvATDGZPfFmzSQWsLRlP3pb/3r9dPzr/z08Zw==
[2017-10-20 15:00:04,109] ERROR - System.InvalidOperationException: 线程间操作无效: 从不是创建控件“dataGridView_OutBrand”的线程访问它。
   在 System.Windows.Forms.Control.get_Handle()
   在 System.Windows.Forms.Control.BeginUpdateInternal()
   在 System.Windows.Forms.DataGridView.DataGridViewDataConnection.ProcessListChanged(ListChangedEventArgs e)
   在 System.Windows.Forms.DataGridView.DataGridViewDataConnection.currencyManager_ListChanged(Object sender, ListChangedEventArgs e)
   在 System.Windows.Forms.CurrencyManager.OnListChanged(ListChangedEventArgs e)
   在 System.Windows.Forms.CurrencyManager.List_ListChanged(Object sender, ListChangedEventArgs e)
   在 System.ComponentModel.BindingList`1.OnListChanged(ListChangedEventArgs e)
   在 System.ComponentModel.BindingList`1.FireListChanged(ListChangedType type, Int32 index)
   在 System.ComponentModel.BindingList`1.ClearItems()
   在 System.Collections.ObjectModel.Collection`1.Clear()
   在 UseOnlineTradingSystem.TradingInfoControl.InitializeDelistBrandList(ContractcCategoryVo contractVo) 位置 C:\USeClient\TFS\UseOnlineTradingSystem\UseOnlineTradingSystem\UseOnlineTradingSystem\UserControl\SupplyDemandPublishControl\TradingInfoControl.cs:行号 190
   在 UseOnlineTradingSystem.TradingInfoControl.MQTTService_NoticeWriteOffEvent(DelistBrandVerifyResponseField obj) 位置 C:\USeClient\TFS\UseOnlineTradingSystem\UseOnlineTradingSystem\UseOnlineTradingSystem\UserControl\SupplyDemandPublishControl\TradingInfoControl.cs:行号 275
   在 UseOnlineTradingSystem.MQTTService.M_mqttClient_MqttMsgPublishReceived(Object sender, MqttMsgPublishEventArgs e) 位置 C:\USeClient\TFS\UseOnlineTradingSystem\UseOnlineTradingSystem\UseOnlineTradingSystem\USeCommon\MQTTService\MQTTService.cs:行号 205
[2017-10-20 15:01:02,362]  INFO - 初始化界面开始！
[2017-10-20 15:01:02,370]  INFO - 画板初始化！
[2017-10-20 15:01:02,847]  INFO - 初始化第一行背景！
[2017-10-20 15:01:02,848]  INFO - 初始化第一行行情按钮！
[2017-10-20 15:01:02,849]  INFO - 初始化第一行我的资金按钮！
[2017-10-20 15:01:02,849]  INFO - 初始化第一行基础管理按钮！
[2017-10-20 15:01:02,849]  INFO - 初始化第一行登录按钮！
[2017-10-20 15:01:03,129]  INFO - 初始化第一行注册按钮！
[2017-10-20 15:01:03,131]  INFO - 初始化第一行登录后状态！
[2017-10-20 15:01:03,131]  INFO - 初始化第一行注销按钮！
[2017-10-20 15:01:03,131]  INFO - 初始化第一行最小化按钮！
[2017-10-20 15:01:03,132]  INFO - 初始化第一行最大化按钮！
[2017-10-20 15:01:03,133]  INFO - 初始化第一行关闭按钮！
[2017-10-20 15:01:03,134]  INFO - 初始化第一列行情！
[2017-10-20 15:01:03,134]  INFO - 初始化第一列供需发布！
[2017-10-20 15:01:03,134]  INFO - 初始化第一列K线图！
[2017-10-20 15:01:03,134]  INFO - 初始化第一列资讯！
[2017-10-20 15:01:03,134]  INFO - 初始化第二行快捷按钮！
[2017-10-20 15:01:03,134]  INFO - 初始化买入基价！
[2017-10-20 15:01:03,134]  INFO - 初始化买入基价值！
[2017-10-20 15:01:03,134]  INFO - 初始化卖出基价！
[2017-10-20 15:01:03,134]  INFO - 初始化卖出基价值！
[2017-10-20 15:01:03,138]  INFO - 初始化第二行快捷按钮！
[2017-10-20 15:01:03,141]  INFO - 初始化供需发布！
[2017-10-20 15:01:03,741]  INFO - 初始化界面结束！
[2017-10-20 15:01:03,741]  INFO - 创建登录界面！
[2017-10-20 15:01:03,822]  INFO - 初始化内置浏览器！
[2017-10-20 15:01:06,919]  INFO - 收到Cookies消息,值为：SecurityToken=bQyibRInFHJ9Wq+Q0k1F+hV2Qm0yFKRBJ03n/PFiHhz5cy5ve7Wb1X0JnbrfnRoLSaM0i+LcPD4wTe4/YE6ReA==; SecurityTicket=
[2017-10-20 15:01:08,190]  INFO - 收到Cookies消息,值为：SecurityToken=bQyibRInFHJ9Wq+Q0k1F+hV2Qm0yFKRBJ03n/PFiHhz5cy5ve7Wb1X0JnbrfnRoLSaM0i+LcPD4wTe4/YE6ReA==; SecurityTicket=
[2017-10-20 15:06:00,222]  INFO - 初始化界面开始！
[2017-10-20 15:06:00,231]  INFO - 画板初始化！
[2017-10-20 15:06:00,631]  INFO - 初始化第一行背景！
[2017-10-20 15:06:00,632]  INFO - 初始化第一行行情按钮！
[2017-10-20 15:06:00,633]  INFO - 初始化第一行我的资金按钮！
[2017-10-20 15:06:00,633]  INFO - 初始化第一行基础管理按钮！
[2017-10-20 15:06:00,633]  INFO - 初始化第一行登录按钮！
[2017-10-20 15:06:00,882]  INFO - 初始化第一行注册按钮！
[2017-10-20 15:06:00,883]  INFO - 初始化第一行登录后状态！
[2017-10-20 15:06:00,883]  INFO - 初始化第一行注销按钮！
[2017-10-20 15:06:00,883]  INFO - 初始化第一行最小化按钮！
[2017-10-20 15:06:00,884]  INFO - 初始化第一行最大化按钮！
[2017-10-20 15:06:00,885]  INFO - 初始化第一行关闭按钮！
[2017-10-20 15:06:00,886]  INFO - 初始化第一列行情！
[2017-10-20 15:06:00,886]  INFO - 初始化第一列供需发布！
[2017-10-20 15:06:00,886]  INFO - 初始化第一列K线图！
[2017-10-20 15:06:00,886]  INFO - 初始化第一列资讯！
[2017-10-20 15:06:00,886]  INFO - 初始化第二行快捷按钮！
[2017-10-20 15:06:00,886]  INFO - 初始化买入基价！
[2017-10-20 15:06:00,886]  INFO - 初始化买入基价值！
[2017-10-20 15:06:00,886]  INFO - 初始化卖出基价！
[2017-10-20 15:06:00,886]  INFO - 初始化卖出基价值！
[2017-10-20 15:06:00,890]  INFO - 初始化第二行快捷按钮！
[2017-10-20 15:06:00,892]  INFO - 初始化供需发布！
[2017-10-20 15:06:01,476]  INFO - 初始化界面结束！
[2017-10-20 15:06:01,476]  INFO - 创建登录界面！
[2017-10-20 15:06:01,558]  INFO - 初始化内置浏览器！
[2017-10-20 15:06:05,204]  INFO - 收到Cookies消息,值为：SecurityToken=qTv0+u0CgBNtQW16zIH3n1u7TMVYWMdXpyOUvcdnKZZuDmEHghlAG0c+ErP6Ii7VwbmkFKrmhR1Dsx9ONAlazA==; SecurityTicket=qTv0+u0CgBNtQW16zIH3n1u7TMVYWMdXpyOUvcdnKZZuDmEHghlAG0c+ErP6Ii7VwbmkFKrmhR1Dsx9ONAlazA==
[2017-10-20 15:06:06,297]  INFO - 收到Cookies消息,值为：SecurityToken=qTv0+u0CgBNtQW16zIH3n1u7TMVYWMdXpyOUvcdnKZZuDmEHghlAG0c+ErP6Ii7VwbmkFKrmhR1Dsx9ONAlazA==; SecurityTicket=qTv0+u0CgBNtQW16zIH3n1u7TMVYWMdXpyOUvcdnKZZuDmEHghlAG0c+ErP6Ii7VwbmkFKrmhR1Dsx9ONAlazA==
[2017-10-20 15:17:49,725]  INFO - 初始化界面开始！
[2017-10-20 15:17:49,735]  INFO - 画板初始化！
[2017-10-20 15:17:49,986]  INFO - 初始化第一行背景！
[2017-10-20 15:17:49,988]  INFO - 初始化第一行行情按钮！
[2017-10-20 15:17:49,989]  INFO - 初始化第一行我的资金按钮！
[2017-10-20 15:17:49,989]  INFO - 初始化第一行基础管理按钮！
[2017-10-20 15:17:49,989]  INFO - 初始化第一行登录按钮！
[2017-10-20 15:17:50,621]  INFO - 初始化第一行注册按钮！
[2017-10-20 15:17:50,622]  INFO - 初始化第一行登录后状态！
[2017-10-20 15:17:50,623]  INFO - 初始化第一行注销按钮！
[2017-10-20 15:17:50,623]  INFO - 初始化第一行最小化按钮！
[2017-10-20 15:17:50,624]  INFO - 初始化第一行最大化按钮！
[2017-10-20 15:17:50,625]  INFO - 初始化第一行关闭按钮！
[2017-10-20 15:17:50,627]  INFO - 初始化第一列行情！
[2017-10-20 15:17:50,627]  INFO - 初始化第一列供需发布！
[2017-10-20 15:17:50,627]  INFO - 初始化第一列K线图！
[2017-10-20 15:17:50,627]  INFO - 初始化第一列资讯！
[2017-10-20 15:17:50,627]  INFO - 初始化第二行快捷按钮！
[2017-10-20 15:17:50,627]  INFO - 初始化买入基价！
[2017-10-20 15:17:50,627]  INFO - 初始化买入基价值！
[2017-10-20 15:17:50,627]  INFO - 初始化卖出基价！
[2017-10-20 15:17:50,627]  INFO - 初始化卖出基价值！
[2017-10-20 15:17:50,633]  INFO - 初始化第二行快捷按钮！
[2017-10-20 15:17:50,637]  INFO - 初始化供需发布！
[2017-10-20 15:17:51,510]  INFO - 初始化界面结束！
[2017-10-20 15:17:51,510]  INFO - 创建登录界面！
[2017-10-20 15:17:51,579]  INFO - 初始化内置浏览器！
[2017-10-20 15:18:04,263]  INFO - 收到Cookies消息,值为：SecurityToken=YCpoprzeEf1V3e10+ierBkqv/ipphjUCj+h7fwF82B+pxZz18oOi4GuQFGgluMY3pCdDJzeFU9ewMEEBhlFbNA==; SecurityTicket=YCpoprzeEf1V3e10+ierBkqv/ipphjUCj+h7fwF82B+pxZz18oOi4GuQFGgluMY3pCdDJzeFU9ewMEEBhlFbNA==
[2017-10-20 15:59:27,564]  INFO - 初始化界面开始！
[2017-10-20 15:59:27,573]  INFO - 画板初始化！
[2017-10-20 15:59:27,890]  INFO - 初始化第一行背景！
[2017-10-20 15:59:27,892]  INFO - 初始化第一行行情按钮！
[2017-10-20 15:59:27,893]  INFO - 初始化第一行我的资金按钮！
[2017-10-20 15:59:27,893]  INFO - 初始化第一行基础管理按钮！
[2017-10-20 15:59:27,893]  INFO - 初始化第一行登录按钮！
[2017-10-20 15:59:28,358]  INFO - 初始化第一行注册按钮！
[2017-10-20 15:59:28,360]  INFO - 初始化第一行登录后状态！
[2017-10-20 15:59:28,360]  INFO - 初始化第一行注销按钮！
[2017-10-20 15:59:28,360]  INFO - 初始化第一行最小化按钮！
[2017-10-20 15:59:28,362]  INFO - 初始化第一行最大化按钮！
[2017-10-20 15:59:28,363]  INFO - 初始化第一行关闭按钮！
[2017-10-20 15:59:28,364]  INFO - 初始化第一列行情！
[2017-10-20 15:59:28,365]  INFO - 初始化第一列供需发布！
[2017-10-20 15:59:28,365]  INFO - 初始化第一列K线图！
[2017-10-20 15:59:28,365]  INFO - 初始化第一列资讯！
[2017-10-20 15:59:28,365]  INFO - 初始化第二行快捷按钮！
[2017-10-20 15:59:28,365]  INFO - 初始化买入基价！
[2017-10-20 15:59:28,365]  INFO - 初始化买入基价值！
[2017-10-20 15:59:28,365]  INFO - 初始化卖出基价！
[2017-10-20 15:59:28,365]  INFO - 初始化卖出基价值！
[2017-10-20 15:59:28,373]  INFO - 初始化第二行快捷按钮！
[2017-10-20 15:59:28,377]  INFO - 初始化供需发布！
[2017-10-20 15:59:29,266]  INFO - 初始化界面结束！
[2017-10-20 15:59:29,266]  INFO - 创建登录界面！
[2017-10-20 15:59:29,312]  INFO - 初始化内置浏览器！
[2017-10-20 15:59:32,643]  INFO - 收到Cookies消息,值为：SecurityToken=EO6D08LqDnRJ3iUb/jzicJX303gxI94k4Q1fwQEZnarIehrK6T+o3josCcnvtXBnBZqxiYSXfwHZWr0n8BP+Qw==; SecurityTicket=
[2017-10-20 15:59:33,646]  INFO - 收到Cookies消息,值为：SecurityToken=EO6D08LqDnRJ3iUb/jzicJX303gxI94k4Q1fwQEZnarIehrK6T+o3josCcnvtXBnBZqxiYSXfwHZWr0n8BP+Qw==; SecurityTicket=
[2017-10-20 16:05:45,692]  INFO - 初始化界面开始！
[2017-10-20 16:05:45,704]  INFO - 画板初始化！
[2017-10-20 16:05:46,158]  INFO - 初始化第一行背景！
[2017-10-20 16:05:46,160]  INFO - 初始化第一行行情按钮！
[2017-10-20 16:05:46,161]  INFO - 初始化第一行我的资金按钮！
[2017-10-20 16:05:46,161]  INFO - 初始化第一行基础管理按钮！
[2017-10-20 16:05:46,161]  INFO - 初始化第一行登录按钮！
[2017-10-20 16:05:46,555]  INFO - 初始化第一行注册按钮！
[2017-10-20 16:05:46,557]  INFO - 初始化第一行登录后状态！
[2017-10-20 16:05:46,557]  INFO - 初始化第一行注销按钮！
[2017-10-20 16:05:46,557]  INFO - 初始化第一行最小化按钮！
[2017-10-20 16:05:46,561]  INFO - 初始化第一行最大化按钮！
[2017-10-20 16:05:46,562]  INFO - 初始化第一行关闭按钮！
[2017-10-20 16:05:46,564]  INFO - 初始化第一列行情！
[2017-10-20 16:05:46,565]  INFO - 初始化第一列供需发布！
[2017-10-20 16:05:46,565]  INFO - 初始化第一列K线图！
[2017-10-20 16:05:46,565]  INFO - 初始化第一列资讯！
[2017-10-20 16:05:46,565]  INFO - 初始化第二行快捷按钮！
[2017-10-20 16:05:46,565]  INFO - 初始化买入基价！
[2017-10-20 16:05:46,565]  INFO - 初始化买入基价值！
[2017-10-20 16:05:46,565]  INFO - 初始化卖出基价！
[2017-10-20 16:05:46,565]  INFO - 初始化卖出基价值！
[2017-10-20 16:05:46,572]  INFO - 初始化第二行快捷按钮！
[2017-10-20 16:05:46,577]  INFO - 初始化供需发布！
[2017-10-20 16:05:47,124]  INFO - 初始化界面结束！
[2017-10-20 16:05:47,124]  INFO - 创建登录界面！
[2017-10-20 16:05:47,188]  INFO - 初始化内置浏览器！
[2017-10-20 16:05:50,787]  INFO - 收到Cookies消息,值为：SecurityToken=uwkQWz7towGTChWgWjtJtCa+DWV025R83fyV/40zh4EVZwYDbCScdTGQsasjcYoPuCbsMM179qBg8ObQ/XEY8Q==; SecurityTicket=uwkQWz7towGTChWgWjtJtCa+DWV025R83fyV/40zh4EVZwYDbCScdTGQsasjcYoPuCbsMM179qBg8ObQ/XEY8Q==
[2017-10-20 16:05:51,977]  INFO - 收到Cookies消息,值为：SecurityToken=uwkQWz7towGTChWgWjtJtCa+DWV025R83fyV/40zh4EVZwYDbCScdTGQsasjcYoPuCbsMM179qBg8ObQ/XEY8Q==; SecurityTicket=uwkQWz7towGTChWgWjtJtCa+DWV025R83fyV/40zh4EVZwYDbCScdTGQsasjcYoPuCbsMM179qBg8ObQ/XEY8Q==
[2017-10-20 16:07:07,058]  INFO - 初始化界面开始！
[2017-10-20 16:07:07,066]  INFO - 画板初始化！
[2017-10-20 16:07:07,397]  INFO - 初始化第一行背景！
[2017-10-20 16:07:07,399]  INFO - 初始化第一行行情按钮！
[2017-10-20 16:07:07,399]  INFO - 初始化第一行我的资金按钮！
[2017-10-20 16:07:07,400]  INFO - 初始化第一行基础管理按钮！
[2017-10-20 16:07:07,400]  INFO - 初始化第一行登录按钮！
[2017-10-20 16:07:07,654]  INFO - 初始化第一行注册按钮！
[2017-10-20 16:07:07,655]  INFO - 初始化第一行登录后状态！
[2017-10-20 16:07:07,656]  INFO - 初始化第一行注销按钮！
[2017-10-20 16:07:07,656]  INFO - 初始化第一行最小化按钮！
[2017-10-20 16:07:07,657]  INFO - 初始化第一行最大化按钮！
[2017-10-20 16:07:07,659]  INFO - 初始化第一行关闭按钮！
[2017-10-20 16:07:07,660]  INFO - 初始化第一列行情！
[2017-10-20 16:07:07,660]  INFO - 初始化第一列供需发布！
[2017-10-20 16:07:07,660]  INFO - 初始化第一列K线图！
[2017-10-20 16:07:07,660]  INFO - 初始化第一列资讯！
[2017-10-20 16:07:07,660]  INFO - 初始化第二行快捷按钮！
[2017-10-20 16:07:07,660]  INFO - 初始化买入基价！
[2017-10-20 16:07:07,660]  INFO - 初始化买入基价值！
[2017-10-20 16:07:07,660]  INFO - 初始化卖出基价！
[2017-10-20 16:07:07,660]  INFO - 初始化卖出基价值！
[2017-10-20 16:07:07,666]  INFO - 初始化第二行快捷按钮！
[2017-10-20 16:07:07,670]  INFO - 初始化供需发布！
[2017-10-20 16:07:08,186]  INFO - 初始化界面结束！
[2017-10-20 16:07:08,186]  INFO - 创建登录界面！
[2017-10-20 16:07:08,403]  INFO - 初始化内置浏览器！
[2017-10-20 16:07:11,507]  INFO - 收到Cookies消息,值为：SecurityToken=PQLNFAppjyuttbj9jj9tEECTFFCbaPDpLTHGqSzP4V5oeE2soyOwCKM0DhB2BxJwTA3z5X+DTJLsMUnnpzU5ww==; SecurityTicket=
[2017-10-20 16:07:12,661]  INFO - 收到Cookies消息,值为：SecurityToken=PQLNFAppjyuttbj9jj9tEECTFFCbaPDpLTHGqSzP4V5oeE2soyOwCKM0DhB2BxJwTA3z5X+DTJLsMUnnpzU5ww==; SecurityTicket=
[2017-10-20 17:05:04,942]  INFO - 初始化界面开始！
[2017-10-20 17:05:04,951]  INFO - 画板初始化！
[2017-10-20 17:05:05,236]  INFO - 初始化第一行背景！
[2017-10-20 17:05:05,238]  INFO - 初始化第一行行情按钮！
[2017-10-20 17:05:05,239]  INFO - 初始化第一行我的资金按钮！
[2017-10-20 17:05:05,239]  INFO - 初始化第一行基础管理按钮！
[2017-10-20 17:05:05,239]  INFO - 初始化第一行登录按钮！
[2017-10-20 17:05:05,505]  INFO - 初始化第一行注册按钮！
[2017-10-20 17:05:05,507]  INFO - 初始化第一行登录后状态！
[2017-10-20 17:05:05,507]  INFO - 初始化第一行注销按钮！
[2017-10-20 17:05:05,507]  INFO - 初始化第一行最小化按钮！
[2017-10-20 17:05:05,509]  INFO - 初始化第一行最大化按钮！
[2017-10-20 17:05:05,510]  INFO - 初始化第一行关闭按钮！
[2017-10-20 17:05:05,511]  INFO - 初始化第一列行情！
[2017-10-20 17:05:05,512]  INFO - 初始化第一列供需发布！
[2017-10-20 17:05:05,512]  INFO - 初始化第一列K线图！
[2017-10-20 17:05:05,512]  INFO - 初始化第一列资讯！
[2017-10-20 17:05:05,512]  INFO - 初始化第二行快捷按钮！
[2017-10-20 17:05:05,512]  INFO - 初始化买入基价！
[2017-10-20 17:05:05,512]  INFO - 初始化买入基价值！
[2017-10-20 17:05:05,512]  INFO - 初始化卖出基价！
[2017-10-20 17:05:05,512]  INFO - 初始化卖出基价值！
[2017-10-20 17:05:05,517]  INFO - 初始化第二行快捷按钮！
[2017-10-20 17:05:05,521]  INFO - 初始化供需发布！
[2017-10-20 17:05:06,214]  INFO - 初始化界面结束！
[2017-10-20 17:05:06,214]  INFO - 创建登录界面！
[2017-10-20 17:05:06,274]  INFO - 初始化内置浏览器！
[2017-10-20 17:05:10,080]  INFO - 收到Cookies消息,值为：SecurityToken=nZAphF7Koiq77pcQqR0x//QTPpJPHy4BMBFnDNu+vCcAl4nuHbWRrFq5JhO4oFz2rSLfYJ9Wyjt2m9vDTtDdWA==; SecurityTicket=nZAphF7Koiq77pcQqR0x//QTPpJPHy4BMBFnDNu+vCcAl4nuHbWRrFq5JhO4oFz2rSLfYJ9Wyjt2m9vDTtDdWA==
[2017-10-20 17:05:11,212]  INFO - 收到Cookies消息,值为：SecurityTicket=
[2017-10-20 17:05:40,853]  INFO - 初始化界面开始！
[2017-10-20 17:05:40,861]  INFO - 画板初始化！
[2017-10-20 17:05:41,253]  INFO - 初始化第一行背景！
[2017-10-20 17:05:41,254]  INFO - 初始化第一行行情按钮！
[2017-10-20 17:05:41,255]  INFO - 初始化第一行我的资金按钮！
[2017-10-20 17:05:41,255]  INFO - 初始化第一行基础管理按钮！
[2017-10-20 17:05:41,255]  INFO - 初始化第一行登录按钮！
[2017-10-20 17:05:41,483]  INFO - 初始化第一行注册按钮！
[2017-10-20 17:05:41,485]  INFO - 初始化第一行登录后状态！
[2017-10-20 17:05:41,485]  INFO - 初始化第一行注销按钮！
[2017-10-20 17:05:41,485]  INFO - 初始化第一行最小化按钮！
[2017-10-20 17:05:41,486]  INFO - 初始化第一行最大化按钮！
[2017-10-20 17:05:41,487]  INFO - 初始化第一行关闭按钮！
[2017-10-20 17:05:41,489]  INFO - 初始化第一列行情！
[2017-10-20 17:05:41,489]  INFO - 初始化第一列供需发布！
[2017-10-20 17:05:41,489]  INFO - 初始化第一列K线图！
[2017-10-20 17:05:41,489]  INFO - 初始化第一列资讯！
[2017-10-20 17:05:41,489]  INFO - 初始化第二行快捷按钮！
[2017-10-20 17:05:41,489]  INFO - 初始化买入基价！
[2017-10-20 17:05:41,489]  INFO - 初始化买入基价值！
[2017-10-20 17:05:41,489]  INFO - 初始化卖出基价！
[2017-10-20 17:05:41,489]  INFO - 初始化卖出基价值！
[2017-10-20 17:05:41,494]  INFO - 初始化第二行快捷按钮！
[2017-10-20 17:05:41,499]  INFO - 初始化供需发布！
[2017-10-20 17:05:41,975]  INFO - 初始化界面结束！
[2017-10-20 17:05:41,975]  INFO - 创建登录界面！
[2017-10-20 17:05:42,037]  INFO - 初始化内置浏览器！
[2017-10-20 17:05:45,793]  INFO - 收到Cookies消息,值为：SecurityToken=JOjcofsv6SV/rGkC1kKH4yUVu2BZRX9wAaT9+7b8gIS4eBbkpIbCJQBRl1ObDuMHsDxgeEjz8mmOyAG9YfBm6g==; SecurityTicket=JOjcofsv6SV/rGkC1kKH4yUVu2BZRX9wAaT9+7b8gIS4eBbkpIbCJQBRl1ObDuMHsDxgeEjz8mmOyAG9YfBm6g==
[2017-10-20 17:05:46,844]  INFO - 收到Cookies消息,值为：SecurityToken=JOjcofsv6SV/rGkC1kKH4yUVu2BZRX9wAaT9+7b8gIS4eBbkpIbCJQBRl1ObDuMHsDxgeEjz8mmOyAG9YfBm6g==; SecurityTicket=JOjcofsv6SV/rGkC1kKH4yUVu2BZRX9wAaT9+7b8gIS4eBbkpIbCJQBRl1ObDuMHsDxgeEjz8mmOyAG9YfBm6g==
[2017-10-20 17:06:31,257]  INFO - 初始化界面开始！
[2017-10-20 17:06:31,265]  INFO - 画板初始化！
[2017-10-20 17:06:31,444]  INFO - 初始化第一行背景！
[2017-10-20 17:06:31,446]  INFO - 初始化第一行行情按钮！
[2017-10-20 17:06:31,447]  INFO - 初始化第一行我的资金按钮！
[2017-10-20 17:06:31,447]  INFO - 初始化第一行基础管理按钮！
[2017-10-20 17:06:31,447]  INFO - 初始化第一行登录按钮！
[2017-10-20 17:06:31,701]  INFO - 初始化第一行注册按钮！
[2017-10-20 17:06:31,703]  INFO - 初始化第一行登录后状态！
[2017-10-20 17:06:31,703]  INFO - 初始化第一行注销按钮！
[2017-10-20 17:06:31,703]  INFO - 初始化第一行最小化按钮！
[2017-10-20 17:06:31,704]  INFO - 初始化第一行最大化按钮！
[2017-10-20 17:06:31,705]  INFO - 初始化第一行关闭按钮！
[2017-10-20 17:06:31,706]  INFO - 初始化第一列行情！
[2017-10-20 17:06:31,706]  INFO - 初始化第一列供需发布！
[2017-10-20 17:06:31,706]  INFO - 初始化第一列K线图！
[2017-10-20 17:06:31,706]  INFO - 初始化第一列资讯！
[2017-10-20 17:06:31,706]  INFO - 初始化第二行快捷按钮！
[2017-10-20 17:06:31,707]  INFO - 初始化买入基价！
[2017-10-20 17:06:31,707]  INFO - 初始化买入基价值！
[2017-10-20 17:06:31,707]  INFO - 初始化卖出基价！
[2017-10-20 17:06:31,707]  INFO - 初始化卖出基价值！
[2017-10-20 17:06:31,710]  INFO - 初始化第二行快捷按钮！
[2017-10-20 17:06:31,712]  INFO - 初始化供需发布！
[2017-10-20 17:06:32,091]  INFO - 初始化界面结束！
[2017-10-20 17:06:32,091]  INFO - 创建登录界面！
[2017-10-20 17:06:32,156]  INFO - 初始化内置浏览器！
[2017-10-20 17:06:39,237]  INFO - 收到Cookies消息,值为：SecurityToken=JirJeyYddzmC0AHmFpRL83R4PQ0aK0LmWg0c6whp0UlTk8BaaHe7/dnaXh3N2RX+7OpYcTnHWQYuUipdTLmbJA==; SecurityTicket=JirJeyYddzmC0AHmFpRL83R4PQ0aK0LmWg0c6whp0UlTk8BaaHe7/dnaXh3N2RX+7OpYcTnHWQYuUipdTLmbJA==
[2017-10-20 17:06:40,218]  INFO - 收到Cookies消息,值为：SecurityToken=JirJeyYddzmC0AHmFpRL83R4PQ0aK0LmWg0c6whp0UlTk8BaaHe7/dnaXh3N2RX+7OpYcTnHWQYuUipdTLmbJA==; SecurityTicket=JirJeyYddzmC0AHmFpRL83R4PQ0aK0LmWg0c6whp0UlTk8BaaHe7/dnaXh3N2RX+7OpYcTnHWQYuUipdTLmbJA==
[2017-10-20 17:06:58,338]  INFO - 初始化界面开始！
[2017-10-20 17:06:58,344]  INFO - 画板初始化！
[2017-10-20 17:06:58,711]  INFO - 初始化第一行背景！
[2017-10-20 17:06:58,712]  INFO - 初始化第一行行情按钮！
[2017-10-20 17:06:58,713]  INFO - 初始化第一行我的资金按钮！
[2017-10-20 17:06:58,713]  INFO - 初始化第一行基础管理按钮！
[2017-10-20 17:06:58,713]  INFO - 初始化第一行登录按钮！
[2017-10-20 17:06:58,980]  INFO - 初始化第一行注册按钮！
[2017-10-20 17:06:58,982]  INFO - 初始化第一行登录后状态！
[2017-10-20 17:06:58,982]  INFO - 初始化第一行注销按钮！
[2017-10-20 17:06:58,982]  INFO - 初始化第一行最小化按钮！
[2017-10-20 17:06:58,984]  INFO - 初始化第一行最大化按钮！
[2017-10-20 17:06:58,985]  INFO - 初始化第一行关闭按钮！
[2017-10-20 17:06:58,987]  INFO - 初始化第一列行情！
[2017-10-20 17:06:58,987]  INFO - 初始化第一列供需发布！
[2017-10-20 17:06:58,987]  INFO - 初始化第一列K线图！
[2017-10-20 17:06:58,987]  INFO - 初始化第一列资讯！
[2017-10-20 17:06:58,987]  INFO - 初始化第二行快捷按钮！
[2017-10-20 17:06:58,987]  INFO - 初始化买入基价！
[2017-10-20 17:06:58,987]  INFO - 初始化买入基价值！
[2017-10-20 17:06:58,987]  INFO - 初始化卖出基价！
[2017-10-20 17:06:58,987]  INFO - 初始化卖出基价值！
[2017-10-20 17:06:58,992]  INFO - 初始化第二行快捷按钮！
[2017-10-20 17:06:58,996]  INFO - 初始化供需发布！
[2017-10-20 17:06:59,425]  INFO - 初始化界面结束！
[2017-10-20 17:06:59,425]  INFO - 创建登录界面！
[2017-10-20 17:06:59,485]  INFO - 初始化内置浏览器！
[2017-10-20 17:07:03,526]  INFO - 收到Cookies消息,值为：SecurityToken=G4zH0BW6mA7fvg/4aIJtmmExiEGo15ONoFTKXfdcd2j67rGZ5hr6I2tPE/k7zZpy0GOM0tSrQPTYRxVOzAPphA==; SecurityTicket=G4zH0BW6mA7fvg/4aIJtmmExiEGo15ONoFTKXfdcd2j67rGZ5hr6I2tPE/k7zZpy0GOM0tSrQPTYRxVOzAPphA==
[2017-10-20 17:07:04,676]  INFO - 收到Cookies消息,值为：SecurityToken=G4zH0BW6mA7fvg/4aIJtmmExiEGo15ONoFTKXfdcd2j67rGZ5hr6I2tPE/k7zZpy0GOM0tSrQPTYRxVOzAPphA==; SecurityTicket=G4zH0BW6mA7fvg/4aIJtmmExiEGo15ONoFTKXfdcd2j67rGZ5hr6I2tPE/k7zZpy0GOM0tSrQPTYRxVOzAPphA==
[2017-10-20 17:07:05,677]  INFO - 收到Cookies消息,值为：SecurityToken=G4zH0BW6mA7fvg/4aIJtmmExiEGo15ONoFTKXfdcd2j67rGZ5hr6I2tPE/k7zZpy0GOM0tSrQPTYRxVOzAPphA==; SecurityTicket=G4zH0BW6mA7fvg/4aIJtmmExiEGo15ONoFTKXfdcd2j67rGZ5hr6I2tPE/k7zZpy0GOM0tSrQPTYRxVOzAPphA==
[2017-10-20 17:07:23,306]  INFO - 退出程序!
[2017-10-20 17:07:46,077]  INFO - 初始化界面开始！
[2017-10-20 17:07:46,086]  INFO - 画板初始化！
[2017-10-20 17:07:46,316]  INFO - 初始化第一行背景！
[2017-10-20 17:07:46,317]  INFO - 初始化第一行行情按钮！
[2017-10-20 17:07:46,318]  INFO - 初始化第一行我的资金按钮！
[2017-10-20 17:07:46,318]  INFO - 初始化第一行基础管理按钮！
[2017-10-20 17:07:46,318]  INFO - 初始化第一行登录按钮！
[2017-10-20 17:07:46,554]  INFO - 初始化第一行注册按钮！
[2017-10-20 17:07:46,555]  INFO - 初始化第一行登录后状态！
[2017-10-20 17:07:46,555]  INFO - 初始化第一行注销按钮！
[2017-10-20 17:07:46,555]  INFO - 初始化第一行最小化按钮！
[2017-10-20 17:07:46,557]  INFO - 初始化第一行最大化按钮！
[2017-10-20 17:07:46,560]  INFO - 初始化第一行关闭按钮！
[2017-10-20 17:07:46,562]  INFO - 初始化第一列行情！
[2017-10-20 17:07:46,562]  INFO - 初始化第一列供需发布！
[2017-10-20 17:07:46,562]  INFO - 初始化第一列K线图！
[2017-10-20 17:07:46,562]  INFO - 初始化第一列资讯！
[2017-10-20 17:07:46,562]  INFO - 初始化第二行快捷按钮！
[2017-10-20 17:07:46,562]  INFO - 初始化买入基价！
[2017-10-20 17:07:46,562]  INFO - 初始化买入基价值！
[2017-10-20 17:07:46,562]  INFO - 初始化卖出基价！
[2017-10-20 17:07:46,562]  INFO - 初始化卖出基价值！
[2017-10-20 17:07:46,568]  INFO - 初始化第二行快捷按钮！
[2017-10-20 17:07:46,572]  INFO - 初始化供需发布！
[2017-10-20 17:07:46,921]  INFO - 初始化界面结束！
[2017-10-20 17:07:46,921]  INFO - 创建登录界面！
[2017-10-20 17:07:47,002]  INFO - 初始化内置浏览器！
[2017-10-20 17:07:50,686]  INFO - 收到Cookies消息,值为：SecurityToken=x/jhGo+NwqulWONx+aex+v2w3SFYwpkekfR1mmjHG1kUNfmNTTU7AfLS6tE9oI4MOe+iGYGOnRtVpT/+nQWpyw==; SecurityTicket=x/jhGo+NwqulWONx+aex+v2w3SFYwpkekfR1mmjHG1kUNfmNTTU7AfLS6tE9oI4MOe+iGYGOnRtVpT/+nQWpyw==
[2017-10-20 17:07:51,668]  INFO - 收到Cookies消息,值为：SecurityToken=x/jhGo+NwqulWONx+aex+v2w3SFYwpkekfR1mmjHG1kUNfmNTTU7AfLS6tE9oI4MOe+iGYGOnRtVpT/+nQWpyw==; SecurityTicket=x/jhGo+NwqulWONx+aex+v2w3SFYwpkekfR1mmjHG1kUNfmNTTU7AfLS6tE9oI4MOe+iGYGOnRtVpT/+nQWpyw==
[2017-10-20 17:12:23,388]  INFO - 初始化界面开始！
[2017-10-20 17:12:23,397]  INFO - 画板初始化！
[2017-10-20 17:12:23,880]  INFO - 初始化第一行背景！
[2017-10-20 17:12:23,881]  INFO - 初始化第一行行情按钮！
[2017-10-20 17:12:23,882]  INFO - 初始化第一行我的资金按钮！
[2017-10-20 17:12:23,882]  INFO - 初始化第一行基础管理按钮！
[2017-10-20 17:12:23,882]  INFO - 初始化第一行登录按钮！
[2017-10-20 17:12:24,169]  INFO - 初始化第一行注册按钮！
[2017-10-20 17:12:24,171]  INFO - 初始化第一行登录后状态！
[2017-10-20 17:12:24,171]  INFO - 初始化第一行注销按钮！
[2017-10-20 17:12:24,171]  INFO - 初始化第一行最小化按钮！
[2017-10-20 17:12:24,172]  INFO - 初始化第一行最大化按钮！
[2017-10-20 17:12:24,173]  INFO - 初始化第一行关闭按钮！
[2017-10-20 17:12:24,175]  INFO - 初始化第一列行情！
[2017-10-20 17:12:24,175]  INFO - 初始化第一列供需发布！
[2017-10-20 17:12:24,175]  INFO - 初始化第一列K线图！
[2017-10-20 17:12:24,175]  INFO - 初始化第一列资讯！
[2017-10-20 17:12:24,175]  INFO - 初始化第二行快捷按钮！
[2017-10-20 17:12:24,175]  INFO - 初始化买入基价！
[2017-10-20 17:12:24,175]  INFO - 初始化买入基价值！
[2017-10-20 17:12:24,175]  INFO - 初始化卖出基价！
[2017-10-20 17:12:24,175]  INFO - 初始化卖出基价值！
[2017-10-20 17:12:24,181]  INFO - 初始化第二行快捷按钮！
[2017-10-20 17:12:24,185]  INFO - 初始化供需发布！
[2017-10-20 17:12:24,709]  INFO - 初始化界面结束！
[2017-10-20 17:12:24,710]  INFO - 创建登录界面！
[2017-10-20 17:12:24,795]  INFO - 初始化内置浏览器！
[2017-10-20 17:12:30,259]  INFO - 收到Cookies消息,值为：SecurityTicket=
[2017-10-20 17:13:05,202]  INFO - 收到Cookies消息,值为：SecurityToken=RaPXpFF1nTvgQ6Per8eB1YuppmrOz33QSmEujw0Ro2du6DHfb9DDoi6Hcr3zuJW0GoVHnnZExFz/X559mjLgDA==; SecurityTicket=RaPXpFF1nTvgQ6Per8eB1YuppmrOz33QSmEujw0Ro2du6DHfb9DDoi6Hcr3zuJW0GoVHnnZExFz/X559mjLgDA==
[2017-10-20 17:14:22,498]  INFO - 初始化界面开始！
[2017-10-20 17:14:22,507]  INFO - 画板初始化！
[2017-10-20 17:14:22,954]  INFO - 初始化第一行背景！
[2017-10-20 17:14:22,955]  INFO - 初始化第一行行情按钮！
[2017-10-20 17:14:22,956]  INFO - 初始化第一行我的资金按钮！
[2017-10-20 17:14:22,956]  INFO - 初始化第一行基础管理按钮！
[2017-10-20 17:14:22,956]  INFO - 初始化第一行登录按钮！
[2017-10-20 17:14:23,308]  INFO - 初始化第一行注册按钮！
[2017-10-20 17:14:23,309]  INFO - 初始化第一行登录后状态！
[2017-10-20 17:14:23,310]  INFO - 初始化第一行注销按钮！
[2017-10-20 17:14:23,310]  INFO - 初始化第一行最小化按钮！
[2017-10-20 17:14:23,311]  INFO - 初始化第一行最大化按钮！
[2017-10-20 17:14:23,313]  INFO - 初始化第一行关闭按钮！
[2017-10-20 17:14:23,314]  INFO - 初始化第一列行情！
[2017-10-20 17:14:23,315]  INFO - 初始化第一列供需发布！
[2017-10-20 17:14:23,315]  INFO - 初始化第一列K线图！
[2017-10-20 17:14:23,315]  INFO - 初始化第一列资讯！
[2017-10-20 17:14:23,315]  INFO - 初始化第二行快捷按钮！
[2017-10-20 17:14:23,315]  INFO - 初始化买入基价！
[2017-10-20 17:14:23,315]  INFO - 初始化买入基价值！
[2017-10-20 17:14:23,315]  INFO - 初始化卖出基价！
[2017-10-20 17:14:23,315]  INFO - 初始化卖出基价值！
[2017-10-20 17:14:23,320]  INFO - 初始化第二行快捷按钮！
[2017-10-20 17:14:23,324]  INFO - 初始化供需发布！
[2017-10-20 17:14:24,025]  INFO - 初始化界面结束！
[2017-10-20 17:14:24,025]  INFO - 创建登录界面！
[2017-10-20 17:14:24,099]  INFO - 初始化内置浏览器！
[2017-10-20 17:14:27,428]  INFO - 收到Cookies消息,值为：SecurityToken=e9B7kI6m7fthmDCMej+pjDVhHRaYdLF/5nU6zsoPYneTPHwn/9zZD8p1evpvCzlVEQJzMQf5m1eIhNmclgEW5Q==; SecurityTicket=e9B7kI6m7fthmDCMej+pjDVhHRaYdLF/5nU6zsoPYneTPHwn/9zZD8p1evpvCzlVEQJzMQf5m1eIhNmclgEW5Q==
