E 20170830 131009584 Ω®¡¢Http¡¨Ω”≥…π¶...
E 20170830 131009605 ∆Ù∂ØHttpº‡Ã˝≥…π¶...
E 20170830 131015085  ±º‰:2017/8/30 13:07:00 ∫œ‘º:LZNS
E 20170830 131015086  ±º‰:2017/8/30 13:09:00 ∫œ‘º:LLDS
E 20170830 131019919  ±º‰:2017/8/30 13:07:00 ∫œ‘º:LZNS
E 20170830 131024890  ±º‰:2017/8/30 13:09:00 ∫œ‘º:LLDS
E 20170830 133340951 Ω®¡¢Http¡¨Ω”≥…π¶...
E 20170830 133341045 ∆Ù∂ØHttpº‡Ã˝≥…π¶...
E 20170830 133341649  ±º‰:2017/8/30 13:33:00 ∫œ‘º:LALS
E 20170830 133345454  ±º‰:2017/8/30 13:33:00 ∫œ‘º:LNKS
E 20170830 133350474  ±º‰:2017/8/30 13:33:00 ∫œ‘º:LCPS
E 20170830 133350475  ±º‰:2017/8/30 13:33:00 ∫œ‘º:LZNS
E 20170830 133350477  ±º‰:2017/8/30 13:33:00 ∫œ‘º:LALS
E 20170830 133350479  ±º‰:2017/8/30 13:33:00 ∫œ‘º:LLDS
E 20170830 133350480  ±º‰:2017/8/30 13:33:00 ∫œ‘º:LCPS
E 20170830 133355517  ±º‰:2017/8/30 13:33:00 ∫œ‘º:LCPS
E 20170830 133355519  ±º‰:2017/8/30 13:33:00 ∫œ‘º:LCPS
E 20170830 133355520  ±º‰:2017/8/30 13:33:00 ∫œ‘º:LCPS
E 20170830 133355522  ±º‰:2017/8/30 13:33:00 ∫œ‘º:LCPS
E 20170830 133355524  ±º‰:2017/8/30 13:33:00 ∫œ‘º:LALS
E 20170830 133355526  ±º‰:2017/8/30 13:33:00 ∫œ‘º:LCPS
E 20170830 133355528  ±º‰:2017/8/30 13:33:00 ∫œ‘º:LALS
E 20170830 133400538  ±º‰:2017/8/30 13:33:00 ∫œ‘º:LCPS
E 20170830 133400541  ±º‰:2017/8/30 13:33:00 ∫œ‘º:LALS
E 20170830 133400544  ±º‰:2017/8/30 13:34:00 ∫œ‘º:LCPS
E 20170830 133400547  ±º‰:2017/8/30 13:34:00 ∫œ‘º:LCPS
E 20170830 133400549  ±º‰:2017/8/30 13:33:00 ∫œ‘º:LALS
E 20170830 133400552  ±º‰:2017/8/30 13:33:00 ∫œ‘º:LZNS
E 20170830 133424075 Ω®¡¢Http¡¨Ω”≥…π¶...
E 20170830 133424141 ∆Ù∂ØHttpº‡Ã˝≥…π¶...
E 20170830 133425899  ±º‰:2017/8/30 13:34:00 ∫œ‘º:LALS
E 20170830 133430879  ±º‰:2017/8/30 13:34:00 ∫œ‘º:LALS
E 20170830 133430883  ±º‰:2017/8/30 13:34:00 ∫œ‘º:LCPS
E 20170830 133430885  ±º‰:2017/8/30 13:34:00 ∫œ‘º:LALS
E 20170830 133430887  ±º‰:2017/8/30 13:34:00 ∫œ‘º:LALS
E 20170830 133430889  ±º‰:2017/8/30 13:34:00 ∫œ‘º:LZNS
E 20170830 133430892  ±º‰:2017/8/30 13:34:00 ∫œ‘º:LZNS
E 20170830 151836765 Ω®¡¢Http¡¨Ω”≥…π¶...
E 20170830 151836861 ∆Ù∂ØHttpº‡Ã˝≥…π¶...
E 20170830 151844477  ±º‰:2017/8/30 15:18:00 ∫œ‘º:LCPS
E 20170830 151849349  ±º‰:2017/8/30 15:18:00 ∫œ‘º:LZNS
E 20170830 151854356  ±º‰:2017/8/30 15:18:00 ∫œ‘º:LLDS
E 20170830 151854359  ±º‰:2017/8/30 15:18:00 ∫œ‘º:LLDS
E 20170830 151854361  ±º‰:2017/8/30 15:18:00 ∫œ‘º:LNKS
E 20170830 151854364  ±º‰:2017/8/30 15:18:00 ∫œ‘º:LCPS
E 20170830 151854367  ±º‰:2017/8/30 15:18:00 ∫œ‘º:LZNS
E 20170830 151854383  ±º‰:2017/8/30 15:18:00 ∫œ‘º:LALS
E 20170830 151854385  ±º‰:2017/8/30 15:18:00 ∫œ‘º:LNKS
E 20170830 151854387  ±º‰:2017/8/30 15:18:00 ∫œ‘º:LCPS
E 20170830 151854389  ±º‰:2017/8/30 15:18:00 ∫œ‘º:LZNS
E 20170830 151854391  ±º‰:2017/8/30 15:18:00 ∫œ‘º:LALS
E 20170830 151859339  ±º‰:2017/8/30 15:18:00 ∫œ‘º:LLDS
E 20170830 151859340  ±º‰:2017/8/30 15:18:00 ∫œ‘º:LCPS
E 20170830 151859342  ±º‰:2017/8/30 15:18:00 ∫œ‘º:LCPS
E 20170830 151859344  ±º‰:2017/8/30 15:18:00 ∫œ‘º:LNKS
E 20170830 151859346  ±º‰:2017/8/30 15:18:00 ∫œ‘º:LCPS
E 20170830 151913292 Ω®¡¢Http¡¨Ω”≥…π¶...
E 20170830 151913314 ∆Ù∂ØHttpº‡Ã˝≥…π¶...
E 20170830 151914634  ±º‰:2017/8/30 15:19:00 ∫œ‘º:LZNS
E 20170830 151919365  ±º‰:2017/8/30 15:18:00 ∫œ‘º:LNKS
E 20170830 151919368  ±º‰:2017/8/30 15:19:00 ∫œ‘º:LNKS
E 20170830 151924386  ±º‰:2017/8/30 15:19:00 ∫œ‘º:LNKS
E 20170830 151924390  ±º‰:2017/8/30 15:19:00 ∫œ‘º:LCPS
E 20170830 151924392  ±º‰:2017/8/30 15:18:00 ∫œ‘º:LALS
E 20170830 151924395  ±º‰:2017/8/30 15:18:00 ∫œ‘º:LLDS
E 20170830 151924398  ±º‰:2017/8/30 15:19:00 ∫œ‘º:LCPS
