E 20170830 113529847 Ω®¡¢Http¡¨Ω”≥…π¶...
E 20170830 113613047 Ω®¡¢Http¡¨Ω”≥…π¶...
E 20170830 113841067 Ω®¡¢Http¡¨Ω”≥…π¶...
E 20170830 114259813 Ω®¡¢Http¡¨Ω”≥…π¶...
E 20170830 114409545 Ω®¡¢Http¡¨Ω”≥…π¶...
E 20170830 114409566 ∆Ù∂ØHttpº‡Ã˝≥…π¶...
E 20170830 114523923  ±º‰:2017/8/30 11:43:00 ∫œ‘º:LCPS
E 20170830 114523942  ±º‰:2017/8/30 11:43:00 ∫œ‘º:LCPS
E 20170830 114523943  ±º‰:2017/8/30 11:43:00 ∫œ‘º:LCPS
E 20170830 114523945  ±º‰:2017/8/30 11:43:00 ∫œ‘º:LCPS
E 20170830 114523982  ±º‰:2017/8/30 11:45:00 ∫œ‘º:LCPS
E 20170830 114523988  ±º‰:2017/8/30 11:43:00 ∫œ‘º:LCPS
E 20170830 114527489  ±º‰:2017/8/30 11:45:00 ∫œ‘º:LCPS
E 20170830 124646044 Ω®¡¢Http¡¨Ω”≥…π¶...
E 20170830 124646057 ∆Ù∂ØHttpº‡Ã˝≥…π¶...
E 20170830 124654725  ±º‰:2017/8/30 12:34:00 ∫œ‘º:LLDS
E 20170830 124700555  ±º‰:2017/8/30 12:46:00 ∫œ‘º:LZNS
E 20170830 124705849  ±º‰:2017/8/30 12:46:00 ∫œ‘º:LZNS
E 20170830 124710840  ±º‰:2017/8/30 12:34:00 ∫œ‘º:LLDS
E 20170830 124725296 Ω®¡¢Http¡¨Ω”≥…π¶...
E 20170830 124725303 ∆Ù∂ØHttpº‡Ã˝≥…π¶...
E 20170830 124808840  ±º‰:2017/8/30 12:47:00 ∫œ‘º:LALS
E 20170830 124808842  ±º‰:2017/8/30 12:34:00 ∫œ‘º:LLDS
E 20170830 124808849  ±º‰:2017/8/30 10:38:00 ∫œ‘º:LTNS
E 20170830 124926283 Ω®¡¢Http¡¨Ω”≥…π¶...
E 20170830 124926314 ∆Ù∂ØHttpº‡Ã˝≥…π¶...
E 20170830 124934920  ±º‰:2017/8/30 12:49:00 ∫œ‘º:LZNS
E 20170830 124943357  ±º‰:2017/8/30 12:49:00 ∫œ‘º:LZNS
E 20170830 124947211  ±º‰:2017/8/30 12:34:00 ∫œ‘º:LLDS
E 20170830 124949840  ±º‰:2017/8/30 12:49:00 ∫œ‘º:LZNS
E 20170830 124954875  ±º‰:2017/8/30 12:49:00 ∫œ‘º:LZNS
E 20170830 124954878  ±º‰:2017/8/30 12:49:00 ∫œ‘º:LZNS
E 20170830 124959914  ±º‰:2017/8/30 12:49:00 ∫œ‘º:LZNS
E 20170830 124959916  ±º‰:2017/8/30 12:49:00 ∫œ‘º:LZNS
E 20170830 125004946  ±º‰:2017/8/30 12:49:00 ∫œ‘º:LZNS
E 20170830 125013121  ±º‰:2017/8/30 12:49:00 ∫œ‘º:LZNS
E 20170830 125017935  ±º‰:2017/8/30 12:50:00 ∫œ‘º:LZNS
E 20170830 125044354  ±º‰:2017/8/30 12:50:00 ∫œ‘º:LZNS
E 20170830 125315959 Ω®¡¢Http¡¨Ω”≥…π¶...
E 20170830 125315976 ∆Ù∂ØHttpº‡Ã˝≥…π¶...
E 20170830 125316147  ±º‰:2017/8/30 12:37:00 ∫œ‘º:LCPS
E 20170830 125322761  ±º‰:2017/8/30 12:53:00 ∫œ‘º:LCPS
E 20170830 125322797  ±º‰:2017/8/30 12:52:00 ∫œ‘º:LALS
E 20170830 125322873  ±º‰:2017/8/30 12:53:00 ∫œ‘º:LCPS
E 20170830 125322883  ±º‰:2017/8/30 12:53:00 ∫œ‘º:LZNS
E 20170830 125330214  ±º‰:2017/8/30 12:53:00 ∫œ‘º:LZNS
E 20170830 125344163  ±º‰:2017/8/30 12:53:00 ∫œ‘º:LZNS
E 20170830 125349144  ±º‰:2017/8/30 12:53:00 ∫œ‘º:LZNS
E 20170830 125349145  ±º‰:2017/8/30 12:53:00 ∫œ‘º:LZNS
E 20170830 125349147  ±º‰:2017/8/30 12:53:00 ∫œ‘º:LZNS
E 20170830 125349149  ±º‰:2017/8/30 12:53:00 ∫œ‘º:LZNS
E 20170830 125349150  ±º‰:2017/8/30 12:53:00 ∫œ‘º:LZNS
E 20170830 125510914 Ω®¡¢Http¡¨Ω”≥…π¶...
E 20170830 125510965 ∆Ù∂ØHttpº‡Ã˝≥…π¶...
E 20170830 125542645 Ω®¡¢Http¡¨Ω”≥…π¶...
E 20170830 125542668 ∆Ù∂ØHttpº‡Ã˝≥…π¶...
E 20170830 125552958  ±º‰:2017/8/30 12:54:00 ∫œ‘º:LZNS
E 20170830 125557768  ±º‰:2017/8/30 12:54:00 ∫œ‘º:LZNS
E 20170830 125622882 Ω®¡¢Http¡¨Ω”≥…π¶...
E 20170830 125622888 ∆Ù∂ØHttpº‡Ã˝≥…π¶...
E 20170830 125639859  ±º‰:2017/8/30 12:56:00 ∫œ‘º:LCPS
E 20170830 125644852  ±º‰:2017/8/30 12:56:00 ∫œ‘º:LCPS
E 20170830 125707538  ±º‰:2017/8/30 12:34:00 ∫œ‘º:LLDS
E 20170830 125728403  ±º‰:2017/8/30 12:52:00 ∫œ‘º:LALS
E 20170830 125743473  ±º‰:2017/8/30 12:54:00 ∫œ‘º:LZNS
E 20170830 125800737  ±º‰:2017/8/30 12:58:00 ∫œ‘º:LZNS
E 20170830 125822413  ±º‰:2017/8/30 12:58:00 ∫œ‘º:LZNS
E 20170830 125827449  ±º‰:2017/8/30 12:58:00 ∫œ‘º:LZNS
E 20170830 125827452  ±º‰:2017/8/30 12:58:00 ∫œ‘º:LZNS
E 20170830 125834896  ±º‰:2017/8/30 12:58:00 ∫œ‘º:LZNS
E 20170830 125839905  ±º‰:2017/8/30 12:58:00 ∫œ‘º:LZNS
E 20170830 125857060 Ω®¡¢Http¡¨Ω”≥…π¶...
E 20170830 125857087 ∆Ù∂ØHttpº‡Ã˝≥…π¶...
E 20170830 130137366 Ω®¡¢Http¡¨Ω”≥…π¶...
E 20170830 130137417 ∆Ù∂ØHttpº‡Ã˝≥…π¶...
E 20170830 130146311  ±º‰:2017/8/30 13:00:00 ∫œ‘º:LZNS
E 20170830 130149424  ±º‰:2017/8/30 13:00:00 ∫œ‘º:LLDS
E 20170830 130317206 Ω®¡¢Http¡¨Ω”≥…π¶...
E 20170830 130317212 ∆Ù∂ØHttpº‡Ã˝≥…π¶...
E 20170830 130336330 Ω®¡¢Http¡¨Ω”≥…π¶...
E 20170830 130336344 ∆Ù∂ØHttpº‡Ã˝≥…π¶...
E 20170830 130338374  ±º‰:2017/8/30 13:03:00 ∫œ‘º:LZNS
E 20170830 130446924 Ω®¡¢Http¡¨Ω”≥…π¶...
E 20170830 130446974 ∆Ù∂ØHttpº‡Ã˝≥…π¶...
E 20170830 130447626  ±º‰:2017/8/30 13:04:00 ∫œ‘º:LLDS
E 20170830 130600099 Ω®¡¢Http¡¨Ω”≥…π¶...
E 20170830 130600167 ∆Ù∂ØHttpº‡Ã˝≥…π¶...
E 20170830 130602197  ±º‰:2017/8/30 13:03:00 ∫œ‘º:LZNS
E 20170830 130619128 Ω®¡¢Http¡¨Ω”≥…π¶...
E 20170830 130619161 ∆Ù∂ØHttpº‡Ã˝≥…π¶...
E 20170830 130619814  ±º‰:2017/8/30 13:06:00 ∫œ‘º:LLDS
E 20170830 130623621  ±º‰:2017/8/30 13:03:00 ∫œ‘º:LZNS
E 20170830 130623625  ±º‰:2017/8/30 13:06:00 ∫œ‘º:LZNS
E 20170830 130623629  ±º‰:2017/8/30 13:06:00 ∫œ‘º:LLDS
E 20170830 130628597  ±º‰:2017/8/30 13:06:00 ∫œ‘º:LZNS
E 20170830 130628599  ±º‰:2017/8/30 13:06:00 ∫œ‘º:LZNS
E 20170830 130628602  ±º‰:2017/8/30 13:06:00 ∫œ‘º:LLDS
E 20170830 131219520 Ω®¡¢Http¡¨Ω”≥…π¶...
E 20170830 131219581 ∆Ù∂ØHttpº‡Ã˝≥…π¶...
E 20170830 131319441 Ω®¡¢Http¡¨Ω”≥…π¶...
E 20170830 131319464 ∆Ù∂ØHttpº‡Ã˝≥…π¶...
E 20170830 131326821  ±º‰:2017/8/30 13:09:00 ∫œ‘º:LLDS
E 20170830 131331724  ±º‰:2017/8/30 13:09:00 ∫œ‘º:LLDS
E 20170830 131339418  ±º‰:2017/8/30 13:09:00 ∫œ‘º:LLDS
E 20170830 131344420  ±º‰:2017/8/30 13:09:00 ∫œ‘º:LLDS
E 20170830 131859626 Ω®¡¢Http¡¨Ω”≥…π¶...
E 20170830 131859639 ∆Ù∂ØHttpº‡Ã˝≥…π¶...
E 20170830 131913929  ±º‰:2017/8/30 13:17:00 ∫œ‘º:LCPS
E 20170830 131915788  ±º‰:2017/8/30 13:17:00 ∫œ‘º:LCPS
E 20170830 131930243  ±º‰:2017/8/30 13:17:00 ∫œ‘º:LCPS
E 20170830 132007746  ±º‰:2017/8/30 13:16:00 ∫œ‘º:LZNS
E 20170830 132015749  ±º‰:2017/8/30 13:16:00 ∫œ‘º:LLDS
E 20170830 132020823  ±º‰:2017/8/30 13:16:00 ∫œ‘º:LLDS
E 20170830 132030206  ±º‰:2017/8/30 13:16:00 ∫œ‘º:LALS
E 20170830 132032256  ±º‰:2017/8/30 13:16:00 ∫œ‘º:LALS
E 20170830 132032258  ±º‰:2017/8/30 13:16:00 ∫œ‘º:LNKS
E 20170830 132032261  ±º‰:2017/8/30 13:16:00 ∫œ‘º:LZNS
E 20170830 132037319  ±º‰:2017/8/30 13:16:00 ∫œ‘º:LZNS
E 20170830 132042318  ±º‰:2017/8/30 13:16:00 ∫œ‘º:LZNS
E 20170830 132042319  ±º‰:2017/8/30 13:16:00 ∫œ‘º:LZNS
E 20170830 132042320  ±º‰:2017/8/30 13:16:00 ∫œ‘º:LZNS
E 20170830 132047329  ±º‰:2017/8/30 13:16:00 ∫œ‘º:LZNS
E 20170830 132047331  ±º‰:2017/8/30 13:16:00 ∫œ‘º:LLDS
E 20170830 132047332  ±º‰:2017/8/30 13:16:00 ∫œ‘º:LZNS
E 20170830 132058816  ±º‰:2017/8/30 13:16:00 ∫œ‘º:LZNS
E 20170830 132103788  ±º‰:2017/8/30 13:21:00 ∫œ‘º:LZNS
E 20170830 132108814  ±º‰:2017/8/30 13:21:00 ∫œ‘º:LZNS
E 20170830 132134416  ±º‰:2017/8/30 13:16:00 ∫œ‘º:LLDS
E 20170830 132237232  ±º‰:2017/8/30 13:21:00 ∫œ‘º:LZNS
E 20170830 132251057  ±º‰:2017/8/30 13:16:00 ∫œ‘º:LLDS
E 20170830 132326235  ±º‰:2017/8/30 13:21:00 ∫œ‘º:LZNS
E 20170830 132331458  ±º‰:2017/8/30 13:21:00 ∫œ‘º:LZNS
E 20170830 132336483  ±º‰:2017/8/30 13:21:00 ∫œ‘º:LZNS
E 20170830 132341521  ±º‰:2017/8/30 13:21:00 ∫œ‘º:LZNS
E 20170830 132346551  ±º‰:2017/8/30 13:21:00 ∫œ‘º:LZNS
E 20170830 132352304  ±º‰:2017/8/30 13:21:00 ∫œ‘º:LZNS
E 20170830 132357272  ±º‰:2017/8/30 13:17:00 ∫œ‘º:LCPS
E 20170830 132402366  ±º‰:2017/8/30 13:17:00 ∫œ‘º:LCPS
E 20170830 132457719  ±º‰:2017/8/30 13:17:00 ∫œ‘º:LCPS
E 20170830 132457728  ±º‰:2017/8/30 13:17:00 ∫œ‘º:LCPS
E 20170830 132457729  ±º‰:2017/8/30 13:16:00 ∫œ‘º:LLDS
E 20170830 132457759  ±º‰:2017/8/30 13:21:00 ∫œ‘º:LZNS
E 20170830 132515436  ±º‰:2017/8/30 13:16:00 ∫œ‘º:LALS
E 20170830 132520470  ±º‰:2017/8/30 13:17:00 ∫œ‘º:LCPS
E 20170830 132525475  ±º‰:2017/8/30 13:16:00 ∫œ‘º:LLDS
E 20170830 132530476  ±º‰:2017/8/30 13:17:00 ∫œ‘º:LCPS
E 20170830 132530478  ±º‰:2017/8/30 13:17:00 ∫œ‘º:LCPS
E 20170830 132543596 Ω®¡¢Http¡¨Ω”≥…π¶...
E 20170830 132543629 ∆Ù∂ØHttpº‡Ã˝≥…π¶...
E 20170830 132552540  ±º‰:2017/8/30 13:21:00 ∫œ‘º:LZNS
E 20170830 132558153  ±º‰:2017/8/30 13:16:00 ∫œ‘º:LLDS
E 20170830 132558154  ±º‰:2017/8/30 13:16:00 ∫œ‘º:LALS
E 20170830 132600491  ±º‰:2017/8/30 13:21:00 ∫œ‘º:LZNS
E 20170830 132614962  ±º‰:2017/8/30 13:21:00 ∫œ‘º:LZNS
E 20170830 132620038  ±º‰:2017/8/30 13:21:00 ∫œ‘º:LZNS
E 20170830 132620039  ±º‰:2017/8/30 13:21:00 ∫œ‘º:LZNS
E 20170830 132630229  ±º‰:2017/8/30 13:21:00 ∫œ‘º:LZNS
E 20170830 133454051 Ω®¡¢Http¡¨Ω”≥…π¶...
E 20170830 133454094 ∆Ù∂ØHttpº‡Ã˝≥…π¶...
E 20170830 133457284  ±º‰:2017/8/30 13:34:00 ∫œ‘º:LCPS
E 20170830 133501940  ±º‰:2017/8/30 13:34:00 ∫œ‘º:LALS
E 20170830 133501943  ±º‰:2017/8/30 13:34:00 ∫œ‘º:LALS
E 20170830 133507043  ±º‰:2017/8/30 13:35:00 ∫œ‘º:LCPS
E 20170830 133507047  ±º‰:2017/8/30 13:34:00 ∫œ‘º:LZNS
E 20170830 133507051  ±º‰:2017/8/30 13:35:00 ∫œ‘º:LALS
E 20170830 133507054  ±º‰:2017/8/30 13:35:00 ∫œ‘º:LCPS
E 20170830 133507058  ±º‰:2017/8/30 13:35:00 ∫œ‘º:LCPS
E 20170830 133507062  ±º‰:2017/8/30 13:35:00 ∫œ‘º:LCPS
E 20170830 133507064  ±º‰:2017/8/30 13:34:00 ∫œ‘º:LZNS
E 20170830 133507069  ±º‰:2017/8/30 13:35:00 ∫œ‘º:LCPS
E 20170830 133507073  ±º‰:2017/8/30 12:56:00 ∫œ‘º:LTNS
E 20170830 133507076  ±º‰:2017/8/30 13:35:00 ∫œ‘º:LCPS
E 20170830 150141843 Ω®¡¢Http¡¨Ω”≥…π¶...
E 20170830 150141871 ∆Ù∂ØHttpº‡Ã˝≥…π¶...
E 20170830 150159431  ±º‰:2017/8/30 15:01:00 ∫œ‘º:LZNS
E 20170830 151320998 Ω®¡¢Http¡¨Ω”≥…π¶...
E 20170830 151321042 ∆Ù∂ØHttpº‡Ã˝≥…π¶...
E 20170830 151321818  ±º‰:2017/8/30 15:13:00 ∫œ‘º:LLDS
E 20170830 151658384 Ω®¡¢Http¡¨Ω”≥…π¶...
E 20170830 151658416 ∆Ù∂ØHttpº‡Ã˝≥…π¶...
E 20170830 151702407  ±º‰:2017/8/30 15:17:00 ∫œ‘º:LZNS
E 20170830 151946970 Ω®¡¢Http¡¨Ω”≥…π¶...
E 20170830 151946984 ∆Ù∂ØHttpº‡Ã˝≥…π¶...
E 20170830 151948480  ±º‰:2017/8/30 15:19:00 ∫œ‘º:LALS
E 20170830 151952603  ±º‰:2017/8/30 15:19:00 ∫œ‘º:LZNS
E 20170830 151957586  ±º‰:2017/8/30 15:19:00 ∫œ‘º:LALS
E 20170830 151957587  ±º‰:2017/8/30 15:19:00 ∫œ‘º:LCPS
E 20170830 151957588  ±º‰:2017/8/30 15:19:00 ∫œ‘º:LZNS
E 20170830 151957589  ±º‰:2017/8/30 15:19:00 ∫œ‘º:LCPS
E 20170830 152002653  ±º‰:2017/8/30 15:19:00 ∫œ‘º:LCPS
E 20170830 152002656  ±º‰:2017/8/30 15:19:00 ∫œ‘º:LCPS
E 20170830 152007665  ±º‰:2017/8/30 15:20:00 ∫œ‘º:LCPS
E 20170830 152007667  ±º‰:2017/8/30 15:20:00 ∫œ‘º:LZNS
E 20170830 152007668  ±º‰:2017/8/30 15:20:00 ∫œ‘º:LCPS
E 20170830 152012668  ±º‰:2017/8/30 15:20:00 ∫œ‘º:LCPS
E 20170830 152017699  ±º‰:2017/8/30 15:20:00 ∫œ‘º:LCPS
E 20170830 152017701  ±º‰:2017/8/30 15:20:00 ∫œ‘º:LCPS
E 20170830 152017702  ±º‰:2017/8/30 15:20:00 ∫œ‘º:LCPS
E 20170830 152017703  ±º‰:2017/8/30 15:18:00 ∫œ‘º:LLDS
E 20170830 152025517  ±º‰:2017/8/30 15:20:00 ∫œ‘º:LALS
E 20170830 152033330 Ω®¡¢Http¡¨Ω”≥…π¶...
E 20170830 152033350 ∆Ù∂ØHttpº‡Ã˝≥…π¶...
E 20170830 152033907  ±º‰:2017/8/30 15:20:00 ∫œ‘º:LCPS
E 20170830 152033908  ±º‰:2017/8/30 15:20:00 ∫œ‘º:LZNS
E 20170830 152038924  ±º‰:2017/8/30 15:20:00 ∫œ‘º:LCPS
E 20170830 152823167 Ω®¡¢Http¡¨Ω”≥…π¶...
E 20170830 152823193 ∆Ù∂ØHttpº‡Ã˝≥…π¶...
E 20170830 152823698  ±º‰:2017/8/30 15:27:00 ∫œ‘º:LCPS
E 20170830 152827963  ±º‰:2017/8/30 15:28:00 ∫œ‘º:LALS
E 20170830 152827968  ±º‰:2017/8/30 15:28:00 ∫œ‘º:LALS
E 20170830 152832994  ±º‰:2017/8/30 15:27:00 ∫œ‘º:LLDS
E 20170830 152838069  ±º‰:2017/8/30 15:28:00 ∫œ‘º:LALS
E 20170830 152843072  ±º‰:2017/8/30 15:28:00 ∫œ‘º:LALS
E 20170830 152843073  ±º‰:2017/8/30 15:27:00 ∫œ‘º:LLDS
E 20170830 152848118  ±º‰:2017/8/30 15:28:00 ∫œ‘º:LALS
E 20170830 152848119  ±º‰:2017/8/30 15:27:00 ∫œ‘º:LLDS
E 20170830 152848121  ±º‰:2017/8/30 15:28:00 ∫œ‘º:LALS
E 20170830 152857643  ±º‰:2017/8/30 15:28:00 ∫œ‘º:LALS
E 20170830 152902679  ±º‰:2017/8/30 15:29:00 ∫œ‘º:LNKS
E 20170830 152902680  ±º‰:2017/8/30 15:29:00 ∫œ‘º:LCPS
E 20170830 152902681  ±º‰:2017/8/30 15:29:00 ∫œ‘º:LNKS
E 20170830 152902683  ±º‰:2017/8/30 15:29:00 ∫œ‘º:LCPS
E 20170830 152918274 Ω®¡¢Http¡¨Ω”≥…π¶...
E 20170830 152918307 ∆Ù∂ØHttpº‡Ã˝≥…π¶...
E 20170830 153023262 Ω®¡¢Http¡¨Ω”≥…π¶...
E 20170830 153023313 ∆Ù∂ØHttpº‡Ã˝≥…π¶...
E 20170830 153024495  ±º‰:2017/8/30 15:30:00 ∫œ‘º:LCPS
E 20170830 153029460  ±º‰:2017/8/30 15:30:00 ∫œ‘º:LCPS
E 20170830 153029461  ±º‰:2017/8/30 15:30:00 ∫œ‘º:LCPS
E 20170830 153029462  ±º‰:2017/8/30 15:29:00 ∫œ‘º:LLDS
E 20170830 153029463  ±º‰:2017/8/30 15:29:00 ∫œ‘º:LZNS
E 20170830 153210295 Ω®¡¢Http¡¨Ω”≥…π¶...
E 20170830 153210318 ∆Ù∂ØHttpº‡Ã˝≥…π¶...
E 20170830 153236614  ±º‰:2017/8/30 15:31:00 ∫œ‘º:LCPS
E 20170830 153241468  ±º‰:2017/8/30 15:32:00 ∫œ‘º:LCPS
E 20170830 153241469  ±º‰:2017/8/30 15:32:00 ∫œ‘º:LCPS
E 20170830 153315697 Ω®¡¢Http¡¨Ω”≥…π¶...
E 20170830 153315706 ∆Ù∂ØHttpº‡Ã˝≥…π¶...
E 20170830 153322862  ±º‰:2017/8/30 15:33:00 ∫œ‘º:LZNS
E 20170830 153324913  ±º‰:2017/8/30 15:33:00 ∫œ‘º:LZNS
E 20170830 153324916  ±º‰:2017/8/30 15:32:00 ∫œ‘º:LALS
E 20170830 153329925  ±º‰:2017/8/30 15:32:00 ∫œ‘º:LALS
E 20170830 153335028  ±º‰:2017/8/30 15:32:00 ∫œ‘º:LCPS
E 20170830 153335031  ±º‰:2017/8/30 15:32:00 ∫œ‘º:LALS
E 20170830 153335033  ±º‰:2017/8/30 15:33:00 ∫œ‘º:LCPS
E 20170830 153341791  ±º‰:2017/8/30 15:33:00 ∫œ‘º:LCPS
E 20170830 153346697  ±º‰:2017/8/30 15:33:00 ∫œ‘º:LCPS
E 20170830 153351759  ±º‰:2017/8/30 15:33:00 ∫œ‘º:LCPS
E 20170830 153356770  ±º‰:2017/8/30 15:31:00 ∫œ‘º:LLDS
E 20170830 153356773  ±º‰:2017/8/30 15:33:00 ∫œ‘º:LZNS
E 20170830 153401811  ±º‰:2017/8/30 15:31:00 ∫œ‘º:LLDS
E 20170830 153406845  ±º‰:2017/8/30 15:34:00 ∫œ‘º:LZNS
E 20170830 153426541  ±º‰:2017/8/30 15:34:00 ∫œ‘º:LNKS
E 20170830 153432178  ±º‰:2017/8/30 15:34:00 ∫œ‘º:LNKS
E 20170830 153444570 Ω®¡¢Http¡¨Ω”≥…π¶...
E 20170830 153444645 ∆Ù∂ØHttpº‡Ã˝≥…π¶...
E 20170830 153445536  ±º‰:2017/8/30 15:34:00 ∫œ‘º:LZNS
E 20170830 153450335  ±º‰:2017/8/30 15:34:00 ∫œ‘º:LCPS
E 20170830 153457082  ±º‰:2017/8/30 15:34:00 ∫œ‘º:LCPS
E 20170830 153502162  ±º‰:2017/8/30 15:34:00 ∫œ‘º:LNKS
E 20170830 153502165  ±º‰:2017/8/30 15:34:00 ∫œ‘º:LNKS
E 20170830 153502168  ±º‰:2017/8/30 15:34:00 ∫œ‘º:LCPS
E 20170830 153507227  ±º‰:2017/8/30 15:34:00 ∫œ‘º:LCPS
E 20170830 153507230  ±º‰:2017/8/30 15:34:00 ∫œ‘º:LZNS
E 20170830 153507233  ±º‰:2017/8/30 15:34:00 ∫œ‘º:LNKS
E 20170830 153507237  ±º‰:2017/8/30 15:35:00 ∫œ‘º:LNKS
E 20170830 153512188  ±º‰:2017/8/30 15:34:00 ∫œ‘º:LCPS
E 20170830 153512189  ±º‰:2017/8/30 15:35:00 ∫œ‘º:LNKS
E 20170830 153518260  ±º‰:2017/8/30 15:34:00 ∫œ‘º:LCPS
E 20170830 153528972 Ω®¡¢Http¡¨Ω”≥…π¶...
E 20170830 153529044 ∆Ù∂ØHttpº‡Ã˝≥…π¶...
E 20170830 153529548  ±º‰:2017/8/30 15:34:00 ∫œ‘º:LCPS
E 20170830 153529549  ±º‰:2017/8/30 15:35:00 ∫œ‘º:LZNS
E 20170830 153529551  ±º‰:2017/8/30 15:35:00 ∫œ‘º:LLDS
E 20170830 153533632  ±º‰:2017/8/30 15:35:00 ∫œ‘º:LNKS
E 20170830 153533635  ±º‰:2017/8/30 15:35:00 ∫œ‘º:LZNS
E 20170830 153533638  ±º‰:2017/8/30 15:35:00 ∫œ‘º:LALS
E 20170830 153533642  ±º‰:2017/8/30 15:35:00 ∫œ‘º:LLDS
E 20170830 153533657  ±º‰:2017/8/30 15:35:00 ∫œ‘º:LZNS
E 20170830 153538711  ±º‰:2017/8/30 15:35:00 ∫œ‘º:LZNS
E 20170830 153538713  ±º‰:2017/8/30 15:35:00 ∫œ‘º:LALS
E 20170830 153538714  ±º‰:2017/8/30 15:35:00 ∫œ‘º:LZNS
E 20170830 153538715  ±º‰:2017/8/30 15:34:00 ∫œ‘º:LCPS
E 20170830 153538717  ±º‰:2017/8/30 15:35:00 ∫œ‘º:LALS
E 20170830 153543783  ±º‰:2017/8/30 15:34:00 ∫œ‘º:LCPS
E 20170830 153551194  ±º‰:2017/8/30 15:35:00 ∫œ‘º:LZNS
E 20170830 153551202  ±º‰:2017/8/30 15:35:00 ∫œ‘º:LALS
E 20170830 153556222  ±º‰:2017/8/30 15:35:00 ∫œ‘º:LZNS
E 20170830 153556223  ±º‰:2017/8/30 15:35:00 ∫œ‘º:LZNS
E 20170830 153556225  ±º‰:2017/8/30 15:35:00 ∫œ‘º:LZNS
E 20170830 153556226  ±º‰:2017/8/30 15:35:00 ∫œ‘º:LALS
E 20170830 153602115  ±º‰:2017/8/30 15:34:00 ∫œ‘º:LCPS
E 20170830 153721151 Ω®¡¢Http¡¨Ω”≥…π¶...
E 20170830 153721181 ∆Ù∂ØHttpº‡Ã˝≥…π¶...
E 20170830 153729909  ±º‰:2017/8/30 15:37:00 ∫œ‘º:LZNS
E 20170830 153729916  ±º‰:2017/8/30 15:35:00 ∫œ‘º:LALS
E 20170830 153729920  ±º‰:2017/8/30 15:37:00 ∫œ‘º:LLDS
E 20170830 153729937  ±º‰:2017/8/30 15:37:00 ∫œ‘º:LNKS
E 20170830 153729948  ±º‰:2017/8/30 15:37:00 ∫œ‘º:LZNS
E 20170830 153729951  ±º‰:2017/8/30 15:37:00 ∫œ‘º:LLDS
E 20170830 153729952  ±º‰:2017/8/30 15:37:00 ∫œ‘º:LZNS
E 20170830 153729952  ±º‰:2017/8/30 15:37:00 ∫œ‘º:LZNS
E 20170830 153729953  ±º‰:2017/8/30 15:37:00 ∫œ‘º:LZNS
E 20170830 153731852  ±º‰:2017/8/30 15:37:00 ∫œ‘º:LCPS
E 20170830 153747828  ±º‰:2017/8/30 15:37:00 ∫œ‘º:LZNS
E 20170830 153752924  ±º‰:2017/8/30 15:37:00 ∫œ‘º:LLDS
E 20170830 153757980  ±º‰:2017/8/30 15:37:00 ∫œ‘º:LZNS
E 20170830 153757984  ±º‰:2017/8/30 15:37:00 ∫œ‘º:LZNS
E 20170830 153757987  ±º‰:2017/8/30 15:37:00 ∫œ‘º:LLDS
E 20170830 153757989  ±º‰:2017/8/30 15:37:00 ∫œ‘º:LLDS
E 20170830 153803366  ±º‰:2017/8/30 15:38:00 ∫œ‘º:LLDS
E 20170830 153808396  ±º‰:2017/8/30 15:38:00 ∫œ‘º:LLDS
E 20170830 153808399  ±º‰:2017/8/30 15:38:00 ∫œ‘º:LLDS
E 20170830 153813510  ±º‰:2017/8/30 15:37:00 ∫œ‘º:LCPS
E 20170830 153813512  ±º‰:2017/8/30 15:35:00 ∫œ‘º:LALS
E 20170830 153813514  ±º‰:2017/8/30 15:38:00 ∫œ‘º:LALS
E 20170830 153818641  ±º‰:2017/8/30 15:38:00 ∫œ‘º:LCPS
E 20170830 153818642  ±º‰:2017/8/30 15:38:00 ∫œ‘º:LLDS
E 20170830 153823528  ±º‰:2017/8/30 15:38:00 ∫œ‘º:LNKS
E 20170830 153828545  ±º‰:2017/8/30 15:38:00 ∫œ‘º:LCPS
E 20170830 153838577  ±º‰:2017/8/30 15:38:00 ∫œ‘º:LNKS
E 20170830 153900506  ±º‰:2017/8/30 15:39:00 ∫œ‘º:LALS
E 20170830 153905524  ±º‰:2017/8/30 15:39:00 ∫œ‘º:LCPS
E 20170830 153914154  ±º‰:2017/8/30 15:39:00 ∫œ‘º:LCPS
E 20170830 153924824  ±º‰:2017/8/30 15:39:00 ∫œ‘º:LALS
E 20170830 153929856  ±º‰:2017/8/30 15:39:00 ∫œ‘º:LCPS
E 20170830 153934934  ±º‰:2017/8/30 15:39:00 ∫œ‘º:LALS
E 20170830 153934935  ±º‰:2017/8/30 15:39:00 ∫œ‘º:LNKS
E 20170830 153934936  ±º‰:2017/8/30 15:39:00 ∫œ‘º:LCPS
E 20170830 153947203  ±º‰:2017/8/30 15:39:00 ∫œ‘º:LCPS
E 20170830 153955548  ±º‰:2017/8/30 15:39:00 ∫œ‘º:LNKS
E 20170830 154006040  ±º‰:2017/8/30 15:39:00 ∫œ‘º:LALS
E 20170830 154011082  ±º‰:2017/8/30 15:40:00 ∫œ‘º:LALS
E 20170830 154016099  ±º‰:2017/8/30 15:40:00 ∫œ‘º:LLDS
E 20170830 154021122  ±º‰:2017/8/30 15:39:00 ∫œ‘º:LCPS
E 20170830 154021125  ±º‰:2017/8/30 15:40:00 ∫œ‘º:LLDS
E 20170830 154021128  ±º‰:2017/8/30 15:40:00 ∫œ‘º:LNKS
E 20170830 154021130  ±º‰:2017/8/30 15:40:00 ∫œ‘º:LCPS
E 20170830 154026153  ±º‰:2017/8/30 15:40:00 ∫œ‘º:LCPS
E 20170830 154032357  ±º‰:2017/8/30 15:40:00 ∫œ‘º:LALS
E 20170830 154043086  ±º‰:2017/8/30 15:40:00 ∫œ‘º:LCPS
E 20170830 154059928  ±º‰:2017/8/30 15:40:00 ∫œ‘º:LCPS
E 20170830 154104901  ±º‰:2017/8/30 15:40:00 ∫œ‘º:LCPS
E 20170830 154111479  ±º‰:2017/8/30 15:41:00 ∫œ‘º:LALS
E 20170830 154151785  ±º‰:2017/8/30 15:40:00 ∫œ‘º:LCPS
E 20170830 154201653  ±º‰:2017/8/30 15:42:00 ∫œ‘º:LCPS
E 20170830 154210767  ±º‰:2017/8/30 15:42:00 ∫œ‘º:LCPS
E 20170830 154210768  ±º‰:2017/8/30 15:37:00 ∫œ‘º:LZNS
E 20170830 154215810  ±º‰:2017/8/30 15:42:00 ∫œ‘º:LCPS
E 20170830 154228548  ±º‰:2017/8/30 15:42:00 ∫œ‘º:LCPS
E 20170830 154240263  ±º‰:2017/8/30 15:37:00 ∫œ‘º:LZNS
E 20170830 154245249  ±º‰:2017/8/30 15:37:00 ∫œ‘º:LZNS
E 20170830 154252909  ±º‰:2017/8/30 15:42:00 ∫œ‘º:LCPS
E 20170830 154300372  ±º‰:2017/8/30 15:42:00 ∫œ‘º:LCPS
E 20170830 154304014 Ω®¡¢Http¡¨Ω”≥…π¶...
E 20170830 154304042 ∆Ù∂ØHttpº‡Ã˝≥…π¶...
E 20170830 154304526  ±º‰:2017/8/30 15:43:00 ∫œ‘º:LCPS
E 20170830 154318404  ±º‰:2017/8/30 15:43:00 ∫œ‘º:LCPS
E 20170830 154323447  ±º‰:2017/8/30 15:40:00 ∫œ‘º:LLDS
E 20170830 154323450  ±º‰:2017/8/30 15:43:00 ∫œ‘º:LCPS
E 20170830 154328467  ±º‰:2017/8/30 15:40:00 ∫œ‘º:LLDS
E 20170830 154328470  ±º‰:2017/8/30 15:43:00 ∫œ‘º:LNKS
E 20170830 154328473  ±º‰:2017/8/30 15:43:00 ∫œ‘º:LCPS
E 20170830 154335146  ±º‰:2017/8/30 15:37:00 ∫œ‘º:LZNS
E 20170830 154340179  ±º‰:2017/8/30 15:37:00 ∫œ‘º:LZNS
E 20170830 154340182  ±º‰:2017/8/30 15:37:00 ∫œ‘º:LZNS
E 20170830 154340185  ±º‰:2017/8/30 15:43:00 ∫œ‘º:LALS
E 20170830 154340187  ±º‰:2017/8/30 15:43:00 ∫œ‘º:LCPS
E 20170830 154345238  ±º‰:2017/8/30 15:43:00 ∫œ‘º:LCPS
E 20170830 154345241  ±º‰:2017/8/30 15:43:00 ∫œ‘º:LCPS
E 20170830 154350237  ±º‰:2017/8/30 15:43:00 ∫œ‘º:LCPS
E 20170830 154350240  ±º‰:2017/8/30 15:37:00 ∫œ‘º:LZNS
E 20170830 154350243  ±º‰:2017/8/30 15:43:00 ∫œ‘º:LCPS
E 20170830 154355265  ±º‰:2017/8/30 15:43:00 ∫œ‘º:LCPS
E 20170830 154400301  ±º‰:2017/8/30 15:43:00 ∫œ‘º:LCPS
E 20170830 154400303  ±º‰:2017/8/30 15:43:00 ∫œ‘º:LCPS
E 20170830 154406639  ±º‰:2017/8/30 15:44:00 ∫œ‘º:LCPS
E 20170830 154411638  ±º‰:2017/8/30 15:37:00 ∫œ‘º:LZNS
E 20170830 154419382  ±º‰:2017/8/30 15:44:00 ∫œ‘º:LCPS
E 20170830 154419386  ±º‰:2017/8/30 15:37:00 ∫œ‘º:LZNS
E 20170830 154424415  ±º‰:2017/8/30 15:37:00 ∫œ‘º:LZNS
E 20170830 154437689  ±º‰:2017/8/30 15:44:00 ∫œ‘º:LCPS
E 20170830 154442669  ±º‰:2017/8/30 15:44:00 ∫œ‘º:LCPS
E 20170830 154447725  ±º‰:2017/8/30 15:44:00 ∫œ‘º:LCPS
E 20170830 154452997  ±º‰:2017/8/30 15:44:00 ∫œ‘º:LCPS
E 20170830 154458054  ±º‰:2017/8/30 15:44:00 ∫œ‘º:LNKS
E 20170830 154513013  ±º‰:2017/8/30 15:44:00 ∫œ‘º:LCPS
E 20170830 154518090  ±º‰:2017/8/30 15:44:00 ∫œ‘º:LCPS
E 20170830 154523057  ±º‰:2017/8/30 15:44:00 ∫œ‘º:LCPS
E 20170830 154531250  ±º‰:2017/8/30 15:44:00 ∫œ‘º:LCPS
E 20170830 154538152  ±º‰:2017/8/30 15:44:00 ∫œ‘º:LCPS
E 20170830 154620230  ±º‰:2017/8/30 15:46:00 ∫œ‘º:LCPS
E 20170830 154625263  ±º‰:2017/8/30 15:46:00 ∫œ‘º:LCPS
E 20170830 154625277  ±º‰:2017/8/30 15:46:00 ∫œ‘º:LCPS
E 20170830 154630262  ±º‰:2017/8/30 15:46:00 ∫œ‘º:LCPS
E 20170830 154630266  ±º‰:2017/8/30 15:46:00 ∫œ‘º:LCPS
E 20170830 154630269  ±º‰:2017/8/30 15:46:00 ∫œ‘º:LCPS
E 20170830 154630272  ±º‰:2017/8/30 15:46:00 ∫œ‘º:LCPS
E 20170830 154646840  ±º‰:2017/8/30 15:46:00 ∫œ‘º:LZNS
E 20170830 154659296  ±º‰:2017/8/30 15:40:00 ∫œ‘º:LLDS
E 20170830 154709847  ±º‰:2017/8/30 15:47:00 ∫œ‘º:LCPS
E 20170830 154709851  ±º‰:2017/8/30 15:47:00 ∫œ‘º:LALS
E 20170830 154709853  ±º‰:2017/8/30 15:40:00 ∫œ‘º:LLDS
E 20170830 154717677  ±º‰:2017/8/30 15:47:00 ∫œ‘º:LCPS
E 20170830 154747237  ±º‰:2017/8/30 15:47:00 ∫œ‘º:LCPS
E 20170830 154758375  ±º‰:2017/8/30 15:47:00 ∫œ‘º:LCPS
E 20170830 154803426  ±º‰:2017/8/30 15:47:00 ∫œ‘º:LCPS
E 20170830 154839149  ±º‰:2017/8/30 15:47:00 ∫œ‘º:LCPS
E 20170830 154859628 Ω®¡¢Http¡¨Ω”≥…π¶...
E 20170830 154859636 ∆Ù∂ØHttpº‡Ã˝≥…π¶...
E 20170830 154918558  ±º‰:2017/8/30 15:48:00 ∫œ‘º:LCPS
E 20170830 154938931  ±º‰:2017/8/30 15:49:00 ∫œ‘º:LZNS
E 20170830 154938933  ±º‰:2017/8/30 15:40:00 ∫œ‘º:LLDS
E 20170830 154943912  ±º‰:2017/8/30 15:49:00 ∫œ‘º:LNKS
E 20170830 154943915  ±º‰:2017/8/30 15:49:00 ∫œ‘º:LCPS
E 20170830 154943918  ±º‰:2017/8/30 15:49:00 ∫œ‘º:LZNS
E 20170830 154943921  ±º‰:2017/8/30 15:49:00 ∫œ‘º:LALS
E 20170830 154943924  ±º‰:2017/8/30 15:49:00 ∫œ‘º:LLDS
E 20170830 154943945  ±º‰:2017/8/30 15:49:00 ∫œ‘º:LNKS
E 20170830 154943983  ±º‰:2017/8/30 15:49:00 ∫œ‘º:LCPS
E 20170830 154943988  ±º‰:2017/8/30 15:49:00 ∫œ‘º:LZNS
E 20170830 154943995  ±º‰:2017/8/30 15:49:00 ∫œ‘º:LALS
E 20170830 154943997  ±º‰:2017/8/30 15:49:00 ∫œ‘º:LLDS
E 20170830 155659872 Ω®¡¢Http¡¨Ω”≥…π¶...
E 20170830 155659908 ∆Ù∂ØHttpº‡Ã˝≥…π¶...
E 20170830 162856014 Ω®¡¢Http¡¨Ω”≥…π¶...
E 20170830 162856081 ∆Ù∂ØHttpº‡Ã˝≥…π¶...
E 20170830 162858424  ±º‰:2017/8/30 16:28:00 ∫œ‘º:LCPS
E 20170830 162902764  ±º‰:2017/8/30 16:29:00 ∫œ‘º:LNKS
E 20170830 162907826  ±º‰:2017/8/30 16:29:00 ∫œ‘º:LCPS
E 20170830 162912822  ±º‰:2017/8/30 16:29:00 ∫œ‘º:LCPS
E 20170830 162912823  ±º‰:2017/8/30 16:29:00 ∫œ‘º:LNKS
E 20170830 162917865  ±º‰:2017/8/30 16:29:00 ∫œ‘º:LALS
E 20170830 162917867  ±º‰:2017/8/30 16:29:00 ∫œ‘º:LALS
E 20170830 162922913  ±º‰:2017/8/30 16:29:00 ∫œ‘º:LALS
E 20170830 162942774  ±º‰:2017/8/30 16:29:00 ∫œ‘º:LNKS
E 20170830 162950922  ±º‰:2017/8/30 16:29:00 ∫œ‘º:LNKS
E 20170830 162959054  ±º‰:2017/8/30 16:29:00 ∫œ‘º:LALS
E 20170830 163004137  ±º‰:2017/8/30 16:29:00 ∫œ‘º:LNKS
E 20170830 163004138  ±º‰:2017/8/30 16:29:00 ∫œ‘º:LCPS
E 20170830 171955084 Ω®¡¢Http¡¨Ω”≥…π¶...
E 20170830 171955107 ∆Ù∂ØHttpº‡Ã˝≥…π¶...
E 20170830 172010223  ±º‰:2017/8/30 17:20:00 ∫œ‘º:LALS
E 20170830 172024913  ±º‰:2017/8/30 17:20:00 ∫œ‘º:LALS
E 20170830 172108145  ±º‰:2017/8/30 17:21:00 ∫œ‘º:LLDS
E 20170830 172128567  ±º‰:2017/8/30 17:17:00 ∫œ‘º:LCPS
E 20170830 172145085  ±º‰:2017/8/30 17:17:00 ∫œ‘º:LCPS
E 20170830 172150973  ±º‰:2017/8/30 17:21:00 ∫œ‘º:LNKS
E 20170830 172202724 Ω®¡¢Http¡¨Ω”≥…π¶...
E 20170830 172202804 ∆Ù∂ØHttpº‡Ã˝≥…π¶...
E 20170830 172228904  ±º‰:2017/8/30 17:22:00 ∫œ‘º:LCPS
E 20170830 172233809  ±º‰:2017/8/30 17:22:00 ∫œ‘º:LCPS
E 20170830 172238854  ±º‰:2017/8/30 17:22:00 ∫œ‘º:LCPS
E 20170830 172246186  ±º‰:2017/8/30 17:22:00 ∫œ‘º:LCPS
E 20170830 172251273  ±º‰:2017/8/30 17:22:00 ∫œ‘º:LCPS
E 20170830 172333451  ±º‰:2017/8/30 17:22:00 ∫œ‘º:LCPS
E 20170830 172333451  ±º‰:2017/8/30 17:20:00 ∫œ‘º:LALS
E 20170830 172341243  ±º‰:2017/8/30 17:23:00 ∫œ‘º:LZNS
E 20170830 172341244  ±º‰:2017/8/30 17:23:00 ∫œ‘º:LNKS
E 20170830 172343214  ±º‰:2017/8/30 17:23:00 ∫œ‘º:LZNS
E 20170830 172343215  ±º‰:2017/8/30 17:23:00 ∫œ‘º:LZNS
E 20170830 172412363 Ω®¡¢Http¡¨Ω”≥…π¶...
E 20170830 172412401 ∆Ù∂ØHttpº‡Ã˝≥…π¶...
E 20170830 172428252  ±º‰:2017/8/30 17:23:00 ∫œ‘º:LZNS
E 20170830 172433178  ±º‰:2017/8/30 17:24:00 ∫œ‘º:LCPS
E 20170830 172438220  ±º‰:2017/8/30 17:24:00 ∫œ‘º:LCPS
E 20170830 172455036  ±º‰:2017/8/30 17:24:00 ∫œ‘º:LZNS
E 20170830 172509819  ±º‰:2017/8/30 17:24:00 ∫œ‘º:LCPS
E 20170830 172620798  ±º‰:2017/8/30 17:24:00 ∫œ‘º:LZNS
E 20170830 172628134  ±º‰:2017/8/30 17:26:00 ∫œ‘º:LALS
E 20170830 172633156  ±º‰:2017/8/30 17:24:00 ∫œ‘º:LZNS
E 20170830 172638295  ±º‰:2017/8/30 17:26:00 ∫œ‘º:LALS
E 20170830 172718787  ±º‰:2017/8/30 17:27:00 ∫œ‘º:LLDS
E 20170830 172728458  ±º‰:2017/8/30 17:24:00 ∫œ‘º:LZNS
E 20170830 172733466  ±º‰:2017/8/30 17:27:00 ∫œ‘º:LALS
E 20170830 172738491  ±º‰:2017/8/30 16:54:00 ∫œ‘º:LTNS
E 20170830 172743535  ±º‰:2017/8/30 16:54:00 ∫œ‘º:LTNS
E 20170830 172743537  ±º‰:2017/8/30 17:27:00 ∫œ‘º:LALS
E 20170830 172751507  ±º‰:2017/8/30 17:27:00 ∫œ‘º:LALS
E 20170830 172759051  ±º‰:2017/8/30 17:27:00 ∫œ‘º:LALS
E 20170830 172808900  ±º‰:2017/8/30 17:24:00 ∫œ‘º:LCPS
E 20170830 172813911  ±º‰:2017/8/30 17:28:00 ∫œ‘º:LZNS
E 20170830 172813912  ±º‰:2017/8/30 17:27:00 ∫œ‘º:LALS
E 20170830 172813913  ±º‰:2017/8/30 17:27:00 ∫œ‘º:LLDS
E 20170830 172813915  ±º‰:2017/8/30 17:28:00 ∫œ‘º:LALS
E 20170830 172813916  ±º‰:2017/8/30 17:28:00 ∫œ‘º:LLDS
E 20170830 172813917  ±º‰:2017/8/30 17:28:00 ∫œ‘º:LALS
E 20170830 172813918  ±º‰:2017/8/30 17:28:00 ∫œ‘º:LLDS
E 20170830 172818969  ±º‰:2017/8/30 17:28:00 ∫œ‘º:LZNS
E 20170830 172818970  ±º‰:2017/8/30 17:24:00 ∫œ‘º:LCPS
E 20170830 172823993  ±º‰:2017/8/30 17:28:00 ∫œ‘º:LZNS
E 20170830 172823994  ±º‰:2017/8/30 17:28:00 ∫œ‘º:LLDS
E 20170830 172823995  ±º‰:2017/8/30 17:28:00 ∫œ‘º:LLDS
E 20170830 172829029  ±º‰:2017/8/30 17:28:00 ∫œ‘º:LALS
E 20170830 172829029  ±º‰:2017/8/30 17:28:00 ∫œ‘º:LALS
E 20170830 172834062  ±º‰:2017/8/30 17:28:00 ∫œ‘º:LALS
E 20170830 172839108  ±º‰:2017/8/30 17:24:00 ∫œ‘º:LCPS
E 20170830 172844141  ±º‰:2017/8/30 17:28:00 ∫œ‘º:LNKS
E 20170830 172852195  ±º‰:2017/8/30 17:28:00 ∫œ‘º:LALS
E 20170830 172858206  ±º‰:2017/8/30 17:28:00 ∫œ‘º:LNKS
E 20170830 172903246  ±º‰:2017/8/30 17:29:00 ∫œ‘º:LCPS
E 20170830 172903248  ±º‰:2017/8/30 17:29:00 ∫œ‘º:LLDS
E 20170830 172912578  ±º‰:2017/8/30 17:28:00 ∫œ‘º:LNKS
E 20170830 172919772  ±º‰:2017/8/30 17:28:00 ∫œ‘º:LZNS
E 20170830 172919773  ±º‰:2017/8/30 17:29:00 ∫œ‘º:LLDS
E 20170830 172924702  ±º‰:2017/8/30 17:29:00 ∫œ‘º:LCPS
E 20170830 172924703  ±º‰:2017/8/30 17:29:00 ∫œ‘º:LZNS
E 20170830 172924704  ±º‰:2017/8/30 17:29:00 ∫œ‘º:LLDS
E 20170830 172929725  ±º‰:2017/8/30 17:29:00 ∫œ‘º:LCPS
E 20170830 172929726  ±º‰:2017/8/30 17:29:00 ∫œ‘º:LLDS
E 20170830 172929726  ±º‰:2017/8/30 17:29:00 ∫œ‘º:LCPS
E 20170830 172935094  ±º‰:2017/8/30 17:29:00 ∫œ‘º:LCPS
E 20170830 172952515  ±º‰:2017/8/30 17:29:00 ∫œ‘º:LCPS
E 20170830 172957551  ±º‰:2017/8/30 17:29:00 ∫œ‘º:LZNS
E 20170830 172957552  ±º‰:2017/8/30 17:29:00 ∫œ‘º:LZNS
E 20170830 173002617  ±º‰:2017/8/30 17:29:00 ∫œ‘º:LNKS
E 20170830 173002618  ±º‰:2017/8/30 17:29:00 ∫œ‘º:LCPS
E 20170830 173002620  ±º‰:2017/8/30 17:29:00 ∫œ‘º:LZNS
E 20170830 173002621  ±º‰:2017/8/30 17:29:00 ∫œ‘º:LALS
E 20170830 173002622  ±º‰:2017/8/30 17:29:00 ∫œ‘º:LALS
E 20170830 173002623  ±º‰:2017/8/30 17:29:00 ∫œ‘º:LCPS
E 20170830 173007765  ±º‰:2017/8/30 17:29:00 ∫œ‘º:LZNS
E 20170830 173007766  ±º‰:2017/8/30 17:30:00 ∫œ‘º:LALS
E 20170830 173007767  ±º‰:2017/8/30 17:30:00 ∫œ‘º:LALS
E 20170830 173012666  ±º‰:2017/8/30 17:30:00 ∫œ‘º:LZNS
E 20170830 173012667  ±º‰:2017/8/30 17:30:00 ∫œ‘º:LALS
E 20170830 173012667  ±º‰:2017/8/30 17:30:00 ∫œ‘º:LALS
E 20170830 173017769  ±º‰:2017/8/30 17:30:00 ∫œ‘º:LALS
E 20170830 173017770  ±º‰:2017/8/30 17:30:00 ∫œ‘º:LNKS
E 20170830 173017771  ±º‰:2017/8/30 17:29:00 ∫œ‘º:LCPS
E 20170830 173017772  ±º‰:2017/8/30 17:30:00 ∫œ‘º:LZNS
E 20170830 173017773  ±º‰:2017/8/30 17:30:00 ∫œ‘º:LALS
E 20170830 173017774  ±º‰:2017/8/30 17:30:00 ∫œ‘º:LNKS
E 20170830 173017775  ±º‰:2017/8/30 17:30:00 ∫œ‘º:LZNS
E 20170830 173017776  ±º‰:2017/8/30 17:30:00 ∫œ‘º:LALS
E 20170830 173017777  ±º‰:2017/8/30 17:30:00 ∫œ‘º:LALS
E 20170830 173017777  ±º‰:2017/8/30 17:30:00 ∫œ‘º:LZNS
E 20170830 173017778  ±º‰:2017/8/30 17:30:00 ∫œ‘º:LALS
E 20170830 173022725  ±º‰:2017/8/30 17:29:00 ∫œ‘º:LCPS
E 20170830 173022726  ±º‰:2017/8/30 17:30:00 ∫œ‘º:LNKS
E 20170830 173022727  ±º‰:2017/8/30 17:30:00 ∫œ‘º:LNKS
E 20170830 173022728  ±º‰:2017/8/30 17:29:00 ∫œ‘º:LCPS
E 20170830 173027769  ±º‰:2017/8/30 17:30:00 ∫œ‘º:LCPS
E 20170830 173027770  ±º‰:2017/8/30 17:30:00 ∫œ‘º:LALS
E 20170830 173032784  ±º‰:2017/8/30 17:30:00 ∫œ‘º:LALS
E 20170830 173039125  ±º‰:2017/8/30 17:30:00 ∫œ‘º:LALS
E 20170830 173044166  ±º‰:2017/8/30 17:30:00 ∫œ‘º:LALS
E 20170830 173049238  ±º‰:2017/8/30 17:30:00 ∫œ‘º:LZNS
E 20170830 173049239  ±º‰:2017/8/30 17:30:00 ∫œ‘º:LALS
E 20170830 173054268  ±º‰:2017/8/30 17:30:00 ∫œ‘º:LCPS
E 20170830 173054273  ±º‰:2017/8/30 17:30:00 ∫œ‘º:LNKS
E 20170830 173054274  ±º‰:2017/8/30 17:30:00 ∫œ‘º:LCPS
E 20170830 173054276  ±º‰:2017/8/30 17:30:00 ∫œ‘º:LZNS
E 20170830 173054278  ±º‰:2017/8/30 17:30:00 ∫œ‘º:LLDS
E 20170830 173054279  ±º‰:2017/8/30 17:30:00 ∫œ‘º:LALS
E 20170830 173054280  ±º‰:2017/8/30 17:30:00 ∫œ‘º:LALS
E 20170830 173054281  ±º‰:2017/8/30 17:30:00 ∫œ‘º:LALS
E 20170830 173059292  ±º‰:2017/8/30 17:30:00 ∫œ‘º:LZNS
E 20170830 173104328  ±º‰:2017/8/30 17:30:00 ∫œ‘º:LALS
E 20170830 173104329  ±º‰:2017/8/30 17:30:00 ∫œ‘º:LNKS
E 20170830 173104330  ±º‰:2017/8/30 17:31:00 ∫œ‘º:LCPS
E 20170830 173104331  ±º‰:2017/8/30 17:30:00 ∫œ‘º:LALS
E 20170830 173104332  ±º‰:2017/8/30 17:31:00 ∫œ‘º:LCPS
E 20170830 173104333  ±º‰:2017/8/30 17:31:00 ∫œ‘º:LCPS
E 20170830 173104334  ±º‰:2017/8/30 17:31:00 ∫œ‘º:LLDS
E 20170830 173104334  ±º‰:2017/8/30 17:31:00 ∫œ‘º:LLDS
E 20170830 173104335  ±º‰:2017/8/30 17:31:00 ∫œ‘º:LCPS
E 20170830 173104336  ±º‰:2017/8/30 17:30:00 ∫œ‘º:LZNS
E 20170830 173104337  ±º‰:2017/8/30 17:31:00 ∫œ‘º:LLDS
E 20170830 173104338  ±º‰:2017/8/30 17:31:00 ∫œ‘º:LCPS
E 20170830 173104339  ±º‰:2017/8/30 17:31:00 ∫œ‘º:LZNS
E 20170830 173109419  ±º‰:2017/8/30 17:30:00 ∫œ‘º:LALS
E 20170830 173109420  ±º‰:2017/8/30 17:31:00 ∫œ‘º:LCPS
E 20170830 173109421  ±º‰:2017/8/30 17:31:00 ∫œ‘º:LALS
E 20170830 173109422  ±º‰:2017/8/30 17:31:00 ∫œ‘º:LNKS
E 20170830 173114392  ±º‰:2017/8/30 17:31:00 ∫œ‘º:LZNS
E 20170830 173114394  ±º‰:2017/8/30 17:31:00 ∫œ‘º:LALS
E 20170830 173114394  ±º‰:2017/8/30 17:31:00 ∫œ‘º:LCPS
E 20170830 173114395  ±º‰:2017/8/30 17:31:00 ∫œ‘º:LZNS
E 20170830 173114396  ±º‰:2017/8/30 17:31:00 ∫œ‘º:LALS
E 20170830 173114397  ±º‰:2017/8/30 17:31:00 ∫œ‘º:LALS
E 20170830 173119444  ±º‰:2017/8/30 17:31:00 ∫œ‘º:LLDS
E 20170830 173119445  ±º‰:2017/8/30 17:31:00 ∫œ‘º:LALS
E 20170830 173119446  ±º‰:2017/8/30 17:31:00 ∫œ‘º:LLDS
E 20170830 173119447  ±º‰:2017/8/30 17:31:00 ∫œ‘º:LZNS
E 20170830 173124484  ±º‰:2017/8/30 17:31:00 ∫œ‘º:LALS
E 20170830 173124485  ±º‰:2017/8/30 17:31:00 ∫œ‘º:LNKS
E 20170830 173124486  ±º‰:2017/8/30 17:31:00 ∫œ‘º:LALS
E 20170830 173124487  ±º‰:2017/8/30 17:31:00 ∫œ‘º:LALS
E 20170830 173124488  ±º‰:2017/8/30 17:31:00 ∫œ‘º:LCPS
E 20170830 173124489  ±º‰:2017/8/30 17:31:00 ∫œ‘º:LCPS
E 20170830 173124489  ±º‰:2017/8/30 17:31:00 ∫œ‘º:LNKS
E 20170830 173129494  ±º‰:2017/8/30 17:31:00 ∫œ‘º:LALS
E 20170830 173134607  ±º‰:2017/8/30 17:31:00 ∫œ‘º:LALS
E 20170830 173139564  ±º‰:2017/8/30 17:31:00 ∫œ‘º:LALS
E 20170830 173144601  ±º‰:2017/8/30 17:31:00 ∫œ‘º:LALS
E 20170830 173144602  ±º‰:2017/8/30 17:31:00 ∫œ‘º:LALS
E 20170830 173144603  ±º‰:2017/8/30 17:31:00 ∫œ‘º:LCPS
E 20170830 173144604  ±º‰:2017/8/30 17:31:00 ∫œ‘º:LCPS
E 20170830 173149645  ±º‰:2017/8/30 17:31:00 ∫œ‘º:LNKS
E 20170830 173149646  ±º‰:2017/8/30 17:31:00 ∫œ‘º:LCPS
E 20170830 173149647  ±º‰:2017/8/30 17:31:00 ∫œ‘º:LALS
E 20170830 173154703  ±º‰:2017/8/30 17:31:00 ∫œ‘º:LZNS
E 20170830 173159713  ±º‰:2017/8/30 17:31:00 ∫œ‘º:LNKS
E 20170830 173159714  ±º‰:2017/8/30 17:31:00 ∫œ‘º:LZNS
E 20170830 173159715  ±º‰:2017/8/30 17:31:00 ∫œ‘º:LALS
E 20170830 173159716  ±º‰:2017/8/30 17:31:00 ∫œ‘º:LZNS
E 20170830 173204742  ±º‰:2017/8/30 17:32:00 ∫œ‘º:LALS
E 20170830 173204743  ±º‰:2017/8/30 17:32:00 ∫œ‘º:LALS
E 20170830 173210151  ±º‰:2017/8/30 17:32:00 ∫œ‘º:LALS
E 20170830 173210152  ±º‰:2017/8/30 17:32:00 ∫œ‘º:LALS
E 20170830 173215183  ±º‰:2017/8/30 17:32:00 ∫œ‘º:LNKS
E 20170830 173215184  ±º‰:2017/8/30 17:31:00 ∫œ‘º:LZNS
E 20170830 173215185  ±º‰:2017/8/30 17:31:00 ∫œ‘º:LZNS
E 20170830 173215186  ±º‰:2017/8/30 17:32:00 ∫œ‘º:LZNS
E 20170830 173215186  ±º‰:2017/8/30 17:32:00 ∫œ‘º:LZNS
E 20170830 173220650  ±º‰:2017/8/30 17:32:00 ∫œ‘º:LNKS
E 20170830 173220651  ±º‰:2017/8/30 17:32:00 ∫œ‘º:LZNS
E 20170830 173220652  ±º‰:2017/8/30 17:32:00 ∫œ‘º:LALS
E 20170830 173220653  ±º‰:2017/8/30 17:32:00 ∫œ‘º:LALS
E 20170830 173220654  ±º‰:2017/8/30 17:31:00 ∫œ‘º:LCPS
E 20170830 173220655  ±º‰:2017/8/30 17:32:00 ∫œ‘º:LALS
E 20170830 173220655  ±º‰:2017/8/30 17:32:00 ∫œ‘º:LLDS
E 20170830 173225693  ±º‰:2017/8/30 17:32:00 ∫œ‘º:LZNS
E 20170830 173225694  ±º‰:2017/8/30 17:32:00 ∫œ‘º:LALS
E 20170830 173225695  ±º‰:2017/8/30 17:32:00 ∫œ‘º:LZNS
E 20170830 173225696  ±º‰:2017/8/30 17:31:00 ∫œ‘º:LCPS
E 20170830 173230696  ±º‰:2017/8/30 17:32:00 ∫œ‘º:LCPS
E 20170830 173230697  ±º‰:2017/8/30 17:32:00 ∫œ‘º:LCPS
E 20170830 173235767  ±º‰:2017/8/30 17:32:00 ∫œ‘º:LNKS
E 20170830 173235769  ±º‰:2017/8/30 17:32:00 ∫œ‘º:LCPS
E 20170830 173235770  ±º‰:2017/8/30 17:32:00 ∫œ‘º:LCPS
E 20170830 173240811  ±º‰:2017/8/30 17:32:00 ∫œ‘º:LALS
E 20170830 173240812  ±º‰:2017/8/30 17:32:00 ∫œ‘º:LALS
E 20170830 173245800  ±º‰:2017/8/30 17:32:00 ∫œ‘º:LCPS
E 20170830 173245801  ±º‰:2017/8/30 17:32:00 ∫œ‘º:LZNS
E 20170830 173245802  ±º‰:2017/8/30 17:32:00 ∫œ‘º:LZNS
E 20170830 173250887  ±º‰:2017/8/30 17:32:00 ∫œ‘º:LCPS
E 20170830 173250888  ±º‰:2017/8/30 17:32:00 ∫œ‘º:LALS
E 20170830 173250889  ±º‰:2017/8/30 17:32:00 ∫œ‘º:LCPS
E 20170830 173250889  ±º‰:2017/8/30 17:32:00 ∫œ‘º:LALS
E 20170830 173255896  ±º‰:2017/8/30 17:32:00 ∫œ‘º:LALS
E 20170830 173304573  ±º‰:2017/8/30 17:32:00 ∫œ‘º:LNKS
E 20170830 173316230  ±º‰:2017/8/30 17:32:00 ∫œ‘º:LLDS
E 20170830 173321225  ±º‰:2017/8/30 17:33:00 ∫œ‘º:LLDS
E 20170830 173326379  ±º‰:2017/8/30 17:33:00 ∫œ‘º:LLDS
E 20170830 173331314  ±º‰:2017/8/30 17:32:00 ∫œ‘º:LZNS
E 20170830 173336353  ±º‰:2017/8/30 17:33:00 ∫œ‘º:LZNS
E 20170830 173351674  ±º‰:2017/8/30 17:32:00 ∫œ‘º:LCPS
E 20170830 173403815  ±º‰:2017/8/30 17:34:00 ∫œ‘º:LCPS
E 20170830 173408846  ±º‰:2017/8/30 17:34:00 ∫œ‘º:LCPS
E 20170830 173415156  ±º‰:2017/8/30 17:34:00 ∫œ‘º:LCPS
E 20170830 173420175  ±º‰:2017/8/30 17:34:00 ∫œ‘º:LCPS
E 20170830 173425276  ±º‰:2017/8/30 17:34:00 ∫œ‘º:LCPS
E 20170830 173430247  ±º‰:2017/8/30 17:34:00 ∫œ‘º:LCPS
E 20170830 173430248  ±º‰:2017/8/30 17:34:00 ∫œ‘º:LCPS
E 20170830 173435307  ±º‰:2017/8/30 17:34:00 ∫œ‘º:LCPS
E 20170830 173442744  ±º‰:2017/8/30 17:34:00 ∫œ‘º:LCPS
E 20170830 173442745  ±º‰:2017/8/30 17:32:00 ∫œ‘º:LALS
E 20170830 173449409  ±º‰:2017/8/30 17:34:00 ∫œ‘º:LCPS
E 20170830 173454451  ±º‰:2017/8/30 17:34:00 ∫œ‘º:LCPS
E 20170830 173454452  ±º‰:2017/8/30 17:34:00 ∫œ‘º:LNKS
E 20170830 173454453  ±º‰:2017/8/30 17:34:00 ∫œ‘º:LCPS
E 20170830 173454453  ±º‰:2017/8/30 17:34:00 ∫œ‘º:LNKS
E 20170830 173459489  ±º‰:2017/8/30 17:34:00 ∫œ‘º:LCPS
E 20170830 173504524  ±º‰:2017/8/30 17:33:00 ∫œ‘º:LLDS
E 20170830 173504524  ±º‰:2017/8/30 17:35:00 ∫œ‘º:LCPS
E 20170830 173504525  ±º‰:2017/8/30 17:35:00 ∫œ‘º:LCPS
E 20170830 173516255  ±º‰:2017/8/30 17:35:00 ∫œ‘º:LZNS
E 20170830 173521345  ±º‰:2017/8/30 17:35:00 ∫œ‘º:LLDS
E 20170830 173521346  ±º‰:2017/8/30 17:35:00 ∫œ‘º:LZNS
E 20170830 173521347  ±º‰:2017/8/30 17:35:00 ∫œ‘º:LALS
E 20170830 173521349  ±º‰:2017/8/30 17:35:00 ∫œ‘º:LZNS
E 20170830 173521350  ±º‰:2017/8/30 17:35:00 ∫œ‘º:LALS
E 20170830 173521351  ±º‰:2017/8/30 17:35:00 ∫œ‘º:LALS
E 20170830 173532776  ±º‰:2017/8/30 17:35:00 ∫œ‘º:LZNS
E 20170830 173537810  ±º‰:2017/8/30 17:35:00 ∫œ‘º:LCPS
E 20170830 173537811  ±º‰:2017/8/30 17:35:00 ∫œ‘º:LALS
E 20170830 173537812  ±º‰:2017/8/30 17:35:00 ∫œ‘º:LCPS
E 20170830 173537812  ±º‰:2017/8/30 17:35:00 ∫œ‘º:LCPS
E 20170830 173542843  ±º‰:2017/8/30 17:35:00 ∫œ‘º:LCPS
E 20170830 173547873  ±º‰:2017/8/30 17:35:00 ∫œ‘º:LCPS
E 20170830 173547874  ±º‰:2017/8/30 17:35:00 ∫œ‘º:LCPS
E 20170830 173604212  ±º‰:2017/8/30 17:35:00 ∫œ‘º:LCPS
E 20170830 173609248  ±º‰:2017/8/30 17:35:00 ∫œ‘º:LCPS
E 20170830 173609249  ±º‰:2017/8/30 17:36:00 ∫œ‘º:LZNS
E 20170830 173614296  ±º‰:2017/8/30 17:36:00 ∫œ‘º:LZNS
E 20170830 173614298  ±º‰:2017/8/30 17:36:00 ∫œ‘º:LZNS
E 20170830 173621462  ±º‰:2017/8/30 17:35:00 ∫œ‘º:LCPS
E 20170830 173626497  ±º‰:2017/8/30 17:36:00 ∫œ‘º:LZNS
E 20170830 173626498  ±º‰:2017/8/30 17:36:00 ∫œ‘º:LZNS
E 20170830 173631525  ±º‰:2017/8/30 17:36:00 ∫œ‘º:LZNS
E 20170830 173631526  ±º‰:2017/8/30 17:36:00 ∫œ‘º:LZNS
E 20170830 173631528  ±º‰:2017/8/30 17:35:00 ∫œ‘º:LALS
E 20170830 173631529  ±º‰:2017/8/30 17:35:00 ∫œ‘º:LCPS
E 20170830 173631530  ±º‰:2017/8/30 17:36:00 ∫œ‘º:LZNS
E 20170830 173636673  ±º‰:2017/8/30 17:35:00 ∫œ‘º:LCPS
E 20170830 173636674  ±º‰:2017/8/30 17:36:00 ∫œ‘º:LCPS
E 20170830 173636676  ±º‰:2017/8/30 17:35:00 ∫œ‘º:LLDS
E 20170830 173642839  ±º‰:2017/8/30 17:36:00 ∫œ‘º:LALS
E 20170830 173647874  ±º‰:2017/8/30 17:36:00 ∫œ‘º:LALS
E 20170830 173647874  ±º‰:2017/8/30 17:36:00 ∫œ‘º:LCPS
E 20170830 173652892  ±º‰:2017/8/30 17:36:00 ∫œ‘º:LZNS
E 20170830 173652893  ±º‰:2017/8/30 17:34:00 ∫œ‘º:LNKS
E 20170830 173657943  ±º‰:2017/8/30 17:36:00 ∫œ‘º:LZNS
E 20170830 173703602  ±º‰:2017/8/30 17:36:00 ∫œ‘º:LCPS
E 20170830 173703602  ±º‰:2017/8/30 17:37:00 ∫œ‘º:LZNS
E 20170830 173709590  ±º‰:2017/8/30 17:37:00 ∫œ‘º:LALS
E 20170830 173714618  ±º‰:2017/8/30 17:37:00 ∫œ‘º:LALS
E 20170830 173719747  ±º‰:2017/8/30 17:37:00 ∫œ‘º:LALS
E 20170830 173724672  ±º‰:2017/8/30 17:37:00 ∫œ‘º:LALS
E 20170830 173729733  ±º‰:2017/8/30 17:37:00 ∫œ‘º:LCPS
E 20170830 173729734  ±º‰:2017/8/30 17:37:00 ∫œ‘º:LCPS
E 20170830 173729735  ±º‰:2017/8/30 17:37:00 ∫œ‘º:LALS
E 20170830 173734750  ±º‰:2017/8/30 17:37:00 ∫œ‘º:LZNS
E 20170830 173734751  ±º‰:2017/8/30 17:37:00 ∫œ‘º:LZNS
E 20170830 173739802  ±º‰:2017/8/30 17:37:00 ∫œ‘º:LZNS
E 20170830 173739803  ±º‰:2017/8/30 17:37:00 ∫œ‘º:LALS
E 20170830 173744817  ±º‰:2017/8/30 17:37:00 ∫œ‘º:LCPS
E 20170830 173744818  ±º‰:2017/8/30 17:37:00 ∫œ‘º:LALS
E 20170830 173744819  ±º‰:2017/8/30 17:37:00 ∫œ‘º:LCPS
E 20170830 173744820  ±º‰:2017/8/30 17:37:00 ∫œ‘º:LCPS
E 20170830 173751947  ±º‰:2017/8/30 17:37:00 ∫œ‘º:LCPS
E 20170830 173758072  ±º‰:2017/8/30 17:37:00 ∫œ‘º:LCPS
E 20170830 173758073  ±º‰:2017/8/30 17:37:00 ∫œ‘º:LZNS
E 20170830 173803083  ±º‰:2017/8/30 17:37:00 ∫œ‘º:LCPS
E 20170830 173803084  ±º‰:2017/8/30 17:37:00 ∫œ‘º:LCPS
E 20170830 173803085  ±º‰:2017/8/30 16:54:00 ∫œ‘º:LTNS
E 20170830 173803086  ±º‰:2017/8/30 16:54:00 ∫œ‘º:LTNS
E 20170830 173816079  ±º‰:2017/8/30 17:37:00 ∫œ‘º:LZNS
E 20170830 173821165  ±º‰:2017/8/30 17:38:00 ∫œ‘º:LCPS
E 20170830 173821166  ±º‰:2017/8/30 17:38:00 ∫œ‘º:LZNS
E 20170830 173821167  ±º‰:2017/8/30 17:38:00 ∫œ‘º:LCPS
E 20170830 173830317  ±º‰:2017/8/30 17:38:00 ∫œ‘º:LZNS
E 20170830 173835396  ±º‰:2017/8/30 17:38:00 ∫œ‘º:LNKS
E 20170830 173835397  ±º‰:2017/8/30 17:37:00 ∫œ‘º:LALS
E 20170830 173840394  ±º‰:2017/8/30 17:38:00 ∫œ‘º:LALS
E 20170830 173840395  ±º‰:2017/8/30 17:38:00 ∫œ‘º:LCPS
E 20170830 173840397  ±º‰:2017/8/30 17:38:00 ∫œ‘º:LZNS
E 20170830 173849886  ±º‰:2017/8/30 17:38:00 ∫œ‘º:LZNS
E 20170830 173855187  ±º‰:2017/8/30 17:38:00 ∫œ‘º:LLDS
E 20170830 173902720  ±º‰:2017/8/30 17:38:00 ∫œ‘º:LCPS
E 20170830 173907746  ±º‰:2017/8/30 17:38:00 ∫œ‘º:LLDS
E 20170830 173907747  ±º‰:2017/8/30 17:38:00 ∫œ‘º:LCPS
E 20170830 173907748  ±º‰:2017/8/30 17:39:00 ∫œ‘º:LZNS
E 20170830 173907749  ±º‰:2017/8/30 17:39:00 ∫œ‘º:LLDS
E 20170830 173907750  ±º‰:2017/8/30 17:38:00 ∫œ‘º:LCPS
E 20170830 173912764  ±º‰:2017/8/30 17:38:00 ∫œ‘º:LCPS
E 20170830 173917802  ±º‰:2017/8/30 17:38:00 ∫œ‘º:LCPS
E 20170830 173927937  ±º‰:2017/8/30 17:39:00 ∫œ‘º:LZNS
E 20170830 173932979  ±º‰:2017/8/30 17:39:00 ∫œ‘º:LZNS
E 20170830 173932980  ±º‰:2017/8/30 17:39:00 ∫œ‘º:LCPS
E 20170830 173932981  ±º‰:2017/8/30 17:39:00 ∫œ‘º:LLDS
E 20170830 173938014  ±º‰:2017/8/30 17:38:00 ∫œ‘º:LALS
E 20170830 173938015  ±º‰:2017/8/30 17:39:00 ∫œ‘º:LNKS
E 20170830 173938016  ±º‰:2017/8/30 17:39:00 ∫œ‘º:LCPS
E 20170830 173938016  ±º‰:2017/8/30 17:39:00 ∫œ‘º:LZNS
E 20170830 173938017  ±º‰:2017/8/30 17:39:00 ∫œ‘º:LALS
E 20170830 173938018  ±º‰:2017/8/30 17:39:00 ∫œ‘º:LCPS
E 20170830 173938019  ±º‰:2017/8/30 17:39:00 ∫œ‘º:LALS
E 20170830 173938020  ±º‰:2017/8/30 17:39:00 ∫œ‘º:LLDS
E 20170830 173938021  ±º‰:2017/8/30 17:39:00 ∫œ‘º:LALS
E 20170830 173938022  ±º‰:2017/8/30 17:39:00 ∫œ‘º:LALS
E 20170830 173938023  ±º‰:2017/8/30 17:39:00 ∫œ‘º:LZNS
E 20170830 173938024  ±º‰:2017/8/30 17:39:00 ∫œ‘º:LZNS
E 20170830 173938024  ±º‰:2017/8/30 17:39:00 ∫œ‘º:LALS
E 20170830 173943013  ±º‰:2017/8/30 17:39:00 ∫œ‘º:LCPS
E 20170830 173943014  ±º‰:2017/8/30 17:39:00 ∫œ‘º:LALS
E 20170830 173943015  ±º‰:2017/8/30 17:39:00 ∫œ‘º:LCPS
E 20170830 173943016  ±º‰:2017/8/30 17:39:00 ∫œ‘º:LLDS
E 20170830 173943017  ±º‰:2017/8/30 17:39:00 ∫œ‘º:LNKS
E 20170830 173948040  ±º‰:2017/8/30 17:39:00 ∫œ‘º:LALS
E 20170830 173948041  ±º‰:2017/8/30 17:39:00 ∫œ‘º:LZNS
E 20170830 174005451  ±º‰:2017/8/30 17:39:00 ∫œ‘º:LLDS
E 20170830 174018203  ±º‰:2017/8/30 17:40:00 ∫œ‘º:LLDS
E 20170830 174023171  ±º‰:2017/8/30 17:40:00 ∫œ‘º:LZNS
E 20170830 174028198  ±º‰:2017/8/30 17:40:00 ∫œ‘º:LZNS
E 20170830 174028199  ±º‰:2017/8/30 17:40:00 ∫œ‘º:LLDS
E 20170830 174028200  ±º‰:2017/8/30 17:40:00 ∫œ‘º:LZNS
E 20170830 174028201  ±º‰:2017/8/30 17:40:00 ∫œ‘º:LZNS
E 20170830 174028202  ±º‰:2017/8/30 17:40:00 ∫œ‘º:LZNS
E 20170830 174033232  ±º‰:2017/8/30 17:40:00 ∫œ‘º:LZNS
E 20170830 174033233  ±º‰:2017/8/30 17:40:00 ∫œ‘º:LZNS
E 20170830 174049529 Ω®¡¢Http¡¨Ω”≥…π¶...
E 20170830 174049535 ∆Ù∂ØHttpº‡Ã˝≥…π¶...
E 20170830 174049871  ±º‰:2017/8/30 17:40:00 ∫œ‘º:LZNS
E 20170830 174053593  ±º‰:2017/8/30 17:40:00 ∫œ‘º:LZNS
E 20170830 174053594  ±º‰:2017/8/30 17:40:00 ∫œ‘º:LZNS
E 20170830 174058695  ±º‰:2017/8/30 17:40:00 ∫œ‘º:LLDS
E 20170830 174058696  ±º‰:2017/8/30 17:40:00 ∫œ‘º:LZNS
E 20170831 094625300 Ω®¡¢Http¡¨Ω”≥…π¶...
E 20170831 094625334 ∆Ù∂ØHttpº‡Ã˝≥…π¶...
E 20170831 094625800  ±º‰:2017/8/31 9:46:00 ∫œ‘º:LCPS
E 20170831 094629652  ±º‰:2017/8/31 9:46:00 ∫œ‘º:LCPS
E 20170831 094629654  ±º‰:2017/8/31 9:46:00 ∫œ‘º:LCPS
E 20170831 094629656  ±º‰:2017/8/31 9:46:00 ∫œ‘º:LCPS
E 20170831 094634592  ±º‰:2017/8/31 9:46:00 ∫œ‘º:LCPS
E 20170831 094634593  ±º‰:2017/8/31 9:46:00 ∫œ‘º:LCPS
E 20170831 094634594  ±º‰:2017/8/31 9:46:00 ∫œ‘º:LLDS
E 20170831 094634596  ±º‰:2017/8/31 9:46:00 ∫œ‘º:LNKS
E 20170831 094634597  ±º‰:2017/8/31 9:46:00 ∫œ‘º:LCPS
E 20170831 094639627  ±º‰:2017/8/31 9:46:00 ∫œ‘º:LCPS
E 20170831 095107123 Ω®¡¢Http¡¨Ω”≥…π¶...
E 20170831 095107152 ∆Ù∂ØHttpº‡Ã˝≥…π¶...
E 20170831 095107204 ≥¢ ‘∆Ù∂Øº‡Ã˝...
E 20170831 095107952  ±º‰:2017/8/31 9:51:00 ∫œ‘º:LALS
E 20170831 095112048  ±º‰:2017/8/31 9:51:00 ∫œ‘º:LCPS
E 20170831 095112051  ±º‰:2017/8/31 9:51:00 ∫œ‘º:LNKS
E 20170831 095117066  ±º‰:2017/8/31 9:51:00 ∫œ‘º:LNKS
E 20170831 095123177  ±º‰:2017/8/31 9:51:00 ∫œ‘º:LALS
E 20170831 095128232  ±º‰:2017/8/31 9:49:00 ∫œ‘º:LLDS
E 20170831 095146202 Ω®¡¢Http¡¨Ω”≥…π¶...
E 20170831 095146215 ≥¢ ‘∆Ù∂Øº‡Ã˝...
E 20170831 095146235 ∆Ù∂ØHttpº‡Ã˝≥…π¶...
E 20170831 095146830  ±º‰:2017/8/31 9:51:00 ∫œ‘º:LCPS
E 20170831 095151062  ±º‰:2017/8/31 9:51:00 ∫œ‘º:LCPS
E 20170831 095151067  ±º‰:2017/8/31 9:51:00 ∫œ‘º:LCPS
E 20170831 095151070  ±º‰:2017/8/31 9:51:00 ∫œ‘º:LNKS
E 20170831 095151073  ±º‰:2017/8/31 9:51:00 ∫œ‘º:LCPS
E 20170831 095156088  ±º‰:2017/8/31 9:51:00 ∫œ‘º:LNKS
E 20170831 095156089  ±º‰:2017/8/31 9:49:00 ∫œ‘º:LLDS
E 20170831 095156091  ±º‰:2017/8/31 9:51:00 ∫œ‘º:LNKS
E 20170831 095156093  ±º‰:2017/8/31 9:49:00 ∫œ‘º:LLDS
E 20170831 095156094  ±º‰:2017/8/31 9:51:00 ∫œ‘º:LNKS
E 20170831 095201152  ±º‰:2017/8/31 9:49:00 ∫œ‘º:LLDS
E 20170831 095201152  ±º‰:2017/8/31 9:49:00 ∫œ‘º:LLDS
E 20170831 095201154  ±º‰:2017/8/31 9:51:00 ∫œ‘º:LNKS
E 20170831 095201155  ±º‰:2017/8/31 9:49:00 ∫œ‘º:LLDS
E 20170831 095201156  ±º‰:2017/8/31 9:49:00 ∫œ‘º:LLDS
E 20170831 095206175  ±º‰:2017/8/31 9:51:00 ∫œ‘º:LCPS
E 20170831 095206177  ±º‰:2017/8/31 9:51:00 ∫œ‘º:LCPS
E 20170831 095206178  ±º‰:2017/8/31 9:52:00 ∫œ‘º:LNKS
E 20170831 095206180  ±º‰:2017/8/31 9:49:00 ∫œ‘º:LLDS
E 20170831 095211462  ±º‰:2017/8/31 9:49:00 ∫œ‘º:LLDS
E 20170831 095211463  ±º‰:2017/8/31 9:49:00 ∫œ‘º:LLDS
E 20170831 095211464  ±º‰:2017/8/31 9:49:00 ∫œ‘º:LLDS
E 20170831 095218110  ±º‰:2017/8/31 9:52:00 ∫œ‘º:LCPS
E 20170831 095223137  ±º‰:2017/8/31 9:52:00 ∫œ‘º:LCPS
E 20170831 095223137  ±º‰:2017/8/31 9:52:00 ∫œ‘º:LNKS
E 20170831 095228102  ±º‰:2017/8/31 9:49:00 ∫œ‘º:LLDS
E 20170831 095234825  ±º‰:2017/8/31 9:52:00 ∫œ‘º:LNKS
E 20170831 095242792  ±º‰:2017/8/31 9:52:00 ∫œ‘º:LNKS
E 20170831 095247851  ±º‰:2017/8/31 9:49:00 ∫œ‘º:LLDS
E 20170831 095247852  ±º‰:2017/8/31 9:52:00 ∫œ‘º:LCPS
E 20170831 095247853  ±º‰:2017/8/31 9:52:00 ∫œ‘º:LLDS
E 20170831 095252897  ±º‰:2017/8/31 9:52:00 ∫œ‘º:LCPS
E 20170831 095252900  ±º‰:2017/8/31 9:52:00 ∫œ‘º:LNKS
E 20170831 095252903  ±º‰:2017/8/31 9:52:00 ∫œ‘º:LCPS
E 20170831 095559194 ≥¢ ‘∆Ù∂Øº‡Ã˝...
E 20170831 095559244 ∆Ù∂ØHttpº‡Ã˝≥…π¶...
E 20170831 095559253 Ω®¡¢Http¡¨Ω”≥…π¶...
E 20170831 095559974  ±º‰:2017/8/31 9:55:00 ∫œ‘º:LCPS
E 20170831 095603467  ±º‰:2017/8/31 9:55:00 ∫œ‘º:LCPS
E 20170831 095603471  ±º‰:2017/8/31 9:52:00 ∫œ‘º:LLDS
E 20170831 095603475  ±º‰:2017/8/31 9:55:00 ∫œ‘º:LCPS
E 20170831 095603478  ±º‰:2017/8/31 9:52:00 ∫œ‘º:LLDS
E 20170831 095603480  ±º‰:2017/8/31 9:52:00 ∫œ‘º:LLDS
E 20170831 095608536  ±º‰:2017/8/31 9:56:00 ∫œ‘º:LNKS
E 20170831 095608538  ±º‰:2017/8/31 9:55:00 ∫œ‘º:LCPS
E 20170831 095608539  ±º‰:2017/8/31 9:55:00 ∫œ‘º:LALS
E 20170831 095608539  ±º‰:2017/8/31 9:56:00 ∫œ‘º:LNKS
E 20170831 095608540  ±º‰:2017/8/31 9:55:00 ∫œ‘º:LCPS
E 20170831 095608541  ±º‰:2017/8/31 9:55:00 ∫œ‘º:LCPS
E 20170831 095608542  ±º‰:2017/8/31 9:56:00 ∫œ‘º:LNKS
E 20170831 095608543  ±º‰:2017/8/31 9:55:00 ∫œ‘º:LCPS
E 20170831 100234214 ≥¢ ‘∆Ù∂Øº‡Ã˝...
E 20170831 100234237 ∆Ù∂ØHttpº‡Ã˝≥…π¶...
E 20170831 100234250 Ω®¡¢Http¡¨Ω”≥…π¶...
E 20170831 100242992  ±º‰:2017/8/31 10:01:00 ∫œ‘º:LNKS
E 20170831 100242993  ±º‰:2017/8/31 10:01:00 ∫œ‘º:LCPS
E 20170831 100650853 ≥¢ ‘∆Ù∂Øº‡Ã˝...
E 20170831 100650892 ∆Ù∂ØHttpº‡Ã˝≥…π¶...
E 20170831 100650896 Ω®¡¢Http¡¨Ω”≥…π¶...
E 20170831 100705907  ±º‰:2017/8/31 10:06:00 ∫œ‘º:LCPS
E 20170831 100710793  ±º‰:2017/8/31 10:06:00 ∫œ‘º:LNKS
E 20170831 100715842  ±º‰:2017/8/31 10:07:00 ∫œ‘º:LNKS
E 20170831 100715845  ±º‰:2017/8/31 10:06:00 ∫œ‘º:LCPS
E 20170831 140324982 ≥¢ ‘∆Ù∂Øº‡Ã˝...
E 20170831 140325002 ∆Ù∂ØHttpº‡Ã˝≥…π¶...
E 20170831 140325009 Ω®¡¢Http¡¨Ω”≥…π¶...
E 20170831 140325922  ±º‰:2017/8/31 14:03:00 ∫œ‘º:LALS
E 20170831 162831784 Ω®¡¢Http¡¨Ω”≥…π¶...
E 20170831 162831796 ≥¢ ‘∆Ù∂Øº‡Ã˝...
E 20170831 162831828 ∆Ù∂ØHttpº‡Ã˝≥…π¶...
E 20170831 162835070  ±º‰:2017/8/31 16:28:00 ∫œ‘º:LCPS
E 20170831 162835984  ±º‰:2017/8/31 16:20:00 ∫œ‘º:LTNS
E 20170831 162835985  ±º‰:2017/8/31 16:26:00 ∫œ‘º:LLDS
E 20170831 164641864 Ω®¡¢Http¡¨Ω”≥…π¶...
E 20170831 164642019 ≥¢ ‘∆Ù∂Øº‡Ã˝...
E 20170831 164642037 ∆Ù∂ØHttpº‡Ã˝≥…π¶...
E 20170831 164642622  ±º‰:2017/8/31 16:44:00 ∫œ‘º:LCPS
E 20170831 164647820  ±º‰:2017/8/31 16:46:00 ∫œ‘º:LALS
E 20170831 164652861  ±º‰:2017/8/31 16:46:00 ∫œ‘º:LALS
E 20170831 164658144  ±º‰:2017/8/31 16:46:00 ∫œ‘º:LNKS
E 20170831 164703115  ±º‰:2017/8/31 16:43:00 ∫œ‘º:LLDS
E 20170831 164703116  ±º‰:2017/8/31 16:47:00 ∫œ‘º:LLDS
E 20170831 164703117  ±º‰:2017/8/31 16:47:00 ∫œ‘º:LALS
E 20170831 164703118  ±º‰:2017/8/31 16:47:00 ∫œ‘º:LLDS
E 20170831 164716148 Ω®¡¢Http¡¨Ω”≥…π¶...
E 20170831 164716392 ≥¢ ‘∆Ù∂Øº‡Ã˝...
E 20170831 164716404 ∆Ù∂ØHttpº‡Ã˝≥…π¶...
E 20170831 164717120  ±º‰:2017/8/31 16:44:00 ∫œ‘º:LCPS
E 20170831 164722955  ±º‰:2017/8/31 16:44:00 ∫œ‘º:LCPS
E 20170831 164722957  ±º‰:2017/8/31 16:47:00 ∫œ‘º:LALS
E 20170831 164722958  ±º‰:2017/8/31 16:47:00 ∫œ‘º:LLDS
E 20170831 164820193 Ω®¡¢Http¡¨Ω”≥…π¶...
E 20170831 164820206 ≥¢ ‘∆Ù∂Øº‡Ã˝...
E 20170831 164820213 ∆Ù∂ØHttpº‡Ã˝≥…π¶...
E 20170831 164823419  ±º‰:2017/8/31 16:47:00 ∫œ‘º:LLDS
E 20170831 164828072  ±º‰:2017/8/31 16:47:00 ∫œ‘º:LALS
E 20170831 164828073  ±º‰:2017/8/31 16:47:00 ∫œ‘º:LLDS
E 20170831 164828074  ±º‰:2017/8/31 16:48:00 ∫œ‘º:LCPS
E 20170831 164833110  ±º‰:2017/8/31 16:48:00 ∫œ‘º:LCPS
E 20170831 164833111  ±º‰:2017/8/31 16:48:00 ∫œ‘º:LALS
E 20170831 164833112  ±º‰:2017/8/31 16:47:00 ∫œ‘º:LLDS
E 20170831 164833112  ±º‰:2017/8/31 16:48:00 ∫œ‘º:LNKS
E 20170831 164833113  ±º‰:2017/8/31 16:48:00 ∫œ‘º:LCPS
E 20170831 164833114  ±º‰:2017/8/31 16:48:00 ∫œ‘º:LALS
E 20170831 164833115  ±º‰:2017/8/31 16:48:00 ∫œ‘º:LLDS
E 20170831 164833116  ±º‰:2017/8/31 16:48:00 ∫œ‘º:LCPS
E 20170831 164833117  ±º‰:2017/8/31 16:48:00 ∫œ‘º:LCPS
E 20170831 164833118  ±º‰:2017/8/31 16:48:00 ∫œ‘º:LCPS
E 20170831 164833119  ±º‰:2017/8/31 16:48:00 ∫œ‘º:LCPS
E 20170831 164838132  ±º‰:2017/8/31 16:48:00 ∫œ‘º:LCPS
E 20170831 164838133  ±º‰:2017/8/31 16:48:00 ∫œ‘º:LALS
E 20170831 164838134  ±º‰:2017/8/31 16:48:00 ∫œ‘º:LCPS
E 20170831 164838135  ±º‰:2017/8/31 16:48:00 ∫œ‘º:LCPS
E 20170831 164838136  ±º‰:2017/8/31 16:48:00 ∫œ‘º:LALS
E 20170831 164838137  ±º‰:2017/8/31 16:48:00 ∫œ‘º:LCPS
E 20170831 164838137  ±º‰:2017/8/31 16:48:00 ∫œ‘º:LALS
E 20170831 164838138  ±º‰:2017/8/31 16:48:00 ∫œ‘º:LALS
E 20170831 164838139  ±º‰:2017/8/31 16:48:00 ∫œ‘º:LCPS
E 20170831 164838140  ±º‰:2017/8/31 16:48:00 ∫œ‘º:LALS
E 20170831 181306788 ≥¢ ‘∆Ù∂Øº‡Ã˝...
E 20170831 181310707 Httpº‡Ã˝Õ£÷πthread...“‘“ª÷÷∑√Œ »®œﬁ≤ª‘ –Ìµƒ∑Ω Ω◊ˆ¡À“ª∏ˆ∑√Œ Ã◊Ω”◊÷µƒ≥¢ ‘°£
E 20170831 181355113 ≥¢ ‘∆Ù∂Øº‡Ã˝...
E 20170831 181355392 Httpº‡Ã˝Õ£÷πthread...“‘“ª÷÷∑√Œ »®œﬁ≤ª‘ –Ìµƒ∑Ω Ω◊ˆ¡À“ª∏ˆ∑√Œ Ã◊Ω”◊÷µƒ≥¢ ‘°£
E 20170831 181355401 Ω®¡¢Http¡¨Ω”≥…π¶...
E 20170831 181430514 ≥¢ ‘∆Ù∂Øº‡Ã˝...
E 20170831 181430552 Ω®¡¢Http¡¨Ω”≥…π¶...
E 20170831 181458722 ≥¢ ‘∆Ù∂Øº‡Ã˝...
E 20170831 181458739 ∆Ù∂ØHttpº‡Ã˝≥…π¶...
E 20170831 181458773 Ω®¡¢Http¡¨Ω”≥…π¶...
E 20170831 181505603  ±º‰:2017/8/31 18:15:00 ∫œ‘º:LNKS
E 20170831 181505604  ±º‰:2017/8/31 18:14:00 ∫œ‘º:LCPS
E 20170831 181510444  ±º‰:2017/8/31 18:15:00 ∫œ‘º:LNKS
E 20170831 181510445  ±º‰:2017/8/31 18:15:00 ∫œ‘º:LNKS
E 20170831 181510446  ±º‰:2017/8/31 18:14:00 ∫œ‘º:LCPS
E 20170831 181510446  ±º‰:2017/8/31 18:15:00 ∫œ‘º:LNKS
E 20170831 183125020 ≥¢ ‘∆Ù∂Øº‡Ã˝...
E 20170831 183125071 Ω®¡¢Http¡¨Ω”≥…π¶...
E 20170831 183125238 Httpº‡Ã˝Õ£÷πthread...“‘“ª÷÷∑√Œ »®œﬁ≤ª‘ –Ìµƒ∑Ω Ω◊ˆ¡À“ª∏ˆ∑√Œ Ã◊Ω”◊÷µƒ≥¢ ‘°£
E 20170831 183206447 ≥¢ ‘∆Ù∂Øº‡Ã˝...
E 20170831 183221410 ≥¢ ‘∆Ù∂Øº‡Ã˝...
E 20170831 183221457 Ω®¡¢Http¡¨Ω”≥…π¶...
E 20170831 183221465 ∆Ù∂ØHttpº‡Ã˝≥…π¶...
E 20170831 183229002  ±º‰:2017/8/31 18:32:00 ∫œ‘º:LALS
E 20170831 183230266  ±º‰:2017/8/31 18:32:00 ∫œ‘º:LALS
E 20170831 183235296  ±º‰:2017/8/31 18:32:00 ∫œ‘º:LALS
E 20170831 183235297  ±º‰:2017/8/31 18:32:00 ∫œ‘º:LCPS
E 20170831 183240356  ±º‰:2017/8/31 18:32:00 ∫œ‘º:LNKS
E 20170831 183240357  ±º‰:2017/8/31 18:32:00 ∫œ‘º:LALS
E 20170831 183245363  ±º‰:2017/8/31 18:32:00 ∫œ‘º:LNKS
E 20170831 183245364  ±º‰:2017/8/31 18:32:00 ∫œ‘º:LCPS
E 20170831 183245365  ±º‰:2017/8/31 18:32:00 ∫œ‘º:LALS
E 20170831 183250419  ±º‰:2017/8/31 18:32:00 ∫œ‘º:LALS
E 20170831 183250420  ±º‰:2017/8/31 18:32:00 ∫œ‘º:LALS
E 20170831 183302380  ±º‰:2017/8/31 18:33:00 ∫œ‘º:LALS
E 20170831 183307822  ±º‰:2017/8/31 18:32:00 ∫œ‘º:LCPS
E 20170831 183307823  ±º‰:2017/8/31 18:33:00 ∫œ‘º:LALS
E 20170831 183307824  ±º‰:2017/8/31 18:33:00 ∫œ‘º:LNKS
E 20170831 183312870  ±º‰:2017/8/31 18:33:00 ∫œ‘º:LNKS
E 20170831 183312871  ±º‰:2017/8/31 18:32:00 ∫œ‘º:LCPS
E 20170831 183312873  ±º‰:2017/8/31 18:32:00 ∫œ‘º:LCPS
E 20170831 183317880  ±º‰:2017/8/31 18:31:00 ∫œ‘º:LLDS
E 20170831 183317881  ±º‰:2017/8/31 18:33:00 ∫œ‘º:LALS
E 20170831 183322922  ±º‰:2017/8/31 18:33:00 ∫œ‘º:LCPS
E 20170831 183322922  ±º‰:2017/8/31 18:33:00 ∫œ‘º:LCPS
E 20170831 183322923  ±º‰:2017/8/31 18:33:00 ∫œ‘º:LALS
E 20170831 183322924  ±º‰:2017/8/31 18:33:00 ∫œ‘º:LCPS
E 20170831 183322924  ±º‰:2017/8/31 18:33:00 ∫œ‘º:LALS
E 20170831 183327970  ±º‰:2017/8/31 18:33:00 ∫œ‘º:LALS
E 20170831 183327970  ±º‰:2017/8/31 18:33:00 ∫œ‘º:LALS
E 20170831 183327972  ±º‰:2017/8/31 18:33:00 ∫œ‘º:LCPS
E 20170831 183333085  ±º‰:2017/8/31 18:33:00 ∫œ‘º:LCPS
E 20170831 183338046  ±º‰:2017/8/31 18:33:00 ∫œ‘º:LALS
E 20170831 183338047  ±º‰:2017/8/31 18:33:00 ∫œ‘º:LNKS
E 20170831 183343072  ±º‰:2017/8/31 18:33:00 ∫œ‘º:LCPS
E 20170831 183343073  ±º‰:2017/8/31 18:33:00 ∫œ‘º:LCPS
E 20170831 183343074  ±º‰:2017/8/31 18:33:00 ∫œ‘º:LALS
E 20170831 183352542  ±º‰:2017/8/31 18:31:00 ∫œ‘º:LLDS
E 20170831 183357582  ±º‰:2017/8/31 18:33:00 ∫œ‘º:LLDS
E 20170831 183402630  ±º‰:2017/8/31 18:33:00 ∫œ‘º:LLDS
E 20170831 183402631  ±º‰:2017/8/31 18:33:00 ∫œ‘º:LCPS
E 20170831 183402632  ±º‰:2017/8/31 18:33:00 ∫œ‘º:LLDS
E 20170831 183402633  ±º‰:2017/8/31 18:33:00 ∫œ‘º:LLDS
E 20170831 183402634  ±º‰:2017/8/31 18:33:00 ∫œ‘º:LLDS
E 20170831 183402635  ±º‰:2017/8/31 18:33:00 ∫œ‘º:LLDS
E 20170831 183402635  ±º‰:2017/8/31 18:33:00 ∫œ‘º:LLDS
E 20170831 183407667  ±º‰:2017/8/31 18:34:00 ∫œ‘º:LCPS
E 20170831 183407668  ±º‰:2017/8/31 18:33:00 ∫œ‘º:LLDS
E 20170831 183407669  ±º‰:2017/8/31 18:34:00 ∫œ‘º:LNKS
E 20170831 183416647  ±º‰:2017/8/31 18:34:00 ∫œ‘º:LCPS
E 20170831 183421668  ±º‰:2017/8/31 18:34:00 ∫œ‘º:LCPS
E 20170831 183426722  ±º‰:2017/8/31 18:34:00 ∫œ‘º:LNKS
E 20170831 183426723  ±º‰:2017/8/31 18:34:00 ∫œ‘º:LCPS
E 20170831 183431750  ±º‰:2017/8/31 18:34:00 ∫œ‘º:LCPS
E 20170831 183431751  ±º‰:2017/8/31 18:34:00 ∫œ‘º:LCPS
E 20170831 183431752  ±º‰:2017/8/31 18:34:00 ∫œ‘º:LCPS
E 20170831 183436789  ±º‰:2017/8/31 18:34:00 ∫œ‘º:LNKS
E 20170831 183444719  ±º‰:2017/8/31 18:34:00 ∫œ‘º:LCPS
E 20170831 183449969  ±º‰:2017/8/31 18:34:00 ∫œ‘º:LCPS
E 20170831 183455006  ±º‰:2017/8/31 18:34:00 ∫œ‘º:LCPS
E 20170831 183455007  ±º‰:2017/8/31 18:34:00 ∫œ‘º:LCPS
E 20170831 183455008  ±º‰:2017/8/31 18:33:00 ∫œ‘º:LLDS
E 20170831 183500048  ±º‰:2017/8/31 18:34:00 ∫œ‘º:LCPS
E 20170831 183500049  ±º‰:2017/8/31 18:34:00 ∫œ‘º:LALS
E 20170831 183500055  ±º‰:2017/8/31 18:34:00 ∫œ‘º:LCPS
E 20170831 183500056  ±º‰:2017/8/31 18:34:00 ∫œ‘º:LALS
E 20170831 183500056  ±º‰:2017/8/31 18:33:00 ∫œ‘º:LLDS
E 20170831 183505167  ±º‰:2017/8/31 18:34:00 ∫œ‘º:LALS
E 20170831 183510209  ±º‰:2017/8/31 18:35:00 ∫œ‘º:LNKS
E 20170831 183520372  ±º‰:2017/8/31 18:35:00 ∫œ‘º:LLDS
E 20170831 183528488  ±º‰:2017/8/31 18:34:00 ∫œ‘º:LCPS
E 20170831 183528489  ±º‰:2017/8/31 18:35:00 ∫œ‘º:LLDS
E 20170831 183533830  ±º‰:2017/8/31 18:34:00 ∫œ‘º:LALS
E 20170831 183533831  ±º‰:2017/8/31 18:35:00 ∫œ‘º:LALS
E 20170831 183533832  ±º‰:2017/8/31 18:35:00 ∫œ‘º:LLDS
E 20170831 183538607  ±º‰:2017/8/31 18:35:00 ∫œ‘º:LNKS
E 20170831 183545239  ±º‰:2017/8/31 18:34:00 ∫œ‘º:LCPS
E 20170831 183550270  ±º‰:2017/8/31 18:34:00 ∫œ‘º:LCPS
E 20170831 183550271  ±º‰:2017/8/31 18:35:00 ∫œ‘º:LALS
E 20170831 183550272  ±º‰:2017/8/31 18:35:00 ∫œ‘º:LALS
E 20170831 183550272  ±º‰:2017/8/31 18:34:00 ∫œ‘º:LCPS
E 20170831 183550273  ±º‰:2017/8/31 18:35:00 ∫œ‘º:LALS
E 20170831 183555307  ±º‰:2017/8/31 18:34:00 ∫œ‘º:LCPS
E 20170904 093202906 ≥¢ ‘∆Ù∂Øº‡Ã˝...
E 20170904 093202984 ∆Ù∂ØHttpº‡Ã˝≥…π¶...
E 20170904 093202996 Ω®¡¢Http¡¨Ω”≥…π¶...
E 20170904 093205598  ±º‰:2017/9/4 9:31:00 ∫œ‘º:LCPS
E 20170904 093205601  ±º‰:2017/9/4 9:31:00 ∫œ‘º:LZNS
E 20170904 093205606  ±º‰:2017/9/4 9:31:00 ∫œ‘º:LLDS
E 20170904 093207921  ±º‰:2017/9/4 9:31:00 ∫œ‘º:LCPS
E 20170904 093212860  ±º‰:2017/9/4 9:31:00 ∫œ‘º:LCPS
E 20170904 093212861  ±º‰:2017/9/4 9:32:00 ∫œ‘º:LCPS
E 20170904 093212862  ±º‰:2017/9/4 9:31:00 ∫œ‘º:LZNS
E 20170904 093212863  ±º‰:2017/9/4 9:32:00 ∫œ‘º:LLDS
E 20170904 093217739  ±º‰:2017/9/4 9:31:00 ∫œ‘º:LALS
E 20170904 093217742  ±º‰:2017/9/4 9:31:00 ∫œ‘º:LALS
E 20170904 093217745  ±º‰:2017/9/4 9:31:00 ∫œ‘º:LNKS
E 20170904 093223208  ±º‰:2017/9/4 9:32:00 ∫œ‘º:LCPS
E 20170904 093223209  ±º‰:2017/9/4 9:31:00 ∫œ‘º:LALS
E 20170904 093228383  ±º‰:2017/9/4 9:32:00 ∫œ‘º:LCPS
E 20170904 093233412  ±º‰:2017/9/4 9:32:00 ∫œ‘º:LLDS
E 20170904 093233413  ±º‰:2017/9/4 9:32:00 ∫œ‘º:LLDS
E 20170904 093238279  ±º‰:2017/9/4 9:32:00 ∫œ‘º:LLDS
E 20170904 093238281  ±º‰:2017/9/4 9:32:00 ∫œ‘º:LLDS
E 20170904 093245598  ±º‰:2017/9/4 9:31:00 ∫œ‘º:LNKS
E 20170904 093250463  ±º‰:2017/9/4 9:32:00 ∫œ‘º:LCPS
E 20170904 093255377  ±º‰:2017/9/4 9:32:00 ∫œ‘º:LCPS
E 20170904 093255379  ±º‰:2017/9/4 9:32:00 ∫œ‘º:LCPS
E 20170904 093255379  ±º‰:2017/9/4 9:32:00 ∫œ‘º:LCPS
E 20170904 093300773  ±º‰:2017/9/4 9:32:00 ∫œ‘º:LCPS
E 20170904 093300774  ±º‰:2017/9/4 9:32:00 ∫œ‘º:LCPS
E 20170904 093300775  ±º‰:2017/9/4 9:32:00 ∫œ‘º:LALS
E 20170904 093300776  ±º‰:2017/9/4 9:31:00 ∫œ‘º:LNKS
E 20170904 093300777  ±º‰:2017/9/4 9:32:00 ∫œ‘º:LCPS
E 20170904 093300778  ±º‰:2017/9/4 9:31:00 ∫œ‘º:LNKS
E 20170904 093300779  ±º‰:2017/9/4 9:32:00 ∫œ‘º:LCPS
E 20170904 093300781  ±º‰:2017/9/4 9:32:00 ∫œ‘º:LCPS
E 20170905 100840943 ≥¢ ‘∆Ù∂Øº‡Ã˝...
E 20170905 100840992 Ω®¡¢Http¡¨Ω”≥…π¶...
E 20170905 100841049 ∆Ù∂ØHttpº‡Ã˝≥…π¶...
E 20170905 101141912 ≥¢ ‘∆Ù∂Øº‡Ã˝...
E 20170905 101142033 Ω®¡¢Http¡¨Ω”≥…π¶...
E 20170905 101142098 ∆Ù∂ØHttpº‡Ã˝≥…π¶...
