
I 20170904 173149882 MainContractCalculater V1.0.0.0[Debug] 
I 20170904 173150958 ʼɹ
I 20170904 173151042 ƷϢɹ
I 20170904 173151065 2017-09-04ѾʼԼ
I 20170904 173212750 cu@2017-09-04Լ˵ָԼ,cu8888
I 20170904 173212795 cu@2017-09-04Լ,Լ:cu1710
I 20170904 173212797 MainContractCalculater V1.0.0.0[Debug] رա

I 20170904 173252648 MainContractCalculater V1.0.0.0[Debug] 
I 20170904 173253581 ʼɹ
I 20170904 173253607 ƷϢɹ
I 20170904 173253615 2017-09-04ѾʼԼ
I 20170904 173301188 cu@2017-09-04Լ˵ָԼ,cu8888

I 20170904 173435164 MainContractCalculater V1.0.0.0[Debug] 
I 20170904 173436744 ʼɹ
I 20170904 173436770 ƷϢɹ
I 20170904 173436816 2017-09-04ѾʼԼ
I 20170904 173440882 cu@2017-09-04Լ˵ָԼ,cu8888
I 20170904 173440937 cu@2017-09-04Լ,Լ:cu1710
I 20170904 173440939 MainContractCalculater V1.0.0.0[Debug] رա

I 20170904 173556092 MainContractCalculater V1.0.0.0[Debug] 
I 20170904 173556854 ʼɹ
I 20170904 173556940 ƷϢɹ
I 20170904 173556954 2017-09-04ѾʼԼ
I 20170904 173557200 cu@2017-09-04Լ˵ָԼ,cu8888
I 20170904 173557275 cu@2017-09-04Լ,Լ:cu1710
I 20170904 173557278 MainContractCalculater V1.0.0.0[Debug] رա

I 20170904 173759979 MainContractCalculater V1.0.0.0[Debug] 
I 20170904 173801373 ʼɹ
I 20170904 173801436 ƷϢɹ
I 20170904 173801477 2017-09-04ѾʼԼ
I 20170904 173806456 a@2017-09-04Լ˵ָԼ,a8888
I 20170904 173809801 a@2017-09-04Լ,Լ:a1801
I 20170904 173810229 ag@2017-09-04Լ˵ָԼ,ag8888
I 20170904 173823551 ag@2017-09-04Լ,Լ:ag1712
I 20170904 173823569 al@2017-09-04Լ˵ָԼ,al8888
I 20170904 173823584 al@2017-09-04Լ,Լ:al1711
I 20170904 173823602 au@2017-09-04Լ˵ָԼ,au8888
I 20170904 173823617 au@2017-09-04Լ,Լ:au1712
I 20170904 173823637 b@2017-09-04Լ˵ָԼ,b8888
I 20170904 173823661 b@2017-09-04Լ,Լ:b1805
I 20170904 173823686 bb@2017-09-04Լ,Լ:
I 20170904 173823707 bu@2017-09-04Լ˵ָԼ,bu8888
I 20170904 173823722 bu@2017-09-04Լ,Լ:bu1712
I 20170904 173823749 c@2017-09-04Լ˵ָԼ,c8888
I 20170904 173823768 c@2017-09-04Լ,Լ:c1801
I 20170904 173823783 CF@2017-09-04Լ˵ָԼ,CF8888
I 20170904 173823795 CF@2017-09-04Լ,Լ:CF801
I 20170904 173823802 cs@2017-09-04Լ˵ָԼ,cs8888
I 20170904 173823824 cs@2017-09-04Լ,Լ:cs1801
I 20170904 173823844 cu@2017-09-04Լ˵ָԼ,cu8888
I 20170904 173823894 cu@2017-09-04Լ,Լ:cu1710
I 20170904 173823907 fb@2017-09-04Լ˵ָԼ,fb8888
I 20170904 173823928 fb@2017-09-04Լ,Լ:fb1801
I 20170904 173823944 FG@2017-09-04Լ˵ָԼ,FG8888
I 20170904 173823962 FG@2017-09-04Լ,Լ:FG801
I 20170904 173823997 fu@2017-09-04Լ,Լ:
I 20170904 173824013 hc@2017-09-04Լ˵ָԼ,hc8888
I 20170904 173824033 hc@2017-09-04Լ,Լ:hc1801
I 20170904 173824048 i@2017-09-04Լ˵ָԼ,i8888
I 20170904 173824066 i@2017-09-04Լ,Լ:i1801
I 20170904 173824092 IC@2017-09-04Լ˵ָԼ,IC8888
I 20170904 173824103 IC@2017-09-04Լ,Լ:IC1709
I 20170904 173824111 IF@2017-09-04Լ˵ָԼ,IF8888
I 20170904 173824126 IF@2017-09-04Լ,Լ:IF1709
I 20170904 173824144 IH@2017-09-04Լ˵ָԼ,IH8888
I 20170904 173824159 IH@2017-09-04Լ,Լ:IH1709
I 20170904 173824195 j@2017-09-04Լ˵ָԼ,j8888
I 20170904 173824213 j@2017-09-04Լ,Լ:j1801
I 20170904 173824229 jd@2017-09-04Լ˵ָԼ,jd8888
I 20170904 173824244 jd@2017-09-04Լ,Լ:jd1801
I 20170904 173824256 jm@2017-09-04Լ˵ָԼ,jm8888
I 20170904 173824274 jm@2017-09-04Լ,Լ:jm1801
I 20170904 173824309 JR@2017-09-04Լ,Լ:
I 20170904 173824346 l@2017-09-04Լ˵ָԼ,l8888
I 20170904 173824361 l@2017-09-04Լ,Լ:l1801
I 20170904 173824393 LR@2017-09-04Լ,Լ:
I 20170904 173824431 m@2017-09-04Լ˵ָԼ,m8888
I 20170904 173824450 m@2017-09-04Լ,Լ:m1801
I 20170904 173824471 MA@2017-09-04Լ˵ָԼ,MA8888
I 20170904 173824497 MA@2017-09-04Լ,Լ:MA801
I 20170904 173824528 ni@2017-09-04Լ˵ָԼ,ni8888
I 20170904 173824544 ni@2017-09-04Լ,Լ:ni1801
I 20170904 173824558 OI@2017-09-04Լ˵ָԼ,OI8888
I 20170904 173824571 OI@2017-09-04Լ,Լ:OI801
I 20170904 173824605 p@2017-09-04Լ˵ָԼ,p8888
I 20170904 173824617 p@2017-09-04Լ,Լ:p1801
I 20170904 173824632 pb@2017-09-04Լ˵ָԼ,pb8888
I 20170904 173824648 pb@2017-09-04Լ,Լ:pb1710
I 20170904 173824677 PM@2017-09-04Լ,Լ:
I 20170904 173824704 pp@2017-09-04Լ˵ָԼ,pp8888
I 20170904 173824725 pp@2017-09-04Լ,Լ:pp1801
I 20170904 173824751 rb@2017-09-04Լ˵ָԼ,rb8888
I 20170904 173824766 rb@2017-09-04Լ,Լ:rb1801
I 20170904 173824780 RI@2017-09-04Լ˵ָԼ,RI8888
I 20170904 173824812 RI@2017-09-04Լ,Լ:RI807
I 20170904 173824834 RM@2017-09-04Լ˵ָԼ,RM8888
I 20170904 173824845 RM@2017-09-04Լ,Լ:RM801
I 20170904 173824874 RS@2017-09-04Լ,Լ:
I 20170904 173824888 ru@2017-09-04Լ˵ָԼ,ru8888
I 20170904 173824914 ru@2017-09-04Լ,Լ:ru1801
I 20170904 173824927 SF@2017-09-04Լ˵ָԼ,SF8888
I 20170904 173824942 SF@2017-09-04Լ,Լ:SF709
I 20170904 173824948 SM@2017-09-04Լ˵ָԼ,SM8888
I 20170904 173824975 SM@2017-09-04Լ,Լ:SM801
I 20170904 173824982 sn@2017-09-04Լ˵ָԼ,sn8888
I 20170904 173824992 sn@2017-09-04Լ,Լ:sn1801
I 20170904 173825003 SR@2017-09-04Լ˵ָԼ,SR8888
I 20170904 173825028 SR@2017-09-04Լ,Լ:SR801
I 20170904 173825038 T@2017-09-04Լ˵ָԼ,T8888
I 20170904 173825048 T@2017-09-04Լ,Լ:T1712
I 20170904 173825073 TA@2017-09-04Լ˵ָԼ,TA8888
I 20170904 173825086 TA@2017-09-04Լ,Լ:TA801
I 20170904 173825102 TF@2017-09-04Լ˵ָԼ,TF8888
I 20170904 173825135 TF@2017-09-04Լ,Լ:TF1712
I 20170904 173825144 v@2017-09-04Լ˵ָԼ,v8888
I 20170904 173825169 v@2017-09-04Լ,Լ:v1801
I 20170904 173825237 WH@2017-09-04Լ˵ָԼ,WH8888
I 20170904 173825252 WH@2017-09-04Լ,Լ:WH801
I 20170904 173825288 wr@2017-09-04Լ,Լ:
I 20170904 173825295 y@2017-09-04Լ˵ָԼ,y8888
I 20170904 173825305 y@2017-09-04Լ,Լ:y1801
I 20170904 173825317 ZC@2017-09-04Լ˵ָԼ,ZC8888
I 20170904 173825339 ZC@2017-09-04Լ,Լ:ZC801
I 20170904 173825348 zn@2017-09-04Լ˵ָԼ,zn8888
I 20170904 173825366 zn@2017-09-04Լ,Լ:zn1710
I 20170904 173825367 MainContractCalculater V1.0.0.0[Debug] رա

I 20170904 174407939 MainContractCalculater V1.0.0.0[Debug] 
I 20170904 174409242 ʼɹ
I 20170904 174409260 ƷϢɹ
I 20170904 174409269 2017-09-04ѾʼԼ
I 20170904 174413755 a@2017-09-04Լ˵ָԼ,a8888
I 20170904 174421215 a@2017-09-04Լ,Լ:a1801
I 20170904 174421250 ag@2017-09-04Լ˵ָԼ,ag8888
I 20170904 174428354 ag@2017-09-04Լ,Լ:ag1712
I 20170904 174428394 al@2017-09-04Լ˵ָԼ,al8888
I 20170904 174428918 al@2017-09-04Լ,Լ:al1711
I 20170904 174428936 au@2017-09-04Լ˵ָԼ,au8888
I 20170904 174429307 au@2017-09-04Լ,Լ:au1712
I 20170904 174429340 b@2017-09-04Լ˵ָԼ,b8888
I 20170904 174429853 b@2017-09-04Լ,Լ:b1805
I 20170904 174430377 bb@2017-09-04Լ,Լ:
I 20170904 174430408 bu@2017-09-04Լ˵ָԼ,bu8888
I 20170904 174431332 bu@2017-09-04Լ,Լ:bu1712
I 20170904 174431372 c@2017-09-04Լ˵ָԼ,c8888
I 20170904 174432235 c@2017-09-04Լ,Լ:c1801
I 20170904 174432259 CF@2017-09-04Լ˵ָԼ,CF8888
I 20170904 174433264 CF@2017-09-04Լ,Լ:CF801
I 20170904 174433276 cs@2017-09-04Լ˵ָԼ,cs8888
I 20170904 174451703 cs@2017-09-04Լ,Լ:cs1801
I 20170904 174451722 cu@2017-09-04Լ˵ָԼ,cu8888
I 20170904 174452832 cu@2017-09-04Լ,Լ:cu1710
I 20170904 174452847 fb@2017-09-04Լ˵ָԼ,fb8888
I 20170904 174453707 fb@2017-09-04Լ,Լ:fb1801
I 20170904 174453724 FG@2017-09-04Լ˵ָԼ,FG8888
I 20170904 174604134 FG@2017-09-04Լ,Լ:FG801
I 20170904 174605181 fu@2017-09-04Լ,Լ:
I 20170904 174605208 hc@2017-09-04Լ˵ָԼ,hc8888
I 20170904 180151647 hc@2017-09-04Լ,Լ:hc1801
I 20170904 180151761 i@2017-09-04Լ˵ָԼ,i8888
I 20170904 180210268 i@2017-09-04Լ,Լ:i1801
I 20170904 180210279 IC@2017-09-04Լ˵ָԼ,IC8888

I 20170904 180249307 MainContractCalculater V1.0.0.0[Debug] 
I 20170904 180250213 ʼɹ
I 20170904 180250250 ƷϢɹ
I 20170904 180250260 2017-09-04ѾʼԼ
I 20170904 180250409 a@2017-09-04Լ˵ָԼ,a8888
I 20170904 180259361 a@2017-09-04Լ,Լ:a1801
I 20170904 180259427 ag@2017-09-04Լ˵ָԼ,ag8888
I 20170904 180325523 ag@2017-09-04Լ,Լ:ag1712
I 20170904 180325562 al@2017-09-04Լ˵ָԼ,al8888
I 20170904 180329877 al@2017-09-04Լ,Լ:al1711
I 20170904 180329926 au@2017-09-04Լ˵ָԼ,au8888
I 20170904 180334050 au@2017-09-04Լ,Լ:au1712
I 20170904 180334097 b@2017-09-04Լ˵ָԼ,b8888
I 20170904 180337399 b@2017-09-04Լ,Լ:b1805
I 20170904 180342012 bb@2017-09-04Լ,Լ:
I 20170904 180342046 bu@2017-09-04Լ˵ָԼ,bu8888
I 20170904 180344009 bu@2017-09-04Լ,Լ:bu1712
I 20170904 180344054 c@2017-09-04Լ˵ָԼ,c8888
I 20170904 180346747 c@2017-09-04Լ,Լ:c1801
I 20170904 180346758 CF@2017-09-04Լ˵ָԼ,CF8888
I 20170904 180623409 CF@2017-09-04Լ,Լ:CF801
I 20170904 180623558 cs@2017-09-04Լ˵ָԼ,cs8888

I 20170905 092510536 MainContractCalculater V1.0.0.0[Debug] 
I 20170905 092511883 ʼɹ
I 20170905 092511901 ƷϢɹ
I 20170905 092511909 ݵ1μδȴ00:05:00

I 20170905 094536319 MainContractCalculater V1.0.0.0[Debug] 
I 20170905 094537236 ʼɹ
I 20170905 094537250 ƷϢɹ
I 20170905 094537257 ݵ1μδȴ00:05:00

I 20170906 154054676 MainContractCalculater V1.0.0.0[Debug] 
I 20170906 154055825 ʼɹ
I 20170906 154055865 ƷϢɹ
I 20170906 154055887 2017-09-06ѾʼԼ
I 20170906 154152214 a@2017-09-06Լ˵ָԼ,a8888
I 20170906 154152217 a@2017-09-06Լ˵ָԼ,a9999
I 20170906 154237519 a@2017-09-06Լ,Լ:a1801

I 20170906 154328394 MainContractCalculater V1.0.0.0[Debug] 
I 20170906 154329706 ʼɹ
I 20170906 154329788 ƷϢɹ
I 20170906 154329825 2017-09-06ѾʼԼ
I 20170906 154339197 CF@2017-09-06Լ˵ָԼ,CF8888
I 20170906 154405789 CF@2017-09-06Լ,Լ:cu1709
I 20170906 154407887 MainContractCalculater V1.0.0.0[Debug] رա

I 20170906 154447228 MainContractCalculater V1.0.0.0[Debug] 
I 20170906 154448616 ʼɹ
I 20170906 154448645 ƷϢɹ
I 20170906 154448666 2017-09-06ѾʼԼ

I 20170906 154535784 MainContractCalculater V1.0.0.0[Debug] 
I 20170906 154536953 ʼɹ
I 20170906 154536989 ƷϢɹ
I 20170906 154537013 2017-09-06ѾʼԼ
I 20170906 154542540 CF@2017-09-06Լ˵ָԼ,CF8888
I 20170906 154606678 CF@2017-09-06Լ˵ָԼ,CF8888
I 20170906 154617188 CF@2017-09-06Լ˵ָԼ,CF8888
I 20170906 154643047 CF@2017-09-06Լ,Լ:CF801
I 20170906 154643049 MainContractCalculater V1.0.0.0[Debug] رա

I 20170906 154845561 MainContractCalculater V1.0.0.0[Debug] 
I 20170906 154846889 ʼɹ
I 20170906 154846996 ƷϢɹ
I 20170906 154847006 2017-09-06ѾʼԼ
I 20170906 154850098 a@2017-09-06Լ˵ָԼ,a8888
I 20170906 154850107 a@2017-09-06Լ˵ָԼ,a9999
I 20170906 154850150 a@2017-09-06Լ,Լ:a1801
I 20170906 154850168 ag@2017-09-06Լ˵ָԼ,ag8888
I 20170906 154850171 ag@2017-09-06Լ˵ָԼ,ag9999
I 20170906 154850279 ag@2017-09-06Լ,Լ:ag1712
I 20170906 154850298 al@2017-09-06Լ˵ָԼ,al8888
I 20170906 154850301 al@2017-09-06Լ˵ָԼ,al9999
I 20170906 154850321 al@2017-09-06Լ,Լ:al1711
I 20170906 154850333 au@2017-09-06Լ˵ָԼ,au8888
I 20170906 154850335 au@2017-09-06Լ˵ָԼ,au9999
I 20170906 154850348 au@2017-09-06Լ,Լ:au1712
I 20170906 154850373 b@2017-09-06Լ˵ָԼ,b8888
I 20170906 154850375 b@2017-09-06Լ˵ָԼ,b9999
I 20170906 154850391 b@2017-09-06Լ,Լ:b1805
I 20170906 154850420 bb@2017-09-06Լ,Լ:
I 20170906 154850439 bu@2017-09-06Լ˵ָԼ,bu8888
I 20170906 154850442 bu@2017-09-06Լ˵ָԼ,bu9999
I 20170906 154850457 bu@2017-09-06Լ,Լ:bu1712
I 20170906 154850491 c@2017-09-06Լ˵ָԼ,c8888
I 20170906 154850498 c@2017-09-06Լ˵ָԼ,c9999
I 20170906 154850513 c@2017-09-06Լ,Լ:c1801
I 20170906 154850526 CF@2017-09-06Լ˵ָԼ,CF8888
I 20170906 154850544 CF@2017-09-06Լ,Լ:CF801
I 20170906 154850556 cs@2017-09-06Լ˵ָԼ,cs8888
I 20170906 154850559 cs@2017-09-06Լ˵ָԼ,cs9999
I 20170906 154850580 cs@2017-09-06Լ,Լ:cs1801
I 20170906 154850597 cu@2017-09-06Լ˵ָԼ,cu8888
I 20170906 154850598 cu@2017-09-06Լ˵ָԼ,cu9999
I 20170906 154850615 cu@2017-09-06Լ,Լ:cu1710
I 20170906 154850623 CY@2017-09-06Լ˵ָԼ,CY8888
I 20170906 154850641 CY@2017-09-06Լ,Լ:CY801
I 20170906 154850657 fb@2017-09-06Լ˵ָԼ,fb8888
I 20170906 154850698 fb@2017-09-06Լ,Լ:fb1808
I 20170906 154850723 FG@2017-09-06Լ˵ָԼ,FG8888
I 20170906 154850791 FG@2017-09-06Լ,Լ:FG801
I 20170906 154850865 fu@2017-09-06Լ,Լ:
I 20170906 154850909 hc@2017-09-06Լ˵ָԼ,hc8888
I 20170906 154850915 hc@2017-09-06Լ˵ָԼ,hc9999
I 20170906 154850945 hc@2017-09-06Լ,Լ:hc1801
I 20170906 154850981 i@2017-09-06Լ˵ָԼ,i8888
I 20170906 154850984 i@2017-09-06Լ˵ָԼ,i9999
I 20170906 154851017 i@2017-09-06Լ,Լ:i1801
I 20170906 154851033 IC@2017-09-06Լ˵ָԼ,IC8888
I 20170906 154851036 IC@2017-09-06Լ˵ָԼ,IC9999
I 20170906 154851054 IC@2017-09-06Լ,Լ:IC1709
I 20170906 154851070 IF@2017-09-06Լ˵ָԼ,IF8888
I 20170906 154851090 IF@2017-09-06Լ˵ָԼ,IF9999
I 20170906 154851109 IF@2017-09-06Լ,Լ:IF1709
I 20170906 154851118 IH@2017-09-06Լ˵ָԼ,IH8888
I 20170906 154851120 IH@2017-09-06Լ˵ָԼ,IH9999
I 20170906 154851141 IH@2017-09-06Լ,Լ:IH1709
I 20170906 154851184 j@2017-09-06Լ˵ָԼ,j8888
I 20170906 154851193 j@2017-09-06Լ˵ָԼ,j9999
I 20170906 154851214 j@2017-09-06Լ,Լ:j1801
I 20170906 154851232 jd@2017-09-06Լ˵ָԼ,jd8888
I 20170906 154851236 jd@2017-09-06Լ˵ָԼ,jd9999
I 20170906 154851264 jd@2017-09-06Լ,Լ:jd1801
I 20170906 154851282 jm@2017-09-06Լ˵ָԼ,jm8888
I 20170906 154851284 jm@2017-09-06Լ˵ָԼ,jm9999
I 20170906 154851304 jm@2017-09-06Լ,Լ:jm1801
I 20170906 154851332 JR@2017-09-06Լ,Լ:
I 20170906 154851393 l@2017-09-06Լ˵ָԼ,l8888
I 20170906 154851394 l@2017-09-06Լ˵ָԼ,l9999
I 20170906 154851411 l@2017-09-06Լ,Լ:l1801
I 20170906 154851440 LR@2017-09-06Լ,Լ:
I 20170906 154851481 m@2017-09-06Լ˵ָԼ,m8888
I 20170906 154851487 m@2017-09-06Լ˵ָԼ,m9999
I 20170906 154851503 m@2017-09-06Լ,Լ:m1801
I 20170906 154851521 MA@2017-09-06Լ˵ָԼ,MA8888
I 20170906 154851544 MA@2017-09-06Լ,Լ:MA801
I 20170906 154851560 ni@2017-09-06Լ˵ָԼ,ni8888
I 20170906 154851563 ni@2017-09-06Լ˵ָԼ,ni9999
I 20170906 154851664 ni@2017-09-06Լ,Լ:ni1801
I 20170906 154851677 OI@2017-09-06Լ˵ָԼ,OI8888
I 20170906 154851693 OI@2017-09-06Լ,Լ:OI801
I 20170906 154851730 p@2017-09-06Լ˵ָԼ,p8888
I 20170906 154851732 p@2017-09-06Լ˵ָԼ,p9999
I 20170906 154851779 p@2017-09-06Լ,Լ:p1801
I 20170906 154851829 pb@2017-09-06Լ˵ָԼ,pb8888
I 20170906 154851831 pb@2017-09-06Լ˵ָԼ,pb9999
I 20170906 154851847 pb@2017-09-06Լ,Լ:pb1710
I 20170906 154851877 PM@2017-09-06Լ,Լ:
I 20170906 154851890 pp@2017-09-06Լ˵ָԼ,pp8888
I 20170906 154851892 pp@2017-09-06Լ˵ָԼ,pp9999
I 20170906 154851912 pp@2017-09-06Լ,Լ:pp1801
I 20170906 154851932 rb@2017-09-06Լ˵ָԼ,rb8888
I 20170906 154851934 rb@2017-09-06Լ˵ָԼ,rb9999
I 20170906 154851956 rb@2017-09-06Լ,Լ:rb1801
I 20170906 154851992 RI@2017-09-06Լ,Լ:
I 20170906 154852011 RM@2017-09-06Լ˵ָԼ,RM8888
I 20170906 154852259 RM@2017-09-06Լ,Լ:RM801
I 20170906 154852318 RS@2017-09-06Լ,Լ:
I 20170906 154852332 ru@2017-09-06Լ˵ָԼ,ru8888
I 20170906 154852334 ru@2017-09-06Լ˵ָԼ,ru9999
I 20170906 154852357 ru@2017-09-06Լ,Լ:ru1801
I 20170906 154852368 SF@2017-09-06Լ˵ָԼ,SF8888
I 20170906 154852382 SF@2017-09-06Լ,Լ:SF709
I 20170906 154852393 SM@2017-09-06Լ˵ָԼ,SM8888
I 20170906 154852411 SM@2017-09-06Լ,Լ:SM801
I 20170906 154852434 sn@2017-09-06Լ˵ָԼ,sn8888
I 20170906 154852447 sn@2017-09-06Լ˵ָԼ,sn9999
I 20170906 154852487 sn@2017-09-06Լ,Լ:sn1801
I 20170906 154852498 SR@2017-09-06Լ˵ָԼ,SR8888
I 20170906 154852518 SR@2017-09-06Լ,Լ:SR801
I 20170906 154852526 T@2017-09-06Լ˵ָԼ,T8888
I 20170906 154852528 T@2017-09-06Լ˵ָԼ,T9999
I 20170906 154852542 T@2017-09-06Լ,Լ:T1712
I 20170906 154852553 TA@2017-09-06Լ˵ָԼ,TA8888
I 20170906 154852569 TA@2017-09-06Լ,Լ:TA801
I 20170906 154852601 TF@2017-09-06Լ˵ָԼ,TF8888
I 20170906 154852603 TF@2017-09-06Լ˵ָԼ,TF9999
I 20170906 154852676 TF@2017-09-06Լ,Լ:TF1712
I 20170906 154852694 v@2017-09-06Լ˵ָԼ,v8888
I 20170906 154852699 v@2017-09-06Լ˵ָԼ,v9999
I 20170906 154852719 v@2017-09-06Լ,Լ:v1801
I 20170906 154852727 WH@2017-09-06Լ˵ָԼ,WH8888
I 20170906 154852739 WH@2017-09-06Լ,Լ:WH801
I 20170906 154852769 wr@2017-09-06Լ,Լ:
I 20170906 154852778 y@2017-09-06Լ˵ָԼ,y8888
I 20170906 154852779 y@2017-09-06Լ˵ָԼ,y9999
I 20170906 154852796 y@2017-09-06Լ,Լ:y1801
I 20170906 154852806 ZC@2017-09-06Լ˵ָԼ,ZC8888
I 20170906 154852823 ZC@2017-09-06Լ,Լ:ZC801
I 20170906 154852838 zn@2017-09-06Լ˵ָԼ,zn8888
I 20170906 154852842 zn@2017-09-06Լ˵ָԼ,zn9999
I 20170906 154852860 zn@2017-09-06Լ,Լ:zn1711
I 20170906 154852861 MainContractCalculater V1.0.0.0[Debug] رա

I 20170906 155100208 MainContractCalculater V1.0.0.0[Debug] 
I 20170906 155101284 ʼɹ
I 20170906 155101308 ƷϢɹ
I 20170906 155101320 2017-09-06ѾʼԼ
I 20170906 155101389 a@2017-09-06Լ˵ָԼ,a8888
I 20170906 155101394 a@2017-09-06Լ˵ָԼ,a9999
I 20170906 155101459 a@2017-09-06Լ,Լ:a1801
I 20170906 155101513 ag@2017-09-06Լ˵ָԼ,ag8888
I 20170906 155101530 ag@2017-09-06Լ˵ָԼ,ag9999
I 20170906 155101554 ag@2017-09-06Լ,Լ:ag1712
I 20170906 155101584 al@2017-09-06Լ˵ָԼ,al8888
I 20170906 155101596 al@2017-09-06Լ˵ָԼ,al9999
I 20170906 155101620 al@2017-09-06Լ,Լ:al1711
I 20170906 155101660 au@2017-09-06Լ˵ָԼ,au8888
I 20170906 155101681 au@2017-09-06Լ˵ָԼ,au9999
I 20170906 155101701 au@2017-09-06Լ,Լ:au1712
I 20170906 155101729 b@2017-09-06Լ˵ָԼ,b8888
I 20170906 155101733 b@2017-09-06Լ˵ָԼ,b9999
I 20170906 155101794 b@2017-09-06Լ,Լ:b1805
I 20170906 155101822 bb@2017-09-06Լ,Լ:
I 20170906 155101908 bu@2017-09-06Լ˵ָԼ,bu8888
I 20170906 155101953 bu@2017-09-06Լ˵ָԼ,bu9999
I 20170906 155101990 bu@2017-09-06Լ,Լ:bu1712
I 20170906 155102084 c@2017-09-06Լ˵ָԼ,c8888
I 20170906 155102121 c@2017-09-06Լ˵ָԼ,c9999
I 20170906 155102138 c@2017-09-06Լ,Լ:c1801
I 20170906 155102181 CF@2017-09-06Լ˵ָԼ,CF8888
I 20170906 155102201 CF@2017-09-06Լ,Լ:CF801
I 20170906 155102234 cs@2017-09-06Լ˵ָԼ,cs8888
I 20170906 155102245 cs@2017-09-06Լ˵ָԼ,cs9999
I 20170906 155102261 cs@2017-09-06Լ,Լ:cs1801
I 20170906 155102293 cu@2017-09-06Լ˵ָԼ,cu8888
I 20170906 155102295 cu@2017-09-06Լ˵ָԼ,cu9999
I 20170906 155102311 cu@2017-09-06Լ,Լ:cu1710
I 20170906 155102328 CY@2017-09-06Լ˵ָԼ,CY8888
I 20170906 155102344 CY@2017-09-06Լ,Լ:CY801
I 20170906 155102366 fb@2017-09-06Լ˵ָԼ,fb8888
I 20170906 155102389 fb@2017-09-06Լ,Լ:fb1808
I 20170906 155102410 FG@2017-09-06Լ˵ָԼ,FG8888
I 20170906 155102428 FG@2017-09-06Լ,Լ:FG801
I 20170906 155102474 fu@2017-09-06Լ,Լ:
I 20170906 155102489 hc@2017-09-06Լ˵ָԼ,hc8888
I 20170906 155102491 hc@2017-09-06Լ˵ָԼ,hc9999
I 20170906 155102513 hc@2017-09-06Լ,Լ:hc1801
I 20170906 155102539 i@2017-09-06Լ˵ָԼ,i8888
I 20170906 155102542 i@2017-09-06Լ˵ָԼ,i9999
I 20170906 155102569 i@2017-09-06Լ,Լ:i1801
I 20170906 155102587 IC@2017-09-06Լ˵ָԼ,IC8888
I 20170906 155102591 IC@2017-09-06Լ˵ָԼ,IC9999
I 20170906 155102620 IC@2017-09-06Լ,Լ:IC1709
I 20170906 155102646 IF@2017-09-06Լ˵ָԼ,IF8888
I 20170906 155102651 IF@2017-09-06Լ˵ָԼ,IF9999
I 20170906 155102670 IF@2017-09-06Լ,Լ:IF1709
I 20170906 155102680 IH@2017-09-06Լ˵ָԼ,IH8888
I 20170906 155102683 IH@2017-09-06Լ˵ָԼ,IH9999
I 20170906 155102703 IH@2017-09-06Լ,Լ:IH1709
I 20170906 155102741 j@2017-09-06Լ˵ָԼ,j8888
I 20170906 155102744 j@2017-09-06Լ˵ָԼ,j9999
I 20170906 155102766 j@2017-09-06Լ,Լ:j1801
I 20170906 155102779 jd@2017-09-06Լ˵ָԼ,jd8888
I 20170906 155102781 jd@2017-09-06Լ˵ָԼ,jd9999
I 20170906 155102800 jd@2017-09-06Լ,Լ:jd1801
I 20170906 155102817 jm@2017-09-06Լ˵ָԼ,jm8888
I 20170906 155102822 jm@2017-09-06Լ˵ָԼ,jm9999
I 20170906 155102844 jm@2017-09-06Լ,Լ:jm1801
I 20170906 155102963 JR@2017-09-06Լ,Լ:
I 20170906 155103048 l@2017-09-06Լ˵ָԼ,l8888
I 20170906 155103050 l@2017-09-06Լ˵ָԼ,l9999
I 20170906 155103073 l@2017-09-06Լ,Լ:l1801
I 20170906 155103142 LR@2017-09-06Լ,Լ:
I 20170906 155103197 m@2017-09-06Լ˵ָԼ,m8888
I 20170906 155103200 m@2017-09-06Լ˵ָԼ,m9999
I 20170906 155103249 m@2017-09-06Լ,Լ:m1801
I 20170906 155103267 MA@2017-09-06Լ˵ָԼ,MA8888
I 20170906 155103284 MA@2017-09-06Լ,Լ:MA801
I 20170906 155103323 ni@2017-09-06Լ˵ָԼ,ni8888
I 20170906 155103326 ni@2017-09-06Լ˵ָԼ,ni9999
I 20170906 155103339 ni@2017-09-06Լ,Լ:ni1801
I 20170906 155103360 OI@2017-09-06Լ˵ָԼ,OI8888
I 20170906 155103384 OI@2017-09-06Լ,Լ:OI801
I 20170906 155103435 p@2017-09-06Լ˵ָԼ,p8888
I 20170906 155103438 p@2017-09-06Լ˵ָԼ,p9999
I 20170906 155103455 p@2017-09-06Լ,Լ:p1801
I 20170906 155103473 pb@2017-09-06Լ˵ָԼ,pb8888
I 20170906 155103475 pb@2017-09-06Լ˵ָԼ,pb9999
I 20170906 155103493 pb@2017-09-06Լ,Լ:pb1710
I 20170906 155103514 PM@2017-09-06Լ,Լ:
I 20170906 155103528 pp@2017-09-06Լ˵ָԼ,pp8888
I 20170906 155103531 pp@2017-09-06Լ˵ָԼ,pp9999
I 20170906 155103558 pp@2017-09-06Լ,Լ:pp1801
I 20170906 155103581 rb@2017-09-06Լ˵ָԼ,rb8888
I 20170906 155103583 rb@2017-09-06Լ˵ָԼ,rb9999
I 20170906 155103599 rb@2017-09-06Լ,Լ:rb1801
I 20170906 155103627 RI@2017-09-06Լ,Լ:
I 20170906 155103643 RM@2017-09-06Լ˵ָԼ,RM8888
I 20170906 155103662 RM@2017-09-06Լ,Լ:RM801
I 20170906 155103686 RS@2017-09-06Լ,Լ:
I 20170906 155103707 ru@2017-09-06Լ˵ָԼ,ru8888
I 20170906 155103709 ru@2017-09-06Լ˵ָԼ,ru9999
I 20170906 155103727 ru@2017-09-06Լ,Լ:ru1801
I 20170906 155103743 SF@2017-09-06Լ˵ָԼ,SF8888
I 20170906 155103764 SF@2017-09-06Լ,Լ:SF709
I 20170906 155103780 SM@2017-09-06Լ˵ָԼ,SM8888
I 20170906 155103797 SM@2017-09-06Լ,Լ:SM801
I 20170906 155103814 sn@2017-09-06Լ˵ָԼ,sn8888
I 20170906 155103818 sn@2017-09-06Լ˵ָԼ,sn9999
I 20170906 155103835 sn@2017-09-06Լ,Լ:sn1801
I 20170906 155103863 SR@2017-09-06Լ˵ָԼ,SR8888
I 20170906 155103890 SR@2017-09-06Լ,Լ:SR801
I 20170906 155103913 T@2017-09-06Լ˵ָԼ,T8888
I 20170906 155103915 T@2017-09-06Լ˵ָԼ,T9999
I 20170906 155103931 T@2017-09-06Լ,Լ:T1712
I 20170906 155103951 TA@2017-09-06Լ˵ָԼ,TA8888
I 20170906 155103997 TA@2017-09-06Լ,Լ:TA801
I 20170906 155104011 TF@2017-09-06Լ˵ָԼ,TF8888
I 20170906 155104013 TF@2017-09-06Լ˵ָԼ,TF9999
I 20170906 155104028 TF@2017-09-06Լ,Լ:TF1712
I 20170906 155104045 v@2017-09-06Լ˵ָԼ,v8888
I 20170906 155104047 v@2017-09-06Լ˵ָԼ,v9999
I 20170906 155104070 v@2017-09-06Լ,Լ:v1801
I 20170906 155104082 WH@2017-09-06Լ˵ָԼ,WH8888
I 20170906 155104101 WH@2017-09-06Լ,Լ:WH801
I 20170906 155104135 wr@2017-09-06Լ,Լ:
I 20170906 155104148 y@2017-09-06Լ˵ָԼ,y8888
I 20170906 155104154 y@2017-09-06Լ˵ָԼ,y9999
I 20170906 155104175 y@2017-09-06Լ,Լ:y1801
I 20170906 155104197 ZC@2017-09-06Լ˵ָԼ,ZC8888
I 20170906 155104215 ZC@2017-09-06Լ,Լ:ZC801
I 20170906 155104249 zn@2017-09-06Լ˵ָԼ,zn8888
I 20170906 155104251 zn@2017-09-06Լ˵ָԼ,zn9999
I 20170906 155104289 zn@2017-09-06Լ,Լ:zn1711
I 20170906 155104290 MainContractCalculater V1.0.0.0[Debug] رա

I 20170906 155154488 MainContractCalculater V1.0.0.0[Debug] 
I 20170906 155155371 ʼɹ
I 20170906 155155411 ƷϢɹ
I 20170906 155155454 2017-09-06ѾʼԼ
I 20170906 155155522 a@2017-09-06Լ˵ָԼ,a8888
I 20170906 155155535 a@2017-09-06Լ˵ָԼ,a9999
I 20170906 155155623 a@2017-09-06Լ,Լ:a1801
I 20170906 155155667 ag@2017-09-06Լ˵ָԼ,ag8888
I 20170906 155155673 ag@2017-09-06Լ˵ָԼ,ag9999
I 20170906 155155727 ag@2017-09-06Լ,Լ:ag1712
I 20170906 155155786 al@2017-09-06Լ˵ָԼ,al8888
I 20170906 155155792 al@2017-09-06Լ˵ָԼ,al9999
I 20170906 155155854 al@2017-09-06Լ,Լ:al1711
I 20170906 155155890 au@2017-09-06Լ˵ָԼ,au8888
I 20170906 155155906 au@2017-09-06Լ˵ָԼ,au9999
I 20170906 155155964 au@2017-09-06Լ,Լ:au1712
I 20170906 155156026 b@2017-09-06Լ˵ָԼ,b8888
I 20170906 155156037 b@2017-09-06Լ˵ָԼ,b9999
I 20170906 155156094 b@2017-09-06Լ,Լ:b1805
I 20170906 155156148 bb@2017-09-06Լ,Լ:
I 20170906 155156230 bu@2017-09-06Լ˵ָԼ,bu8888
I 20170906 155156260 bu@2017-09-06Լ˵ָԼ,bu9999
I 20170906 155156295 bu@2017-09-06Լ,Լ:bu1712
I 20170906 155156343 c@2017-09-06Լ˵ָԼ,c8888
I 20170906 155156353 c@2017-09-06Լ˵ָԼ,c9999
I 20170906 155156401 c@2017-09-06Լ,Լ:c1801
I 20170906 155156421 CF@2017-09-06Լ˵ָԼ,CF8888
I 20170906 155156466 CF@2017-09-06Լ,Լ:CF801
I 20170906 155156495 cs@2017-09-06Լ˵ָԼ,cs8888
I 20170906 155156498 cs@2017-09-06Լ˵ָԼ,cs9999
I 20170906 155156539 cs@2017-09-06Լ,Լ:cs1801
I 20170906 155156574 cu@2017-09-06Լ˵ָԼ,cu8888
I 20170906 155156576 cu@2017-09-06Լ˵ָԼ,cu9999
I 20170906 155156616 cu@2017-09-06Լ,Լ:cu1710
I 20170906 155156637 CY@2017-09-06Լ˵ָԼ,CY8888
I 20170906 155156679 CY@2017-09-06Լ,Լ:CY801
I 20170906 155156704 fb@2017-09-06Լ˵ָԼ,fb8888
I 20170906 155156741 fb@2017-09-06Լ,Լ:fb1808
I 20170906 155156803 FG@2017-09-06Լ˵ָԼ,FG8888
I 20170906 155156878 FG@2017-09-06Լ,Լ:FG801
I 20170906 155157070 fu@2017-09-06Լ,Լ:
I 20170906 155157096 hc@2017-09-06Լ˵ָԼ,hc8888
I 20170906 155157098 hc@2017-09-06Լ˵ָԼ,hc9999
I 20170906 155157139 hc@2017-09-06Լ,Լ:hc1801
I 20170906 155157166 i@2017-09-06Լ˵ָԼ,i8888
I 20170906 155157169 i@2017-09-06Լ˵ָԼ,i9999
I 20170906 155157206 i@2017-09-06Լ,Լ:i1801
I 20170906 155157227 IC@2017-09-06Լ˵ָԼ,IC8888
I 20170906 155157229 IC@2017-09-06Լ˵ָԼ,IC9999
I 20170906 155157267 IC@2017-09-06Լ,Լ:IC1709
I 20170906 155157288 IF@2017-09-06Լ˵ָԼ,IF8888
I 20170906 155157290 IF@2017-09-06Լ˵ָԼ,IF9999
I 20170906 155157342 IF@2017-09-06Լ,Լ:IF1709
I 20170906 155157397 IH@2017-09-06Լ˵ָԼ,IH8888
I 20170906 155157398 IH@2017-09-06Լ˵ָԼ,IH9999
I 20170906 155157447 IH@2017-09-06Լ,Լ:IH1709
I 20170906 155157490 j@2017-09-06Լ˵ָԼ,j8888
I 20170906 155157491 j@2017-09-06Լ˵ָԼ,j9999
I 20170906 155157541 j@2017-09-06Լ,Լ:j1801
I 20170906 155157564 jd@2017-09-06Լ˵ָԼ,jd8888
I 20170906 155157566 jd@2017-09-06Լ˵ָԼ,jd9999
I 20170906 155157611 jd@2017-09-06Լ,Լ:jd1801
I 20170906 155157641 jm@2017-09-06Լ˵ָԼ,jm8888
I 20170906 155157647 jm@2017-09-06Լ˵ָԼ,jm9999
I 20170906 155157693 jm@2017-09-06Լ,Լ:jm1801
I 20170906 155157754 JR@2017-09-06Լ,Լ:
I 20170906 155157803 l@2017-09-06Լ˵ָԼ,l8888
I 20170906 155157805 l@2017-09-06Լ˵ָԼ,l9999
I 20170906 155157846 l@2017-09-06Լ,Լ:l1801
I 20170906 155157908 LR@2017-09-06Լ,Լ:
I 20170906 155157965 m@2017-09-06Լ˵ָԼ,m8888
I 20170906 155157967 m@2017-09-06Լ˵ָԼ,m9999
I 20170906 155158011 m@2017-09-06Լ,Լ:m1801
I 20170906 155158038 MA@2017-09-06Լ˵ָԼ,MA8888
I 20170906 155158098 MA@2017-09-06Լ,Լ:MA801
I 20170906 155158136 ni@2017-09-06Լ˵ָԼ,ni8888
I 20170906 155158138 ni@2017-09-06Լ˵ָԼ,ni9999
I 20170906 155158196 ni@2017-09-06Լ,Լ:ni1801
I 20170906 155158228 OI@2017-09-06Լ˵ָԼ,OI8888
I 20170906 155158297 OI@2017-09-06Լ,Լ:OI801
I 20170906 155158346 p@2017-09-06Լ˵ָԼ,p8888
I 20170906 155158348 p@2017-09-06Լ˵ָԼ,p9999
I 20170906 155158428 p@2017-09-06Լ,Լ:p1801
I 20170906 155158468 pb@2017-09-06Լ˵ָԼ,pb8888
I 20170906 155158473 pb@2017-09-06Լ˵ָԼ,pb9999
I 20170906 155158514 pb@2017-09-06Լ,Լ:pb1710
I 20170906 155158570 PM@2017-09-06Լ,Լ:
I 20170906 155158595 pp@2017-09-06Լ˵ָԼ,pp8888
I 20170906 155158598 pp@2017-09-06Լ˵ָԼ,pp9999
I 20170906 155158642 pp@2017-09-06Լ,Լ:pp1801
I 20170906 155158681 rb@2017-09-06Լ˵ָԼ,rb8888
I 20170906 155158683 rb@2017-09-06Լ˵ָԼ,rb9999
I 20170906 155158735 rb@2017-09-06Լ,Լ:rb1801
I 20170906 155158796 RI@2017-09-06Լ,Լ:
I 20170906 155158816 RM@2017-09-06Լ˵ָԼ,RM8888
I 20170906 155158855 RM@2017-09-06Լ,Լ:RM801
I 20170906 155158953 RS@2017-09-06Լ,Լ:
I 20170906 155158983 ru@2017-09-06Լ˵ָԼ,ru8888
I 20170906 155158985 ru@2017-09-06Լ˵ָԼ,ru9999
I 20170906 155159029 ru@2017-09-06Լ,Լ:ru1801
I 20170906 155159072 SF@2017-09-06Լ˵ָԼ,SF8888
I 20170906 155159128 SF@2017-09-06Լ,Լ:SF709
I 20170906 155159168 SM@2017-09-06Լ˵ָԼ,SM8888
I 20170906 155159223 SM@2017-09-06Լ,Լ:SM801
I 20170906 155159266 sn@2017-09-06Լ˵ָԼ,sn8888
I 20170906 155159268 sn@2017-09-06Լ˵ָԼ,sn9999
I 20170906 155159345 sn@2017-09-06Լ,Լ:sn1801
I 20170906 155159383 SR@2017-09-06Լ˵ָԼ,SR8888
I 20170906 155159432 SR@2017-09-06Լ,Լ:SR801
I 20170906 155159461 T@2017-09-06Լ˵ָԼ,T8888
I 20170906 155159464 T@2017-09-06Լ˵ָԼ,T9999
I 20170906 155159507 T@2017-09-06Լ,Լ:T1712
I 20170906 155159545 TA@2017-09-06Լ˵ָԼ,TA8888
I 20170906 155159579 TA@2017-09-06Լ,Լ:TA801
I 20170906 155159604 TF@2017-09-06Լ˵ָԼ,TF8888
I 20170906 155159606 TF@2017-09-06Լ˵ָԼ,TF9999
I 20170906 155159645 TF@2017-09-06Լ,Լ:TF1712
I 20170906 155159671 v@2017-09-06Լ˵ָԼ,v8888
I 20170906 155159673 v@2017-09-06Լ˵ָԼ,v9999
I 20170906 155159724 v@2017-09-06Լ,Լ:v1801
I 20170906 155159751 WH@2017-09-06Լ˵ָԼ,WH8888
I 20170906 155159798 WH@2017-09-06Լ,Լ:WH801
I 20170906 155159899 wr@2017-09-06Լ,Լ:
I 20170906 155159922 y@2017-09-06Լ˵ָԼ,y8888
I 20170906 155159926 y@2017-09-06Լ˵ָԼ,y9999
I 20170906 155159972 y@2017-09-06Լ,Լ:y1801
I 20170906 155200012 ZC@2017-09-06Լ˵ָԼ,ZC8888
I 20170906 155200056 ZC@2017-09-06Լ,Լ:ZC801
I 20170906 155200089 zn@2017-09-06Լ˵ָԼ,zn8888
I 20170906 155200097 zn@2017-09-06Լ˵ָԼ,zn9999
I 20170906 155200140 zn@2017-09-06Լ,Լ:zn1711
I 20170906 155200141 MainContractCalculater V1.0.0.0[Debug] رա

I 20170914 110851503 MainContractCalculater V1.0.0.0[Debug] 
I 20170914 110852517 ʼɹ
I 20170914 110852532 ƷϢɹ
I 20170914 110852545 ݵ1μδȴ00:05:00

I 20170914 111138301 MainContractCalculater V1.0.0.0[Debug] 
I 20170914 111139303 ʼɹ
I 20170914 111139320 ƷϢɹ
I 20170914 111139333 ݵ1μδȴ00:05:00

I 20170914 111434899 MainContractCalculater V1.0.0.0[Debug] 
I 20170914 111531270 ʼɹ
I 20170914 111543026 ƷϢɹ
I 20170914 111720349 ݵ1μδȴ00:05:00

I 20170914 163003495 MainContractCalculater V1.0.0.0[Debug] 
I 20170914 163009622 ʼɹ
I 20170914 163013739 ƷϢɹ
I 20170914 163018920 2017-09-14ѾʼԼ
I 20170914 163031239 a@2017-09-14Լ˵ָԼ,a8888
I 20170914 163031241 a@2017-09-14Լ˵ָԼ,a9999
I 20170914 163031295 a@2017-09-14Լ,Լ:a1801
I 20170914 163031312 ag@2017-09-14Լ˵ָԼ,ag8888
I 20170914 163031313 ag@2017-09-14Լ˵ָԼ,ag9999
I 20170914 163031335 ag@2017-09-14Լ,Լ:ag1712
I 20170914 163031362 al@2017-09-14Լ˵ָԼ,al8888
I 20170914 163031364 al@2017-09-14Լ˵ָԼ,al9999
I 20170914 163031384 al@2017-09-14Լ,Լ:al1711
I 20170914 163031403 au@2017-09-14Լ˵ָԼ,au8888
I 20170914 163031405 au@2017-09-14Լ˵ָԼ,au9999
I 20170914 163031443 au@2017-09-14Լ,Լ:au1712
I 20170914 163031467 b@2017-09-14Լ˵ָԼ,b8888
I 20170914 163031492 b@2017-09-14Լ,Լ:b1805
I 20170914 163031545 bb@2017-09-14Լ,Լ:
I 20170914 163031566 bu@2017-09-14Լ˵ָԼ,bu8888
I 20170914 163031569 bu@2017-09-14Լ˵ָԼ,bu9999
I 20170914 163031585 bu@2017-09-14Լ,Լ:bu1712
I 20170914 163031628 c@2017-09-14Լ˵ָԼ,c8888
I 20170914 163031633 c@2017-09-14Լ˵ָԼ,c9999
I 20170914 163031666 c@2017-09-14Լ,Լ:c1801
I 20170914 163031683 CF@2017-09-14Լ˵ָԼ,CF8888
I 20170914 163031685 CF@2017-09-14Լ˵ָԼ,CF9999
I 20170914 163031708 CF@2017-09-14Լ,Լ:CF801
I 20170914 163031720 cs@2017-09-14Լ˵ָԼ,cs8888
I 20170914 163031722 cs@2017-09-14Լ˵ָԼ,cs9999
I 20170914 163031748 cs@2017-09-14Լ,Լ:cs1801
I 20170914 163031767 cu@2017-09-14Լ˵ָԼ,cu8888
I 20170914 163031769 cu@2017-09-14Լ˵ָԼ,cu9999
I 20170914 163031786 cu@2017-09-14Լ,Լ:cu1711
I 20170914 163031792 CY@2017-09-14Լ˵ָԼ,CY8888
I 20170914 163031794 CY@2017-09-14Լ˵ָԼ,CY9999
I 20170914 163031811 CY@2017-09-14Լ,Լ:CY801
I 20170914 163031843 fb@2017-09-14Լ,Լ:
I 20170914 163031858 FG@2017-09-14Լ˵ָԼ,FG8888
I 20170914 163031861 FG@2017-09-14Լ˵ָԼ,FG9999
I 20170914 163031881 FG@2017-09-14Լ,Լ:FG801
I 20170914 163031916 fu@2017-09-14Լ,Լ:
I 20170914 163031946 hc@2017-09-14Լ˵ָԼ,hc8888
I 20170914 163031948 hc@2017-09-14Լ˵ָԼ,hc9999
I 20170914 163031976 hc@2017-09-14Լ,Լ:hc1801
I 20170914 163031997 i@2017-09-14Լ˵ָԼ,i8888
I 20170914 163032001 i@2017-09-14Լ˵ָԼ,i9999
I 20170914 163032046 i@2017-09-14Լ,Լ:i1801
I 20170914 163032057 IC@2017-09-14Լ˵ָԼ,IC8888
I 20170914 163032060 IC@2017-09-14Լ˵ָԼ,IC9999
I 20170914 163032084 IC@2017-09-14Լ,Լ:IC1709
I 20170914 163032090 IF@2017-09-14Լ˵ָԼ,IF8888
I 20170914 163032093 IF@2017-09-14Լ˵ָԼ,IF9999
I 20170914 163032109 IF@2017-09-14Լ,Լ:IF1709
I 20170914 163032117 IH@2017-09-14Լ˵ָԼ,IH8888
I 20170914 163032120 IH@2017-09-14Լ˵ָԼ,IH9999
I 20170914 163032147 IH@2017-09-14Լ,Լ:IH1709
I 20170914 163032206 j@2017-09-14Լ˵ָԼ,j8888
I 20170914 163032222 j@2017-09-14Լ˵ָԼ,j9999
I 20170914 163032255 j@2017-09-14Լ,Լ:j1801
I 20170914 163032285 jd@2017-09-14Լ˵ָԼ,jd8888
I 20170914 163032335 jd@2017-09-14Լ˵ָԼ,jd9999
I 20170914 163032364 jd@2017-09-14Լ,Լ:jd1801
I 20170914 163032405 jm@2017-09-14Լ˵ָԼ,jm8888
I 20170914 163032441 jm@2017-09-14Լ˵ָԼ,jm9999
I 20170914 163032475 jm@2017-09-14Լ,Լ:jm1801
I 20170914 163032518 JR@2017-09-14Լ,Լ:
I 20170914 163032577 l@2017-09-14Լ˵ָԼ,l8888
I 20170914 163032582 l@2017-09-14Լ˵ָԼ,l9999
I 20170914 163032617 l@2017-09-14Լ,Լ:l1801
I 20170914 163032671 LR@2017-09-14Լ,Լ:
I 20170914 163032711 m@2017-09-14Լ˵ָԼ,m8888
I 20170914 163032716 m@2017-09-14Լ˵ָԼ,m9999
I 20170914 163032761 m@2017-09-14Լ,Լ:m1801
I 20170914 163032791 MA@2017-09-14Լ˵ָԼ,MA8888
I 20170914 163032802 MA@2017-09-14Լ˵ָԼ,MA9999
I 20170914 163032820 MA@2017-09-14Լ,Լ:MA801
I 20170914 163032839 ni@2017-09-14Լ˵ָԼ,ni8888
I 20170914 163032864 ni@2017-09-14Լ˵ָԼ,ni9999
I 20170914 163032890 ni@2017-09-14Լ,Լ:ni1801
I 20170914 163032903 OI@2017-09-14Լ˵ָԼ,OI8888
I 20170914 163032905 OI@2017-09-14Լ˵ָԼ,OI9999
I 20170914 163032928 OI@2017-09-14Լ,Լ:OI801
I 20170914 163032982 p@2017-09-14Լ˵ָԼ,p8888
I 20170914 163032985 p@2017-09-14Լ˵ָԼ,p9999
I 20170914 163033157 p@2017-09-14Լ,Լ:p1801
I 20170914 163033244 pb@2017-09-14Լ˵ָԼ,pb8888
I 20170914 163033246 pb@2017-09-14Լ˵ָԼ,pb9999
I 20170914 163033267 pb@2017-09-14Լ,Լ:pb1710
I 20170914 163033309 PM@2017-09-14Լ,Լ:
I 20170914 163033330 pp@2017-09-14Լ˵ָԼ,pp8888
I 20170914 163033332 pp@2017-09-14Լ˵ָԼ,pp9999
I 20170914 163033359 pp@2017-09-14Լ,Լ:pp1801
I 20170914 163033380 rb@2017-09-14Լ˵ָԼ,rb8888
I 20170914 163033382 rb@2017-09-14Լ˵ָԼ,rb9999
I 20170914 163033405 rb@2017-09-14Լ,Լ:rb1801
I 20170914 163033432 RI@2017-09-14Լ,Լ:
I 20170914 163033445 RM@2017-09-14Լ˵ָԼ,RM8888
I 20170914 163033447 RM@2017-09-14Լ˵ָԼ,RM9999
I 20170914 163033483 RM@2017-09-14Լ,Լ:RM801
I 20170914 163033518 RS@2017-09-14Լ,Լ:
I 20170914 163033533 ru@2017-09-14Լ˵ָԼ,ru8888
I 20170914 163033534 ru@2017-09-14Լ˵ָԼ,ru9999
I 20170914 163033555 ru@2017-09-14Լ,Լ:ru1801
I 20170914 163033568 SF@2017-09-14Լ˵ָԼ,SF8888
I 20170914 163033597 SF@2017-09-14Լ,Լ:SF709
I 20170914 163033612 SM@2017-09-14Լ˵ָԼ,SM8888
I 20170914 163033615 SM@2017-09-14Լ˵ָԼ,SM9999
I 20170914 163033635 SM@2017-09-14Լ,Լ:SM801
I 20170914 163033647 sn@2017-09-14Լ˵ָԼ,sn8888
I 20170914 163033649 sn@2017-09-14Լ˵ָԼ,sn9999
I 20170914 163033692 sn@2017-09-14Լ,Լ:sn1801
I 20170914 163033718 SR@2017-09-14Լ˵ָԼ,SR8888
I 20170914 163033720 SR@2017-09-14Լ˵ָԼ,SR9999
I 20170914 163033741 SR@2017-09-14Լ,Լ:SR801
I 20170914 163033754 T@2017-09-14Լ˵ָԼ,T8888
I 20170914 163033759 T@2017-09-14Լ˵ָԼ,T9999
I 20170914 163033776 T@2017-09-14Լ,Լ:T1712
I 20170914 163033788 TA@2017-09-14Լ˵ָԼ,TA8888
I 20170914 163033794 TA@2017-09-14Լ˵ָԼ,TA9999
I 20170914 163033816 TA@2017-09-14Լ,Լ:TA801
I 20170914 163033823 TF@2017-09-14Լ˵ָԼ,TF8888
I 20170914 163033828 TF@2017-09-14Լ˵ָԼ,TF9999
I 20170914 163033855 TF@2017-09-14Լ,Լ:TF1712
I 20170914 163034173 v@2017-09-14Լ˵ָԼ,v8888
I 20170914 163034176 v@2017-09-14Լ˵ָԼ,v9999
I 20170914 163034256 v@2017-09-14Լ,Լ:v1801
I 20170914 163034267 WH@2017-09-14Լ˵ָԼ,WH8888
I 20170914 163034269 WH@2017-09-14Լ˵ָԼ,WH9999
I 20170914 163034294 WH@2017-09-14Լ,Լ:WH801
I 20170914 163034324 wr@2017-09-14Լ,Լ:
I 20170914 163034332 y@2017-09-14Լ˵ָԼ,y8888
I 20170914 163034334 y@2017-09-14Լ˵ָԼ,y9999
I 20170914 163034353 y@2017-09-14Լ,Լ:y1801
I 20170914 163034366 ZC@2017-09-14Լ˵ָԼ,ZC8888
I 20170914 163034367 ZC@2017-09-14Լ˵ָԼ,ZC9999
I 20170914 163034382 ZC@2017-09-14Լ,Լ:ZC801
I 20170914 163034393 zn@2017-09-14Լ˵ָԼ,zn8888
I 20170914 163034395 zn@2017-09-14Լ˵ָԼ,zn9999
I 20170914 163034421 zn@2017-09-14Լ,Լ:zn1711
I 20170914 163053419 MainContractCalculater V1.0.0.0[Debug] رա

I 20171127 142132740 MainContractCalculater V1.0.0.0[Debug] 
I 20171127 142133983 ʼɹ
I 20171127 142134001 ƷϢɹ
I 20171127 142134070 ݵ1μδȴ00:05:00
