
I 20170706 124303522 ʼؽ۷
E 20170706 124303701 CTP׷ʧ,(999999)Load  failed,Ҳָģ顣

I 20170706 124313729 ʼؽ۷
E 20170706 124313975 CTP׷ʧ,(999999)Load  failed,Ҳָģ顣

I 20170706 142729786 ʼؽ۷
I 20170706 142730320 CTP׷ɹ
I 20170706 142730382 ½CTP׷ɹ
I 20170706 142731543 ѯڻԼ,496Լ

I 20170706 142807805 ʼؽ۷
I 20170706 142807887 CTP׷ɹ
I 20170706 142807933 ½CTP׷ɹ
I 20170706 142809025 ѯڻԼ,496Լ

I 20170706 143022837 ʼؽ۷
I 20170706 143023360 CTP׷ɹ
I 20170706 143023431 ½CTP׷ɹ
I 20170706 143024569 ѯڻԼ,496Լ

I 20170706 143059286 ʼؽ۷
I 20170706 143059438 CTP׷ɹ
I 20170706 143059479 ½CTP׷ɹ
I 20170706 143100546 ѯڻԼ,496Լ

I 20170706 143122705 ʼؽ۷
I 20170706 143122842 CTP׷ɹ
I 20170706 143122934 ½CTP׷ɹ
I 20170706 143127245 ѯڻԼ,496Լ

I 20170706 143143986 ʼؽ۷
I 20170706 143144198 CTP׷ɹ
I 20170706 143144275 ½CTP׷ɹ
I 20170706 143147759 ѯڻԼ,496Լ

I 20170706 144714048 ʼؽ۷

I 20170706 144937392 ʼؽ۷
E 20170706 144937473 Not found the specific configuration file, System.Globalization.GregorianCalendar вַָ֧ʾ DateTime

I 20170706 144947852 ʼؽ۷

I 20170706 145316306 ʼؽ۷

I 20170706 145405538 ʼؽ۷
I 20170706 145405902 CTP׷ɹ
I 20170706 145405960 ½CTP׷ɹ
I 20170706 145410983 ѯڻԼ,496Լ

I 20170706 145454311 ʼؽ۷
I 20170706 145454425 CTP׷ɹ
I 20170706 145454474 ½CTP׷ɹ
I 20170706 145457077 ѯڻԼ,496Լ

I 20170706 145727559 ʼؽ۷
I 20170706 145727950 CTP׷ɹ
I 20170706 145727994 ½CTP׷ɹ
I 20170706 145730019 ѯڻԼ,496Լ

I 20170706 150722666 ʼؽ۷
I 20170706 150722982 CTP׷ɹ
I 20170706 150723017 ½CTP׷ɹ
I 20170706 150726206 ѯڻԼ,496Լ

I 20170706 150850826 ʼؽ۷
I 20170706 150851091 CTP׷ɹ
I 20170706 150851161 ½CTP׷ɹ
I 20170706 150853708 ѯڻԼ,496Լ

I 20170706 151126520 ʼؽ۷
I 20170706 151126644 CTP׷ɹ
I 20170706 151126698 ½CTP׷ɹ
I 20170706 151130128 ѯڻԼ,496Լ

I 20170706 162622320 ʼؽ۷
I 20170706 162622505 CTP׷ɹ
I 20170706 162622563 ½CTP׷ɹ
I 20170706 162627774 ѯڻԼ,496Լ

I 20170706 162725130 ʼؽ۷
I 20170706 162725363 CTP׷ɹ
I 20170706 162725417 ½CTP׷ɹ
I 20170706 162727931 ѯڻԼ,496Լ

I 20170706 163649742 ʼؽ۷
I 20170706 163649900 CTP׷ɹ
I 20170706 163649942 ½CTP׷ɹ

I 20170706 163805702 ʼؽ۷
I 20170706 163806158 CTP׷ɹ
I 20170706 163806210 ½CTP׷ɹ
I 20170706 163909421 ѯڻԼ,496Լ

I 20170706 163952975 ʼؽ۷
I 20170706 163953140 CTP׷ɹ
I 20170706 163953201 ½CTP׷ɹ
I 20170706 164008284 ѯڻԼ,496Լ

I 20170706 165357668 ʼؽ۷
I 20170706 165357936 CTP׷ɹ
I 20170706 165357987 ½CTP׷ɹ
I 20170706 165410878 ѯڻԼ,496Լ

I 20170706 165500315 ʼؽ۷
I 20170706 165500511 CTP׷ɹ
I 20170706 165500563 ½CTP׷ɹ
I 20170706 165512283 ѯڻԼ,496Լ
I 20170706 165512400 Լ,ѯʧ

I 20170706 172426527 ʼؽ۷
I 20170706 172426659 CTP׷ɹ
I 20170706 172426708 ½CTP׷ɹ
I 20170706 172427893 ѯڻԼ,496Լ

I 20170706 172539115 ʼؽ۷
I 20170706 172539459 CTP׷ɹ
I 20170706 172539500 ½CTP׷ɹ
I 20170706 172540571 ѯڻԼ,496Լ

I 20170706 172642337 ʼؽ۷
I 20170706 172642502 CTP׷ɹ
I 20170706 172642534 ½CTP׷ɹ
I 20170706 172643611 ѯڻԼ,496Լ

I 20170706 173103871 ʼؽ۷
I 20170706 173104088 CTP׷ɹ
I 20170706 173104202 ½CTP׷ɹ
I 20170706 173105260 ѯڻԼ,496Լ

I 20170706 173133205 ʼؽ۷
I 20170706 173133385 CTP׷ɹ
I 20170706 173133434 ½CTP׷ɹ
I 20170706 173134519 ѯڻԼ,496Լ

I 20170706 173146689 ʼؽ۷
I 20170706 173146951 CTP׷ɹ
I 20170706 173147063 ½CTP׷ɹ
I 20170706 173148202 ѯڻԼ,496Լ

I 20170706 173345806 ʼؽ۷
I 20170706 173345991 CTP׷ɹ
I 20170706 173346062 ½CTP׷ɹ
I 20170706 173347095 ѯڻԼ,496Լ

I 20170706 173514960 ʼؽ۷
I 20170706 173515154 CTP׷ɹ
I 20170706 173515192 ½CTP׷ɹ
I 20170706 173516248 ѯڻԼ,496Լ
E 20170706 173517427 ѯڻԼݳʱ

I 20170706 173543361 ʼؽ۷
I 20170706 173543574 CTP׷ɹ
I 20170706 173543635 ½CTP׷ɹ
I 20170706 173544691 ѯڻԼ,496Լ

I 20170706 173559417 ʼؽ۷
I 20170706 173559557 CTP׷ɹ
I 20170706 173559598 ½CTP׷ɹ
I 20170706 173600656 ѯڻԼ,496Լ
I 20170706 173620607 Լ,ѯʧ

I 20170706 173634832 ʼؽ۷
I 20170706 173635143 CTP׷ɹ
I 20170706 173635172 ½CTP׷ɹ
I 20170706 173636244 ѯڻԼ,496Լ

I 20170706 182759860 ʼؽ۷
E 20170706 182804984 CTP׷ʧ,connect time out.

I 20170706 182832030 ʼؽ۷
E 20170706 182843844 CTP׷ʧ,connect time out.

I 20170706 182951891 ʼؽ۷
I 20170706 182951953 CTP׷ɹ
E 20170706 182956989 ½CTP׷ʧ,login time out.

I 20170707 092040860 ʼؽ۷
I 20170707 092040957 CTP׷ɹ
I 20170707 092040986 ½CTP׷ɹ
I 20170707 092042076 ѯڻԼ,496Լ

I 20170707 092217292 ʼؽ۷
I 20170707 092217413 CTP׷ɹ
I 20170707 092217467 ½CTP׷ɹ
I 20170707 092218581 ѯڻԼ,496Լ

I 20170707 092539532 ʼؽ۷
I 20170707 092539673 CTP׷ɹ
I 20170707 092539697 ½CTP׷ɹ
I 20170707 092540748 ѯڻԼ,496Լ

I 20170707 092733174 ʼؽ۷
I 20170707 092733256 CTP׷ɹ
I 20170707 092733305 ½CTP׷ɹ
I 20170707 092735470 ѯڻԼ,496Լ

I 20170707 093107417 ʼؽ۷

I 20170709 133907344 ʼؽ۷
E 20170709 133912516 CTP׷ʧ,connect time out.

I 20170709 134133230 ʼؽ۷

I 20170709 135926291 ʼؽ۷

I 20170710 153610882 ʼؽ۷
I 20170710 153611124 CTP׷ɹ
I 20170710 153611184 ½CTP׷ɹ
I 20170710 153612234 ѯڻԼ,496Լ

I 20170710 153658290 ʼؽ۷
I 20170710 153658475 CTP׷ɹ
I 20170710 153658516 ½CTP׷ɹ
I 20170710 153659583 ѯڻԼ,496Լ

I 20170710 153843420 ʼؽ۷
I 20170710 153843818 CTP׷ɹ
I 20170710 153843912 ½CTP׷ɹ
I 20170710 153845005 ѯڻԼ,496Լ

I 20170710 153903165 ʼؽ۷
I 20170710 153903647 CTP׷ɹ
I 20170710 153903715 ½CTP׷ɹ
I 20170710 153904911 ѯڻԼ,496Լ
I 20170710 153951989 ½״̬ʧ,:Connection must be valid and open.

I 20170710 154116212 ʼؽ۷
I 20170710 154116449 CTP׷ɹ
I 20170710 154116511 ½CTP׷ɹ
I 20170710 154117879 ѯڻԼ,496Լ

I 20170710 154245056 ʼؽ۷
I 20170710 154245222 CTP׷ɹ
I 20170710 154245261 ½CTP׷ɹ
I 20170710 154252268 ѯڻԼ,496Լ
I 20170710 154313919 ½״̬ʧ,:Connection must be valid and open.

I 20170710 154928952 ʼؽ۷
I 20170710 154929080 CTP׷ɹ
I 20170710 154929132 ½CTP׷ɹ
I 20170710 154930188 ѯڻԼ,496Լ
I 20170710 154944168 ½״̬ʧ,:Connection must be valid and open.

I 20170710 155011357 ʼؽ۷
I 20170710 155011495 CTP׷ɹ
I 20170710 155011529 ½CTP׷ɹ
I 20170710 155012629 ѯڻԼ,496Լ
I 20170710 155158385 ½״̬ʧ,:Connection must be valid and open.

I 20170710 155205803 ʼؽ۷
I 20170710 155205983 CTP׷ɹ
I 20170710 155206083 ½CTP׷ɹ
I 20170710 155207172 ѯڻԼ,496Լ
I 20170710 155311996 ½״̬ʧ,:Connection must be valid and open.

I 20170710 155323484 ʼؽ۷
I 20170710 155323715 CTP׷ɹ
I 20170710 155323801 ½CTP׷ɹ
I 20170710 155325015 ѯڻԼ,496Լ

I 20170710 155446163 ʼؽ۷
I 20170710 155446348 CTP׷ɹ
I 20170710 155446386 ½CTP׷ɹ
I 20170710 155447474 ѯڻԼ,496Լ
I 20170710 155511726 ½״̬ʧ,:Connection must be valid and open.

I 20170710 155532285 ʼؽ۷
I 20170710 155532410 CTP׷ɹ
I 20170710 155532441 ½CTP׷ɹ
I 20170710 155533507 ѯڻԼ,496Լ

I 20170710 155551020 ʼؽ۷
I 20170710 155551170 CTP׷ɹ
I 20170710 155551211 ½CTP׷ɹ
I 20170710 155552268 ѯڻԼ,496Լ
I 20170710 155608260 ½״̬ʧ,:Connection must be valid and open.

I 20170710 155629634 ʼؽ۷
I 20170710 155630170 CTP׷ɹ
I 20170710 155630244 ½CTP׷ɹ
I 20170710 155631298 ѯڻԼ,496Լ

I 20170710 155753469 ʼؽ۷
I 20170710 155753568 CTP׷ɹ
I 20170710 155753601 ½CTP׷ɹ
I 20170710 155754661 ѯڻԼ,496Լ

I 20170710 160605112 ʼؽ۷
I 20170710 160605225 CTP׷ɹ
I 20170710 160605255 ½CTP׷ɹ
I 20170710 160606374 ѯڻԼ,496Լ

I 20170710 161708285 ʼؽ۷
I 20170710 161708432 CTP׷ɹ
I 20170710 161708469 ½CTP׷ɹ
I 20170710 161709537 ѯڻԼ,496Լ

I 20170710 161850854 ʼؽ۷
I 20170710 161851006 CTP׷ɹ
I 20170710 161851045 ½CTP׷ɹ
I 20170710 161852124 ѯڻԼ,496Լ

I 20170710 162128539 ʼؽ۷
I 20170710 162128649 CTP׷ɹ
I 20170710 162128684 ½CTP׷ɹ
I 20170710 162129800 ѯڻԼ,496Լ

I 20170710 162435576 ʼؽ۷
I 20170710 162435956 CTP׷ɹ
I 20170710 162436016 ½CTP׷ɹ
I 20170710 162437257 ѯڻԼ,496Լ

I 20170710 162732381 ʼؽ۷
I 20170710 162732465 CTP׷ɹ
I 20170710 162732494 ½CTP׷ɹ
I 20170710 162733572 ѯڻԼ,496Լ

I 20170710 162835368 ʼؽ۷
I 20170710 162835525 CTP׷ɹ
I 20170710 162835559 ½CTP׷ɹ
I 20170710 162836633 ѯڻԼ,496Լ

I 20170710 163625503 ʼؽ۷
I 20170710 163625568 CTP׷ɹ
I 20170710 163625615 ½CTP׷ɹ
I 20170710 163626734 ѯڻԼ,496Լ

I 20170710 164122426 ʼؽ۷
I 20170710 164122677 CTP׷ɹ
I 20170710 164122727 ½CTP׷ɹ
I 20170710 164123854 ѯڻԼ,496Լ

I 20170710 164149742 ʼؽ۷
I 20170710 164149827 CTP׷ɹ
I 20170710 164149857 ½CTP׷ɹ
I 20170710 164150945 ѯڻԼ,496Լ

I 20170710 164500485 ʼؽ۷
I 20170710 164500552 CTP׷ɹ
I 20170710 164500580 ½CTP׷ɹ
I 20170710 164501640 ѯڻԼ,496Լ
I 20170710 164516544 ½״̬ʧ,:Connection must be valid and open.

I 20170710 164540904 ʼؽ۷
I 20170710 164541066 CTP׷ɹ
I 20170710 164541097 ½CTP׷ɹ
I 20170710 164542206 ѯڻԼ,496Լ

I 20170710 164648341 ʼؽ۷
I 20170710 164648414 CTP׷ɹ
I 20170710 164648434 ½CTP׷ɹ
I 20170710 164649589 ѯڻԼ,496Լ

I 20170710 164750135 ʼؽ۷
I 20170710 164750217 CTP׷ɹ
I 20170710 164750247 ½CTP׷ɹ
I 20170710 164751309 ѯڻԼ,496Լ

I 20170710 164921884 ʼؽ۷
I 20170710 164921967 CTP׷ɹ
I 20170710 164922000 ½CTP׷ɹ
I 20170710 164924327 ѯڻԼ,496Լ

I 20170710 165307983 ʼؽ۷
I 20170710 165308044 CTP׷ɹ
I 20170710 165308068 ½CTP׷ɹ
I 20170710 165309189 ѯڻԼ,496Լ

I 20170710 165651023 ʼؽ۷
I 20170710 165651155 CTP׷ɹ
I 20170710 165651230 ½CTP׷ɹ
I 20170710 165652712 ѯڻԼ,496Լ

I 20170710 170214566 ʼؽ۷
I 20170710 170214634 CTP׷ɹ
I 20170710 170217677 ½CTP׷ɹ
I 20170710 170218920 ѯڻԼ,496Լ

I 20170710 170431374 ʼؽ۷
I 20170710 170431420 CTP׷ɹ
I 20170710 170431442 ½CTP׷ɹ
I 20170710 170432529 ѯڻԼ,496Լ

I 20170710 170505040 ʼؽ۷
I 20170710 170505184 CTP׷ɹ
I 20170710 170505413 ½CTP׷ɹ
I 20170710 170506475 ѯڻԼ,496Լ

I 20170710 213550447 ʼؽ۷
I 20170710 213550536 CTP׷ɹ
I 20170710 213550573 ½CTP׷ɹ
I 20170710 213551635 ѯڻԼ,496Լ

I 20170710 213713028 ʼؽ۷
I 20170710 213713151 CTP׷ɹ
I 20170710 213713216 ½CTP׷ɹ
I 20170710 213714264 ѯڻԼ,496Լ

I 20170710 214214006 ʼؽ۷
I 20170710 214214059 CTP׷ɹ
I 20170710 214214080 ½CTP׷ɹ
I 20170710 214215140 ѯڻԼ,496Լ

I 20170710 214942857 ʼؽ۷
I 20170710 214942928 CTP׷ɹ
I 20170710 214943024 ½CTP׷ɹ
I 20170710 214944120 ѯڻԼ,496Լ

I 20170710 215046072 ʼؽ۷
I 20170710 215046132 CTP׷ɹ
I 20170710 215046165 ½CTP׷ɹ
I 20170710 215047225 ѯڻԼ,496Լ
E 20170710 215228159 Ƿ׼ʧ:ڵáFillǰSelectCommand δʼ

I 20170710 215238550 ʼؽ۷
I 20170710 215238691 CTP׷ɹ
I 20170710 215238751 ½CTP׷ɹ
I 20170710 215240266 ѯڻԼ,496Լ

I 20170710 215512509 ʼؽ۷
I 20170710 215512963 CTP׷ɹ
I 20170710 215513039 ½CTP׷ɹ
I 20170710 215514103 ѯڻԼ,496Լ

I 20170710 215627361 ʼؽ۷
I 20170710 215627916 CTP׷ɹ
I 20170710 215627987 ½CTP׷ɹ
I 20170710 215629034 ѯڻԼ,496Լ

I 20170710 215647806 ʼؽ۷
I 20170710 215648021 CTP׷ɹ
I 20170710 215648075 ½CTP׷ɹ
I 20170710 215649132 ѯڻԼ,496Լ

I 20170713 170130715 ʼؽ۷
I 20170713 170130907 CTP׷ɹ
I 20170713 170130938 ½CTP׷ɹ
I 20170713 170132003 ѯڻԼ,496Լ

I 20170713 170219925 ʼؽ۷
I 20170713 170220101 CTP׷ɹ
I 20170713 170220140 ½CTP׷ɹ
I 20170713 170221231 ѯڻԼ,496Լ

I 20171127 142110078 ʼؽ۷
E 20171127 142110182 ݿкԼInstrumentDetailʧ,δõʵ
