
I 20171101 150022508 غԼ
E 20171101 150022756 CTP׷ʧ,(999999)Load  failed,Ҳָģ顣

I 20171101 150100129 غԼ

I 20171101 150150655 غԼ
E 20171101 150150724 CTP׷ʧ,(999999)Load  failed,Ҳָģ顣

I 20171101 150212494 غԼ
E 20171101 150244054 CTP׷ʧ,(999999)Load  failed,Ҳָģ顣

I 20171101 150332908 غԼ
E 20171101 150333324 CTP׷ʧ,(999999)Load  failed,Ҳָģ顣

I 20171101 150412340 غԼ
E 20171101 150412422 CTP׷ʧ,(999999)Load  failed,Ҳָģ顣

I 20171101 150433697 غԼ

I 20171101 150544982 غԼ
E 20171101 150545051 CTP׷ʧ,(999999)Load  failed,Ҳָģ顣

I 20171101 160644108 غԼ
E 20171101 160644150 CTP׷ʧ,(999999)Load  failed,Ҳָģ顣

I 20171127 141716634 غԼ
E 20171127 141717107 CTP׷ʧ,(999999)Load  failed,Ҳָģ顣

I 20171127 141834731 غԼ

I 20171127 142052528 غԼ
E 20171127 142055323 CTP׷ʧ,(999999)Load  failed,Ҳָģ顣

I 20171127 142324132 غԼ

I 20171127 142823736 غԼ
I 20171127 142827037 CTP׷ɹ
E 20171127 142827090 ½CTP׷ʧ,(75)CTP:¼ʧܴޣ¼ֹ

I 20171127 142946517 غԼ
I 20171127 142946637 CTP׷ɹ
E 20171127 142946798 ½CTP׷ʧ,(75)CTP:¼ʧܴޣ¼ֹ

I 20171127 143542078 غԼ
I 20171127 143542420 CTP׷ɹ
E 20171127 143542610 ½CTP׷ʧ,(75)CTP:¼ʧܴޣ¼ֹ

I 20171127 143627107 غԼ
I 20171127 143627205 CTP׷ɹ
E 20171127 143627564 ½CTP׷ʧ,(75)CTP:¼ʧܴޣ¼ֹ

I 20171127 143640837 غԼ
I 20171127 143640917 CTP׷ɹ
E 20171127 143640944 ½CTP׷ʧ,(75)CTP:¼ʧܴޣ¼ֹ

I 20171128 095546031 غԼ
I 20171128 095546245 CTP׷ɹ
I 20171128 095546293 ½CTP׷ɹ
I 20171128 095548170 ѯڻԼ,490Լ
I 20171128 095551036 ڻԼϢɣ490Լ

I 20171128 095721161 غԼ
I 20171128 095721363 CTP׷ɹ
I 20171128 095721421 ½CTP׷ɹ
I 20171128 095723160 ѯڻԼ,490Լ

I 20171128 100113884 غԼ
I 20171128 100114487 CTP׷ɹ
I 20171128 100114535 ½CTP׷ɹ
I 20171128 100116266 ѯڻԼ,490Լ
I 20171128 100125361 ڻԼϢɣ490Լ

I 20171128 101442748 غԼ
I 20171128 101443391 CTP׷ɹ
I 20171128 101443489 ½CTP׷ɹ
I 20171128 101444872 ѯڻԼ,490Լ
I 20171128 101452067 ڻԼϢɣ490Լ

I 20171128 101718887 غԼ
I 20171128 101718954 CTP׷ɹ
I 20171128 101719233 ½CTP׷ɹ
I 20171128 101720498 ѯڻԼ,490Լ
