
I 20170709 134948550 ʼ̼۷
E 20170709 134948599 Not found the specific configuration file, QuerySettlementSettings ýڴʱ: δܴӳ򼯡NoonMarketDataDownloadм͡NoonMarketDataDownload.QuerySettingsSection (C:\USeClient\TFS\ArbitrateDealTool\Main\Source\MarketDataStore\NoonMarketDataDownload\bin\Debug\NoonMarketDataDownload.exe.config line 8)

I 20170709 135007400 ʼ̼۷
E 20170709 135009154 Not found the specific configuration file, QuerySettlementSettings ýڴʱ: δܴӳ򼯡NoonMarketDataDownloadм͡NoonMarketDataDownload.QuerySettingsSection (C:\USeClient\TFS\ArbitrateDealTool\Main\Source\MarketDataStore\NoonMarketDataDownload\bin\Debug\NoonMarketDataDownload.exe.config line 8)

I 20170709 135039473 ʼ̼۷
E 20170709 135039522 Not found the specific configuration file, QuerySettlementSettings ýڴʱ: δܴӳ򼯡NoonMarketDataDownloadм͡NoonMarketDataDownload.QuerySettingsSection (C:\USeClient\TFS\ArbitrateDealTool\Main\Source\MarketDataStore\NoonMarketDataDownload\bin\Debug\NoonMarketDataDownload.exe.config line 8)

I 20170709 135231633 ʼ̼۷

I 20170709 135626359 ʼ̼۷
E 20170709 135634097 CTP׷ʧ,(999999)Load  failed,Ҳָģ顣

I 20170709 140007397 ʼ̼۷
E 20170709 140012477 CTP׷ʧ,ӳʱ

I 20170731 102953409 ʼ̼۷
I 20170731 102953580 CTP׷ɹ
I 20170731 102953616 ½CTP׷ɹ
I 20170731 102954864 ѯڻԼ,477Լ
E 20170731 103017087 [2017/7/31 10:30:15]Ѿ翪ʱ䲻ʱ

I 20170731 103102880 ʼ̼۷
I 20170731 103103099 CTP׷ɹ
I 20170731 103103147 ½CTP׷ɹ
I 20170731 103105088 ѯڻԼ,477Լ

I 20170731 103343887 ʼ̼۷
I 20170731 103344100 CTP׷ɹ
I 20170731 103344141 ½CTP׷ɹ
I 20170731 103345658 ѯڻԼ,477Լ

I 20170802 115725403 ʼ̼۷
I 20170802 115725676 CTP׷ɹ
I 20170802 115725748 ½CTP׷ɹ
I 20170802 115726851 ѯڻԼ,477Լ
E 20170802 115748606 [2017/8/2 11:57:27]Ѿ翪ʱ䲻ʱ

I 20170802 115759547 ʼ̼۷
I 20170802 115759773 CTP׷ɹ
I 20170802 115759816 ½CTP׷ɹ
I 20170802 115800947 ѯڻԼ,477Լ
E 20170802 115819851 [2017/8/2 11:58:18]Ѿ翪ʱ䲻ʱ

I 20170802 120345994 ʼ̼۷
I 20170802 120346259 CTP׷ɹ
I 20170802 120346293 ½CTP׷ɹ
I 20170802 120347476 ѯڻԼ,477Լ

I 20170802 120613542 ʼ̼۷
I 20170802 120613820 CTP׷ɹ
I 20170802 120613941 ½CTP׷ɹ
I 20170802 120615078 ѯڻԼ,477Լ
I 20170802 120615373 ѯ,浱ս쳣:½ʧܣConnection must be valid and open.

I 20170802 120627101 ʼ̼۷
I 20170802 120627254 CTP׷ɹ
I 20170802 120627305 ½CTP׷ɹ
I 20170802 120628424 ѯڻԼ,477Լ
I 20170802 120629044 ѯ,浱ս쳣:½ʧܣConnection must be valid and open.

I 20170802 120704760 ʼ̼۷
I 20170802 120704961 CTP׷ɹ
I 20170802 120705041 ½CTP׷ɹ
I 20170802 120706151 ѯڻԼ,477Լ
I 20170802 120814804 ѯ,浱쳣:½ʧܣConnection must be valid and open.

I 20170802 120825262 ʼ̼۷
I 20170802 120825410 CTP׷ɹ
I 20170802 120825478 ½CTP׷ɹ
I 20170802 120826605 ѯڻԼ,477Լ

I 20170802 120850051 ʼ̼۷
I 20170802 120850345 CTP׷ɹ
I 20170802 120850495 ½CTP׷ɹ
I 20170802 120851614 ѯڻԼ,477Լ
I 20170802 120855070 ѯ,浱쳣:½ʧܣConnection must be valid and open.

I 20170802 120909319 ʼ̼۷
I 20170802 120910099 CTP׷ɹ
I 20170802 120910157 ½CTP׷ɹ
I 20170802 120911324 ѯڻԼ,477Լ
I 20170802 120913645 ѯ,浱쳣:½ʧܣConnection must be valid and open.

I 20170802 120924685 ʼ̼۷
I 20170802 120925603 CTP׷ɹ
I 20170802 120925664 ½CTP׷ɹ
I 20170802 120926767 ѯڻԼ,477Լ

I 20170802 121019555 ʼ̼۷
I 20170802 121019818 CTP׷ɹ
I 20170802 121019912 ½CTP׷ɹ
I 20170802 121021062 ѯڻԼ,477Լ

I 20170802 121055473 ʼ̼۷
I 20170802 121055735 CTP׷ɹ
I 20170802 121055806 ½CTP׷ɹ
I 20170802 121056903 ѯڻԼ,477Լ

I 20170802 121221446 ʼ̼۷
I 20170802 121221667 CTP׷ɹ
I 20170802 121221733 ½CTP׷ɹ
I 20170802 121223017 ѯڻԼ,477Լ

I 20170802 121309024 ʼ̼۷
I 20170802 121309281 CTP׷ɹ
I 20170802 121309338 ½CTP׷ɹ
I 20170802 121310520 ѯڻԼ,477Լ

I 20170802 122355064 ʼ̼۷
I 20170802 122355686 CTP׷ɹ
I 20170802 122355739 ½CTP׷ɹ
I 20170802 122356947 ѯڻԼ,477Լ

I 20170802 123019269 ʼ̼۷
I 20170802 123019439 CTP׷ɹ
I 20170802 123019503 ½CTP׷ɹ
I 20170802 123020759 ѯڻԼ,477Լ
I 20170802 123123268 ѯ,浱쳣:½ʧܣConnection must be valid and open.

I 20171130 165051964 ʼ̼۷
I 20171130 165101997 CTP׷ɹ
